Diffusion inference seed: 42
Loading navigation diffusion model on cuda.
number of parameters: 3.710467e+06
Navigation diffusion server is ready.
Loading config: planner.cfg
Loading config: query.cfg
Using diffusion comparison output directory: /home/unitree-arka/Single_Step_Position_Change/Navigation_Dataset/Comparison_Values/Comparison_3/Diffusion_RRT_3/diff_rrt_4024

=== SE(2) RRT Blossom Planner ===
  Start      : (0.959, -0.290, 1.286)
  Goal       : (0.884, 1.634, [Any])
  Robot R    : 0.250 m
  Safety     : 0.100 m
  Inflation  : 0.350 m
  Step time  : 1.0 s
  Obstacles  : 2
    [0] centre=(1.239, 0.695) th=-2.799  L=0.250 W=0.350
    [1] centre=(-0.013, 0.779) th=-2.059  L=0.570 W=0.420
  Map        : X[-0.5, 1.5]  Y[-0.5, 2.0]
  Goal Tol   : 0.200 m

Starting diffusion server with seed 42.
Python diffusion server handshake completed.

=== Executing 1 RRT search attempts ===
New best goal cost found: 7.90241 (node 45) at iter 15
New best goal cost found: 7.79681 (node 97) at iter 47
DIAG_search_termination=goal_reached
DIAG_primary_failure_reason=none
DIAG_duplicate_nodes_found=22
DIAG_candidate_nodes_collision_checked=530
DIAG_collision_check_calls=1016
DIAG_collision_rejections=51
DIAG_endpoint_collision_rejections=44
DIAG_rotation_collision_rejections=7
DIAG_segment_collision_rejections=0
DIAG_angular_no_progress_rejections=68
DIAG_positional_no_progress_rejections=50
DIAG_local_target_failures=0
DIAG_observation_failures=0
DIAG_inference_failures=0
DIAG_diffusion_action_requests=530
DIAG_accepted_rollout_nodes=361
DIAG_successful_extensions=128
DIAG_failed_extensions=122
DIAG_sample_reached_stops=80
DIAG_tree_nodes_generated=340
  Run  0: cost =     7.7968 (seed=401)
Best path found at iter 47 in 29.354675 seconds within the winning RRT run.

Globally best cost: 7.7968 (seed=401)
Best run rejections: col=51, dup=22

=== Final Collision Check (Rectangular Footprint) ===
  WP    x        y        theta    Status    
  0       0.959   -0.290    1.286  Free      
  1       0.959   -0.290    0.318  Free      
  2       0.959   -0.290   -0.046  Free      
  3       0.959   -0.290    0.505  Free      
  4       0.959   -0.290    1.552  Free      
  5       0.966    0.134    1.552  Free      
  6       0.966    0.134    2.464  Free      
  7       0.590    0.437    2.464  Free      
  8       0.590    0.437    1.484  Free      
  9       0.634    0.935    1.484  Free      
  10      0.677    1.433    1.484  Free      
  11      0.677    1.433    0.643  Free      
  12      0.860    1.569    0.643  Free      
  All waypoints are collision-free (Rectangular Footprint).
Wrote 13 waypoints to /home/unitree-arka/Single_Step_Position_Change/Navigation_Dataset/Comparison_Values/Comparison_3/Diffusion_RRT_3/diff_rrt_4024/Diffusion_se2_waypoints_4024.txt

=== Controls (12 commands, step_time=1.0s) ===
  Seg      vx(m/s)     vy(m/s)  vth(rad/s)    dur(s)
  0         0.0000      0.0000     -0.9677       1.0
  1         0.0000      0.0000     -0.3644       1.0
  2         0.0000      0.0000      0.5513       1.0
  3         0.0000      0.0000      1.0472       1.0
  4         0.4234      0.0000      0.0000       1.0
  5         0.0000      0.0000      0.9114       1.0
  6         0.4830      0.0000      0.0000       1.0
  7         0.0000      0.0000     -0.9800       1.0
  8         0.5000      0.0000      0.0000       1.0
  9         0.4997      0.0000      0.0000       1.0
  10        0.0000      0.0000     -0.8405       1.0
  11        0.2281      0.0000      0.0000       1.0
Wrote 12 controls to /home/unitree-arka/Single_Step_Position_Change/Navigation_Dataset/Comparison_Values/Comparison_3/Diffusion_RRT_3/diff_rrt_4024/Diffusion_controls_4024.txt
