Diffusion inference seed: 42
Loading navigation diffusion model on cuda.
number of parameters: 3.710467e+06
Navigation diffusion server is ready.
Loading config: planner.cfg
Loading config: query.cfg
Using diffusion comparison output directory: /home/unitree-arka/Single_Step_Position_Change/Navigation_Dataset/Comparison_Values/Comparison_1/Diffusion_RRT_1/diff_rrt_4002

=== SE(2) RRT Blossom Planner ===
  Start      : (0.750, -0.248, 1.443)
  Goal       : (0.236, 1.618, [Any])
  Robot R    : 0.250 m
  Safety     : 0.100 m
  Inflation  : 0.350 m
  Step time  : 1.0 s
  Obstacles  : 2
    [0] centre=(1.006, 0.510) th=-0.106  L=0.250 W=0.350
    [1] centre=(-0.159, 0.874) th=-2.274  L=0.570 W=0.420
  Map        : X[-0.5, 1.5]  Y[-0.5, 2.0]
  Goal Tol   : 0.200 m

Starting diffusion server with seed 42.
Python diffusion server handshake completed.

=== Executing 1 RRT search attempts ===
New best goal cost found: 14.1514 (node 193) at iter 85
New best goal cost found: 13.1302 (node 262) at iter 126
New best goal cost found: 13.1064 (node 288) at iter 153
DIAG_search_termination=goal_reached
DIAG_primary_failure_reason=none
DIAG_duplicate_nodes_found=33
DIAG_candidate_nodes_collision_checked=639
DIAG_collision_check_calls=1187
DIAG_collision_rejections=93
DIAG_endpoint_collision_rejections=91
DIAG_rotation_collision_rejections=2
DIAG_segment_collision_rejections=0
DIAG_angular_no_progress_rejections=48
DIAG_positional_no_progress_rejections=54
DIAG_local_target_failures=0
DIAG_observation_failures=0
DIAG_inference_failures=0
DIAG_diffusion_action_requests=639
DIAG_accepted_rollout_nodes=444
DIAG_successful_extensions=145
DIAG_failed_extensions=105
DIAG_sample_reached_stops=55
DIAG_tree_nodes_generated=412
  Run  0: cost =    13.1064 (seed=211)
Best path found at iter 153 in 59.018206 seconds within the winning RRT run.

Globally best cost: 13.1064 (seed=211)
Best run rejections: col=93, dup=33

=== Final Collision Check (Rectangular Footprint) ===
  WP    x        y        theta    Status    
  0       0.750   -0.248    1.443  Free      
  1       0.750   -0.248    2.395  Free      
  2       0.750   -0.248   -2.841  Free      
  3       0.750   -0.248    2.448  Free      
  4       0.750   -0.248    1.482  Free      
  5       0.750   -0.248    0.495  Free      
  6       0.806   -0.218    0.495  Free      
  7       0.806   -0.218    0.276  Free      
  8       0.806   -0.218    1.255  Free      
  9       0.806   -0.218    2.287  Free      
  10      0.479    0.158    2.287  Free      
  11      0.479    0.158   -3.027  Free      
  12      0.479    0.158    2.364  Free      
  13      0.479    0.158    1.379  Free      
  14      0.574    0.647    1.379  Free      
  15      0.669    1.138    1.379  Free      
  16      0.669    1.138    2.426  Free      
  17      0.310    1.450    2.426  Free      
  All waypoints are collision-free (Rectangular Footprint).
Wrote 18 waypoints to /home/unitree-arka/Single_Step_Position_Change/Navigation_Dataset/Comparison_Values/Comparison_1/Diffusion_RRT_1/diff_rrt_4002/Diffusion_se2_waypoints_4002.txt

=== Controls (17 commands, step_time=1.0s) ===
  Seg      vx(m/s)     vy(m/s)  vth(rad/s)    dur(s)
  0         0.0000      0.0000      0.9514       1.0
  1         0.0000      0.0000      1.0472       1.0
  2         0.0000      0.0000     -0.9938       1.0
  3         0.0000      0.0000     -0.9661       1.0
  4         0.0000      0.0000     -0.9866       1.0
  5         0.0639      0.0000      0.0000       1.0
  6         0.0000      0.0000     -0.2193       1.0
  7         0.0000      0.0000      0.9786       1.0
  8         0.0000      0.0000      1.0325       1.0
  9         0.4986      0.0000      0.0000       1.0
  10        0.0000      0.0000      0.9692       1.0
  11        0.0000      0.0000     -0.8921       1.0
  12        0.0000      0.0000     -0.9857       1.0
  13        0.4980      0.0000      0.0000       1.0
  14        0.5000      0.0000      0.0000       1.0
  15        0.0000      0.0000      1.0472       1.0
  16        0.4762      0.0000      0.0000       1.0
Wrote 17 controls to /home/unitree-arka/Single_Step_Position_Change/Navigation_Dataset/Comparison_Values/Comparison_1/Diffusion_RRT_1/diff_rrt_4002/Diffusion_controls_4002.txt
