Diffusion inference seed: 42
Loading navigation diffusion model on cuda.
number of parameters: 3.710467e+06
Navigation diffusion server is ready.
Loading config: planner.cfg
Loading config: query.cfg
Using diffusion comparison output directory: /home/unitree-arka/Single_Step_Position_Change/Navigation_Dataset/Comparison_Values/Comparison_2/Lateral_Diff_RRT_2/lateral_diff_rrt_5013

=== SE(2) RRT Blossom Planner ===
  Start      : (0.611, -0.228, 1.722)
  Goal       : (0.606, 1.497, [Any])
  Robot R    : 0.250 m
  Safety     : 0.100 m
  Inflation  : 0.350 m
  Step time  : 1.0 s
  Obstacles  : 2
    [0] centre=(0.981, 0.471) th=-0.091  L=0.250 W=0.350
    [1] centre=(-0.200, 0.836) th=-1.591  L=0.570 W=0.420
  Map        : X[-0.5, 1.5]  Y[-0.5, 2.0]
  Goal Tol   : 0.200 m

Starting diffusion server with seed 42.
Python diffusion server handshake completed.

=== Executing 1 RRT search attempts ===
New best goal cost found: 2.81652 (node 7) at iter 5
DIAG_search_termination=goal_reached
DIAG_primary_failure_reason=none
DIAG_duplicate_nodes_found=37
DIAG_candidate_nodes_collision_checked=625
DIAG_collision_check_calls=1186
DIAG_collision_rejections=65
DIAG_endpoint_collision_rejections=64
DIAG_rotation_collision_rejections=1
DIAG_segment_collision_rejections=0
DIAG_angular_no_progress_rejections=57
DIAG_positional_no_progress_rejections=62
DIAG_local_target_failures=0
DIAG_observation_failures=0
DIAG_inference_failures=0
DIAG_diffusion_action_requests=625
DIAG_accepted_rollout_nodes=441
DIAG_successful_extensions=140
DIAG_failed_extensions=110
DIAG_sample_reached_stops=64
DIAG_lateral_extension_requests=33
DIAG_successful_lateral_extensions=13
DIAG_failed_lateral_extensions=20
DIAG_tree_nodes_generated=405
  Run  0: cost =     2.8165 (seed=307)
Best path found at iter 5 in 2.475862 seconds within the winning RRT run.

Globally best cost: 2.8165 (seed=307)
Best run rejections: col=65, dup=37

=== Final Collision Check (Rectangular Footprint) ===
  WP    x        y        theta    Status    
  0       0.611   -0.228    1.722  Free      
  1       0.536    0.262    1.722  Free      
  2       0.461    0.753    1.722  Free      
  3       0.387    1.241    1.722  Free      
  4       0.387    1.241    0.731  Free      
  5       0.640    1.467    0.731  Free      
  All waypoints are collision-free (Rectangular Footprint).
Wrote 6 waypoints to /home/unitree-arka/Single_Step_Position_Change/Navigation_Dataset/Comparison_Values/Comparison_2/Lateral_Diff_RRT_2/lateral_diff_rrt_5013/Diffusion_se2_waypoints_5013.txt

=== Controls (5 commands, step_time=1.0s) ===
  Seg      vx(m/s)     vy(m/s)  vth(rad/s)    dur(s)
  0         0.4963      0.0000      0.0000       1.0
  1         0.4964      0.0000      0.0000       1.0
  2         0.4933      0.0000      0.0000       1.0
  3         0.0000      0.0000     -0.9912       1.0
  4         0.3394      0.0000      0.0000       1.0
Wrote 5 controls to /home/unitree-arka/Single_Step_Position_Change/Navigation_Dataset/Comparison_Values/Comparison_2/Lateral_Diff_RRT_2/lateral_diff_rrt_5013/Diffusion_controls_5013.txt
