Loading navigation diffusion model on cuda.
number of parameters: 3.710467e+06
Navigation diffusion server is ready.
Loading config: planner.cfg
Loading config: query.cfg

=== SE(2) RRT Blossom Planner ===
  Start      : (0.611, -0.228, 1.722)
  Goal       : (0.606, 1.497, [Any])
  Robot R    : 0.250 m
  Safety     : 0.100 m
  Inflation  : 0.350 m
  Step time  : 1.0 s
  Obstacles  : 2
    [0] centre=(0.981, 0.471) th=-0.091  L=0.250 W=0.350
    [1] centre=(-0.200, 0.836) th=-1.591  L=0.570 W=0.420
  Map        : X[-0.5, 1.5]  Y[-0.5, 2.0]
  Goal Tol   : 0.200 m

Python diffusion server handshake completed.

=== Executing 1 RRT search attempts ===
  Run  0: failed
RRT search failed to find a path in all attempts.
