Loading navigation diffusion model on cuda.
number of parameters: 3.710467e+06
Navigation diffusion server is ready.
Loading config: planner.cfg
Loading config: query.cfg

=== SE(2) RRT Blossom Planner ===
  Start      : (0.611, -0.228, 1.722)
  Goal       : (0.606, 1.497, [Any])
  Robot R    : 0.250 m
  Safety     : 0.100 m
  Inflation  : 0.350 m
  Step time  : 1.0 s
  Obstacles  : 2
    [0] centre=(0.981, 0.471) th=-0.091  L=0.250 W=0.350
    [1] centre=(-0.200, 0.836) th=-1.591  L=0.570 W=0.420
  Map        : X[-0.5, 1.5]  Y[-0.5, 2.0]
  Goal Tol   : 0.200 m

Python diffusion server handshake completed.

=== Executing 1 RRT search attempts ===
New best goal cost found: 6.72747 (node 105) at iter 54
  Run  0: cost =     6.7275 (seed=809)
Best path found at iter 54 in 25.600251 seconds within the winning RRT run.

Globally best cost: 6.7275 (seed=809)
Best run rejections: dist=0, rot=0, col=40, dup=8

=== Final Collision Check (Rectangular Footprint) ===
  WP    x        y        theta    Status    
  0       0.611   -0.228    1.722  Free      
  1       0.537    0.256    1.722  Free      
  2       0.462    0.747    1.722  Free      
  3       0.462    0.747    0.692  Free      
  4       0.462    0.747    1.622  Free      
  5       0.437    1.246    1.622  Free      
  6       0.437    1.246    2.586  Free      
  7       0.437    1.246    1.663  Free      
  8       0.437    1.246    0.681  Free      
  9       0.758    1.506    0.681  Free      
  All waypoints are collision-free (Rectangular Footprint).
Wrote 10 waypoints to /home/unitree-arka/Navigation_Dataset/Diffusion_Policy_Navigation/Diffusion_waypoints/Diffusion_se2_waypoints_4008.txt

=== Controls (9 commands, step_time=1.0s) ===
  Seg      vx(m/s)     vy(m/s)  vth(rad/s)    dur(s)
  0         0.4901      0.0000      0.0000       1.0
  1         0.4961      0.0000      0.0000       1.0
  2         0.0000      0.0000     -1.0301       1.0
  3         0.0000      0.0000      0.9300       1.0
  4         0.4997      0.0000      0.0000       1.0
  5         0.0000      0.0000      0.9637       1.0
  6         0.0000      0.0000     -0.9226       1.0
  7         0.0000      0.0000     -0.9819       1.0
  8         0.4133      0.0000      0.0000       1.0
Wrote 9 controls to /home/unitree-arka/Navigation_Dataset/Diffusion_Policy_Navigation/Diffusion_controls/Diffusion_controls_4008.txt
