Loading config: planner.cfg
Loading config: query.cfg
Using comparison output directory: /home/unitree-arka/Single_Step_Position_Change/Navigation_Dataset/Comparison_Values/Comparison_3/RRT_3/rrt_run_3030

=== SE(2) RRT Blossom Planner ===
  Start      : (0.959, -0.290, 1.286)
  Goal       : (0.884, 1.634, [Any])
  Robot R    : 0.250 m
  Safety     : 0.100 m
  Inflation  : 0.350 m
  Step time  : 1.0 s
  Obstacles  : 2
    [0] centre=(1.239, 0.695) th=-2.799  L=0.250 W=0.350
    [1] centre=(-0.013, 0.779) th=-2.059  L=0.570 W=0.420
  Map        : X[-0.5, 1.5]  Y[-0.5, 2.0]
  Goal Tol   : 0.200 m


=== Executing 1 RRT search attempts ===
New best goal cost found: 8.51673 (node 89) at iter 302
New best goal cost found: 8.48666 (node 110) at iter 367
New best goal cost found: 8.4592 (node 119) at iter 400
New best goal cost found: 8.27602 (node 198) at iter 681
  Run  0: cost =     8.2760 (seed=1009)
Best path found at iter 681 in 0.003936 seconds within the winning RRT run.

Globally best cost: 8.2760 (seed=1009)
Best run rejections: dist=299, rot=0, col=1255, dup=1806

=== Final Collision Check (Rectangular Footprint) ===
  WP    x        y        theta    Status    
  0       0.959   -0.290    1.286  Free      
  1       0.959   -0.290    2.311  Free      
  2       0.622    0.080    2.311  Free      
  3       0.622    0.080   -2.925  Free      
  4       0.565    0.339   -2.925  Free      
  5       0.565    0.339   -1.878  Free      
  6       0.565    0.339   -0.831  Free      
  7       0.565    0.339    0.216  Free      
  8       0.565    0.339    1.263  Free      
  9       0.716    0.815    1.263  Free      
  10      0.867    1.292    1.263  Free      
  11      0.943    1.530    1.263  Free      
  All waypoints are collision-free (Rectangular Footprint).
Wrote 12 waypoints to /home/unitree-arka/Single_Step_Position_Change/Navigation_Dataset/Comparison_Values/Comparison_3/RRT_3/rrt_run_3030/se2_waypoints_3030.txt

=== Controls (11 commands, step_time=1.0s) ===
  Seg      vx(m/s)     vy(m/s)  vth(rad/s)    dur(s)
  0         0.0000      0.0000      1.0246       1.0
  1         0.5000      0.0000      0.0000       1.0
  2         0.0000      0.0000      1.0472       1.0
  3         0.0000     -0.2653      0.0000       1.0
  4         0.0000      0.0000      1.0472       1.0
  5         0.0000      0.0000      1.0472       1.0
  6         0.0000      0.0000      1.0472       1.0
  7         0.0000      0.0000      1.0472       1.0
  8         0.5000      0.0000      0.0000       1.0
  9         0.5000      0.0000      0.0000       1.0
  10        0.2502      0.0000      0.0000       1.0
Wrote 11 controls to /home/unitree-arka/Single_Step_Position_Change/Navigation_Dataset/Comparison_Values/Comparison_3/RRT_3/rrt_run_3030/controls_3030.txt
