Loading config: planner.cfg
Loading config: query.cfg
Using comparison output directory: /home/unitree-arka/Single_Step_Position_Change/Navigation_Dataset/Comparison_Values/Comparison_3/RRT_3/rrt_run_3024

=== SE(2) RRT Blossom Planner ===
  Start      : (0.959, -0.290, 1.286)
  Goal       : (0.884, 1.634, [Any])
  Robot R    : 0.250 m
  Safety     : 0.100 m
  Inflation  : 0.350 m
  Step time  : 1.0 s
  Obstacles  : 2
    [0] centre=(1.239, 0.695) th=-2.799  L=0.250 W=0.350
    [1] centre=(-0.013, 0.779) th=-2.059  L=0.570 W=0.420
  Map        : X[-0.5, 1.5]  Y[-0.5, 2.0]
  Goal Tol   : 0.200 m


=== Executing 1 RRT search attempts ===
New best goal cost found: 5.92825 (node 51) at iter 154
New best goal cost found: 5.91631 (node 90) at iter 259
New best goal cost found: 5.80497 (node 93) at iter 270
New best goal cost found: 5.73588 (node 117) at iter 348
New best goal cost found: 4.02756 (node 699) at iter 2052
  Run  0: cost =     4.0276 (seed=401)
Best path found at iter 2052 in 0.013650 seconds within the winning RRT run.

Globally best cost: 4.0276 (seed=401)
Best run rejections: dist=328, rot=0, col=1217, dup=1769

=== Final Collision Check (Rectangular Footprint) ===
  WP    x        y        theta    Status    
  0       0.959   -0.290    1.286  Free      
  1       1.089    0.155    1.286  Free      
  2       0.678    0.276    1.286  Free      
  3       0.678    0.276    0.403  Free      
  4       0.678    0.276    1.450  Free      
  5       0.738    0.772    1.450  Free      
  6       0.782    1.130    1.450  Free      
  7       0.823    1.472    1.450  Free      
  All waypoints are collision-free (Rectangular Footprint).
Wrote 8 waypoints to /home/unitree-arka/Single_Step_Position_Change/Navigation_Dataset/Comparison_Values/Comparison_3/RRT_3/rrt_run_3024/se2_waypoints_3024.txt

=== Controls (7 commands, step_time=1.0s) ===
  Seg      vx(m/s)     vy(m/s)  vth(rad/s)    dur(s)
  0         0.4635      0.0000      0.0000       1.0
  1         0.0000      0.4283      0.0000       1.0
  2         0.0000      0.0000     -0.8832       1.0
  3         0.0000      0.0000      1.0472       1.0
  4         0.5000      0.0000      0.0000       1.0
  5         0.3604      0.0000      0.0000       1.0
  6         0.3451      0.0000      0.0000       1.0
Wrote 7 controls to /home/unitree-arka/Single_Step_Position_Change/Navigation_Dataset/Comparison_Values/Comparison_3/RRT_3/rrt_run_3024/controls_3024.txt
