Diffusion inference seed: 42
Loading navigation diffusion model on cuda.
number of parameters: 3.710467e+06
Navigation diffusion server is ready.
Loading config: planner.cfg
Loading config: query.cfg
Using diffusion comparison output directory: /home/unitree-arka/Single_Step_Position_Change/Navigation_Dataset/Comparison_Values/Comparison_3/Lateral_Diff_RRT_3/lateral_diff_rrt_5027

=== SE(2) RRT Blossom Planner ===
  Start      : (0.959, -0.290, 1.286)
  Goal       : (0.884, 1.634, [Any])
  Robot R    : 0.250 m
  Safety     : 0.100 m
  Inflation  : 0.350 m
  Step time  : 1.0 s
  Obstacles  : 2
    [0] centre=(1.239, 0.695) th=-2.799  L=0.250 W=0.350
    [1] centre=(-0.013, 0.779) th=-2.059  L=0.570 W=0.420
  Map        : X[-0.5, 1.5]  Y[-0.5, 2.0]
  Goal Tol   : 0.200 m

Starting diffusion server with seed 42.
Python diffusion server handshake completed.

=== Executing 1 RRT search attempts ===
New best goal cost found: 8.95953 (node 21) at iter 10
New best goal cost found: 8.95932 (node 21) at iter 38
New best goal cost found: 7.30006 (node 132) at iter 85
DIAG_search_termination=goal_reached
DIAG_primary_failure_reason=none
DIAG_duplicate_nodes_found=32
DIAG_candidate_nodes_collision_checked=607
DIAG_collision_check_calls=1139
DIAG_collision_rejections=79
DIAG_endpoint_collision_rejections=75
DIAG_rotation_collision_rejections=4
DIAG_segment_collision_rejections=0
DIAG_angular_no_progress_rejections=50
DIAG_positional_no_progress_rejections=51
DIAG_local_target_failures=0
DIAG_observation_failures=0
DIAG_inference_failures=0
DIAG_diffusion_action_requests=607
DIAG_accepted_rollout_nodes=427
DIAG_successful_extensions=149
DIAG_failed_extensions=101
DIAG_sample_reached_stops=70
DIAG_lateral_extension_requests=14
DIAG_successful_lateral_extensions=5
DIAG_failed_lateral_extensions=9
DIAG_tree_nodes_generated=396
  Run  0: cost =     7.3001 (seed=701)
Best path found at iter 85 in 44.408409 seconds within the winning RRT run.

Globally best cost: 7.3001 (seed=701)
Best run rejections: col=79, dup=32

=== Final Collision Check (Rectangular Footprint) ===
  WP    x        y        theta    Status    
  0       0.959   -0.290    1.286  Free      
  1       0.959   -0.290    2.306  Free      
  2       0.627    0.078    2.306  Free      
  3       0.627    0.078    1.293  Free      
  4       0.763    0.555    1.293  Free      
  5       0.763    0.555    0.261  Free      
  6       0.763    0.555   -0.179  Free      
  7       0.763    0.555    0.648  Free      
  8       0.763    0.555    1.620  Free      
  9       0.738    1.054    1.620  Free      
  10      0.717    1.554    1.613  Free      
  All waypoints are collision-free (Rectangular Footprint).
Wrote 11 waypoints to /home/unitree-arka/Single_Step_Position_Change/Navigation_Dataset/Comparison_Values/Comparison_3/Lateral_Diff_RRT_3/lateral_diff_rrt_5027/Diffusion_se2_waypoints_5027.txt

=== Controls (10 commands, step_time=1.0s) ===
  Seg      vx(m/s)     vy(m/s)  vth(rad/s)    dur(s)
  0         0.0000      0.0000      1.0196       1.0
  1         0.4955      0.0000      0.0000       1.0
  2         0.0000      0.0000     -1.0130       1.0
  3         0.4959      0.0000      0.0000       1.0
  4         0.0000      0.0000     -1.0318       1.0
  5         0.0000      0.0000     -0.4396       1.0
  6         0.0000      0.0000      0.8268       1.0
  7         0.0000      0.0000      0.9717       1.0
  8         0.5000      0.0000      0.0000       1.0
  9         0.0000      0.0000     -0.0063       1.0
Wrote 10 controls to /home/unitree-arka/Single_Step_Position_Change/Navigation_Dataset/Comparison_Values/Comparison_3/Lateral_Diff_RRT_3/lateral_diff_rrt_5027/Diffusion_controls_5027.txt
