Diffusion inference seed: 42
Loading navigation diffusion model on cuda.
number of parameters: 3.710467e+06
Navigation diffusion server is ready.
Loading config: planner.cfg
Loading config: query.cfg
Using diffusion comparison output directory: /home/unitree-arka/Single_Step_Position_Change/Navigation_Dataset/Comparison_Values/Comparison_1/Diffusion_RRT_1/diff_rrt_4009

=== SE(2) RRT Blossom Planner ===
  Start      : (0.750, -0.248, 1.443)
  Goal       : (0.236, 1.618, [Any])
  Robot R    : 0.250 m
  Safety     : 0.100 m
  Inflation  : 0.350 m
  Step time  : 1.0 s
  Obstacles  : 2
    [0] centre=(1.006, 0.510) th=-0.106  L=0.250 W=0.350
    [1] centre=(-0.159, 0.874) th=-2.274  L=0.570 W=0.420
  Map        : X[-0.5, 1.5]  Y[-0.5, 2.0]
  Goal Tol   : 0.200 m

Starting diffusion server with seed 42.
Python diffusion server handshake completed.

=== Executing 1 RRT search attempts ===
New best goal cost found: 14.6652 (node 131) at iter 110
New best goal cost found: 13.8748 (node 193) at iter 163
DIAG_search_termination=goal_reached
DIAG_primary_failure_reason=none
DIAG_duplicate_nodes_found=25
DIAG_candidate_nodes_collision_checked=535
DIAG_collision_check_calls=957
DIAG_collision_rejections=116
DIAG_endpoint_collision_rejections=113
DIAG_rotation_collision_rejections=3
DIAG_segment_collision_rejections=0
DIAG_angular_no_progress_rejections=72
DIAG_positional_no_progress_rejections=28
DIAG_local_target_failures=0
DIAG_observation_failures=0
DIAG_inference_failures=0
DIAG_diffusion_action_requests=535
DIAG_accepted_rollout_nodes=319
DIAG_successful_extensions=120
DIAG_failed_extensions=130
DIAG_sample_reached_stops=34
DIAG_tree_nodes_generated=295
  Run  0: cost =    13.8748 (seed=907)
Best path found at iter 163 in 50.095096 seconds within the winning RRT run.

Globally best cost: 13.8748 (seed=907)
Best run rejections: col=116, dup=25

=== Final Collision Check (Rectangular Footprint) ===
  WP    x        y        theta    Status    
  0       0.750   -0.248    1.443  Free      
  1       0.750   -0.248    0.454  Free      
  2       0.750   -0.248   -0.113  Free      
  3       0.750   -0.248    0.586  Free      
  4       0.750   -0.248    1.554  Free      
  5       0.750   -0.248    2.466  Free      
  6       0.368    0.059    2.466  Free      
  7       0.368    0.059    1.430  Free      
  8       0.437    0.550    1.430  Free      
  9       0.437    0.550    2.436  Free      
  10      0.437    0.550   -3.092  Free      
  11      0.437    0.550    2.314  Free      
  12      0.437    0.550    1.349  Free      
  13      0.437    0.550    0.337  Free      
  14      0.462    0.559    0.337  Free      
  15      0.462    0.559    1.171  Free      
  16      0.654    1.014    1.171  Free      
  17      0.654    1.014    2.073  Free      
  18      0.414    1.452    2.073  Free      
  19      0.248    1.755    2.073  Free      
  All waypoints are collision-free (Rectangular Footprint).
Wrote 20 waypoints to /home/unitree-arka/Single_Step_Position_Change/Navigation_Dataset/Comparison_Values/Comparison_1/Diffusion_RRT_1/diff_rrt_4009/Diffusion_se2_waypoints_4009.txt

=== Controls (19 commands, step_time=1.0s) ===
  Seg      vx(m/s)     vy(m/s)  vth(rad/s)    dur(s)
  0         0.0000      0.0000     -0.9889       1.0
  1         0.0000      0.0000     -0.5678       1.0
  2         0.0000      0.0000      0.6992       1.0
  3         0.0000      0.0000      0.9682       1.0
  4         0.0000      0.0000      0.9116       1.0
  5         0.4901      0.0000      0.0000       1.0
  6         0.0000      0.0000     -1.0358       1.0
  7         0.4963      0.0000      0.0000       1.0
  8         0.0000      0.0000      1.0066       1.0
  9         0.0000      0.0000      0.7552       1.0
  10        0.0000      0.0000     -0.8780       1.0
  11        0.0000      0.0000     -0.9643       1.0
  12        0.0000      0.0000     -1.0118       1.0
  13        0.0263      0.0000      0.0000       1.0
  14        0.0000      0.0000      0.8339       1.0
  15        0.4939      0.0000      0.0000       1.0
  16        0.0000      0.0000      0.9013       1.0
  17        0.5000      0.0000      0.0000       1.0
  18        0.3457      0.0000      0.0000       1.0
Wrote 19 controls to /home/unitree-arka/Single_Step_Position_Change/Navigation_Dataset/Comparison_Values/Comparison_1/Diffusion_RRT_1/diff_rrt_4009/Diffusion_controls_4009.txt
