Loading config: planner.cfg
Loading config: query.cfg
Using comparison output directory: /home/unitree-arka/Single_Step_Position_Change/Navigation_Dataset/Comparison_Values/Comparison_2/RRT_2/rrt_run_3017

=== SE(2) RRT Blossom Planner ===
  Start      : (0.611, -0.228, 1.722)
  Goal       : (0.606, 1.497, [Any])
  Robot R    : 0.250 m
  Safety     : 0.100 m
  Inflation  : 0.350 m
  Step time  : 1.0 s
  Obstacles  : 2
    [0] centre=(0.981, 0.471) th=-0.091  L=0.250 W=0.350
    [1] centre=(-0.200, 0.836) th=-1.591  L=0.570 W=0.420
  Map        : X[-0.5, 1.5]  Y[-0.5, 2.0]
  Goal Tol   : 0.200 m


=== Executing 1 RRT search attempts ===
New best goal cost found: 4.0944 (node 17) at iter 27
New best goal cost found: 4.06453 (node 35) at iter 106
New best goal cost found: 2.63514 (node 178) at iter 558
  Run  0: cost =     2.6351 (seed=701)
Best path found at iter 558 in 0.002385 seconds within the winning RRT run.

Globally best cost: 2.6351 (seed=701)
Best run rejections: dist=339, rot=0, col=1151, dup=1943

=== Final Collision Check (Rectangular Footprint) ===
  WP    x        y        theta    Status    
  0       0.611   -0.228    1.722  Free      
  1       0.536    0.266    1.722  Free      
  2       0.460    0.760    1.722  Free      
  3       0.416    1.053    1.722  Free      
  4       0.416    1.053    2.769  Free      
  5       0.522    1.325    2.769  Free      
  All waypoints are collision-free (Rectangular Footprint).
Wrote 6 waypoints to /home/unitree-arka/Single_Step_Position_Change/Navigation_Dataset/Comparison_Values/Comparison_2/RRT_2/rrt_run_3017/se2_waypoints_3017.txt

=== Controls (5 commands, step_time=1.0s) ===
  Seg      vx(m/s)     vy(m/s)  vth(rad/s)    dur(s)
  0         0.5000      0.0000      0.0000       1.0
  1         0.5000      0.0000      0.0000       1.0
  2         0.2964      0.0000      0.0000       1.0
  3         0.0000      0.0000      1.0472       1.0
  4         0.0000     -0.2915      0.0000       1.0
Wrote 5 controls to /home/unitree-arka/Single_Step_Position_Change/Navigation_Dataset/Comparison_Values/Comparison_2/RRT_2/rrt_run_3017/controls_3017.txt
