Diffusion inference seed: 42
Loading navigation diffusion model on cuda.
number of parameters: 3.710467e+06
Navigation diffusion server is ready.
Loading config: planner.cfg
Loading config: query.cfg
Using diffusion comparison output directory: /home/unitree-arka/Single_Step_Position_Change/Navigation_Dataset/Comparison_Values/Comparison_1/Lateral_Diff_RRT_1/lateral_diff_rrt_5006

=== SE(2) RRT Blossom Planner ===
  Start      : (0.750, -0.248, 1.443)
  Goal       : (0.236, 1.618, [Any])
  Robot R    : 0.250 m
  Safety     : 0.100 m
  Inflation  : 0.350 m
  Step time  : 1.0 s
  Obstacles  : 2
    [0] centre=(1.006, 0.510) th=-0.106  L=0.250 W=0.350
    [1] centre=(-0.159, 0.874) th=-2.274  L=0.570 W=0.420
  Map        : X[-0.5, 1.5]  Y[-0.5, 2.0]
  Goal Tol   : 0.200 m

Starting diffusion server with seed 42.
Python diffusion server handshake completed.

=== Executing 1 RRT search attempts ===
New best goal cost found: 9.43124 (node 187) at iter 95
New best goal cost found: 9.42246 (node 192) at iter 97
New best goal cost found: 9.36198 (node 196) at iter 100
New best goal cost found: 9.35318 (node 420) at iter 237
DIAG_search_termination=goal_reached
DIAG_primary_failure_reason=none
DIAG_duplicate_nodes_found=29
DIAG_candidate_nodes_collision_checked=653
DIAG_collision_check_calls=1210
DIAG_collision_rejections=101
DIAG_endpoint_collision_rejections=96
DIAG_rotation_collision_rejections=5
DIAG_segment_collision_rejections=0
DIAG_angular_no_progress_rejections=42
DIAG_positional_no_progress_rejections=47
DIAG_local_target_failures=0
DIAG_observation_failures=0
DIAG_inference_failures=0
DIAG_diffusion_action_requests=653
DIAG_accepted_rollout_nodes=463
DIAG_successful_extensions=155
DIAG_failed_extensions=95
DIAG_sample_reached_stops=59
DIAG_lateral_extension_requests=23
DIAG_successful_lateral_extensions=12
DIAG_failed_lateral_extensions=11
DIAG_tree_nodes_generated=435
  Run  0: cost =     9.3532 (seed=601)
Best path found at iter 237 in 89.763227 seconds within the winning RRT run.

Globally best cost: 9.3532 (seed=601)
Best run rejections: col=101, dup=29

=== Final Collision Check (Rectangular Footprint) ===
  WP    x        y        theta    Status    
  0       0.750   -0.248    1.443  Free      
  1       0.750   -0.248    2.433  Free      
  2       0.373    0.075    2.433  Free      
  3       0.373    0.075   -2.872  Free      
  4       0.373    0.075    2.370  Free      
  5       0.373    0.075    1.417  Free      
  6       0.447    0.554    1.417  Free      
  7       0.523    1.048    1.417  Free      
  8       0.600    1.542    1.417  Free      
  9       0.600    1.542    2.333  Free      
  10      0.600    1.542    1.569  Free      
  11      0.600    1.542    2.469  Free      
  12      0.600    1.542    2.900  Free      
  13      0.212    1.637    2.900  Free      
  All waypoints are collision-free (Rectangular Footprint).
Wrote 14 waypoints to /home/unitree-arka/Single_Step_Position_Change/Navigation_Dataset/Comparison_Values/Comparison_1/Lateral_Diff_RRT_1/lateral_diff_rrt_5006/Diffusion_se2_waypoints_5006.txt

=== Controls (13 commands, step_time=1.0s) ===
  Seg      vx(m/s)     vy(m/s)  vth(rad/s)    dur(s)
  0         0.0000      0.0000      0.9899       1.0
  1         0.4965      0.0000      0.0000       1.0
  2         0.0000      0.0000      0.9781       1.0
  3         0.0000      0.0000     -1.0411       1.0
  4         0.0000      0.0000     -0.9530       1.0
  5         0.4843      0.0000      0.0000       1.0
  6         0.5000      0.0000      0.0000       1.0
  7         0.5000      0.0000      0.0000       1.0
  8         0.0000      0.0000      0.9161       1.0
  9         0.0000      0.0000     -0.7641       1.0
  10        0.0000      0.0000      0.9001       1.0
  11        0.0000      0.0000      0.4305       1.0
  12        0.3994      0.0000      0.0000       1.0
Wrote 13 controls to /home/unitree-arka/Single_Step_Position_Change/Navigation_Dataset/Comparison_Values/Comparison_1/Lateral_Diff_RRT_1/lateral_diff_rrt_5006/Diffusion_controls_5006.txt
