Diffusion inference seed: 42
Loading navigation diffusion model on cuda.
number of parameters: 3.710467e+06
Navigation diffusion server is ready.
Loading config: planner.cfg
Loading config: query.cfg
Using diffusion comparison output directory: /home/unitree-arka/Single_Step_Position_Change/Navigation_Dataset/Comparison_Values/Comparison_1/Diffusion_RRT_1/diff_rrt_4007

=== SE(2) RRT Blossom Planner ===
  Start      : (0.750, -0.248, 1.443)
  Goal       : (0.236, 1.618, [Any])
  Robot R    : 0.250 m
  Safety     : 0.100 m
  Inflation  : 0.350 m
  Step time  : 1.0 s
  Obstacles  : 2
    [0] centre=(1.006, 0.510) th=-0.106  L=0.250 W=0.350
    [1] centre=(-0.159, 0.874) th=-2.274  L=0.570 W=0.420
  Map        : X[-0.5, 1.5]  Y[-0.5, 2.0]
  Goal Tol   : 0.200 m

Starting diffusion server with seed 42.
Python diffusion server handshake completed.

=== Executing 1 RRT search attempts ===
New best goal cost found: 7.18789 (node 75) at iter 29
DIAG_search_termination=goal_reached
DIAG_primary_failure_reason=none
DIAG_duplicate_nodes_found=37
DIAG_candidate_nodes_collision_checked=639
DIAG_collision_check_calls=1215
DIAG_collision_rejections=64
DIAG_endpoint_collision_rejections=63
DIAG_rotation_collision_rejections=1
DIAG_segment_collision_rejections=0
DIAG_angular_no_progress_rejections=68
DIAG_positional_no_progress_rejections=59
DIAG_local_target_failures=0
DIAG_observation_failures=0
DIAG_inference_failures=0
DIAG_diffusion_action_requests=639
DIAG_accepted_rollout_nodes=448
DIAG_successful_extensions=153
DIAG_failed_extensions=97
DIAG_sample_reached_stops=57
DIAG_tree_nodes_generated=412
  Run  0: cost =     7.1879 (seed=701)
Best path found at iter 29 in 15.263016 seconds within the winning RRT run.

Globally best cost: 7.1879 (seed=701)
Best run rejections: col=64, dup=37

=== Final Collision Check (Rectangular Footprint) ===
  WP    x        y        theta    Status    
  0       0.750   -0.248    1.443  Free      
  1       0.750   -0.248    2.395  Free      
  2       0.383    0.092    2.395  Free      
  3       0.383    0.092   -2.951  Free      
  4       0.383    0.092    2.285  Free      
  5       0.383    0.092    1.342  Free      
  6       0.495    0.574    1.342  Free      
  7       0.609    1.061    1.342  Free      
  8       0.691    1.415    1.342  Free      
  9       0.691    1.415    2.347  Free      
  10      0.380    1.733    2.347  Free      
  All waypoints are collision-free (Rectangular Footprint).
Wrote 11 waypoints to /home/unitree-arka/Single_Step_Position_Change/Navigation_Dataset/Comparison_Values/Comparison_1/Diffusion_RRT_1/diff_rrt_4007/Diffusion_se2_waypoints_4007.txt

=== Controls (10 commands, step_time=1.0s) ===
  Seg      vx(m/s)     vy(m/s)  vth(rad/s)    dur(s)
  0         0.0000      0.0000      0.9514       1.0
  1         0.5000      0.0000      0.0000       1.0
  2         0.0000      0.0000      0.9378       1.0
  3         0.0000      0.0000     -1.0472       1.0
  4         0.0000      0.0000     -0.9432       1.0
  5         0.4953      0.0000      0.0000       1.0
  6         0.5000      0.0000      0.0000       1.0
  7         0.3636      0.0000      0.0000       1.0
  8         0.0000      0.0000      1.0047       1.0
  9         0.4447      0.0000      0.0000       1.0
Wrote 10 controls to /home/unitree-arka/Single_Step_Position_Change/Navigation_Dataset/Comparison_Values/Comparison_1/Diffusion_RRT_1/diff_rrt_4007/Diffusion_controls_4007.txt
