Diffusion inference seed: 42
Loading navigation diffusion model on cuda.
number of parameters: 3.710467e+06
Navigation diffusion server is ready.
Loading config: planner.cfg
Loading config: query.cfg
Using diffusion comparison output directory: /home/unitree-arka/Single_Step_Position_Change/Navigation_Dataset/Comparison_Values/Comparison_3/Lateral_Diff_RRT_3/lateral_diff_rrt_5025

=== SE(2) RRT Blossom Planner ===
  Start      : (0.959, -0.290, 1.286)
  Goal       : (0.884, 1.634, [Any])
  Robot R    : 0.250 m
  Safety     : 0.100 m
  Inflation  : 0.350 m
  Step time  : 1.0 s
  Obstacles  : 2
    [0] centre=(1.239, 0.695) th=-2.799  L=0.250 W=0.350
    [1] centre=(-0.013, 0.779) th=-2.059  L=0.570 W=0.420
  Map        : X[-0.5, 1.5]  Y[-0.5, 2.0]
  Goal Tol   : 0.200 m

Starting diffusion server with seed 42.
Python diffusion server handshake completed.

=== Executing 1 RRT search attempts ===
New best goal cost found: 11.2138 (node 113) at iter 72
New best goal cost found: 9.88876 (node 137) at iter 78
DIAG_search_termination=goal_reached
DIAG_primary_failure_reason=none
DIAG_duplicate_nodes_found=24
DIAG_candidate_nodes_collision_checked=637
DIAG_collision_check_calls=1185
DIAG_collision_rejections=96
DIAG_endpoint_collision_rejections=89
DIAG_rotation_collision_rejections=7
DIAG_segment_collision_rejections=0
DIAG_angular_no_progress_rejections=46
DIAG_positional_no_progress_rejections=63
DIAG_local_target_failures=0
DIAG_observation_failures=0
DIAG_inference_failures=0
DIAG_diffusion_action_requests=637
DIAG_accepted_rollout_nodes=432
DIAG_successful_extensions=148
DIAG_failed_extensions=102
DIAG_sample_reached_stops=44
DIAG_lateral_extension_requests=19
DIAG_successful_lateral_extensions=12
DIAG_failed_lateral_extensions=7
DIAG_tree_nodes_generated=409
  Run  0: cost =     9.8888 (seed=503)
Best path found at iter 78 in 30.569978 seconds within the winning RRT run.

Globally best cost: 9.8888 (seed=503)
Best run rejections: col=96, dup=24

=== Final Collision Check (Rectangular Footprint) ===
  WP    x        y        theta    Status    
  0       0.959   -0.290    1.286  Free      
  1       1.035   -0.030    1.286  Free      
  2       1.035   -0.030    2.321  Free      
  3       0.703    0.326    2.321  Free      
  4       0.703    0.326    1.279  Free      
  5       0.703    0.326    0.232  Free      
  6       0.788    0.346    0.232  Free      
  7       0.788    0.346    1.025  Free      
  8       0.788    0.346    1.820  Free      
  9       0.665    0.829    1.820  Free      
  10      0.562    1.234    1.820  Free      
  11      0.562    1.234    2.867  Free      
  12      0.562    1.234    1.927  Free      
  13      0.562    1.234    0.910  Free      
  14      0.816    1.560    0.910  Free      
  All waypoints are collision-free (Rectangular Footprint).
Wrote 15 waypoints to /home/unitree-arka/Single_Step_Position_Change/Navigation_Dataset/Comparison_Values/Comparison_3/Lateral_Diff_RRT_3/lateral_diff_rrt_5025/Diffusion_se2_waypoints_5025.txt

=== Controls (14 commands, step_time=1.0s) ===
  Seg      vx(m/s)     vy(m/s)  vth(rad/s)    dur(s)
  0         0.2699      0.0000      0.0000       1.0
  1         0.0000      0.0000      1.0346       1.0
  2         0.4869      0.0000      0.0000       1.0
  3         0.0000      0.0000     -1.0415       1.0
  4         0.0000      0.0000     -1.0472       1.0
  5         0.0874      0.0000      0.0000       1.0
  6         0.0000      0.0000      0.7929       1.0
  7         0.0000      0.0000      0.7949       1.0
  8         0.4985      0.0000      0.0000       1.0
  9         0.4174      0.0000      0.0000       1.0
  10        0.0000      0.0000      1.0472       1.0
  11        0.0000      0.0000     -0.9399       1.0
  12        0.0000      0.0000     -1.0169       1.0
  13        0.4135      0.0000      0.0000       1.0
Wrote 14 controls to /home/unitree-arka/Single_Step_Position_Change/Navigation_Dataset/Comparison_Values/Comparison_3/Lateral_Diff_RRT_3/lateral_diff_rrt_5025/Diffusion_controls_5025.txt
