Diffusion inference seed: 42
Loading navigation diffusion model on cuda.
number of parameters: 3.710467e+06
Navigation diffusion server is ready.
Loading config: planner.cfg
Loading config: query.cfg
Using diffusion comparison output directory: /home/unitree-arka/Single_Step_Position_Change/Navigation_Dataset/Comparison_Values/Comparison_3/Diffusion_RRT_3/diff_rrt_4027

=== SE(2) RRT Blossom Planner ===
  Start      : (0.959, -0.290, 1.286)
  Goal       : (0.884, 1.634, [Any])
  Robot R    : 0.250 m
  Safety     : 0.100 m
  Inflation  : 0.350 m
  Step time  : 1.0 s
  Obstacles  : 2
    [0] centre=(1.239, 0.695) th=-2.799  L=0.250 W=0.350
    [1] centre=(-0.013, 0.779) th=-2.059  L=0.570 W=0.420
  Map        : X[-0.5, 1.5]  Y[-0.5, 2.0]
  Goal Tol   : 0.200 m

Starting diffusion server with seed 42.
Python diffusion server handshake completed.

=== Executing 1 RRT search attempts ===
New best goal cost found: 8.43566 (node 27) at iter 9
DIAG_search_termination=goal_reached
DIAG_primary_failure_reason=none
DIAG_duplicate_nodes_found=36
DIAG_candidate_nodes_collision_checked=600
DIAG_collision_check_calls=1117
DIAG_collision_rejections=83
DIAG_endpoint_collision_rejections=83
DIAG_rotation_collision_rejections=0
DIAG_segment_collision_rejections=0
DIAG_angular_no_progress_rejections=64
DIAG_positional_no_progress_rejections=38
DIAG_local_target_failures=0
DIAG_observation_failures=0
DIAG_inference_failures=0
DIAG_diffusion_action_requests=600
DIAG_accepted_rollout_nodes=415
DIAG_successful_extensions=150
DIAG_failed_extensions=100
DIAG_sample_reached_stops=63
DIAG_tree_nodes_generated=380
  Run  0: cost =     8.4357 (seed=701)
Best path found at iter 9 in 5.925425 seconds within the winning RRT run.

Globally best cost: 8.4357 (seed=701)
Best run rejections: col=83, dup=36

=== Final Collision Check (Rectangular Footprint) ===
  WP    x        y        theta    Status    
  0       0.959   -0.290    1.286  Free      
  1       0.959   -0.290    2.306  Free      
  2       0.627    0.077    2.306  Free      
  3       0.627    0.077    2.797  Free      
  4       0.349    0.177    2.797  Free      
  5       0.349    0.177   -2.606  Free      
  6       0.349    0.177   -1.890  Free      
  7       0.349    0.177   -1.451  Free      
  8       0.349    0.177   -0.752  Free      
  9       0.349    0.177   -0.290  Free      
  10      0.349    0.177    0.185  Free      
  11      0.349    0.177    1.178  Free      
  12      0.541    0.639    1.178  Free      
  13      0.729    1.095    1.178  Free      
  14      0.912    1.536    1.178  Free      
  All waypoints are collision-free (Rectangular Footprint).
Wrote 15 waypoints to /home/unitree-arka/Single_Step_Position_Change/Navigation_Dataset/Comparison_Values/Comparison_3/Diffusion_RRT_3/diff_rrt_4027/Diffusion_se2_waypoints_4027.txt

=== Controls (14 commands, step_time=1.0s) ===
  Seg      vx(m/s)     vy(m/s)  vth(rad/s)    dur(s)
  0         0.0000      0.0000      1.0196       1.0
  1         0.4944      0.0000      0.0000       1.0
  2         0.0000      0.0000      0.4915       1.0
  3         0.2951      0.0000      0.0000       1.0
  4         0.0000      0.0000      0.8799       1.0
  5         0.0000      0.0000      0.7161       1.0
  6         0.0000      0.0000      0.4392       1.0
  7         0.0000      0.0000      0.6984       1.0
  8         0.0000      0.0000      0.4629       1.0
  9         0.0000      0.0000      0.4740       1.0
  10        0.0000      0.0000      0.9938       1.0
  11        0.4997      0.0000      0.0000       1.0
  12        0.4938      0.0000      0.0000       1.0
  13        0.4771      0.0000      0.0000       1.0
Wrote 14 controls to /home/unitree-arka/Single_Step_Position_Change/Navigation_Dataset/Comparison_Values/Comparison_3/Diffusion_RRT_3/diff_rrt_4027/Diffusion_controls_4027.txt
