Loading navigation diffusion model on cuda.
number of parameters: 3.710467e+06
Navigation diffusion server is ready.
Loading config: planner.cfg
Loading config: query.cfg

=== SE(2) RRT Blossom Planner ===
  Start      : (0.611, -0.228, 1.722)
  Goal       : (0.606, 1.497, [Any])
  Robot R    : 0.250 m
  Safety     : 0.100 m
  Inflation  : 0.350 m
  Step time  : 1.0 s
  Obstacles  : 2
    [0] centre=(0.981, 0.471) th=-0.091  L=0.250 W=0.350
    [1] centre=(-0.200, 0.836) th=-1.591  L=0.570 W=0.420
  Map        : X[-0.5, 1.5]  Y[-0.5, 2.0]
  Goal Tol   : 0.200 m

Python diffusion server handshake completed.

=== Executing 1 RRT search attempts ===
New best goal cost found: 2.84216 (node 5) at iter 1
DIAG_search_termination=goal_reached
DIAG_primary_failure_reason=none
DIAG_duplicate_nodes_found=8
DIAG_candidate_nodes_collision_checked=267
DIAG_collision_check_calls=511
DIAG_collision_rejections=23
DIAG_endpoint_collision_rejections=23
DIAG_rotation_collision_rejections=0
DIAG_segment_collision_rejections=0
DIAG_angular_no_progress_rejections=39
DIAG_positional_no_progress_rejections=14
DIAG_local_target_failures=0
DIAG_observation_failures=0
DIAG_inference_failures=0
DIAG_diffusion_action_requests=267
DIAG_accepted_rollout_nodes=191
DIAG_successful_extensions=65
DIAG_failed_extensions=35
DIAG_sample_reached_stops=24
DIAG_tree_nodes_generated=184
  Run  0: cost =     2.8422 (seed=601)
Best path found at iter 1 in 1.580705 seconds within the winning RRT run.

Globally best cost: 2.8422 (seed=601)
Best run rejections: dist=0, rot=0, col=23, dup=8

=== Final Collision Check (Rectangular Footprint) ===
  WP    x        y        theta    Status    
  0       0.611   -0.228    1.722  Free      
  1       0.536    0.262    1.722  Free      
  2       0.461    0.753    1.722  Free      
  3       0.387    1.241    1.722  Free      
  4       0.387    1.241    0.785  Free      
  5       0.684    1.537    0.785  Free      
  All waypoints are collision-free (Rectangular Footprint).
Wrote 6 waypoints to /home/unitree-arka/Navigation_Dataset/Diffusion_Policy_Navigation/Diffusion_waypoints/Diffusion_se2_waypoints_4036.txt

=== Controls (5 commands, step_time=1.0s) ===
  Seg      vx(m/s)     vy(m/s)  vth(rad/s)    dur(s)
  0         0.4963      0.0000      0.0000       1.0
  1         0.4964      0.0000      0.0000       1.0
  2         0.4933      0.0000      0.0000       1.0
  3         0.0000      0.0000     -0.9372       1.0
  4         0.4189      0.0000      0.0000       1.0
Wrote 5 controls to /home/unitree-arka/Navigation_Dataset/Diffusion_Policy_Navigation/Diffusion_controls/Diffusion_controls_4036.txt
