Loading navigation diffusion model on cuda.
number of parameters: 3.710467e+06
Navigation diffusion server is ready.
Loading config: planner.cfg
Loading config: query.cfg

=== SE(2) RRT Blossom Planner ===
  Start      : (0.611, -0.228, 1.722)
  Goal       : (0.606, 1.497, [Any])
  Robot R    : 0.250 m
  Safety     : 0.100 m
  Inflation  : 0.350 m
  Step time  : 1.0 s
  Obstacles  : 2
    [0] centre=(0.981, 0.471) th=-0.091  L=0.250 W=0.350
    [1] centre=(-0.200, 0.836) th=-1.591  L=0.570 W=0.420
  Map        : X[-0.5, 1.5]  Y[-0.5, 2.0]
  Goal Tol   : 0.200 m

Python diffusion server handshake completed.

=== Executing 1 RRT search attempts ===
New best goal cost found: 2.60511 (node 12) at iter 8
DIAG_search_termination=goal_reached
DIAG_primary_failure_reason=none
DIAG_duplicate_nodes_found=7
DIAG_candidate_nodes_collision_checked=259
DIAG_collision_check_calls=485
DIAG_collision_rejections=34
DIAG_endpoint_collision_rejections=33
DIAG_rotation_collision_rejections=1
DIAG_segment_collision_rejections=0
DIAG_angular_no_progress_rejections=21
DIAG_positional_no_progress_rejections=27
DIAG_local_target_failures=0
DIAG_observation_failures=0
DIAG_inference_failures=0
DIAG_diffusion_action_requests=259
DIAG_accepted_rollout_nodes=177
DIAG_successful_extensions=61
DIAG_failed_extensions=39
DIAG_sample_reached_stops=18
DIAG_tree_nodes_generated=171
  Run  0: cost =     2.6051 (seed=503)
Best path found at iter 8 in 3.922904 seconds within the winning RRT run.

Globally best cost: 2.6051 (seed=503)
Best run rejections: dist=0, rot=0, col=34, dup=7

=== Final Collision Check (Rectangular Footprint) ===
  WP    x        y        theta    Status    
  0       0.611   -0.228    1.722  Free      
  1       0.539    0.246    1.722  Free      
  2       0.463    0.740    1.722  Free      
  3       0.388    1.235    1.722  Free      
  4       0.388    1.235    0.778  Free      
  5       0.517    1.362    0.778  Free      
  All waypoints are collision-free (Rectangular Footprint).
Wrote 6 waypoints to /home/unitree-arka/Navigation_Dataset/Diffusion_Policy_Navigation/Diffusion_waypoints/Diffusion_se2_waypoints_4035.txt

=== Controls (5 commands, step_time=1.0s) ===
  Seg      vx(m/s)     vy(m/s)  vth(rad/s)    dur(s)
  0         0.4800      0.0000      0.0000       1.0
  1         0.5000      0.0000      0.0000       1.0
  2         0.5000      0.0000      0.0000       1.0
  3         0.0000      0.0000     -0.9437       1.0
  4         0.1814      0.0000      0.0000       1.0
Wrote 5 controls to /home/unitree-arka/Navigation_Dataset/Diffusion_Policy_Navigation/Diffusion_controls/Diffusion_controls_4035.txt
