Loading navigation diffusion model on cuda.
number of parameters: 3.710467e+06
Navigation diffusion server is ready.
Loading config: planner.cfg
Loading config: query.cfg

=== SE(2) RRT Blossom Planner ===
  Start      : (0.611, -0.228, 1.722)
  Goal       : (0.606, 1.497, [Any])
  Robot R    : 0.250 m
  Safety     : 0.100 m
  Inflation  : 0.350 m
  Step time  : 1.0 s
  Obstacles  : 2
    [0] centre=(0.981, 0.471) th=-0.091  L=0.250 W=0.350
    [1] centre=(-0.200, 0.836) th=-1.591  L=0.570 W=0.420
  Map        : X[-0.5, 1.5]  Y[-0.5, 2.0]
  Goal Tol   : 0.200 m

Python diffusion server handshake completed.

=== Executing 1 RRT search attempts ===
New best goal cost found: 2.93067 (node 5) at iter 0
New best goal cost found: 2.82964 (node 8) at iter 1
DIAG_search_termination=goal_reached
DIAG_primary_failure_reason=none
DIAG_duplicate_nodes_found=15
DIAG_candidate_nodes_collision_checked=274
DIAG_collision_check_calls=513
DIAG_collision_rejections=36
DIAG_endpoint_collision_rejections=35
DIAG_rotation_collision_rejections=0
DIAG_segment_collision_rejections=1
DIAG_angular_no_progress_rejections=19
DIAG_positional_no_progress_rejections=28
DIAG_local_target_failures=0
DIAG_observation_failures=0
DIAG_inference_failures=0
DIAG_diffusion_action_requests=274
DIAG_accepted_rollout_nodes=191
DIAG_successful_extensions=66
DIAG_failed_extensions=34
DIAG_sample_reached_stops=16
DIAG_tree_nodes_generated=177
  Run  0: cost =     2.8296 (seed=1009)
Best path found at iter 1 in 2.224956 seconds within the winning RRT run.

Globally best cost: 2.8296 (seed=1009)
Best run rejections: dist=0, rot=0, col=36, dup=15

=== Final Collision Check (Rectangular Footprint) ===
  WP    x        y        theta    Status    
  0       0.611   -0.228    1.722  Free      
  1       0.536    0.262    1.722  Free      
  2       0.464    0.737    1.722  Free      
  3       0.389    1.230    1.722  Free      
  4       0.389    1.230    0.742  Free      
  5       0.665    1.483    0.742  Free      
  All waypoints are collision-free (Rectangular Footprint).
Wrote 6 waypoints to /home/unitree-arka/Navigation_Dataset/Diffusion_Policy_Navigation/Diffusion_waypoints/Diffusion_se2_waypoints_4040.txt

=== Controls (5 commands, step_time=1.0s) ===
  Seg      vx(m/s)     vy(m/s)  vth(rad/s)    dur(s)
  0         0.4963      0.0000      0.0000       1.0
  1         0.4802      0.0000      0.0000       1.0
  2         0.4983      0.0000      0.0000       1.0
  3         0.0000      0.0000     -0.9803       1.0
  4         0.3745      0.0000      0.0000       1.0
Wrote 5 controls to /home/unitree-arka/Navigation_Dataset/Diffusion_Policy_Navigation/Diffusion_controls/Diffusion_controls_4040.txt
