Diffusion inference seed: 42
Loading navigation diffusion model on cuda.
number of parameters: 3.710467e+06
Navigation diffusion server is ready.
Loading config: planner.cfg
Loading config: query.cfg
Using diffusion comparison output directory: /home/unitree-arka/Single_Step_Position_Change/Navigation_Dataset/Comparison_Values/Comparison_3/Lateral_Diff_RRT_3/lateral_diff_rrt_5030

=== SE(2) RRT Blossom Planner ===
  Start      : (0.959, -0.290, 1.286)
  Goal       : (0.884, 1.634, [Any])
  Robot R    : 0.250 m
  Safety     : 0.100 m
  Inflation  : 0.350 m
  Step time  : 1.0 s
  Obstacles  : 2
    [0] centre=(1.239, 0.695) th=-2.799  L=0.250 W=0.350
    [1] centre=(-0.013, 0.779) th=-2.059  L=0.570 W=0.420
  Map        : X[-0.5, 1.5]  Y[-0.5, 2.0]
  Goal Tol   : 0.200 m

Starting diffusion server with seed 42.
Python diffusion server handshake completed.

=== Executing 1 RRT search attempts ===
New best goal cost found: 18.3341 (node 301) at iter 199
New best goal cost found: 11.9229 (node 320) at iter 210
DIAG_search_termination=goal_reached
DIAG_primary_failure_reason=none
DIAG_duplicate_nodes_found=61
DIAG_candidate_nodes_collision_checked=631
DIAG_collision_check_calls=1130
DIAG_collision_rejections=136
DIAG_endpoint_collision_rejections=132
DIAG_rotation_collision_rejections=4
DIAG_segment_collision_rejections=0
DIAG_angular_no_progress_rejections=37
DIAG_positional_no_progress_rejections=32
DIAG_local_target_failures=0
DIAG_observation_failures=0
DIAG_inference_failures=0
DIAG_diffusion_action_requests=631
DIAG_accepted_rollout_nodes=426
DIAG_successful_extensions=165
DIAG_failed_extensions=85
DIAG_sample_reached_stops=44
DIAG_lateral_extension_requests=13
DIAG_successful_lateral_extensions=8
DIAG_failed_lateral_extensions=5
DIAG_tree_nodes_generated=366
  Run  0: cost =    11.9229 (seed=1009)
Best path found at iter 210 in 112.889854 seconds within the winning RRT run.

Globally best cost: 11.9229 (seed=1009)
Best run rejections: col=136, dup=61

=== Final Collision Check (Rectangular Footprint) ===
  WP    x        y        theta    Status    
  0       0.959   -0.290    1.286  Free      
  1       0.959   -0.290    0.239  Free      
  2       1.019   -0.275    0.239  Free      
  3       1.019   -0.275   -0.198  Free      
  4       1.019   -0.275    0.654  Free      
  5       1.019   -0.275    1.654  Free      
  6       0.984    0.142    1.654  Free      
  7       0.984    0.142    2.616  Free      
  8       0.552    0.393    2.616  Free      
  9       0.552    0.393   -2.825  Free      
  10      0.552    0.393   -2.041  Free      
  11      0.552    0.393   -1.273  Free      
  12      0.552    0.393   -1.096  Free      
  13      0.552    0.393   -0.948  Free      
  14      0.552    0.393   -0.420  Free      
  15      0.552    0.393    0.339  Free      
  16      0.552    0.393    1.233  Free      
  17      0.718    0.865    1.233  Free      
  18      0.877    1.319    1.233  Free      
  19      1.029    1.750    1.233  Free      
  All waypoints are collision-free (Rectangular Footprint).
Wrote 20 waypoints to /home/unitree-arka/Single_Step_Position_Change/Navigation_Dataset/Comparison_Values/Comparison_3/Lateral_Diff_RRT_3/lateral_diff_rrt_5030/Diffusion_se2_waypoints_5030.txt

=== Controls (19 commands, step_time=1.0s) ===
  Seg      vx(m/s)     vy(m/s)  vth(rad/s)    dur(s)
  0         0.0000      0.0000     -1.0472       1.0
  1         0.0624      0.0000      0.0000       1.0
  2         0.0000      0.0000     -0.4369       1.0
  3         0.0000      0.0000      0.8524       1.0
  4         0.0000      0.0000      0.9999       1.0
  5         0.4186      0.0000      0.0000       1.0
  6         0.0000      0.0000      0.9617       1.0
  7         0.5000      0.0000      0.0000       1.0
  8         0.0000      0.0000      0.8427       1.0
  9         0.0000      0.0000      0.7833       1.0
  10        0.0000      0.0000      0.7680       1.0
  11        0.0000      0.0000      0.1772       1.0
  12        0.0000      0.0000      0.1481       1.0
  13        0.0000      0.0000      0.5278       1.0
  14        0.0000      0.0000      0.7591       1.0
  15        0.0000      0.0000      0.8940       1.0
  16        0.5000      0.0000      0.0000       1.0
  17        0.4814      0.0000      0.0000       1.0
  18        0.4571      0.0000      0.0000       1.0
Wrote 19 controls to /home/unitree-arka/Single_Step_Position_Change/Navigation_Dataset/Comparison_Values/Comparison_3/Lateral_Diff_RRT_3/lateral_diff_rrt_5030/Diffusion_controls_5030.txt
