Loading config: planner.cfg
Loading config: query.cfg

=== SE(2) RRT Blossom Planner ===
  Start      : (0.479, -0.196, 1.493)
  Goal       : (0.573, 1.308, [Any])
  Robot R    : 0.250 m
  Safety     : 0.100 m
  Inflation  : 0.350 m
  Step time  : 1.0 s
  Obstacles  : 2
    [0] centre=(1.002, 0.539) th=-3.133  L=0.250 W=0.350
    [1] centre=(-0.115, 0.876) th=3.111  L=0.570 W=0.420
  Map        : X[-0.5, 1.5]  Y[-0.5, 2.0]
  Goal Tol   : 0.200 m


=== Executing 20 RRT search attempts ===
New best goal cost found: 1.34703 (node 5) at iter 13
  Run  0: cost =     1.3470 (seed=1781575602)
New best goal cost found: 4.63738 (node 32) at iter 81
New best goal cost found: 4.53565 (node 55) at iter 168
New best goal cost found: 2.64361 (node 60) at iter 180
New best goal cost found: 2.59147 (node 270) at iter 797
New best goal cost found: 2.50166 (node 418) at iter 1296
  Run  1: cost =     2.5017 (seed=1781575603)
New best goal cost found: 1.5 (node 5) at iter 4
New best goal cost found: 1.40383 (node 27) at iter 72
  Run  2: cost =     1.4038 (seed=1781575604)
New best goal cost found: 1.5 (node 4) at iter 3
  Run  3: cost =     1.5000 (seed=1781575605)
New best goal cost found: 1.5 (node 3) at iter 2
New best goal cost found: 1.47498 (node 10) at iter 23
New best goal cost found: 1.40579 (node 66) at iter 153
  Run  4: cost =     1.4058 (seed=1781575606)
New best goal cost found: 1.5 (node 5) at iter 6
New best goal cost found: 1.46854 (node 12) at iter 12
  Run  5: cost =     1.4685 (seed=1781575607)
New best goal cost found: 1.5 (node 23) at iter 47
New best goal cost found: 1.4886 (node 55) at iter 118
  Run  6: cost =     1.4886 (seed=1781575608)
New best goal cost found: 1.46484 (node 5) at iter 9
  Run  7: cost =     1.4648 (seed=1781575609)
New best goal cost found: 1.5 (node 3) at iter 5
New best goal cost found: 1.39087 (node 7) at iter 25
New best goal cost found: 1.37893 (node 70) at iter 321
New best goal cost found: 1.35462 (node 89) at iter 411
  Run  8: cost =     1.3546 (seed=1781575610)
New best goal cost found: 1.5 (node 3) at iter 5
New best goal cost found: 1.46531 (node 7) at iter 20
  Run  9: cost =     1.4653 (seed=1781575611)
New best goal cost found: 1.5 (node 4) at iter 4
New best goal cost found: 1.46393 (node 14) at iter 64
New best goal cost found: 1.38729 (node 67) at iter 216
New best goal cost found: 1.38148 (node 126) at iter 349
  Run 10: cost =     1.3815 (seed=1781575612)
New best goal cost found: 4.54501 (node 24) at iter 42
New best goal cost found: 2.60917 (node 134) at iter 368
  Run 11: cost =     2.6092 (seed=1781575613)
New best goal cost found: 1.5 (node 21) at iter 96
New best goal cost found: 1.39418 (node 226) at iter 761
New best goal cost found: 1.38204 (node 273) at iter 934
  Run 12: cost =     1.3820 (seed=1781575614)
New best goal cost found: 1.5 (node 8) at iter 8
  Run 13: cost =     1.5000 (seed=1781575615)
New best goal cost found: 4.64159 (node 10) at iter 10
New best goal cost found: 1.5 (node 24) at iter 50
New best goal cost found: 1.42797 (node 73) at iter 251
  Run 14: cost =     1.4280 (seed=1781575616)
New best goal cost found: 1.5 (node 4) at iter 4
New best goal cost found: 1.33717 (node 36) at iter 95
New best goal cost found: 1.33215 (node 69) at iter 226
  Run 15: cost =     1.3322 (seed=1781575617)
New best goal cost found: 1.47318 (node 4) at iter 7
New best goal cost found: 1.46304 (node 35) at iter 85
  Run 16: cost =     1.4630 (seed=1781575618)
New best goal cost found: 1.5 (node 6) at iter 6
  Run 17: cost =     1.5000 (seed=1781575619)
New best goal cost found: 1.35528 (node 8) at iter 11
  Run 18: cost =     1.3553 (seed=1781575620)
New best goal cost found: 1.5 (node 19) at iter 38
New best goal cost found: 1.33478 (node 538) at iter 1913
  Run 19: cost =     1.3348 (seed=1781575621)
Best path found at iter 226 in 0.000734 seconds within the winning RRT run.

Globally best cost: 1.3322 (seed=1781575617)
Best run rejections: dist=0, rot=0, col=1358, dup=515

=== Final Collision Check (Rectangular Footprint) ===
  WP    x        y        theta    Status    
  0       0.479   -0.196    1.493  Free      
  1       0.518    0.303    1.493  Free      
  2       0.557    0.801    1.493  Free      
  3       0.583    1.132    1.493  Free      
  All waypoints are collision-free (Rectangular Footprint).
Wrote 4 waypoints to se2_waypoints_1.txt
Saved navigation dataset for run_idx=1
  Current poses       : /home/unitree-arka/Navigation_Dataset/Present_Robot_Pose/curr_pose_1.txt
  Target poses        : /home/unitree-arka/Navigation_Dataset/Target_Pose/local_target_pose_1.txt
  Local obstacle info : /home/unitree-arka/Navigation_Dataset/Local_Obstacle_Info/local_obs_1.txt
  Local goal info     : /home/unitree-arka/Navigation_Dataset/Local_Goal_Info/local_goal_info_1.txt
  Planning time       : /home/unitree-arka/Navigation_Dataset/Timestep/plan_time_1.txt

=== Controls (3 commands, step_time=1.0s) ===
  Seg      vx(m/s)     vy(m/s)  vth(rad/s)    dur(s)
  0         0.5000      0.0000      0.0000       1.0
  1         0.5000      0.0000      0.0000       1.0
  2         0.3322      0.0000      0.0000       1.0
Wrote 3 controls to controls_1.txt
