Loading config: planner.cfg
Loading config: query.cfg

=== SE(2) RRT Blossom Planner ===
  Start      : (0.475, -0.200, 1.489)
  Goal       : (0.696, 1.626, [Any])
  Robot R    : 0.250 m
  Safety     : 0.100 m
  Inflation  : 0.350 m
  Step time  : 1.0 s
  Obstacles  : 2
    [0] centre=(0.999, 0.534) th=-3.134  L=0.250 W=0.350
    [1] centre=(-0.114, 0.877) th=3.110  L=0.570 W=0.420
  Map        : X[-0.5, 1.5]  Y[-0.5, 2.0]
  Goal Tol   : 0.200 m


=== Executing 20 RRT search attempts ===
New best goal cost found: 4.8693 (node 16) at iter 17
New best goal cost found: 3.80599 (node 27) at iter 44
New best goal cost found: 2 (node 41) at iter 72
New best goal cost found: 1.76191 (node 379) at iter 1287
  Run  0: cost =     1.7619 (seed=1781577363)
New best goal cost found: 2 (node 20) at iter 28
  Run  1: cost =     2.0000 (seed=1781577364)
New best goal cost found: 5.40343 (node 27) at iter 51
New best goal cost found: 5.03739 (node 30) at iter 64
New best goal cost found: 3.86289 (node 77) at iter 178
New best goal cost found: 3.65174 (node 105) at iter 286
New best goal cost found: 1.76148 (node 318) at iter 1056
  Run  2: cost =     1.7615 (seed=1781577365)
New best goal cost found: 2 (node 5) at iter 5
New best goal cost found: 1.79892 (node 14) at iter 43
New best goal cost found: 1.76928 (node 52) at iter 163
  Run  3: cost =     1.7693 (seed=1781577366)
New best goal cost found: 2 (node 14) at iter 26
  Run  4: cost =     2.0000 (seed=1781577367)
New best goal cost found: 4.45295 (node 16) at iter 52
New best goal cost found: 1.98896 (node 39) at iter 108
New best goal cost found: 1.78485 (node 295) at iter 863
New best goal cost found: 1.75111 (node 328) at iter 990
  Run  5: cost =     1.7511 (seed=1781577368)
New best goal cost found: 2 (node 17) at iter 27
New best goal cost found: 1.93522 (node 183) at iter 440
  Run  6: cost =     1.9352 (seed=1781577369)
New best goal cost found: 1.97081 (node 34) at iter 70
New best goal cost found: 1.84676 (node 141) at iter 313
  Run  7: cost =     1.8468 (seed=1781577370)
New best goal cost found: 5.23416 (node 34) at iter 73
New best goal cost found: 1.78487 (node 40) at iter 88
  Run  8: cost =     1.7849 (seed=1781577371)
New best goal cost found: 1.95827 (node 8) at iter 9
New best goal cost found: 1.95599 (node 24) at iter 37
New best goal cost found: 1.80871 (node 127) at iter 318
  Run  9: cost =     1.8087 (seed=1781577372)
New best goal cost found: 2 (node 6) at iter 7
  Run 10: cost =     2.0000 (seed=1781577373)
New best goal cost found: 1.76141 (node 12) at iter 23
  Run 11: cost =     1.7614 (seed=1781577374)
New best goal cost found: 1.85708 (node 10) at iter 11
  Run 12: cost =     1.8571 (seed=1781577375)
New best goal cost found: 2 (node 10) at iter 13
New best goal cost found: 1.88462 (node 33) at iter 56
New best goal cost found: 1.75112 (node 69) at iter 124
  Run 13: cost =     1.7511 (seed=1781577376)
New best goal cost found: 4.50813 (node 21) at iter 54
New best goal cost found: 2 (node 26) at iter 75
New best goal cost found: 1.8437 (node 34) at iter 97
  Run 14: cost =     1.8437 (seed=1781577377)
New best goal cost found: 4.48701 (node 23) at iter 43
New best goal cost found: 2.91106 (node 24) at iter 45
New best goal cost found: 2.55525 (node 259) at iter 780
New best goal cost found: 1.98872 (node 440) at iter 1420
  Run 15: cost =     1.9887 (seed=1781577378)
New best goal cost found: 1.81832 (node 14) at iter 25
New best goal cost found: 1.72209 (node 19) at iter 33
  Run 16: cost =     1.7221 (seed=1781577379)
New best goal cost found: 5.04386 (node 30) at iter 71
New best goal cost found: 1.94358 (node 49) at iter 117
  Run 17: cost =     1.9436 (seed=1781577380)
New best goal cost found: 2 (node 8) at iter 17
New best goal cost found: 1.91181 (node 33) at iter 80
  Run 18: cost =     1.9118 (seed=1781577381)
New best goal cost found: 2 (node 4) at iter 3
  Run 19: cost =     2.0000 (seed=1781577382)
Best path found at iter 33 in 0.000126 seconds within the winning RRT run.

Globally best cost: 1.7221 (seed=1781577379)
Best run rejections: dist=0, rot=0, col=1348, dup=565

=== Final Collision Check (Rectangular Footprint) ===
  WP    x        y        theta    Status    
  0       0.475   -0.200    1.489  Free      
  1       0.501    0.117    1.489  Free      
  2       0.542    0.615    1.489  Free      
  3       0.582    1.113    1.489  Free      
  4       0.615    1.516    1.489  Free      
  All waypoints are collision-free (Rectangular Footprint).
Wrote 5 waypoints to se2_waypoints_7.txt
Saved navigation dataset for run_idx=7
  Current poses       : /home/unitree-arka/Navigation_Dataset/Present_Robot_Pose/curr_pose_7.txt
  Target poses        : /home/unitree-arka/Navigation_Dataset/Target_Pose/local_target_pose_7.txt
  Local obstacle info : /home/unitree-arka/Navigation_Dataset/Local_Obstacle_Info/local_obs_7.txt
  Local goal info     : /home/unitree-arka/Navigation_Dataset/Local_Goal_Info/local_goal_info_7.txt
  Planning time       : /home/unitree-arka/Navigation_Dataset/Timestep/plan_time_7.txt

=== Controls (4 commands, step_time=1.0s) ===
  Seg      vx(m/s)     vy(m/s)  vth(rad/s)    dur(s)
  0         0.3183      0.0000      0.0000       1.0
  1         0.5000      0.0000      0.0000       1.0
  2         0.5000      0.0000      0.0000       1.0
  3         0.4038      0.0000      0.0000       1.0
Wrote 4 controls to controls_7.txt
