Diffusion inference seed: 42
Loading navigation diffusion model on cuda.
number of parameters: 3.710467e+06
Navigation diffusion server is ready.
Loading config: planner.cfg
Loading config: query.cfg
Using diffusion comparison output directory: /home/unitree-arka/Single_Step_Position_Change/Navigation_Dataset/Comparison_Values/Comparison_1/Lateral_Diff_RRT_1/lateral_diff_rrt_5009

=== SE(2) RRT Blossom Planner ===
  Start      : (0.750, -0.248, 1.443)
  Goal       : (0.236, 1.618, [Any])
  Robot R    : 0.250 m
  Safety     : 0.100 m
  Inflation  : 0.350 m
  Step time  : 1.0 s
  Obstacles  : 2
    [0] centre=(1.006, 0.510) th=-0.106  L=0.250 W=0.350
    [1] centre=(-0.159, 0.874) th=-2.274  L=0.570 W=0.420
  Map        : X[-0.5, 1.5]  Y[-0.5, 2.0]
  Goal Tol   : 0.200 m

Starting diffusion server with seed 42.
Python diffusion server handshake completed.

=== Executing 1 RRT search attempts ===
New best goal cost found: 7.74675 (node 294) at iter 191
New best goal cost found: 6.74263 (node 374) at iter 245
DIAG_search_termination=goal_reached
DIAG_primary_failure_reason=none
DIAG_duplicate_nodes_found=28
DIAG_candidate_nodes_collision_checked=569
DIAG_collision_check_calls=1064
DIAG_collision_rejections=76
DIAG_endpoint_collision_rejections=74
DIAG_rotation_collision_rejections=1
DIAG_segment_collision_rejections=1
DIAG_angular_no_progress_rejections=49
DIAG_positional_no_progress_rejections=39
DIAG_local_target_failures=0
DIAG_observation_failures=0
DIAG_inference_failures=0
DIAG_diffusion_action_requests=569
DIAG_accepted_rollout_nodes=405
DIAG_successful_extensions=148
DIAG_failed_extensions=102
DIAG_sample_reached_stops=86
DIAG_lateral_extension_requests=34
DIAG_successful_lateral_extensions=25
DIAG_failed_lateral_extensions=9
DIAG_tree_nodes_generated=378
  Run  0: cost =     6.7426 (seed=907)
Best path found at iter 245 in 78.969223 seconds within the winning RRT run.

Globally best cost: 6.7426 (seed=907)
Best run rejections: col=76, dup=28

=== Final Collision Check (Rectangular Footprint) ===
  WP    x        y        theta    Status    
  0       0.750   -0.248    1.443  Free      
  1       0.750   -0.248    2.324  Free      
  2       0.408    0.117    2.324  Free      
  3       0.408    0.117    1.311  Free      
  4       0.519    0.537    1.311  Free      
  5       0.648    1.020    1.311  Free      
  6       0.648    1.020    0.309  Free      
  7       0.648    1.020    1.043  Free      
  8       0.648    1.020    1.964  Free      
  9       0.488    1.405    1.964  Free      
  10      0.358    1.718    1.964  Free      
  All waypoints are collision-free (Rectangular Footprint).
Wrote 11 waypoints to /home/unitree-arka/Single_Step_Position_Change/Navigation_Dataset/Comparison_Values/Comparison_1/Lateral_Diff_RRT_1/lateral_diff_rrt_5009/Diffusion_se2_waypoints_5009.txt

=== Controls (10 commands, step_time=1.0s) ===
  Seg      vx(m/s)     vy(m/s)  vth(rad/s)    dur(s)
  0         0.0000      0.0000      0.8807       1.0
  1         0.5000      0.0000      0.0000       1.0
  2         0.0000      0.0000     -1.0127       1.0
  3         0.4348      0.0000      0.0000       1.0
  4         0.5000      0.0000      0.0000       1.0
  5         0.0000      0.0000     -1.0027       1.0
  6         0.0000      0.0000      0.7348       1.0
  7         0.0000      0.0000      0.9212       1.0
  8         0.4167      0.0000      0.0000       1.0
  9         0.3390      0.0000      0.0000       1.0
Wrote 10 controls to /home/unitree-arka/Single_Step_Position_Change/Navigation_Dataset/Comparison_Values/Comparison_1/Lateral_Diff_RRT_1/lateral_diff_rrt_5009/Diffusion_controls_5009.txt
