Loading config: planner.cfg
Loading config: query.cfg
Using comparison output directory: /home/unitree-arka/Single_Step_Position_Change/Navigation_Dataset/Comparison_Values/Comparison_1/RRT_1/rrt_run_3002

=== SE(2) RRT Blossom Planner ===
  Start      : (0.750, -0.248, 1.443)
  Goal       : (0.236, 1.618, [Any])
  Robot R    : 0.250 m
  Safety     : 0.100 m
  Inflation  : 0.350 m
  Step time  : 1.0 s
  Obstacles  : 2
    [0] centre=(1.006, 0.510) th=-0.106  L=0.250 W=0.350
    [1] centre=(-0.159, 0.874) th=-2.274  L=0.570 W=0.420
  Map        : X[-0.5, 1.5]  Y[-0.5, 2.0]
  Goal Tol   : 0.200 m


=== Executing 1 RRT search attempts ===
New best goal cost found: 13.5439 (node 134) at iter 464
New best goal cost found: 11.8105 (node 140) at iter 492
New best goal cost found: 9.57925 (node 377) at iter 1224
New best goal cost found: 7.64675 (node 419) at iter 1326
  Run  0: cost =     7.6468 (seed=211)
Best path found at iter 1326 in 0.007323 seconds within the winning RRT run.

Globally best cost: 7.6468 (seed=211)
Best run rejections: dist=304, rot=0, col=1369, dup=1581

=== Final Collision Check (Rectangular Footprint) ===
  WP    x        y        theta    Status    
  0       0.750   -0.248    1.443  Free      
  1       0.750   -0.248    2.490  Free      
  2       0.352    0.055    2.490  Free      
  3       0.352    0.055    1.443  Free      
  4       0.416    0.551    1.443  Free      
  5       0.416    0.551    0.396  Free      
  6       0.416    0.551    1.340  Free      
  7       0.530    1.038    1.340  Free      
  8       0.645    1.524    1.340  Free      
  9       0.645    1.524    2.387  Free      
  10      0.460    1.698    2.387  Free      
  11      0.281    1.508    2.387  Free      
  All waypoints are collision-free (Rectangular Footprint).
Wrote 12 waypoints to /home/unitree-arka/Single_Step_Position_Change/Navigation_Dataset/Comparison_Values/Comparison_1/RRT_1/rrt_run_3002/se2_waypoints_3002.txt

=== Controls (11 commands, step_time=1.0s) ===
  Seg      vx(m/s)     vy(m/s)  vth(rad/s)    dur(s)
  0         0.0000      0.0000      1.0472       1.0
  1         0.5000      0.0000      0.0000       1.0
  2         0.0000      0.0000     -1.0472       1.0
  3         0.5000      0.0000      0.0000       1.0
  4         0.0000      0.0000     -1.0472       1.0
  5         0.0000      0.0000      0.9438       1.0
  6         0.5000      0.0000      0.0000       1.0
  7         0.5000      0.0000      0.0000       1.0
  8         0.0000      0.0000      1.0472       1.0
  9         0.2535      0.0000      0.0000       1.0
  10        0.0000      0.2607      0.0000       1.0
Wrote 11 controls to /home/unitree-arka/Single_Step_Position_Change/Navigation_Dataset/Comparison_Values/Comparison_1/RRT_1/rrt_run_3002/controls_3002.txt
