Diffusion inference seed: 42
Loading navigation diffusion model on cuda.
number of parameters: 3.710467e+06
Navigation diffusion server is ready.
Loading config: planner.cfg
Loading config: query.cfg
Using diffusion comparison output directory: /home/unitree-arka/Single_Step_Position_Change/Navigation_Dataset/Comparison_Values/Comparison_1/Diffusion_RRT_1/diff_rrt_4006

=== SE(2) RRT Blossom Planner ===
  Start      : (0.750, -0.248, 1.443)
  Goal       : (0.236, 1.618, [Any])
  Robot R    : 0.250 m
  Safety     : 0.100 m
  Inflation  : 0.350 m
  Step time  : 1.0 s
  Obstacles  : 2
    [0] centre=(1.006, 0.510) th=-0.106  L=0.250 W=0.350
    [1] centre=(-0.159, 0.874) th=-2.274  L=0.570 W=0.420
  Map        : X[-0.5, 1.5]  Y[-0.5, 2.0]
  Goal Tol   : 0.200 m

Starting diffusion server with seed 42.
Python diffusion server handshake completed.

=== Executing 1 RRT search attempts ===
New best goal cost found: 12.2792 (node 114) at iter 82
New best goal cost found: 12.2295 (node 205) at iter 127
New best goal cost found: 12.2236 (node 266) at iter 179
DIAG_search_termination=goal_reached
DIAG_primary_failure_reason=none
DIAG_duplicate_nodes_found=27
DIAG_candidate_nodes_collision_checked=573
DIAG_collision_check_calls=1059
DIAG_collision_rejections=88
DIAG_endpoint_collision_rejections=87
DIAG_rotation_collision_rejections=1
DIAG_segment_collision_rejections=0
DIAG_angular_no_progress_rejections=54
DIAG_positional_no_progress_rejections=51
DIAG_local_target_failures=0
DIAG_observation_failures=0
DIAG_inference_failures=0
DIAG_diffusion_action_requests=573
DIAG_accepted_rollout_nodes=380
DIAG_successful_extensions=137
DIAG_failed_extensions=113
DIAG_sample_reached_stops=57
DIAG_tree_nodes_generated=354
  Run  0: cost =    12.2236 (seed=601)
Best path found at iter 179 in 60.389423 seconds within the winning RRT run.

Globally best cost: 12.2236 (seed=601)
Best run rejections: col=88, dup=27

=== Final Collision Check (Rectangular Footprint) ===
  WP    x        y        theta    Status    
  0       0.750   -0.248    1.443  Free      
  1       0.750   -0.248    2.383  Free      
  2       0.387    0.096    2.383  Free      
  3       0.387    0.096   -2.921  Free      
  4       0.318    0.080   -2.921  Free      
  5       0.318    0.080   -2.136  Free      
  6       0.318    0.080   -1.819  Free      
  7       0.318    0.080   -1.316  Free      
  8       0.318    0.080   -0.871  Free      
  9       0.318    0.080   -0.393  Free      
  10      0.318    0.080    0.331  Free      
  11      0.318    0.080    1.296  Free      
  12      0.452    0.555    1.296  Free      
  13      0.452    0.555    0.249  Free      
  14      0.452    0.555    1.167  Free      
  15      0.648    1.015    1.167  Free      
  16      0.648    1.015    2.057  Free      
  17      0.415    1.457    2.057  Free      
  18      0.415    1.457    3.064  Free      
  19      0.253    1.469    3.064  Free      
  All waypoints are collision-free (Rectangular Footprint).
Wrote 20 waypoints to /home/unitree-arka/Single_Step_Position_Change/Navigation_Dataset/Comparison_Values/Comparison_1/Diffusion_RRT_1/diff_rrt_4006/Diffusion_se2_waypoints_4006.txt

=== Controls (19 commands, step_time=1.0s) ===
  Seg      vx(m/s)     vy(m/s)  vth(rad/s)    dur(s)
  0         0.0000      0.0000      0.9397       1.0
  1         0.5000      0.0000      0.0000       1.0
  2         0.0000      0.0000      0.9791       1.0
  3         0.0707      0.0000      0.0000       1.0
  4         0.0000      0.0000      0.7853       1.0
  5         0.0000      0.0000      0.3166       1.0
  6         0.0000      0.0000      0.5029       1.0
  7         0.0000      0.0000      0.4456       1.0
  8         0.0000      0.0000      0.4782       1.0
  9         0.0000      0.0000      0.7231       1.0
  10        0.0000      0.0000      0.9658       1.0
  11        0.4931      0.0000      0.0000       1.0
  12        0.0000      0.0000     -1.0472       1.0
  13        0.0000      0.0000      0.9175       1.0
  14        0.5000      0.0000      0.0000       1.0
  15        0.0000      0.0000      0.8903       1.0
  16        0.5000      0.0000      0.0000       1.0
  17        0.0000      0.0000      1.0067       1.0
  18        0.1619      0.0000      0.0000       1.0
Wrote 19 controls to /home/unitree-arka/Single_Step_Position_Change/Navigation_Dataset/Comparison_Values/Comparison_1/Diffusion_RRT_1/diff_rrt_4006/Diffusion_controls_4006.txt
