Diffusion inference seed: 42
Loading navigation diffusion model on cuda.
number of parameters: 3.710467e+06
Navigation diffusion server is ready.
Loading config: planner.cfg
Loading config: query.cfg
Using diffusion comparison output directory: /home/unitree-arka/Single_Step_Position_Change/Navigation_Dataset/Comparison_Values/Comparison_3/Diffusion_RRT_3/diff_rrt_4025

=== SE(2) RRT Blossom Planner ===
  Start      : (0.959, -0.290, 1.286)
  Goal       : (0.884, 1.634, [Any])
  Robot R    : 0.250 m
  Safety     : 0.100 m
  Inflation  : 0.350 m
  Step time  : 1.0 s
  Obstacles  : 2
    [0] centre=(1.239, 0.695) th=-2.799  L=0.250 W=0.350
    [1] centre=(-0.013, 0.779) th=-2.059  L=0.570 W=0.420
  Map        : X[-0.5, 1.5]  Y[-0.5, 2.0]
  Goal Tol   : 0.200 m

Starting diffusion server with seed 42.
Python diffusion server handshake completed.

=== Executing 1 RRT search attempts ===
New best goal cost found: 12.0968 (node 197) at iter 145
DIAG_search_termination=goal_reached
DIAG_primary_failure_reason=none
DIAG_duplicate_nodes_found=25
DIAG_candidate_nodes_collision_checked=609
DIAG_collision_check_calls=1101
DIAG_collision_rejections=122
DIAG_endpoint_collision_rejections=117
DIAG_rotation_collision_rejections=5
DIAG_segment_collision_rejections=0
DIAG_angular_no_progress_rejections=60
DIAG_positional_no_progress_rejections=36
DIAG_local_target_failures=0
DIAG_observation_failures=0
DIAG_inference_failures=0
DIAG_diffusion_action_requests=609
DIAG_accepted_rollout_nodes=391
DIAG_successful_extensions=147
DIAG_failed_extensions=103
DIAG_sample_reached_stops=31
DIAG_tree_nodes_generated=367
  Run  0: cost =    12.0968 (seed=503)
Best path found at iter 145 in 47.426753 seconds within the winning RRT run.

Globally best cost: 12.0968 (seed=503)
Best run rejections: col=122, dup=25

=== Final Collision Check (Rectangular Footprint) ===
  WP    x        y        theta    Status    
  0       0.959   -0.290    1.286  Free      
  1       1.043   -0.002    1.286  Free      
  2       1.043   -0.002    2.311  Free      
  3       0.722    0.350    2.310  Free      
  4       0.722    0.350   -2.941  Free      
  5       0.722    0.350   -2.123  Free      
  6       0.722    0.350   -1.653  Free      
  7       0.722    0.350   -1.156  Free      
  8       0.722    0.350   -0.648  Free      
  9       0.722    0.350    0.084  Free      
  10      0.722    0.350    0.772  Free      
  11      0.722    0.350    1.709  Free      
  12      0.655    0.835    1.709  Free      
  13      0.617    1.110    1.709  Free      
  14      0.548    1.602    1.709  Free      
  15      0.548    1.602    2.756  Free      
  16      0.548    1.602    2.273  Free      
  17      0.548    1.602    1.472  Free      
  18      0.548    1.602    0.712  Free      
  19      0.745    1.772    0.712  Free      
  All waypoints are collision-free (Rectangular Footprint).
Wrote 20 waypoints to /home/unitree-arka/Single_Step_Position_Change/Navigation_Dataset/Comparison_Values/Comparison_3/Diffusion_RRT_3/diff_rrt_4025/Diffusion_se2_waypoints_4025.txt

=== Controls (19 commands, step_time=1.0s) ===
  Seg      vx(m/s)     vy(m/s)  vth(rad/s)    dur(s)
  0         0.3001      0.0000      0.0000       1.0
  1         0.0000      0.0000      1.0250       1.0
  2         0.0000      0.0000     -0.0005       1.0
  3         0.0000      0.0000      1.0316       1.0
  4         0.0000      0.0000      0.8180       1.0
  5         0.0000      0.0000      0.4703       1.0
  6         0.0000      0.0000      0.4963       1.0
  7         0.0000      0.0000      0.5081       1.0
  8         0.0000      0.0000      0.7324       1.0
  9         0.0000      0.0000      0.6876       1.0
  10        0.0000      0.0000      0.9370       1.0
  11        0.4894      0.0000      0.0000       1.0
  12        0.2771      0.0000      0.0000       1.0
  13        0.4972      0.0000      0.0000       1.0
  14        0.0000      0.0000      1.0472       1.0
  15        0.0000      0.0000     -0.4829       1.0
  16        0.0000      0.0000     -0.8011       1.0
  17        0.0000      0.0000     -0.7597       1.0
  18        0.2593      0.0000      0.0000       1.0
Wrote 19 controls to /home/unitree-arka/Single_Step_Position_Change/Navigation_Dataset/Comparison_Values/Comparison_3/Diffusion_RRT_3/diff_rrt_4025/Diffusion_controls_4025.txt
