Loading config: planner.cfg
Loading config: query.cfg

=== SE(2) RRT Blossom Planner ===
  Start      : (0.611, -0.228, 1.722)
  Goal       : (0.606, 1.497, [Any])
  Robot R    : 0.250 m
  Safety     : 0.100 m
  Inflation  : 0.350 m
  Step time  : 1.0 s
  Obstacles  : 2
    [0] centre=(0.981, 0.471) th=-0.091  L=0.250 W=0.350
    [1] centre=(-0.200, 0.836) th=-1.591  L=0.570 W=0.420
  Map        : X[-0.5, 1.5]  Y[-0.5, 2.0]
  Goal Tol   : 0.200 m


=== Executing 1 RRT search attempts ===
New best goal cost found: 7.20824 (node 91) at iter 274
New best goal cost found: 5.80208 (node 165) at iter 472
New best goal cost found: 2.86375 (node 168) at iter 477
  Run  0: cost =     2.8637 (seed=809)
Best path found at iter 477 in 0.002762 seconds within the winning RRT run.

Globally best cost: 2.8637 (seed=809)
Best run rejections: dist=0, rot=0, col=655, dup=678

=== Final Collision Check (Rectangular Footprint) ===
  WP    x        y        theta    Status    
  0       0.611   -0.228    1.722  Free      
  1       0.536    0.266    1.722  Free      
  2       0.460    0.760    1.722  Free      
  3       0.385    1.255    1.722  Free      
  4       0.385    1.255    0.675  Free      
  5       0.632    1.452    0.675  Free      
  All waypoints are collision-free (Rectangular Footprint).
Wrote 6 waypoints to /home/unitree-arka/Navigation_Dataset/waypoints/se2_waypoints_3008.txt

=== Controls (5 commands, step_time=1.0s) ===
  Seg      vx(m/s)     vy(m/s)  vth(rad/s)    dur(s)
  0         0.5000      0.0000      0.0000       1.0
  1         0.5000      0.0000      0.0000       1.0
  2         0.5000      0.0000      0.0000       1.0
  3         0.0000      0.0000     -1.0472       1.0
  4         0.3165      0.0000      0.0000       1.0
Wrote 5 controls to /home/unitree-arka/Navigation_Dataset/controls/controls_3008.txt
