Diffusion inference seed: 42
Loading navigation diffusion model on cuda.
number of parameters: 3.710467e+06
Navigation diffusion server is ready.
Loading config: planner.cfg
Loading config: query.cfg
Using diffusion comparison output directory: /home/unitree-arka/Single_Step_Position_Change/Navigation_Dataset/Comparison_Values/Comparison_3/Lateral_Diff_RRT_3/lateral_diff_rrt_5026

=== SE(2) RRT Blossom Planner ===
  Start      : (0.959, -0.290, 1.286)
  Goal       : (0.884, 1.634, [Any])
  Robot R    : 0.250 m
  Safety     : 0.100 m
  Inflation  : 0.350 m
  Step time  : 1.0 s
  Obstacles  : 2
    [0] centre=(1.239, 0.695) th=-2.799  L=0.250 W=0.350
    [1] centre=(-0.013, 0.779) th=-2.059  L=0.570 W=0.420
  Map        : X[-0.5, 1.5]  Y[-0.5, 2.0]
  Goal Tol   : 0.200 m

Starting diffusion server with seed 42.
Python diffusion server handshake completed.

=== Executing 1 RRT search attempts ===
New best goal cost found: 12.5845 (node 95) at iter 67
New best goal cost found: 12.5593 (node 134) at iter 93
DIAG_search_termination=goal_reached
DIAG_primary_failure_reason=none
DIAG_duplicate_nodes_found=23
DIAG_candidate_nodes_collision_checked=545
DIAG_collision_check_calls=1003
DIAG_collision_rejections=87
DIAG_endpoint_collision_rejections=87
DIAG_rotation_collision_rejections=0
DIAG_segment_collision_rejections=0
DIAG_angular_no_progress_rejections=63
DIAG_positional_no_progress_rejections=41
DIAG_local_target_failures=0
DIAG_observation_failures=0
DIAG_inference_failures=0
DIAG_diffusion_action_requests=545
DIAG_accepted_rollout_nodes=354
DIAG_successful_extensions=139
DIAG_failed_extensions=111
DIAG_sample_reached_stops=59
DIAG_lateral_extension_requests=23
DIAG_successful_lateral_extensions=12
DIAG_failed_lateral_extensions=11
DIAG_tree_nodes_generated=332
  Run  0: cost =    12.5593 (seed=601)
Best path found at iter 93 in 46.021120 seconds within the winning RRT run.

Globally best cost: 12.5593 (seed=601)
Best run rejections: col=87, dup=23

=== Final Collision Check (Rectangular Footprint) ===
  WP    x        y        theta    Status    
  0       0.959   -0.290    1.286  Free      
  1       0.959   -0.290    2.183  Free      
  2       0.672    0.120    2.183  Free      
  3       0.672    0.120    2.955  Free      
  4       0.672    0.120    1.966  Free      
  5       0.518    0.488    1.966  Free      
  6       0.518    0.488    1.042  Free      
  7       0.518    0.488    0.115  Free      
  8       0.518    0.488    1.013  Free      
  9       0.518    0.488    1.986  Free      
  10      0.518    0.488    2.968  Free      
  11      0.518    0.488    1.922  Free      
  12      0.518    0.488    1.068  Free      
  13      0.759    0.926    1.068  Free      
  14      1.000    1.364    1.068  Free      
  15      1.000    1.364    1.980  Free      
  16      0.850    1.710    1.980  Free      
  All waypoints are collision-free (Rectangular Footprint).
Wrote 17 waypoints to /home/unitree-arka/Single_Step_Position_Change/Navigation_Dataset/Comparison_Values/Comparison_3/Lateral_Diff_RRT_3/lateral_diff_rrt_5026/Diffusion_se2_waypoints_5026.txt

=== Controls (16 commands, step_time=1.0s) ===
  Seg      vx(m/s)     vy(m/s)  vth(rad/s)    dur(s)
  0         0.0000      0.0000      0.8965       1.0
  1         0.5000      0.0000      0.0000       1.0
  2         0.0000      0.0000      0.7723       1.0
  3         0.0000      0.0000     -0.9885       1.0
  4         0.3990      0.0000      0.0000       1.0
  5         0.0000      0.0000     -0.9244       1.0
  6         0.0000      0.0000     -0.9275       1.0
  7         0.0000      0.0000      0.8986       1.0
  8         0.0000      0.0000      0.9729       1.0
  9         0.0000      0.0000      0.9820       1.0
  10        0.0000      0.0000     -1.0465       1.0
  11        0.0000      0.0000     -0.8540       1.0
  12        0.5000      0.0000      0.0000       1.0
  13        0.5000      0.0000      0.0000       1.0
  14        0.0000      0.0000      0.9123       1.0
  15        0.3775      0.0000      0.0000       1.0
Wrote 16 controls to /home/unitree-arka/Single_Step_Position_Change/Navigation_Dataset/Comparison_Values/Comparison_3/Lateral_Diff_RRT_3/lateral_diff_rrt_5026/Diffusion_controls_5026.txt
