Loading config: planner.cfg
Loading config: query.cfg
Using comparison output directory: /home/unitree-arka/Single_Step_Position_Change/Navigation_Dataset/Comparison_Values/Comparison_3/RRT_3/rrt_run_3025

=== SE(2) RRT Blossom Planner ===
  Start      : (0.959, -0.290, 1.286)
  Goal       : (0.884, 1.634, [Any])
  Robot R    : 0.250 m
  Safety     : 0.100 m
  Inflation  : 0.350 m
  Step time  : 1.0 s
  Obstacles  : 2
    [0] centre=(1.239, 0.695) th=-2.799  L=0.250 W=0.350
    [1] centre=(-0.013, 0.779) th=-2.059  L=0.570 W=0.420
  Map        : X[-0.5, 1.5]  Y[-0.5, 2.0]
  Goal Tol   : 0.200 m


=== Executing 1 RRT search attempts ===
New best goal cost found: 10.1678 (node 39) at iter 111
New best goal cost found: 10.1211 (node 46) at iter 127
New best goal cost found: 10.1082 (node 55) at iter 152
New best goal cost found: 10.0804 (node 72) at iter 183
New best goal cost found: 10.0134 (node 84) at iter 209
  Run  0: cost =    10.0134 (seed=503)
Best path found at iter 209 in 0.000995 seconds within the winning RRT run.

Globally best cost: 10.0134 (seed=503)
Best run rejections: dist=301, rot=0, col=1197, dup=1817

=== Final Collision Check (Rectangular Footprint) ===
  WP    x        y        theta    Status    
  0       0.959   -0.290    1.286  Free      
  1       1.048    0.015    1.286  Free      
  2       1.048    0.015    2.147  Free      
  3       0.775    0.434    2.147  Free      
  4       0.469    0.235    2.147  Free      
  5       0.104   -0.002    2.147  Free      
  6       0.104   -0.002   -3.089  Free      
  7      -0.153   -0.016   -3.089  Free      
  8      -0.153   -0.016   -2.042  Free      
  9      -0.153   -0.016   -0.994  Free      
  10     -0.153   -0.016    0.053  Free      
  11      0.215    0.004    0.053  Free      
  12      0.215    0.004    1.100  Free      
  13      0.442    0.450    1.100  Free      
  14      0.668    0.895    1.100  Free      
  15      0.816    1.186    1.100  Free      
  16      0.973    1.494    1.100  Free      
  All waypoints are collision-free (Rectangular Footprint).
Wrote 17 waypoints to /home/unitree-arka/Single_Step_Position_Change/Navigation_Dataset/Comparison_Values/Comparison_3/RRT_3/rrt_run_3025/se2_waypoints_3025.txt

=== Controls (16 commands, step_time=1.0s) ===
  Seg      vx(m/s)     vy(m/s)  vth(rad/s)    dur(s)
  0         0.3173      0.0000      0.0000       1.0
  1         0.0000      0.0000      0.8612       1.0
  2         0.5000      0.0000      0.0000       1.0
  3         0.0000      0.3656      0.0000       1.0
  4         0.0000      0.4346      0.0000       1.0
  5         0.0000      0.0000      1.0472       1.0
  6         0.2582      0.0000      0.0000       1.0
  7         0.0000      0.0000      1.0472       1.0
  8         0.0000      0.0000      1.0472       1.0
  9         0.0000      0.0000      1.0472       1.0
  10        0.3688      0.0000      0.0000       1.0
  11        0.0000      0.0000      1.0472       1.0
  12        0.5000      0.0000      0.0000       1.0
  13        0.5000      0.0000      0.0000       1.0
  14        0.3261      0.0000      0.0000       1.0
  15        0.3456      0.0000      0.0000       1.0
Wrote 16 controls to /home/unitree-arka/Single_Step_Position_Change/Navigation_Dataset/Comparison_Values/Comparison_3/RRT_3/rrt_run_3025/controls_3025.txt
