Loading config: planner.cfg
Loading config: query.cfg

=== SE(2) RRT Blossom Planner ===
  Start      : (0.674, -0.275, 2.134)
  Goal       : (0.250, 1.468, [Any])
  Robot R    : 0.250 m
  Safety     : 0.100 m
  Inflation  : 0.350 m
  Step time  : 1.0 s
  Obstacles  : 2
    [0] centre=(1.022, 0.685) th=3.047  L=0.250 W=0.350
    [1] centre=(-0.181, 0.838) th=3.092  L=0.570 W=0.420
  Map        : X[-0.5, 1.5]  Y[-0.5, 2.0]
  Goal Tol   : 0.200 m


=== Executing 20 RRT search attempts ===
New best goal cost found: 2.95857 (node 27) at iter 77
  Run  0: cost =     2.9586 (seed=1781671383)
New best goal cost found: 10.4367 (node 185) at iter 586
New best goal cost found: 8.68577 (node 267) at iter 852
New best goal cost found: 6.49535 (node 435) at iter 1492
  Run  1: cost =     6.4954 (seed=1781671384)
New best goal cost found: 4.19591 (node 63) at iter 150
New best goal cost found: 4.18984 (node 69) at iter 158
  Run  2: cost =     4.1898 (seed=1781671385)
New best goal cost found: 5.82097 (node 144) at iter 658
New best goal cost found: 5.7326 (node 145) at iter 664
  Run  3: cost =     5.7326 (seed=1781671386)
New best goal cost found: 7.49506 (node 77) at iter 248
New best goal cost found: 6.40373 (node 87) at iter 284
  Run  4: cost =     6.4037 (seed=1781671387)
New best goal cost found: 4.42787 (node 79) at iter 188
  Run  5: cost =     4.4279 (seed=1781671388)
New best goal cost found: 13.3615 (node 120) at iter 498
New best goal cost found: 12.6228 (node 124) at iter 508
New best goal cost found: 12.3303 (node 131) at iter 522
New best goal cost found: 11.3006 (node 133) at iter 536
  Run  6: cost =    11.3006 (seed=1781671389)
New best goal cost found: 13.6724 (node 151) at iter 497
New best goal cost found: 10.3646 (node 351) at iter 1155
  Run  7: cost =    10.3646 (seed=1781671390)
New best goal cost found: 6.8248 (node 106) at iter 390
  Run  8: cost =     6.8248 (seed=1781671391)
New best goal cost found: 8.31889 (node 51) at iter 171
New best goal cost found: 7.24075 (node 83) at iter 273
New best goal cost found: 7.23983 (node 83) at iter 394
New best goal cost found: 5.89011 (node 130) at iter 400
  Run  9: cost =     5.8901 (seed=1781671392)
New best goal cost found: 8.70933 (node 49) at iter 124
New best goal cost found: 6.34564 (node 56) at iter 138
  Run 10: cost =     6.3456 (seed=1781671393)
New best goal cost found: 7.4744 (node 58) at iter 182
New best goal cost found: 7.35168 (node 137) at iter 427
New best goal cost found: 6.65204 (node 146) at iter 455
  Run 11: cost =     6.6520 (seed=1781671394)
New best goal cost found: 5.24898 (node 67) at iter 196
New best goal cost found: 5.23289 (node 497) at iter 1639
  Run 12: cost =     5.2329 (seed=1781671395)
New best goal cost found: 3.03742 (node 30) at iter 68
  Run 13: cost =     3.0374 (seed=1781671396)
New best goal cost found: 12.6493 (node 106) at iter 369
New best goal cost found: 8.62562 (node 190) at iter 638
New best goal cost found: 8.40903 (node 296) at iter 1016
New best goal cost found: 7.86425 (node 299) at iter 1021
  Run 14: cost =     7.8642 (seed=1781671397)
New best goal cost found: 7.69874 (node 96) at iter 384
  Run 15: cost =     7.6987 (seed=1781671398)
New best goal cost found: 7.41168 (node 62) at iter 180
New best goal cost found: 7.40363 (node 66) at iter 192
New best goal cost found: 7.22816 (node 220) at iter 682
  Run 16: cost =     7.2282 (seed=1781671399)
New best goal cost found: 9.96742 (node 91) at iter 272
New best goal cost found: 9.9465 (node 96) at iter 285
New best goal cost found: 8.84961 (node 108) at iter 341
  Run 17: cost =     8.8496 (seed=1781671400)
New best goal cost found: 5.50474 (node 109) at iter 302
  Run 18: cost =     5.5047 (seed=1781671401)
New best goal cost found: 8.77173 (node 90) at iter 236
New best goal cost found: 6.72293 (node 98) at iter 259
New best goal cost found: 4.02268 (node 235) at iter 669
  Run 19: cost =     4.0227 (seed=1781671402)
Best path found at iter 77 in 0.000246 seconds within the winning RRT run.

Globally best cost: 2.9586 (seed=1781671383)
Best run rejections: dist=0, rot=0, col=1327, dup=532

=== Final Collision Check (Rectangular Footprint) ===
  WP    x        y        theta    Status    
  0       0.674   -0.275    2.134  Free      
  1       0.407    0.147    2.134  Free      
  2       0.407    0.147    2.954  Free      
  3       0.499    0.632    2.954  Free      
  4       0.576    1.035    2.954  Free      
  5       0.656    1.458    2.954  Free      
  6       0.357    1.515    2.954  Free      
  All waypoints are collision-free (Rectangular Footprint).
Wrote 7 waypoints to /home/unitree-arka/Navigation_Dataset/waypoints/se2_waypoints_32.txt
Saved navigation dataset for run_idx=32
  Current poses       : /home/unitree-arka/Navigation_Dataset/Present_Robot_Pose/curr_pose_32.txt
  Target poses        : /home/unitree-arka/Navigation_Dataset/Target_Pose/local_target_pose_32.txt
  Local obstacle info : /home/unitree-arka/Navigation_Dataset/Local_Obstacle_Info/local_obs_32.txt
  Local goal info     : /home/unitree-arka/Navigation_Dataset/Local_Goal_Info/local_goal_info_32.txt
  Planning time       : /home/unitree-arka/Navigation_Dataset/Timestep/plan_time_32.txt
  Query config        : /home/unitree-arka/Navigation_Dataset/query/query_32.cfg

=== Controls (6 commands, step_time=1.0s) ===
  Seg      vx(m/s)     vy(m/s)  vth(rad/s)    dur(s)
  0         0.5000      0.0000      0.0000       1.0
  1         0.0000      0.0000      0.8196       1.0
  2         0.0000     -0.4930      0.0000       1.0
  3         0.0000     -0.4106      0.0000       1.0
  4         0.0000     -0.4305      0.0000       1.0
  5         0.3049      0.0000      0.0000       1.0
Wrote 6 controls to /home/unitree-arka/Navigation_Dataset/controls/controls_32.txt
