Loading config: planner.cfg
Loading config: query.cfg

=== SE(2) RRT Blossom Planner ===
  Start      : (0.473, -0.230, 1.561)
  Goal       : (0.502, 1.624, [Any])
  Robot R    : 0.250 m
  Safety     : 0.100 m
  Inflation  : 0.350 m
  Step time  : 1.0 s
  Obstacles  : 2
    [0] centre=(0.933, 0.720) th=2.723  L=0.250 W=0.350
    [1] centre=(-0.283, 0.962) th=-2.183  L=0.570 W=0.420
  Map        : X[-0.5, 1.5]  Y[-0.5, 2.0]
  Goal Tol   : 0.200 m


=== Executing 20 RRT search attempts ===
New best goal cost found: 5.87867 (node 52) at iter 115
New best goal cost found: 5.78021 (node 242) at iter 653
New best goal cost found: 5.65375 (node 479) at iter 1473
  Run  0: cost =     5.6537 (seed=1781593239)
New best goal cost found: 3.70373 (node 194) at iter 846
  Run  1: cost =     3.7037 (seed=1781593240)
New best goal cost found: 7.93376 (node 117) at iter 325
New best goal cost found: 5.65202 (node 131) at iter 352
New best goal cost found: 5.64002 (node 144) at iter 381
  Run  2: cost =     5.6400 (seed=1781593241)
New best goal cost found: 11.5535 (node 48) at iter 185
  Run  3: cost =    11.5535 (seed=1781593242)
New best goal cost found: 7.38705 (node 74) at iter 182
  Run  4: cost =     7.3870 (seed=1781593243)
New best goal cost found: 4.94564 (node 48) at iter 117
New best goal cost found: 4.86446 (node 121) at iter 262
  Run  5: cost =     4.8645 (seed=1781593244)
New best goal cost found: 8.85965 (node 78) at iter 241
New best goal cost found: 8.10259 (node 120) at iter 374
  Run  6: cost =     8.1026 (seed=1781593245)
New best goal cost found: 8.15788 (node 171) at iter 665
New best goal cost found: 8.0885 (node 191) at iter 719
New best goal cost found: 7.34929 (node 222) at iter 822
New best goal cost found: 7.29217 (node 228) at iter 847
New best goal cost found: 7.2048 (node 270) at iter 974
  Run  7: cost =     7.2048 (seed=1781593246)
New best goal cost found: 4.79624 (node 26) at iter 63
  Run  8: cost =     4.7962 (seed=1781593247)
New best goal cost found: 7.31735 (node 86) at iter 282
New best goal cost found: 7.16275 (node 132) at iter 454
New best goal cost found: 6.8209 (node 216) at iter 757
  Run  9: cost =     6.8209 (seed=1781593248)
New best goal cost found: 5.31752 (node 48) at iter 144
  Run 10: cost =     5.3175 (seed=1781593249)
New best goal cost found: 9.07088 (node 70) at iter 203
New best goal cost found: 9.00583 (node 87) at iter 236
New best goal cost found: 8.45674 (node 382) at iter 1197
  Run 11: cost =     8.4567 (seed=1781593250)
New best goal cost found: 7.11755 (node 87) at iter 255
New best goal cost found: 6.18868 (node 111) at iter 345
New best goal cost found: 6.15377 (node 116) at iter 366
New best goal cost found: 6.15302 (node 116) at iter 464
New best goal cost found: 6.09261 (node 172) at iter 578
  Run 12: cost =     6.0926 (seed=1781593251)
New best goal cost found: 7.49472 (node 176) at iter 544
New best goal cost found: 7.32856 (node 455) at iter 1499
New best goal cost found: 4.033 (node 512) at iter 1698
  Run 13: cost =     4.0330 (seed=1781593252)
New best goal cost found: 6.72759 (node 66) at iter 168
New best goal cost found: 6.71943 (node 75) at iter 195
New best goal cost found: 6.58842 (node 125) at iter 347
  Run 14: cost =     6.5884 (seed=1781593253)
New best goal cost found: 7.50205 (node 81) at iter 241
New best goal cost found: 6.18477 (node 84) at iter 247
New best goal cost found: 6.04412 (node 102) at iter 310
New best goal cost found: 6.0241 (node 161) at iter 449
  Run 15: cost =     6.0241 (seed=1781593254)
New best goal cost found: 7.4877 (node 121) at iter 431
New best goal cost found: 7.45979 (node 136) at iter 482
New best goal cost found: 4.93555 (node 145) at iter 498
  Run 16: cost =     4.9356 (seed=1781593255)
New best goal cost found: 9.37898 (node 104) at iter 241
New best goal cost found: 9.37857 (node 148) at iter 360
New best goal cost found: 7.45528 (node 171) at iter 440
  Run 17: cost =     7.4553 (seed=1781593256)
New best goal cost found: 8.73048 (node 34) at iter 72
New best goal cost found: 7.44902 (node 86) at iter 231
New best goal cost found: 6.31752 (node 104) at iter 280
  Run 18: cost =     6.3175 (seed=1781593257)
New best goal cost found: 9.5769 (node 68) at iter 199
New best goal cost found: 9.46561 (node 92) at iter 267
New best goal cost found: 8.23921 (node 114) at iter 318
New best goal cost found: 8.15492 (node 200) at iter 581
  Run 19: cost =     8.1549 (seed=1781593258)
Best path found at iter 846 in 0.004375 seconds within the winning RRT run.

Globally best cost: 3.7037 (seed=1781593240)
Best run rejections: dist=0, rot=0, col=1419, dup=449

=== Final Collision Check (Rectangular Footprint) ===
  WP    x        y        theta    Status    
  0       0.473   -0.230    1.561  Free      
  1       0.478    0.270    1.561  Free      
  2       0.478    0.270    0.514  Free      
  3       0.327    0.538    0.514  Free      
  4       0.327    0.538    1.362  Free      
  5       0.431    1.027    1.362  Free      
  6       0.534    1.517    1.362  Free      
  All waypoints are collision-free (Rectangular Footprint).
Wrote 7 waypoints to /home/unitree-arka/Navigation_Dataset/waypoints/se2_waypoints_15.txt
Saved navigation dataset for run_idx=15
  Current poses       : /home/unitree-arka/Navigation_Dataset/Present_Robot_Pose/curr_pose_15.txt
  Target poses        : /home/unitree-arka/Navigation_Dataset/Target_Pose/local_target_pose_15.txt
  Local obstacle info : /home/unitree-arka/Navigation_Dataset/Local_Obstacle_Info/local_obs_15.txt
  Local goal info     : /home/unitree-arka/Navigation_Dataset/Local_Goal_Info/local_goal_info_15.txt
  Planning time       : /home/unitree-arka/Navigation_Dataset/Timestep/plan_time_15.txt

=== Controls (6 commands, step_time=1.0s) ===
  Seg      vx(m/s)     vy(m/s)  vth(rad/s)    dur(s)
  0         0.5000      0.0000      0.0000       1.0
  1         0.0000      0.0000     -1.0472       1.0
  2         0.0000      0.3082      0.0000       1.0
  3         0.0000      0.0000      0.8484       1.0
  4         0.5000      0.0000      0.0000       1.0
  5         0.5000      0.0000      0.0000       1.0
Wrote 6 controls to /home/unitree-arka/Navigation_Dataset/controls/controls_15.txt
