Loading config: planner.cfg
Loading config: query.cfg

=== SE(2) RRT Blossom Planner ===
  Start      : (1.045, -0.190, 2.164)
  Goal       : (0.417, 1.441, [Any])
  Robot R    : 0.250 m
  Safety     : 0.100 m
  Inflation  : 0.350 m
  Step time  : 1.0 s
  Obstacles  : 2
    [0] centre=(1.221, 0.708) th=0.424  L=0.250 W=0.350
    [1] centre=(-0.086, 0.953) th=-2.802  L=0.570 W=0.420
  Map        : X[-0.5, 1.5]  Y[-0.5, 2.0]
  Goal Tol   : 0.200 m


=== Executing 20 RRT search attempts ===
New best goal cost found: 8.54508 (node 107) at iter 279
New best goal cost found: 7.48302 (node 327) at iter 1018
  Run  0: cost =     7.4830 (seed=1781760935)
New best goal cost found: 6.62659 (node 69) at iter 154
New best goal cost found: 4.67682 (node 93) at iter 245
  Run  1: cost =     4.6768 (seed=1781760936)
New best goal cost found: 5.02008 (node 32) at iter 89
  Run  2: cost =     5.0201 (seed=1781760937)
New best goal cost found: 12.184 (node 191) at iter 583
New best goal cost found: 8.60188 (node 245) at iter 754
  Run  3: cost =     8.6019 (seed=1781760938)
New best goal cost found: 7.13185 (node 79) at iter 167
New best goal cost found: 5.34544 (node 159) at iter 412
New best goal cost found: 4.94088 (node 259) at iter 708
  Run  4: cost =     4.9409 (seed=1781760939)
New best goal cost found: 13.5465 (node 157) at iter 438
New best goal cost found: 8.40186 (node 222) at iter 685
  Run  5: cost =     8.4019 (seed=1781760940)
New best goal cost found: 7.88079 (node 47) at iter 110
New best goal cost found: 7.69054 (node 56) at iter 139
New best goal cost found: 6.0434 (node 67) at iter 158
  Run  6: cost =     6.0434 (seed=1781760941)
New best goal cost found: 12.9037 (node 96) at iter 303
New best goal cost found: 12.4082 (node 151) at iter 452
New best goal cost found: 12.4 (node 158) at iter 477
New best goal cost found: 11.3316 (node 188) at iter 563
  Run  7: cost =    11.3316 (seed=1781760942)
New best goal cost found: 9.80132 (node 145) at iter 518
New best goal cost found: 9.31005 (node 221) at iter 770
New best goal cost found: 9.10565 (node 297) at iter 1041
  Run  8: cost =     9.1057 (seed=1781760943)
New best goal cost found: 11.6637 (node 115) at iter 327
New best goal cost found: 11.5299 (node 122) at iter 342
New best goal cost found: 11.1305 (node 229) at iter 669
New best goal cost found: 4.91315 (node 464) at iter 1453
  Run  9: cost =     4.9131 (seed=1781760944)
New best goal cost found: 5.16135 (node 9) at iter 10
New best goal cost found: 5.04268 (node 81) at iter 158
  Run 10: cost =     5.0427 (seed=1781760945)
New best goal cost found: 4.97482 (node 17) at iter 34
  Run 11: cost =     4.9748 (seed=1781760946)
New best goal cost found: 7.72362 (node 29) at iter 61
  Run 12: cost =     7.7236 (seed=1781760947)
New best goal cost found: 4.09999 (node 73) at iter 221
  Run 13: cost =     4.1000 (seed=1781760948)
New best goal cost found: 7.55137 (node 54) at iter 150
  Run 14: cost =     7.5514 (seed=1781760949)
New best goal cost found: 7.78975 (node 189) at iter 720
New best goal cost found: 7.08566 (node 229) at iter 835
New best goal cost found: 3.34542 (node 518) at iter 1798
  Run 15: cost =     3.3454 (seed=1781760950)
New best goal cost found: 5.83983 (node 92) at iter 254
  Run 16: cost =     5.8398 (seed=1781760951)
New best goal cost found: 10.4909 (node 68) at iter 146
New best goal cost found: 7.68311 (node 70) at iter 153
New best goal cost found: 7.23913 (node 157) at iter 401
  Run 17: cost =     7.2391 (seed=1781760952)
New best goal cost found: 5.74636 (node 19) at iter 47
  Run 18: cost =     5.7464 (seed=1781760953)
New best goal cost found: 7.06503 (node 91) at iter 237
New best goal cost found: 6.83299 (node 101) at iter 275
New best goal cost found: 6.4823 (node 107) at iter 285
New best goal cost found: 6.3037 (node 258) at iter 706
New best goal cost found: 5.97444 (node 283) at iter 791
  Run 19: cost =     5.9744 (seed=1781760954)
Best path found at iter 1798 in 0.011171 seconds within the winning RRT run.

Globally best cost: 3.3454 (seed=1781760950)
Best run rejections: dist=0, rot=0, col=1381, dup=513

=== Final Collision Check (Rectangular Footprint) ===
  WP    x        y        theta    Status    
  0       1.045   -0.190    2.164  Free      
  1       0.765    0.225    2.164  Free      
  2       0.765    0.225    1.117  Free      
  3       0.429    0.389    1.117  Free      
  4       0.648    0.839    1.117  Free      
  5       0.867    1.288    1.117  Free      
  6       0.486    1.474    1.117  Free      
  All waypoints are collision-free (Rectangular Footprint).
Wrote 7 waypoints to /home/unitree-arka/Navigation_Dataset/waypoints/se2_waypoints_66.txt
Saved navigation dataset for run_idx=66
  Current poses       : /home/unitree-arka/Navigation_Dataset/Present_Robot_Pose/curr_pose_66.txt
  Target poses        : /home/unitree-arka/Navigation_Dataset/Target_Pose/local_target_pose_66.txt
  Local obstacle info : /home/unitree-arka/Navigation_Dataset/Local_Obstacle_Info/local_obs_66.txt
  Local goal info     : /home/unitree-arka/Navigation_Dataset/Local_Goal_Info/local_goal_info_66.txt
  Planning time       : /home/unitree-arka/Navigation_Dataset/Timestep/plan_time_66.txt
  Query config        : /home/unitree-arka/Navigation_Dataset/query/query_66.cfg

=== Controls (6 commands, step_time=1.0s) ===
  Seg      vx(m/s)     vy(m/s)  vth(rad/s)    dur(s)
  0         0.5000      0.0000      0.0000       1.0
  1         0.0000      0.0000     -1.0472       1.0
  2         0.0000      0.3745      0.0000       1.0
  3         0.5000      0.0000      0.0000       1.0
  4         0.5000      0.0000      0.0000       1.0
  5         0.0000      0.4237      0.0000       1.0
Wrote 6 controls to /home/unitree-arka/Navigation_Dataset/controls/controls_66.txt
