Loading config: planner.cfg
Loading config: query.cfg

=== SE(2) RRT Blossom Planner ===
  Start      : (0.640, -0.183, 3.075)
  Goal       : (1.124, 1.095, [Any])
  Robot R    : 0.250 m
  Safety     : 0.100 m
  Inflation  : 0.350 m
  Step time  : 1.0 s
  Obstacles  : 2
    [0] centre=(1.174, 0.403) th=1.535  L=0.250 W=0.350
    [1] centre=(-0.054, 0.682) th=-2.085  L=0.570 W=0.420
  Map        : X[-0.5, 1.5]  Y[-0.5, 2.0]
  Goal Tol   : 0.200 m


=== Executing 20 RRT search attempts ===
New best goal cost found: 4.09369 (node 11) at iter 25
New best goal cost found: 4.08461 (node 15) at iter 37
New best goal cost found: 4.03867 (node 18) at iter 43
  Run  0: cost =     4.0387 (seed=1781679697)
New best goal cost found: 3.0472 (node 10) at iter 16
  Run  1: cost =     3.0472 (seed=1781679698)
New best goal cost found: 4.5169 (node 26) at iter 35
  Run  2: cost =     4.5169 (seed=1781679699)
New best goal cost found: 5.55581 (node 108) at iter 397
New best goal cost found: 4.99286 (node 178) at iter 576
  Run  3: cost =     4.9929 (seed=1781679700)
New best goal cost found: 3.5944 (node 19) at iter 37
New best goal cost found: 3.54237 (node 25) at iter 84
  Run  4: cost =     3.5424 (seed=1781679701)
New best goal cost found: 5.24813 (node 19) at iter 42
  Run  5: cost =     5.2481 (seed=1781679702)
New best goal cost found: 3.0472 (node 16) at iter 29
  Run  6: cost =     3.0472 (seed=1781679703)
New best goal cost found: 3.0472 (node 15) at iter 41
  Run  7: cost =     3.0472 (seed=1781679704)
New best goal cost found: 3.5944 (node 7) at iter 11
New best goal cost found: 3.58671 (node 16) at iter 62
  Run  8: cost =     3.5867 (seed=1781679705)
New best goal cost found: 3.0472 (node 31) at iter 49
  Run  9: cost =     3.0472 (seed=1781679706)
New best goal cost found: 5.41356 (node 59) at iter 106
New best goal cost found: 5.04798 (node 62) at iter 117
New best goal cost found: 5.00001 (node 370) at iter 1161
  Run 10: cost =     5.0000 (seed=1781679707)
New best goal cost found: 3.0472 (node 20) at iter 44
  Run 11: cost =     3.0472 (seed=1781679708)
New best goal cost found: 3.5944 (node 15) at iter 29
New best goal cost found: 3.0472 (node 18) at iter 33
  Run 12: cost =     3.0472 (seed=1781679709)
New best goal cost found: 3.0472 (node 5) at iter 11
New best goal cost found: 3.03141 (node 7) at iter 33
  Run 13: cost =     3.0314 (seed=1781679710)
New best goal cost found: 3.0472 (node 13) at iter 12
  Run 14: cost =     3.0472 (seed=1781679711)
New best goal cost found: 6.89763 (node 45) at iter 121
New best goal cost found: 6.89535 (node 50) at iter 131
New best goal cost found: 3.78448 (node 95) at iter 255
  Run 15: cost =     3.7845 (seed=1781679712)
New best goal cost found: 3.5944 (node 10) at iter 11
New best goal cost found: 3.54223 (node 16) at iter 28
  Run 16: cost =     3.5422 (seed=1781679713)
New best goal cost found: 9.07068 (node 52) at iter 178
New best goal cost found: 8.7528 (node 64) at iter 222
New best goal cost found: 8.61741 (node 241) at iter 746
  Run 17: cost =     8.6174 (seed=1781679714)
New best goal cost found: 3.9511 (node 23) at iter 31
  Run 18: cost =     3.9511 (seed=1781679715)
New best goal cost found: 2.51251 (node 15) at iter 54
New best goal cost found: 2.48775 (node 38) at iter 90
New best goal cost found: 2.47739 (node 375) at iter 1166
  Run 19: cost =     2.4774 (seed=1781679716)
Best path found at iter 1166 in 0.006693 seconds within the winning RRT run.

Globally best cost: 2.4774 (seed=1781679716)
Best run rejections: dist=0, rot=0, col=1352, dup=570

=== Final Collision Check (Rectangular Footprint) ===
  WP    x        y        theta    Status    
  0       0.640   -0.183    3.075  Free      
  1       0.661    0.139    3.075  Free      
  2       0.687    0.528    3.075  Free      
  3       0.713    0.926    3.075  Free      
  4       0.713    0.926    2.187  Free      
  5       1.102    1.202    2.187  Free      
  All waypoints are collision-free (Rectangular Footprint).
Wrote 6 waypoints to /home/unitree-arka/Navigation_Dataset/waypoints/se2_waypoints_58.txt
Saved navigation dataset for run_idx=58
  Current poses       : /home/unitree-arka/Navigation_Dataset/Present_Robot_Pose/curr_pose_58.txt
  Target poses        : /home/unitree-arka/Navigation_Dataset/Target_Pose/local_target_pose_58.txt
  Local obstacle info : /home/unitree-arka/Navigation_Dataset/Local_Obstacle_Info/local_obs_58.txt
  Local goal info     : /home/unitree-arka/Navigation_Dataset/Local_Goal_Info/local_goal_info_58.txt
  Planning time       : /home/unitree-arka/Navigation_Dataset/Timestep/plan_time_58.txt
  Query config        : /home/unitree-arka/Navigation_Dataset/query/query_58.cfg

=== Controls (5 commands, step_time=1.0s) ===
  Seg      vx(m/s)     vy(m/s)  vth(rad/s)    dur(s)
  0         0.0000     -0.3232      0.0000       1.0
  1         0.0000     -0.3897      0.0000       1.0
  2         0.0000     -0.3995      0.0000       1.0
  3         0.0000      0.0000     -0.8886       1.0
  4         0.0000     -0.4765      0.0000       1.0
Wrote 5 controls to /home/unitree-arka/Navigation_Dataset/controls/controls_58.txt
