Loading config: planner.cfg
Loading config: query.cfg

=== SE(2) RRT Blossom Planner ===
  Start      : (0.640, -0.185, 3.074)
  Goal       : (0.397, 1.530, [Any])
  Robot R    : 0.250 m
  Safety     : 0.100 m
  Inflation  : 0.350 m
  Step time  : 1.0 s
  Obstacles  : 2
    [0] centre=(1.222, 0.755) th=-0.013  L=0.250 W=0.350
    [1] centre=(-0.055, 0.686) th=-2.088  L=0.570 W=0.420
  Map        : X[-0.5, 1.5]  Y[-0.5, 2.0]
  Goal Tol   : 0.200 m


=== Executing 20 RRT search attempts ===
New best goal cost found: 7.19618 (node 36) at iter 81
New best goal cost found: 4.77399 (node 52) at iter 114
New best goal cost found: 2.92292 (node 57) at iter 131
  Run  0: cost =     2.9229 (seed=1781679189)
New best goal cost found: 4.91142 (node 38) at iter 127
New best goal cost found: 4.86891 (node 53) at iter 202
  Run  1: cost =     4.8689 (seed=1781679190)
New best goal cost found: 5.49785 (node 15) at iter 11
  Run  2: cost =     5.4979 (seed=1781679191)
New best goal cost found: 5.14159 (node 32) at iter 50
New best goal cost found: 5.0167 (node 93) at iter 199
New best goal cost found: 4.93835 (node 189) at iter 472
  Run  3: cost =     4.9383 (seed=1781679192)
New best goal cost found: 7.38528 (node 27) at iter 52
New best goal cost found: 4.0944 (node 54) at iter 135
New best goal cost found: 4.02336 (node 113) at iter 293
  Run  4: cost =     4.0234 (seed=1781679193)
New best goal cost found: 5.89122 (node 88) at iter 328
New best goal cost found: 5.20078 (node 104) at iter 395
New best goal cost found: 5.01595 (node 134) at iter 480
New best goal cost found: 4.83383 (node 266) at iter 902
  Run  5: cost =     4.8338 (seed=1781679194)
New best goal cost found: 7.21118 (node 76) at iter 174
New best goal cost found: 7.18895 (node 95) at iter 238
New best goal cost found: 7.1753 (node 181) at iter 501
New best goal cost found: 6.68664 (node 216) at iter 627
  Run  6: cost =     6.6866 (seed=1781679195)
New best goal cost found: 4.0944 (node 18) at iter 42
New best goal cost found: 4.06622 (node 32) at iter 82
New best goal cost found: 3.93267 (node 262) at iter 790
  Run  7: cost =     3.9327 (seed=1781679196)
New best goal cost found: 4.0944 (node 37) at iter 78
  Run  8: cost =     4.0944 (seed=1781679197)
New best goal cost found: 5.05524 (node 54) at iter 144
New best goal cost found: 4.7483 (node 62) at iter 165
  Run  9: cost =     4.7483 (seed=1781679198)
New best goal cost found: 6.68879 (node 30) at iter 48
New best goal cost found: 5.14159 (node 38) at iter 81
  Run 10: cost =     5.1416 (seed=1781679199)
New best goal cost found: 5.14159 (node 15) at iter 27
New best goal cost found: 4.92628 (node 67) at iter 181
  Run 11: cost =     4.9263 (seed=1781679200)
New best goal cost found: 4.0944 (node 21) at iter 57
New best goal cost found: 4.01146 (node 85) at iter 174
New best goal cost found: 3.85263 (node 89) at iter 184
  Run 12: cost =     3.8526 (seed=1781679201)
New best goal cost found: 4.81692 (node 44) at iter 79
New best goal cost found: 4.72762 (node 48) at iter 92
New best goal cost found: 4.61191 (node 164) at iter 430
  Run 13: cost =     4.6119 (seed=1781679202)
New best goal cost found: 6.31311 (node 46) at iter 94
New best goal cost found: 4.0944 (node 48) at iter 101
New best goal cost found: 3.96524 (node 115) at iter 287
New best goal cost found: 3.90766 (node 130) at iter 335
  Run 14: cost =     3.9077 (seed=1781679203)
New best goal cost found: 8.00118 (node 64) at iter 143
New best goal cost found: 6.77944 (node 79) at iter 168
New best goal cost found: 5.74551 (node 259) at iter 718
  Run 15: cost =     5.7455 (seed=1781679204)
New best goal cost found: 4.78128 (node 29) at iter 62
New best goal cost found: 4.59877 (node 579) at iter 1887
  Run 16: cost =     4.5988 (seed=1781679205)
New best goal cost found: 3.95982 (node 13) at iter 27
  Run 17: cost =     3.9598 (seed=1781679206)
New best goal cost found: 4.92898 (node 9) at iter 7
  Run 18: cost =     4.9290 (seed=1781679207)
New best goal cost found: 4.44626 (node 21) at iter 57
  Run 19: cost =     4.4463 (seed=1781679208)
Best path found at iter 131 in 0.000459 seconds within the winning RRT run.

Globally best cost: 2.9229 (seed=1781679189)
Best run rejections: dist=0, rot=0, col=1338, dup=536

=== Final Collision Check (Rectangular Footprint) ===
  WP    x        y        theta    Status    
  0       0.640   -0.185    3.074  Free      
  1       0.666    0.197    3.074  Free      
  2       0.700    0.688    3.074  Free      
  3       0.700    0.688    2.026  Free      
  4       0.480    1.137    2.026  Free      
  5       0.260    1.586    2.026  Free      
  All waypoints are collision-free (Rectangular Footprint).
Wrote 6 waypoints to /home/unitree-arka/Navigation_Dataset/waypoints/se2_waypoints_55.txt
Saved navigation dataset for run_idx=55
  Current poses       : /home/unitree-arka/Navigation_Dataset/Present_Robot_Pose/curr_pose_55.txt
  Target poses        : /home/unitree-arka/Navigation_Dataset/Target_Pose/local_target_pose_55.txt
  Local obstacle info : /home/unitree-arka/Navigation_Dataset/Local_Obstacle_Info/local_obs_55.txt
  Local goal info     : /home/unitree-arka/Navigation_Dataset/Local_Goal_Info/local_goal_info_55.txt
  Planning time       : /home/unitree-arka/Navigation_Dataset/Timestep/plan_time_55.txt
  Query config        : /home/unitree-arka/Navigation_Dataset/query/query_55.cfg

=== Controls (5 commands, step_time=1.0s) ===
  Seg      vx(m/s)     vy(m/s)  vth(rad/s)    dur(s)
  0         0.0000     -0.3834      0.0000       1.0
  1         0.0000     -0.4923      0.0000       1.0
  2         0.0000      0.0000     -1.0472       1.0
  3         0.5000      0.0000      0.0000       1.0
  4         0.5000      0.0000      0.0000       1.0
Wrote 5 controls to /home/unitree-arka/Navigation_Dataset/controls/controls_55.txt
