Loading config: planner.cfg
Loading config: query.cfg

=== SE(2) RRT Blossom Planner ===
  Start      : (0.645, -0.182, 3.072)
  Goal       : (0.830, 1.291, [Any])
  Robot R    : 0.250 m
  Safety     : 0.100 m
  Inflation  : 0.350 m
  Step time  : 1.0 s
  Obstacles  : 2
    [0] centre=(1.232, 0.761) th=-0.014  L=0.250 W=0.350
    [1] centre=(-0.052, 0.687) th=-2.087  L=0.570 W=0.420
  Map        : X[-0.5, 1.5]  Y[-0.5, 2.0]
  Goal Tol   : 0.200 m


=== Executing 20 RRT search attempts ===
New best goal cost found: 5.41904 (node 56) at iter 69
  Run  0: cost =     5.4190 (seed=1781678807)
New best goal cost found: 4.88055 (node 23) at iter 29
  Run  1: cost =     4.8806 (seed=1781678808)
New best goal cost found: 6.10953 (node 44) at iter 98
New best goal cost found: 3.34164 (node 145) at iter 331
  Run  2: cost =     3.3416 (seed=1781678809)
New best goal cost found: 5.48883 (node 25) at iter 65
New best goal cost found: 4.38225 (node 44) at iter 99
New best goal cost found: 3.30736 (node 68) at iter 154
  Run  3: cost =     3.3074 (seed=1781678810)
New best goal cost found: 6.48247 (node 39) at iter 49
New best goal cost found: 3.40461 (node 88) at iter 175
  Run  4: cost =     3.4046 (seed=1781678811)
New best goal cost found: 5.4099 (node 37) at iter 80
New best goal cost found: 5.38834 (node 51) at iter 98
New best goal cost found: 5.16007 (node 83) at iter 163
New best goal cost found: 4.9787 (node 116) at iter 247
New best goal cost found: 4.20055 (node 596) at iter 1890
  Run  5: cost =     4.2006 (seed=1781678812)
New best goal cost found: 5.36055 (node 33) at iter 77
New best goal cost found: 3.93302 (node 100) at iter 244
  Run  6: cost =     3.9330 (seed=1781678813)
New best goal cost found: 3.29999 (node 30) at iter 53
New best goal cost found: 3.26718 (node 68) at iter 128
  Run  7: cost =     3.2672 (seed=1781678814)
New best goal cost found: 3.99736 (node 39) at iter 84
New best goal cost found: 3.93525 (node 164) at iter 414
  Run  8: cost =     3.9352 (seed=1781678815)
New best goal cost found: 6.54293 (node 97) at iter 239
New best goal cost found: 5.07066 (node 109) at iter 270
New best goal cost found: 5.0427 (node 163) at iter 407
New best goal cost found: 4.68866 (node 180) at iter 464
  Run  9: cost =     4.6887 (seed=1781678816)
New best goal cost found: 5.39136 (node 24) at iter 28
  Run 10: cost =     5.3914 (seed=1781678817)
New best goal cost found: 6.51587 (node 89) at iter 207
New best goal cost found: 6.4315 (node 94) at iter 224
New best goal cost found: 6.08369 (node 179) at iter 442
New best goal cost found: 5.87331 (node 511) at iter 1469
New best goal cost found: 5.78261 (node 519) at iter 1499
New best goal cost found: 4.57701 (node 635) at iter 1909
  Run 11: cost =     4.5770 (seed=1781678818)
New best goal cost found: 6.51076 (node 45) at iter 106
New best goal cost found: 6.48257 (node 214) at iter 574
New best goal cost found: 6.35218 (node 337) at iter 949
  Run 12: cost =     6.3522 (seed=1781678819)
New best goal cost found: 5.95657 (node 90) at iter 203
New best goal cost found: 4.94095 (node 104) at iter 251
  Run 13: cost =     4.9410 (seed=1781678820)
New best goal cost found: 12.5642 (node 94) at iter 241
New best goal cost found: 12.4767 (node 174) at iter 466
New best goal cost found: 6.7383 (node 192) at iter 531
  Run 14: cost =     6.7383 (seed=1781678821)
New best goal cost found: 5.40494 (node 24) at iter 41
New best goal cost found: 4.59014 (node 135) at iter 378
  Run 15: cost =     4.5901 (seed=1781678822)
New best goal cost found: 5.10683 (node 9) at iter 7
New best goal cost found: 4.92115 (node 98) at iter 211
New best goal cost found: 4.86587 (node 262) at iter 783
  Run 16: cost =     4.8659 (seed=1781678823)
New best goal cost found: 5.44357 (node 22) at iter 32
New best goal cost found: 3.99653 (node 37) at iter 70
  Run 17: cost =     3.9965 (seed=1781678824)
New best goal cost found: 7.561 (node 95) at iter 195
New best goal cost found: 7.42108 (node 115) at iter 255
New best goal cost found: 5.98775 (node 155) at iter 366
New best goal cost found: 5.97467 (node 171) at iter 407
New best goal cost found: 4.80201 (node 187) at iter 454
New best goal cost found: 4.73522 (node 243) at iter 625
  Run 18: cost =     4.7352 (seed=1781678825)
New best goal cost found: 6.54483 (node 61) at iter 142
New best goal cost found: 6.52145 (node 72) at iter 159
New best goal cost found: 6.39973 (node 331) at iter 1104
New best goal cost found: 5.08112 (node 413) at iter 1401
  Run 19: cost =     5.0811 (seed=1781678826)
Best path found at iter 128 in 0.000571 seconds within the winning RRT run.

Globally best cost: 3.2672 (seed=1781678814)
Best run rejections: dist=0, rot=0, col=1288, dup=663

=== Final Collision Check (Rectangular Footprint) ===
  WP    x        y        theta    Status    
  0       0.645   -0.182    3.072  Free      
  1       0.645   -0.182    2.025  Free      
  2       0.426    0.267    2.025  Free      
  3       0.426    0.267    1.235  Free      
  4       0.578    0.704    1.235  Free      
  5       0.732    1.145    1.235  Free      
  All waypoints are collision-free (Rectangular Footprint).
Wrote 6 waypoints to /home/unitree-arka/Navigation_Dataset/waypoints/se2_waypoints_53.txt
Saved navigation dataset for run_idx=53
  Current poses       : /home/unitree-arka/Navigation_Dataset/Present_Robot_Pose/curr_pose_53.txt
  Target poses        : /home/unitree-arka/Navigation_Dataset/Target_Pose/local_target_pose_53.txt
  Local obstacle info : /home/unitree-arka/Navigation_Dataset/Local_Obstacle_Info/local_obs_53.txt
  Local goal info     : /home/unitree-arka/Navigation_Dataset/Local_Goal_Info/local_goal_info_53.txt
  Planning time       : /home/unitree-arka/Navigation_Dataset/Timestep/plan_time_53.txt
  Query config        : /home/unitree-arka/Navigation_Dataset/query/query_53.cfg

=== Controls (5 commands, step_time=1.0s) ===
  Seg      vx(m/s)     vy(m/s)  vth(rad/s)    dur(s)
  0         0.0000      0.0000     -1.0472       1.0
  1         0.5000      0.0000      0.0000       1.0
  2         0.0000      0.0000     -0.7901       1.0
  3         0.4627      0.0000      0.0000       1.0
  4         0.4672      0.0000      0.0000       1.0
Wrote 5 controls to /home/unitree-arka/Navigation_Dataset/controls/controls_53.txt
