Loading config: planner.cfg
Loading config: query.cfg

=== SE(2) RRT Blossom Planner ===
  Start      : (0.468, -0.234, 1.560)
  Goal       : (0.339, 1.483, [Any])
  Robot R    : 0.250 m
  Safety     : 0.100 m
  Inflation  : 0.350 m
  Step time  : 1.0 s
  Obstacles  : 2
    [0] centre=(1.072, 0.759) th=1.530  L=0.250 W=0.350
    [1] centre=(-0.149, 0.803) th=-2.179  L=0.570 W=0.420
  Map        : X[-0.5, 1.5]  Y[-0.5, 2.0]
  Goal Tol   : 0.200 m


=== Executing 20 RRT search attempts ===
New best goal cost found: 4.94908 (node 42) at iter 126
New best goal cost found: 4.73672 (node 78) at iter 222
  Run  0: cost =     4.7367 (seed=1781595457)
New best goal cost found: 6.83141 (node 22) at iter 44
New best goal cost found: 6.55437 (node 63) at iter 165
New best goal cost found: 6.05437 (node 81) at iter 245
New best goal cost found: 5.81141 (node 106) at iter 292
  Run  1: cost =     5.8114 (seed=1781595458)
New best goal cost found: 6.97133 (node 29) at iter 70
New best goal cost found: 6.30206 (node 49) at iter 162
  Run  2: cost =     6.3021 (seed=1781595459)
New best goal cost found: 6.57572 (node 52) at iter 112
  Run  3: cost =     6.5757 (seed=1781595460)
New best goal cost found: 6.11712 (node 38) at iter 91
New best goal cost found: 5.06992 (node 47) at iter 102
New best goal cost found: 4.94236 (node 56) at iter 121
  Run  4: cost =     4.9424 (seed=1781595461)
New best goal cost found: 4.99464 (node 45) at iter 164
New best goal cost found: 4.9041 (node 58) at iter 217
  Run  5: cost =     4.9041 (seed=1781595462)
New best goal cost found: 8.51924 (node 62) at iter 166
New best goal cost found: 7.61505 (node 573) at iter 1705
New best goal cost found: 7.35207 (node 603) at iter 1819
  Run  6: cost =     7.3521 (seed=1781595463)
New best goal cost found: 6.56594 (node 64) at iter 199
New best goal cost found: 5.70025 (node 146) at iter 399
  Run  7: cost =     5.7002 (seed=1781595464)
New best goal cost found: 9.24066 (node 71) at iter 164
New best goal cost found: 8.83525 (node 159) at iter 442
New best goal cost found: 7.45884 (node 172) at iter 494
New best goal cost found: 5.80473 (node 242) at iter 699
  Run  8: cost =     5.8047 (seed=1781595465)
New best goal cost found: 7.4873 (node 62) at iter 232
New best goal cost found: 7.38471 (node 66) at iter 238
New best goal cost found: 7.32446 (node 158) at iter 537
New best goal cost found: 6.78015 (node 313) at iter 1005
  Run  9: cost =     6.7802 (seed=1781595466)
New best goal cost found: 4.97122 (node 29) at iter 60
New best goal cost found: 4.95493 (node 40) at iter 78
New best goal cost found: 4.79281 (node 51) at iter 103
New best goal cost found: 4.77329 (node 109) at iter 243
  Run 10: cost =     4.7733 (seed=1781595467)
New best goal cost found: 7.56571 (node 37) at iter 90
New best goal cost found: 7.40142 (node 160) at iter 474
  Run 11: cost =     7.4014 (seed=1781595468)
New best goal cost found: 7.62314 (node 50) at iter 115
New best goal cost found: 7.62166 (node 88) at iter 219
New best goal cost found: 7.55693 (node 131) at iter 344
New best goal cost found: 7.26367 (node 530) at iter 1801
  Run 12: cost =     7.2637 (seed=1781595469)
New best goal cost found: 8.58092 (node 103) at iter 415
New best goal cost found: 7.87419 (node 114) at iter 436
New best goal cost found: 7.58198 (node 282) at iter 887
  Run 13: cost =     7.5820 (seed=1781595470)
New best goal cost found: 7.09682 (node 57) at iter 151
New best goal cost found: 6.11002 (node 97) at iter 291
  Run 14: cost =     6.1100 (seed=1781595471)
New best goal cost found: 6.90071 (node 159) at iter 430
New best goal cost found: 6.40849 (node 303) at iter 890
  Run 15: cost =     6.4085 (seed=1781595472)
New best goal cost found: 6.06155 (node 32) at iter 93
New best goal cost found: 5.76598 (node 71) at iter 177
New best goal cost found: 5.74281 (node 76) at iter 183
New best goal cost found: 5.2425 (node 103) at iter 268
New best goal cost found: 4.65263 (node 136) at iter 337
New best goal cost found: 4.6482 (node 611) at iter 1884
  Run 16: cost =     4.6482 (seed=1781595473)
New best goal cost found: 5.02477 (node 68) at iter 221
New best goal cost found: 4.89369 (node 119) at iter 423
  Run 17: cost =     4.8937 (seed=1781595474)
New best goal cost found: 6.31106 (node 64) at iter 183
  Run 18: cost =     6.3111 (seed=1781595475)
New best goal cost found: 6.60296 (node 47) at iter 61
New best goal cost found: 4.98074 (node 50) at iter 65
New best goal cost found: 4.83124 (node 61) at iter 89
New best goal cost found: 4.738 (node 96) at iter 194
  Run 19: cost =     4.7380 (seed=1781595476)
Best path found at iter 1884 in 0.013448 seconds within the winning RRT run.

Globally best cost: 4.6482 (seed=1781595473)
Best run rejections: dist=0, rot=0, col=1304, dup=569

=== Final Collision Check (Rectangular Footprint) ===
  WP    x        y        theta    Status    
  0       0.468   -0.234    1.560  Free      
  1       0.474    0.266    1.560  Free      
  2       0.474    0.266    0.581  Free      
  3       0.474    0.266    1.417  Free      
  4       0.550    0.760    1.417  Free      
  5       0.627    1.254    1.417  Free      
  6       0.627    1.254    2.464  Free      
  7       0.405    1.433    2.464  Free      
  All waypoints are collision-free (Rectangular Footprint).
Wrote 8 waypoints to /home/unitree-arka/Navigation_Dataset/waypoints/se2_waypoints_24.txt
Saved navigation dataset for run_idx=24
  Current poses       : /home/unitree-arka/Navigation_Dataset/Present_Robot_Pose/curr_pose_24.txt
  Target poses        : /home/unitree-arka/Navigation_Dataset/Target_Pose/local_target_pose_24.txt
  Local obstacle info : /home/unitree-arka/Navigation_Dataset/Local_Obstacle_Info/local_obs_24.txt
  Local goal info     : /home/unitree-arka/Navigation_Dataset/Local_Goal_Info/local_goal_info_24.txt
  Planning time       : /home/unitree-arka/Navigation_Dataset/Timestep/plan_time_24.txt

=== Controls (7 commands, step_time=1.0s) ===
  Seg      vx(m/s)     vy(m/s)  vth(rad/s)    dur(s)
  0         0.5000      0.0000      0.0000       1.0
  1         0.0000      0.0000     -0.9793       1.0
  2         0.0000      0.0000      0.8367       1.0
  3         0.5000      0.0000      0.0000       1.0
  4         0.5000      0.0000      0.0000       1.0
  5         0.0000      0.0000      1.0472       1.0
  6         0.2849      0.0000      0.0000       1.0
Wrote 7 controls to /home/unitree-arka/Navigation_Dataset/controls/controls_24.txt
