Loading config: planner.cfg
Loading config: query.cfg

=== SE(2) RRT Blossom Planner ===
  Start      : (0.477, -0.228, 1.521)
  Goal       : (0.455, 1.439, [Any])
  Robot R    : 0.250 m
  Safety     : 0.100 m
  Inflation  : 0.350 m
  Step time  : 1.0 s
  Obstacles  : 2
    [0] centre=(1.025, 0.686) th=3.045  L=0.250 W=0.350
    [1] centre=(-0.178, 0.838) th=3.090  L=0.570 W=0.420
  Map        : X[-0.5, 1.5]  Y[-0.5, 2.0]
  Goal Tol   : 0.200 m


=== Executing 20 RRT search attempts ===
New best goal cost found: 1.5 (node 5) at iter 6
  Run  0: cost =     1.5000 (seed=1781661639)
New best goal cost found: 4.64159 (node 18) at iter 31
New best goal cost found: 1.5 (node 21) at iter 33
  Run  1: cost =     1.5000 (seed=1781661640)
New best goal cost found: 1.5 (node 8) at iter 8
  Run  2: cost =     1.5000 (seed=1781661641)
New best goal cost found: 1.5 (node 14) at iter 19
  Run  3: cost =     1.5000 (seed=1781661642)
New best goal cost found: 1.5 (node 7) at iter 10
  Run  4: cost =     1.5000 (seed=1781661643)
New best goal cost found: 8.06878 (node 58) at iter 129
New best goal cost found: 7.92486 (node 88) at iter 212
New best goal cost found: 7.80393 (node 143) at iter 395
New best goal cost found: 6.4773 (node 272) at iter 882
New best goal cost found: 4.60789 (node 312) at iter 1041
  Run  5: cost =     4.6079 (seed=1781661644)
New best goal cost found: 3.5139 (node 31) at iter 90
New best goal cost found: 2.91776 (node 112) at iter 307
New best goal cost found: 2.72064 (node 171) at iter 472
  Run  6: cost =     2.7206 (seed=1781661645)
New best goal cost found: 1.5 (node 17) at iter 32
  Run  7: cost =     1.5000 (seed=1781661646)
New best goal cost found: 1.5 (node 34) at iter 77
  Run  8: cost =     1.5000 (seed=1781661647)
New best goal cost found: 1.5 (node 10) at iter 15
  Run  9: cost =     1.5000 (seed=1781661648)
New best goal cost found: 1.5 (node 7) at iter 14
New best goal cost found: 1.495 (node 10) at iter 23
  Run 10: cost =     1.4950 (seed=1781661649)
New best goal cost found: 1.5 (node 9) at iter 9
  Run 11: cost =     1.5000 (seed=1781661650)
New best goal cost found: 4.82226 (node 27) at iter 39
  Run 12: cost =     4.8223 (seed=1781661651)
New best goal cost found: 1.5 (node 4) at iter 4
  Run 13: cost =     1.5000 (seed=1781661652)
New best goal cost found: 6.44455 (node 29) at iter 44
New best goal cost found: 5.89558 (node 38) at iter 65
New best goal cost found: 3.96316 (node 58) at iter 91
  Run 14: cost =     3.9632 (seed=1781661653)
New best goal cost found: 1.5 (node 3) at iter 3
  Run 15: cost =     1.5000 (seed=1781661654)
New best goal cost found: 1.5 (node 3) at iter 3
  Run 16: cost =     1.5000 (seed=1781661655)
New best goal cost found: 4.64159 (node 37) at iter 91
  Run 17: cost =     4.6416 (seed=1781661656)
New best goal cost found: 1.5 (node 6) at iter 11
  Run 18: cost =     1.5000 (seed=1781661657)
New best goal cost found: 1.5 (node 4) at iter 6
  Run 19: cost =     1.5000 (seed=1781661658)
Best path found at iter 23 in 0.000064 seconds within the winning RRT run.

Globally best cost: 1.4950 (seed=1781661649)
Best run rejections: dist=0, rot=0, col=1286, dup=638

=== Final Collision Check (Rectangular Footprint) ===
  WP    x        y        theta    Status    
  0       0.477   -0.228    1.521  Free      
  1       0.502    0.271    1.521  Free      
  2       0.527    0.770    1.521  Free      
  3       0.552    1.265    1.521  Free      
  All waypoints are collision-free (Rectangular Footprint).
Wrote 4 waypoints to /home/unitree-arka/Navigation_Dataset/waypoints/se2_waypoints_1.txt
Saved navigation dataset for run_idx=1
  Current poses       : /home/unitree-arka/Navigation_Dataset/Present_Robot_Pose/curr_pose_1.txt
  Target poses        : /home/unitree-arka/Navigation_Dataset/Target_Pose/local_target_pose_1.txt
  Local obstacle info : /home/unitree-arka/Navigation_Dataset/Local_Obstacle_Info/local_obs_1.txt
  Local goal info     : /home/unitree-arka/Navigation_Dataset/Local_Goal_Info/local_goal_info_1.txt
  Planning time       : /home/unitree-arka/Navigation_Dataset/Timestep/plan_time_1.txt
  Query config        : /home/unitree-arka/Navigation_Dataset/query/query_1.cfg

=== Controls (3 commands, step_time=1.0s) ===
  Seg      vx(m/s)     vy(m/s)  vth(rad/s)    dur(s)
  0         0.5000      0.0000      0.0000       1.0
  1         0.5000      0.0000      0.0000       1.0
  2         0.4950      0.0000      0.0000       1.0
Wrote 3 controls to /home/unitree-arka/Navigation_Dataset/controls/controls_1.txt
