Loading config: planner.cfg
Loading config: query.cfg

=== SE(2) RRT Blossom Planner ===
  Start      : (1.014, -0.226, 1.878)
  Goal       : (0.600, 1.306, [Any])
  Robot R    : 0.250 m
  Safety     : 0.100 m
  Inflation  : 0.350 m
  Step time  : 1.0 s
  Obstacles  : 2
    [0] centre=(1.107, 0.675) th=0.956  L=0.250 W=0.350
    [1] centre=(-0.149, 0.719) th=-1.059  L=0.570 W=0.420
  Map        : X[-0.5, 1.5]  Y[-0.5, 2.0]
  Goal Tol   : 0.200 m


=== Executing 20 RRT search attempts ===
New best goal cost found: 5.91597 (node 25) at iter 37
New best goal cost found: 5.82599 (node 26) at iter 38
New best goal cost found: 4.696 (node 85) at iter 196
  Run  0: cost =     4.6960 (seed=1781761519)
New best goal cost found: 6.29271 (node 30) at iter 144
New best goal cost found: 6.24597 (node 31) at iter 154
  Run  1: cost =     6.2460 (seed=1781761520)
New best goal cost found: 5.23869 (node 15) at iter 39
  Run  2: cost =     5.2387 (seed=1781761521)
New best goal cost found: 7.5354 (node 17) at iter 23
New best goal cost found: 7.40046 (node 44) at iter 87
  Run  3: cost =     7.4005 (seed=1781761522)
New best goal cost found: 10.711 (node 45) at iter 131
New best goal cost found: 8.10513 (node 46) at iter 132
New best goal cost found: 7.33052 (node 79) at iter 219
  Run  4: cost =     7.3305 (seed=1781761523)
New best goal cost found: 7.64728 (node 30) at iter 87
New best goal cost found: 5.01488 (node 35) at iter 100
  Run  5: cost =     5.0149 (seed=1781761524)
New best goal cost found: 6.27873 (node 35) at iter 74
New best goal cost found: 4.29937 (node 122) at iter 313
  Run  6: cost =     4.2994 (seed=1781761525)
New best goal cost found: 6.80273 (node 37) at iter 205
New best goal cost found: 6.11543 (node 184) at iter 656
New best goal cost found: 6.06138 (node 277) at iter 971
  Run  7: cost =     6.0614 (seed=1781761526)
New best goal cost found: 7.69262 (node 76) at iter 271
New best goal cost found: 7.60196 (node 169) at iter 547
  Run  8: cost =     7.6020 (seed=1781761527)
New best goal cost found: 8.45717 (node 125) at iter 458
New best goal cost found: 7.8912 (node 208) at iter 711
New best goal cost found: 7.76599 (node 326) at iter 1093
New best goal cost found: 6.06282 (node 459) at iter 1507
  Run  9: cost =     6.0628 (seed=1781761528)
New best goal cost found: 4.85832 (node 10) at iter 23
  Run 10: cost =     4.8583 (seed=1781761529)
New best goal cost found: 5.19578 (node 37) at iter 50
  Run 11: cost =     5.1958 (seed=1781761530)
New best goal cost found: 6.54181 (node 58) at iter 133
New best goal cost found: 6.28093 (node 581) at iter 1864
  Run 12: cost =     6.2809 (seed=1781761531)
New best goal cost found: 5.59107 (node 42) at iter 126
New best goal cost found: 5.17503 (node 143) at iter 438
  Run 13: cost =     5.1750 (seed=1781761532)
New best goal cost found: 3.66066 (node 21) at iter 125
  Run 14: cost =     3.6607 (seed=1781761533)
New best goal cost found: 11.7856 (node 75) at iter 225
New best goal cost found: 11.7676 (node 78) at iter 241
New best goal cost found: 7.84401 (node 131) at iter 362
  Run 15: cost =     7.8440 (seed=1781761534)
New best goal cost found: 8.93892 (node 86) at iter 335
New best goal cost found: 6.83075 (node 188) at iter 639
New best goal cost found: 6.4329 (node 312) at iter 1082
  Run 16: cost =     6.4329 (seed=1781761535)
New best goal cost found: 4.33039 (node 9) at iter 9
New best goal cost found: 3.30196 (node 13) at iter 19
New best goal cost found: 3.08093 (node 24) at iter 50
  Run 17: cost =     3.0809 (seed=1781761536)
New best goal cost found: 11.8486 (node 57) at iter 270
New best goal cost found: 11.6899 (node 80) at iter 314
New best goal cost found: 11.5125 (node 175) at iter 649
New best goal cost found: 11.1228 (node 328) at iter 1207
  Run 18: cost =    11.1228 (seed=1781761537)
New best goal cost found: 6.90262 (node 63) at iter 290
  Run 19: cost =     6.9026 (seed=1781761538)
Best path found at iter 50 in 0.000171 seconds within the winning RRT run.

Globally best cost: 3.0809 (seed=1781761536)
Best run rejections: dist=0, rot=0, col=1340, dup=565

=== Final Collision Check (Rectangular Footprint) ===
  WP    x        y        theta    Status    
  0       1.014   -0.226    1.878  Free      
  1       0.863    0.250    1.878  Free      
  2       0.620    0.173    1.878  Free      
  3       0.469    0.650    1.878  Free      
  4       0.318    1.127    1.878  Free      
  5       0.318    1.127    0.830  Free      
  6       0.506    1.333    0.830  Free      
  All waypoints are collision-free (Rectangular Footprint).
Wrote 7 waypoints to /home/unitree-arka/Navigation_Dataset/waypoints/se2_waypoints_69.txt
Saved navigation dataset for run_idx=69
  Current poses       : /home/unitree-arka/Navigation_Dataset/Present_Robot_Pose/curr_pose_69.txt
  Target poses        : /home/unitree-arka/Navigation_Dataset/Target_Pose/local_target_pose_69.txt
  Local obstacle info : /home/unitree-arka/Navigation_Dataset/Local_Obstacle_Info/local_obs_69.txt
  Local goal info     : /home/unitree-arka/Navigation_Dataset/Local_Goal_Info/local_goal_info_69.txt
  Planning time       : /home/unitree-arka/Navigation_Dataset/Timestep/plan_time_69.txt
  Query config        : /home/unitree-arka/Navigation_Dataset/query/query_69.cfg

=== Controls (6 commands, step_time=1.0s) ===
  Seg      vx(m/s)     vy(m/s)  vth(rad/s)    dur(s)
  0         0.5000      0.0000      0.0000       1.0
  1         0.0000      0.2548      0.0000       1.0
  2         0.5000      0.0000      0.0000       1.0
  3         0.5000      0.0000      0.0000       1.0
  4         0.0000      0.0000     -1.0472       1.0
  5         0.2790      0.0000      0.0000       1.0
Wrote 6 controls to /home/unitree-arka/Navigation_Dataset/controls/controls_69.txt
