Loading config: planner.cfg
Loading config: query.cfg

=== SE(2) RRT Blossom Planner ===
  Start      : (1.035, -0.197, 2.164)
  Goal       : (0.418, 1.439, [Any])
  Robot R    : 0.250 m
  Safety     : 0.100 m
  Inflation  : 0.350 m
  Step time  : 1.0 s
  Obstacles  : 2
    [0] centre=(1.194, 0.483) th=-0.011  L=0.250 W=0.350
    [1] centre=(-0.089, 0.947) th=-2.805  L=0.570 W=0.420
  Map        : X[-0.5, 1.5]  Y[-0.5, 2.0]
  Goal Tol   : 0.200 m


=== Executing 20 RRT search attempts ===
New best goal cost found: 7.51369 (node 23) at iter 57
New best goal cost found: 7.51192 (node 28) at iter 65
New best goal cost found: 7.42076 (node 35) at iter 79
New best goal cost found: 7.38806 (node 44) at iter 95
New best goal cost found: 7.36528 (node 79) at iter 228
New best goal cost found: 7.21742 (node 96) at iter 279
  Run  0: cost =     7.2174 (seed=1781760782)
New best goal cost found: 5.94306 (node 29) at iter 43
  Run  1: cost =     5.9431 (seed=1781760783)
New best goal cost found: 8.93368 (node 23) at iter 64
New best goal cost found: 7.88648 (node 37) at iter 111
  Run  2: cost =     7.8865 (seed=1781760784)
New best goal cost found: 8.43685 (node 44) at iter 121
New best goal cost found: 6.789 (node 54) at iter 144
New best goal cost found: 6.77331 (node 63) at iter 160
  Run  3: cost =     6.7733 (seed=1781760785)
New best goal cost found: 7.45923 (node 35) at iter 142
  Run  4: cost =     7.4592 (seed=1781760786)
New best goal cost found: 8.16394 (node 49) at iter 90
New best goal cost found: 6.03378 (node 52) at iter 105
New best goal cost found: 5.98887 (node 121) at iter 285
New best goal cost found: 5.9786 (node 332) at iter 1050
  Run  5: cost =     5.9786 (seed=1781760787)
New best goal cost found: 7.603 (node 38) at iter 87
New best goal cost found: 6.52255 (node 41) at iter 98
New best goal cost found: 6.35298 (node 53) at iter 133
New best goal cost found: 6.289 (node 489) at iter 1578
  Run  6: cost =     6.2890 (seed=1781760788)
New best goal cost found: 11.3774 (node 170) at iter 512
New best goal cost found: 8.31194 (node 257) at iter 743
  Run  7: cost =     8.3119 (seed=1781760789)
New best goal cost found: 5.291 (node 17) at iter 35
  Run  8: cost =     5.2910 (seed=1781760790)
New best goal cost found: 6.76479 (node 37) at iter 98
New best goal cost found: 6.63907 (node 39) at iter 99
New best goal cost found: 5.87339 (node 85) at iter 187
  Run  9: cost =     5.8734 (seed=1781760791)
New best goal cost found: 8.43934 (node 34) at iter 84
New best goal cost found: 8.43461 (node 80) at iter 191
New best goal cost found: 7.82179 (node 90) at iter 210
New best goal cost found: 7.61309 (node 93) at iter 218
  Run 10: cost =     7.6131 (seed=1781760792)
New best goal cost found: 5.98802 (node 60) at iter 140
  Run 11: cost =     5.9880 (seed=1781760793)
New best goal cost found: 7.46165 (node 106) at iter 363
  Run 12: cost =     7.4617 (seed=1781760794)
New best goal cost found: 6.4273 (node 102) at iter 273
  Run 13: cost =     6.4273 (seed=1781760795)
New best goal cost found: 5.95611 (node 18) at iter 25
  Run 14: cost =     5.9561 (seed=1781760796)
New best goal cost found: 10.4223 (node 91) at iter 180
New best goal cost found: 10.247 (node 97) at iter 199
New best goal cost found: 8.22218 (node 135) at iter 300
New best goal cost found: 8.09618 (node 169) at iter 391
New best goal cost found: 7.41428 (node 207) at iter 520
  Run 15: cost =     7.4143 (seed=1781760797)
New best goal cost found: 7.73265 (node 44) at iter 120
New best goal cost found: 7.23909 (node 51) at iter 137
New best goal cost found: 7.22079 (node 56) at iter 150
  Run 16: cost =     7.2208 (seed=1781760798)
New best goal cost found: 7.66824 (node 44) at iter 232
New best goal cost found: 7.48529 (node 132) at iter 518
  Run 17: cost =     7.4853 (seed=1781760799)
New best goal cost found: 9.27345 (node 52) at iter 89
New best goal cost found: 7.781 (node 57) at iter 107
New best goal cost found: 6.64636 (node 60) at iter 112
New best goal cost found: 6.15176 (node 312) at iter 974
  Run 18: cost =     6.1518 (seed=1781760800)
New best goal cost found: 6.10415 (node 30) at iter 62
New best goal cost found: 6.07418 (node 36) at iter 75
New best goal cost found: 6.03272 (node 76) at iter 177
  Run 19: cost =     6.0327 (seed=1781760801)
Best path found at iter 35 in 0.000101 seconds within the winning RRT run.

Globally best cost: 5.2910 (seed=1781760790)
Best run rejections: dist=0, rot=0, col=1332, dup=556

=== Final Collision Check (Rectangular Footprint) ===
  WP    x        y        theta    Status    
  0       1.035   -0.197    2.164  Free      
  1       1.035   -0.197    3.098  Free      
  2       0.536   -0.176    3.098  Free      
  3       0.536   -0.176    2.051  Free      
  4       0.305    0.268    2.051  Free      
  5       0.305    0.268    1.061  Free      
  6       0.549    0.704    1.061  Free      
  7       0.793    1.141    1.061  Free      
  8       0.514    1.297    1.061  Free      
  All waypoints are collision-free (Rectangular Footprint).
Wrote 9 waypoints to /home/unitree-arka/Navigation_Dataset/waypoints/se2_waypoints_65.txt
Saved navigation dataset for run_idx=65
  Current poses       : /home/unitree-arka/Navigation_Dataset/Present_Robot_Pose/curr_pose_65.txt
  Target poses        : /home/unitree-arka/Navigation_Dataset/Target_Pose/local_target_pose_65.txt
  Local obstacle info : /home/unitree-arka/Navigation_Dataset/Local_Obstacle_Info/local_obs_65.txt
  Local goal info     : /home/unitree-arka/Navigation_Dataset/Local_Goal_Info/local_goal_info_65.txt
  Planning time       : /home/unitree-arka/Navigation_Dataset/Timestep/plan_time_65.txt
  Query config        : /home/unitree-arka/Navigation_Dataset/query/query_65.cfg

=== Controls (8 commands, step_time=1.0s) ===
  Seg      vx(m/s)     vy(m/s)  vth(rad/s)    dur(s)
  0         0.0000      0.0000      0.9340       1.0
  1         0.5000      0.0000      0.0000       1.0
  2         0.0000      0.0000     -1.0472       1.0
  3         0.5000      0.0000      0.0000       1.0
  4         0.0000      0.0000     -0.9901       1.0
  5         0.5000      0.0000      0.0000       1.0
  6         0.5000      0.0000      0.0000       1.0
  7         0.0000      0.3197      0.0000       1.0
Wrote 8 controls to /home/unitree-arka/Navigation_Dataset/controls/controls_65.txt
