Loading config: planner.cfg
Loading config: query.cfg

=== SE(2) RRT Blossom Planner ===
  Start      : (0.468, -0.234, 1.560)
  Goal       : (0.503, 1.610, [Any])
  Robot R    : 0.250 m
  Safety     : 0.100 m
  Inflation  : 0.350 m
  Step time  : 1.0 s
  Obstacles  : 2
    [0] centre=(0.936, 0.648) th=1.859  L=0.250 W=0.350
    [1] centre=(-0.162, 1.103) th=-1.580  L=0.570 W=0.420
  Map        : X[-0.5, 1.5]  Y[-0.5, 2.0]
  Goal Tol   : 0.200 m


=== Executing 20 RRT search attempts ===
New best goal cost found: 6.77265 (node 38) at iter 94
New best goal cost found: 6.70887 (node 50) at iter 129
New best goal cost found: 5.58026 (node 55) at iter 139
New best goal cost found: 5.47429 (node 60) at iter 153
  Run  0: cost =     5.4743 (seed=1781593886)
New best goal cost found: 2.71831 (node 90) at iter 353
New best goal cost found: 2.59325 (node 107) at iter 423
  Run  1: cost =     2.5932 (seed=1781593887)
New best goal cost found: 3.91179 (node 84) at iter 301
New best goal cost found: 3.73068 (node 107) at iter 382
  Run  2: cost =     3.7307 (seed=1781593888)
New best goal cost found: 8.2005 (node 35) at iter 98
New best goal cost found: 5.69632 (node 56) at iter 146
New best goal cost found: 5.64064 (node 163) at iter 510
  Run  3: cost =     5.6406 (seed=1781593889)
New best goal cost found: 2.62125 (node 122) at iter 477
New best goal cost found: 2.49254 (node 125) at iter 479
New best goal cost found: 2.43661 (node 567) at iter 1932
  Run  4: cost =     2.4366 (seed=1781593890)
New best goal cost found: 5.17093 (node 84) at iter 298
  Run  5: cost =     5.1709 (seed=1781593891)
New best goal cost found: 5.45961 (node 40) at iter 109
New best goal cost found: 5.33827 (node 52) at iter 148
  Run  6: cost =     5.3383 (seed=1781593892)
New best goal cost found: 11.8149 (node 106) at iter 284
New best goal cost found: 8.37838 (node 113) at iter 300
New best goal cost found: 3.77396 (node 126) at iter 332
  Run  7: cost =     3.7740 (seed=1781593893)
New best goal cost found: 8.16607 (node 82) at iter 311
New best goal cost found: 8.04485 (node 328) at iter 1133
  Run  8: cost =     8.0448 (seed=1781593894)
New best goal cost found: 6.97624 (node 31) at iter 80
New best goal cost found: 5.5234 (node 80) at iter 237
  Run  9: cost =     5.5234 (seed=1781593895)
New best goal cost found: 4.92299 (node 29) at iter 106
  Run 10: cost =     4.9230 (seed=1781593896)
New best goal cost found: 7.71949 (node 105) at iter 428
New best goal cost found: 7.67043 (node 125) at iter 526
New best goal cost found: 6.69083 (node 523) at iter 1886
  Run 11: cost =     6.6908 (seed=1781593897)
New best goal cost found: 5.49376 (node 45) at iter 94
New best goal cost found: 5.29492 (node 46) at iter 97
  Run 12: cost =     5.2949 (seed=1781593898)
New best goal cost found: 4.11285 (node 169) at iter 727
New best goal cost found: 3.87964 (node 214) at iter 872
New best goal cost found: 3.87762 (node 396) at iter 1390
  Run 13: cost =     3.8776 (seed=1781593899)
New best goal cost found: 8.58505 (node 120) at iter 330
New best goal cost found: 7.85724 (node 309) at iter 936
  Run 14: cost =     7.8572 (seed=1781593900)
New best goal cost found: 10.7397 (node 184) at iter 751
New best goal cost found: 10.7174 (node 210) at iter 846
  Run 15: cost =    10.7174 (seed=1781593901)
New best goal cost found: 3.92742 (node 51) at iter 134
  Run 16: cost =     3.9274 (seed=1781593902)
New best goal cost found: 3.9947 (node 122) at iter 355
  Run 17: cost =     3.9947 (seed=1781593903)
New best goal cost found: 6.11495 (node 99) at iter 283
New best goal cost found: 6.05373 (node 201) at iter 557
  Run 18: cost =     6.0537 (seed=1781593904)
New best goal cost found: 8.4685 (node 68) at iter 137
New best goal cost found: 7.93464 (node 210) at iter 629
New best goal cost found: 5.36938 (node 211) at iter 632
  Run 19: cost =     5.3694 (seed=1781593905)
Best path found at iter 1932 in 0.012621 seconds within the winning RRT run.

Globally best cost: 2.4366 (seed=1781593890)
Best run rejections: dist=0, rot=0, col=1353, dup=552

=== Final Collision Check (Rectangular Footprint) ===
  WP    x        y        theta    Status    
  0       0.468   -0.234    1.560  Free      
  1       0.474    0.266    1.560  Free      
  2       0.131    0.269    1.560  Free      
  3       0.410    0.266    1.560  Free      
  4       0.416    0.766    1.560  Free      
  5       0.421    1.266    1.560  Free      
  6       0.425    1.582    1.560  Free      
  All waypoints are collision-free (Rectangular Footprint).
Wrote 7 waypoints to /home/unitree-arka/Navigation_Dataset/waypoints/se2_waypoints_17.txt
Saved navigation dataset for run_idx=17
  Current poses       : /home/unitree-arka/Navigation_Dataset/Present_Robot_Pose/curr_pose_17.txt
  Target poses        : /home/unitree-arka/Navigation_Dataset/Target_Pose/local_target_pose_17.txt
  Local obstacle info : /home/unitree-arka/Navigation_Dataset/Local_Obstacle_Info/local_obs_17.txt
  Local goal info     : /home/unitree-arka/Navigation_Dataset/Local_Goal_Info/local_goal_info_17.txt
  Planning time       : /home/unitree-arka/Navigation_Dataset/Timestep/plan_time_17.txt

=== Controls (6 commands, step_time=1.0s) ===
  Seg      vx(m/s)     vy(m/s)  vth(rad/s)    dur(s)
  0         0.5000      0.0000      0.0000       1.0
  1         0.0000      0.3423      0.0000       1.0
  2         0.0000     -0.2789      0.0000       1.0
  3         0.5000      0.0000      0.0000       1.0
  4         0.5000      0.0000      0.0000       1.0
  5         0.3154      0.0000      0.0000       1.0
Wrote 6 controls to /home/unitree-arka/Navigation_Dataset/controls/controls_17.txt
