Loading config: planner.cfg
Loading config: query.cfg

=== SE(2) RRT Blossom Planner ===
  Start      : (0.672, -0.276, 2.103)
  Goal       : (0.360, 1.393, [Any])
  Robot R    : 0.250 m
  Safety     : 0.100 m
  Inflation  : 0.350 m
  Step time  : 1.0 s
  Obstacles  : 2
    [0] centre=(1.038, 0.586) th=0.403  L=0.250 W=0.350
    [1] centre=(-0.156, 0.654) th=3.068  L=0.570 W=0.420
  Map        : X[-0.5, 1.5]  Y[-0.5, 2.0]
  Goal Tol   : 0.200 m


=== Executing 20 RRT search attempts ===
New best goal cost found: 6.29833 (node 59) at iter 220
New best goal cost found: 6.20482 (node 69) at iter 260
  Run  0: cost =     6.2048 (seed=1781677972)
New best goal cost found: 6.906 (node 49) at iter 138
New best goal cost found: 6.74228 (node 96) at iter 300
  Run  1: cost =     6.7423 (seed=1781677973)
New best goal cost found: 5.55302 (node 45) at iter 198
  Run  2: cost =     5.5530 (seed=1781677974)
New best goal cost found: 4.98767 (node 72) at iter 243
  Run  3: cost =     4.9877 (seed=1781677975)
New best goal cost found: 11.0129 (node 90) at iter 458
New best goal cost found: 9.55233 (node 244) at iter 1023
  Run  4: cost =     9.5523 (seed=1781677976)
New best goal cost found: 3.71045 (node 56) at iter 325
New best goal cost found: 3.61577 (node 62) at iter 337
New best goal cost found: 3.58025 (node 87) at iter 388
New best goal cost found: 3.39721 (node 89) at iter 392
  Run  5: cost =     3.3972 (seed=1781677977)
New best goal cost found: 9.75038 (node 91) at iter 429
New best goal cost found: 9.68629 (node 134) at iter 636
New best goal cost found: 9.53901 (node 137) at iter 653
  Run  6: cost =     9.5390 (seed=1781677978)
New best goal cost found: 5.83648 (node 49) at iter 224
New best goal cost found: 5.82428 (node 330) at iter 1114
  Run  7: cost =     5.8243 (seed=1781677979)
New best goal cost found: 7.5044 (node 44) at iter 161
New best goal cost found: 7.41116 (node 58) at iter 206
  Run  8: cost =     7.4112 (seed=1781677980)
New best goal cost found: 8.18385 (node 206) at iter 1315
New best goal cost found: 7.46592 (node 250) at iter 1539
  Run  9: cost =     7.4659 (seed=1781677981)
New best goal cost found: 11.4387 (node 145) at iter 490
New best goal cost found: 7.1761 (node 200) at iter 700
  Run 10: cost =     7.1761 (seed=1781677982)
New best goal cost found: 10.7791 (node 157) at iter 865
  Run 11: cost =    10.7791 (seed=1781677983)
New best goal cost found: 8.64319 (node 125) at iter 529
New best goal cost found: 8.64036 (node 136) at iter 567
New best goal cost found: 8.29019 (node 287) at iter 1083
  Run 12: cost =     8.2902 (seed=1781677984)
New best goal cost found: 9.48721 (node 138) at iter 837
  Run 13: cost =     9.4872 (seed=1781677985)
New best goal cost found: 7.65096 (node 56) at iter 190
New best goal cost found: 7.50577 (node 159) at iter 475
New best goal cost found: 7.42264 (node 206) at iter 642
New best goal cost found: 6.79712 (node 395) at iter 1305
  Run 14: cost =     6.7971 (seed=1781677986)
New best goal cost found: 13.1231 (node 213) at iter 1030
  Run 15: cost =    13.1231 (seed=1781677987)
New best goal cost found: 7.78768 (node 138) at iter 674
New best goal cost found: 7.7876 (node 194) at iter 835
  Run 16: cost =     7.7876 (seed=1781677988)
New best goal cost found: 9.87828 (node 24) at iter 76
New best goal cost found: 8.61531 (node 75) at iter 251
  Run 17: cost =     8.6153 (seed=1781677989)
  Run 18: failed
New best goal cost found: 9.54015 (node 121) at iter 520
New best goal cost found: 7.27058 (node 157) at iter 632
New best goal cost found: 6.5494 (node 207) at iter 785
  Run 19: cost =     6.5494 (seed=1781677991)
Best path found at iter 392 in 0.001386 seconds within the winning RRT run.

Globally best cost: 3.3972 (seed=1781677977)
Best run rejections: dist=0, rot=0, col=1349, dup=514

=== Final Collision Check (Rectangular Footprint) ===
  WP    x        y        theta    Status    
  0       0.672   -0.276    2.103  Free      
  1       0.419    0.154    2.103  Free      
  2       0.419    0.154    3.012  Free      
  3       0.478    0.611    3.012  Free      
  4       0.526    0.979    3.012  Free      
  5       0.526    0.979    2.137  Free      
  6       0.375    1.216    2.137  Free      
  All waypoints are collision-free (Rectangular Footprint).
Wrote 7 waypoints to /home/unitree-arka/Navigation_Dataset/waypoints/se2_waypoints_49.txt
Saved navigation dataset for run_idx=49
  Current poses       : /home/unitree-arka/Navigation_Dataset/Present_Robot_Pose/curr_pose_49.txt
  Target poses        : /home/unitree-arka/Navigation_Dataset/Target_Pose/local_target_pose_49.txt
  Local obstacle info : /home/unitree-arka/Navigation_Dataset/Local_Obstacle_Info/local_obs_49.txt
  Local goal info     : /home/unitree-arka/Navigation_Dataset/Local_Goal_Info/local_goal_info_49.txt
  Planning time       : /home/unitree-arka/Navigation_Dataset/Timestep/plan_time_49.txt
  Query config        : /home/unitree-arka/Navigation_Dataset/query/query_49.cfg

=== Controls (6 commands, step_time=1.0s) ===
  Seg      vx(m/s)     vy(m/s)  vth(rad/s)    dur(s)
  0         0.5000      0.0000      0.0000       1.0
  1         0.0000      0.0000      0.9089       1.0
  2         0.0000     -0.4607      0.0000       1.0
  3         0.0000     -0.3707      0.0000       1.0
  4         0.0000      0.0000     -0.8755       1.0
  5         0.2814      0.0000      0.0000       1.0
Wrote 6 controls to /home/unitree-arka/Navigation_Dataset/controls/controls_49.txt
