Diffusion inference seed: 42
Loading navigation diffusion model on cuda.
number of parameters: 3.710467e+06
Navigation diffusion server is ready.
Loading config: planner.cfg
Loading config: query.cfg
Using diffusion comparison output directory: /home/unitree-arka/Single_Step_Position_Change/Navigation_Dataset/Comparison_Values/Comparison_3/Diffusion_RRT_3/diff_rrt_4026

=== SE(2) RRT Blossom Planner ===
  Start      : (0.959, -0.290, 1.286)
  Goal       : (0.884, 1.634, [Any])
  Robot R    : 0.250 m
  Safety     : 0.100 m
  Inflation  : 0.350 m
  Step time  : 1.0 s
  Obstacles  : 2
    [0] centre=(1.239, 0.695) th=-2.799  L=0.250 W=0.350
    [1] centre=(-0.013, 0.779) th=-2.059  L=0.570 W=0.420
  Map        : X[-0.5, 1.5]  Y[-0.5, 2.0]
  Goal Tol   : 0.200 m

Starting diffusion server with seed 42.
Python diffusion server handshake completed.

=== Executing 1 RRT search attempts ===
New best goal cost found: 12.3758 (node 129) at iter 90
New best goal cost found: 12.342 (node 148) at iter 106
New best goal cost found: 10.4742 (node 245) at iter 170
DIAG_search_termination=goal_reached
DIAG_primary_failure_reason=none
DIAG_duplicate_nodes_found=23
DIAG_candidate_nodes_collision_checked=550
DIAG_collision_check_calls=1013
DIAG_collision_rejections=87
DIAG_endpoint_collision_rejections=87
DIAG_rotation_collision_rejections=0
DIAG_segment_collision_rejections=0
DIAG_angular_no_progress_rejections=69
DIAG_positional_no_progress_rejections=42
DIAG_local_target_failures=0
DIAG_observation_failures=0
DIAG_inference_failures=0
DIAG_diffusion_action_requests=550
DIAG_accepted_rollout_nodes=352
DIAG_successful_extensions=131
DIAG_failed_extensions=119
DIAG_sample_reached_stops=52
DIAG_tree_nodes_generated=330
  Run  0: cost =    10.4742 (seed=601)
Best path found at iter 170 in 55.537362 seconds within the winning RRT run.

Globally best cost: 10.4742 (seed=601)
Best run rejections: col=87, dup=23

=== Final Collision Check (Rectangular Footprint) ===
  WP    x        y        theta    Status    
  0       0.959   -0.290    1.286  Free      
  1       1.051    0.025    1.286  Free      
  2       1.051    0.025    2.136  Free      
  3       0.792    0.435    2.136  Free      
  4       0.792    0.435    2.974  Free      
  5       0.792    0.435   -2.835  Free      
  6       0.792    0.435   -2.177  Free      
  7       0.792    0.435   -1.403  Free      
  8       0.792    0.435   -1.098  Free      
  9       0.792    0.435   -1.041  Free      
  10      0.792    0.435   -0.577  Free      
  11      0.792    0.435    0.135  Free      
  12      0.792    0.435    1.029  Free      
  13      0.792    0.435    1.719  Free      
  14      0.742    0.769    1.719  Free      
  15      0.668    1.264    1.719  Free      
  16      0.596    1.747    1.719  Free      
  17      0.596    1.747    1.060  Free      
  18      0.596    1.747    0.271  Free      
  19      0.700    1.777    0.275  Free      
  20      0.769    1.796    0.275  Free      
  All waypoints are collision-free (Rectangular Footprint).
Wrote 21 waypoints to /home/unitree-arka/Single_Step_Position_Change/Navigation_Dataset/Comparison_Values/Comparison_3/Diffusion_RRT_3/diff_rrt_4026/Diffusion_se2_waypoints_4026.txt

=== Controls (20 commands, step_time=1.0s) ===
  Seg      vx(m/s)     vy(m/s)  vth(rad/s)    dur(s)
  0         0.3281      0.0000      0.0000       1.0
  1         0.0000      0.0000      0.8496       1.0
  2         0.4844      0.0000      0.0000       1.0
  3         0.0000      0.0000      0.8380       1.0
  4         0.0000      0.0000      0.4749       1.0
  5         0.0000      0.0000      0.6581       1.0
  6         0.0000      0.0000      0.7735       1.0
  7         0.0000      0.0000      0.3047       1.0
  8         0.0000      0.0000      0.0568       1.0
  9         0.0000      0.0000      0.4649       1.0
  10        0.0000      0.0000      0.7116       1.0
  11        0.0000      0.0000      0.8935       1.0
  12        0.0000      0.0000      0.6902       1.0
  13        0.3383      0.0000      0.0000       1.0
  14        0.5000      0.0000      0.0000       1.0
  15        0.4888      0.0000      0.0000       1.0
  16        0.0000      0.0000     -0.6590       1.0
  17        0.0000      0.0000     -0.7885       1.0
  18        0.0000      0.0000      0.0042       1.0
  19        0.0712      0.0000      0.0000       1.0
Wrote 20 controls to /home/unitree-arka/Single_Step_Position_Change/Navigation_Dataset/Comparison_Values/Comparison_3/Diffusion_RRT_3/diff_rrt_4026/Diffusion_controls_4026.txt
