Diffusion inference seed: 42
Loading navigation diffusion model on cuda.
number of parameters: 3.710467e+06
Navigation diffusion server is ready.
Loading config: planner.cfg
Loading config: query.cfg
Using diffusion comparison output directory: /home/unitree-arka/Single_Step_Position_Change/Navigation_Dataset/Comparison_Values/Comparison_1/Lateral_Diff_RRT_1/lateral_diff_rrt_5008

=== SE(2) RRT Blossom Planner ===
  Start      : (0.750, -0.248, 1.443)
  Goal       : (0.236, 1.618, [Any])
  Robot R    : 0.250 m
  Safety     : 0.100 m
  Inflation  : 0.350 m
  Step time  : 1.0 s
  Obstacles  : 2
    [0] centre=(1.006, 0.510) th=-0.106  L=0.250 W=0.350
    [1] centre=(-0.159, 0.874) th=-2.274  L=0.570 W=0.420
  Map        : X[-0.5, 1.5]  Y[-0.5, 2.0]
  Goal Tol   : 0.200 m

Starting diffusion server with seed 42.
Python diffusion server handshake completed.

=== Executing 1 RRT search attempts ===
New best goal cost found: 14.3268 (node 169) at iter 127
New best goal cost found: 11.2828 (node 290) at iter 220
New best goal cost found: 11.1352 (node 303) at iter 229
DIAG_search_termination=goal_reached
DIAG_primary_failure_reason=none
DIAG_duplicate_nodes_found=24
DIAG_candidate_nodes_collision_checked=549
DIAG_collision_check_calls=1009
DIAG_collision_rejections=97
DIAG_endpoint_collision_rejections=89
DIAG_rotation_collision_rejections=8
DIAG_segment_collision_rejections=0
DIAG_angular_no_progress_rejections=62
DIAG_positional_no_progress_rejections=43
DIAG_local_target_failures=0
DIAG_observation_failures=0
DIAG_inference_failures=0
DIAG_diffusion_action_requests=549
DIAG_accepted_rollout_nodes=347
DIAG_successful_extensions=150
DIAG_failed_extensions=100
DIAG_sample_reached_stops=48
DIAG_lateral_extension_requests=18
DIAG_successful_lateral_extensions=10
DIAG_failed_lateral_extensions=8
DIAG_tree_nodes_generated=324
  Run  0: cost =    11.1352 (seed=809)
Best path found at iter 229 in 71.000179 seconds within the winning RRT run.

Globally best cost: 11.1352 (seed=809)
Best run rejections: col=97, dup=24

=== Final Collision Check (Rectangular Footprint) ===
  WP    x        y        theta    Status    
  0       0.750   -0.248    1.443  Free      
  1       0.750   -0.248    2.490  Free      
  2       0.352    0.055    2.490  Free      
  3       0.132    0.223    2.490  Free      
  4       0.132    0.223    1.447  Free      
  5       0.132    0.223    2.425  Free      
  6       0.132    0.223   -3.006  Free      
  7       0.132    0.223    2.929  Free      
  8       0.132    0.223    1.904  Free      
  9       0.132    0.223    0.939  Free      
  10      0.425    0.623    0.939  Free      
  11      0.718    1.024    0.939  Free      
  12      1.006    1.417    0.939  Free      
  13      1.006    1.417    1.892  Free      
  14      1.006    1.417    2.905  Free      
  15      0.520    1.534    2.905  Free      
  16      0.372    1.569    2.905  Free      
  All waypoints are collision-free (Rectangular Footprint).
Wrote 17 waypoints to /home/unitree-arka/Single_Step_Position_Change/Navigation_Dataset/Comparison_Values/Comparison_1/Lateral_Diff_RRT_1/lateral_diff_rrt_5008/Diffusion_se2_waypoints_5008.txt

=== Controls (16 commands, step_time=1.0s) ===
  Seg      vx(m/s)     vy(m/s)  vth(rad/s)    dur(s)
  0         0.0000      0.0000      1.0472       1.0
  1         0.4997      0.0000      0.0000       1.0
  2         0.2774      0.0000      0.0000       1.0
  3         0.0000      0.0000     -1.0437       1.0
  4         0.0000      0.0000      0.9778       1.0
  5         0.0000      0.0000      0.8530       1.0
  6         0.0000      0.0000     -0.3488       1.0
  7         0.0000      0.0000     -1.0248       1.0
  8         0.0000      0.0000     -0.9652       1.0
  9         0.4961      0.0000      0.0000       1.0
  10        0.4963      0.0000      0.0000       1.0
  11        0.4872      0.0000      0.0000       1.0
  12        0.0000      0.0000      0.9533       1.0
  13        0.0000      0.0000      1.0130       1.0
  14        0.5000      0.0000      0.0000       1.0
  15        0.1520      0.0000      0.0000       1.0
Wrote 16 controls to /home/unitree-arka/Single_Step_Position_Change/Navigation_Dataset/Comparison_Values/Comparison_1/Lateral_Diff_RRT_1/lateral_diff_rrt_5008/Diffusion_controls_5008.txt
