Diffusion inference seed: 42
Loading navigation diffusion model on cuda.
number of parameters: 3.710467e+06
Navigation diffusion server is ready.
Loading config: planner.cfg
Loading config: query.cfg
Using diffusion comparison output directory: /home/unitree-arka/Single_Step_Position_Change/Navigation_Dataset/Comparison_Values/Comparison_2/Diffusion_RRT_2/diff_rrt_4018

=== SE(2) RRT Blossom Planner ===
  Start      : (0.611, -0.228, 1.722)
  Goal       : (0.606, 1.497, [Any])
  Robot R    : 0.250 m
  Safety     : 0.100 m
  Inflation  : 0.350 m
  Step time  : 1.0 s
  Obstacles  : 2
    [0] centre=(0.981, 0.471) th=-0.091  L=0.250 W=0.350
    [1] centre=(-0.200, 0.836) th=-1.591  L=0.570 W=0.420
  Map        : X[-0.5, 1.5]  Y[-0.5, 2.0]
  Goal Tol   : 0.200 m

Starting diffusion server with seed 42.
Python diffusion server handshake completed.

=== Executing 1 RRT search attempts ===
New best goal cost found: 4.6241 (node 16) at iter 5
DIAG_search_termination=goal_reached
DIAG_primary_failure_reason=none
DIAG_duplicate_nodes_found=37
DIAG_candidate_nodes_collision_checked=605
DIAG_collision_check_calls=1154
DIAG_collision_rejections=58
DIAG_endpoint_collision_rejections=56
DIAG_rotation_collision_rejections=2
DIAG_segment_collision_rejections=0
DIAG_angular_no_progress_rejections=72
DIAG_positional_no_progress_rejections=67
DIAG_local_target_failures=0
DIAG_observation_failures=0
DIAG_inference_failures=0
DIAG_diffusion_action_requests=605
DIAG_accepted_rollout_nodes=408
DIAG_successful_extensions=146
DIAG_failed_extensions=104
DIAG_sample_reached_stops=53
DIAG_tree_nodes_generated=372
  Run  0: cost =     4.6241 (seed=809)
Best path found at iter 5 in 4.132766 seconds within the winning RRT run.

Globally best cost: 4.6241 (seed=809)
Best run rejections: col=58, dup=37

=== Final Collision Check (Rectangular Footprint) ===
  WP    x        y        theta    Status    
  0       0.611   -0.228    1.722  Free      
  1       0.537    0.258    1.722  Free      
  2       0.462    0.751    1.722  Free      
  3       0.386    1.245    1.722  Free      
  4       0.386    1.245    2.669  Free      
  5       0.386    1.245    1.699  Free      
  6       0.386    1.245    0.882  Free      
  7       0.640    1.554    0.882  Free      
  All waypoints are collision-free (Rectangular Footprint).
Wrote 8 waypoints to /home/unitree-arka/Single_Step_Position_Change/Navigation_Dataset/Comparison_Values/Comparison_2/Diffusion_RRT_2/diff_rrt_4018/Diffusion_se2_waypoints_4018.txt

=== Controls (7 commands, step_time=1.0s) ===
  Seg      vx(m/s)     vy(m/s)  vth(rad/s)    dur(s)
  0         0.4920      0.0000      0.0000       1.0
  1         0.4986      0.0000      0.0000       1.0
  2         0.5000      0.0000      0.0000       1.0
  3         0.0000      0.0000      0.9470       1.0
  4         0.0000      0.0000     -0.9703       1.0
  5         0.0000      0.0000     -0.8163       1.0
  6         0.3998      0.0000      0.0000       1.0
Wrote 7 controls to /home/unitree-arka/Single_Step_Position_Change/Navigation_Dataset/Comparison_Values/Comparison_2/Diffusion_RRT_2/diff_rrt_4018/Diffusion_controls_4018.txt
