Diffusion inference seed: 42
Loading navigation diffusion model on cuda.
number of parameters: 3.710467e+06
Navigation diffusion server is ready.
Loading config: planner.cfg
Loading config: query.cfg
Using diffusion comparison output directory: /home/unitree-arka/Single_Step_Position_Change/Navigation_Dataset/Comparison_Values/Comparison_1/Lateral_Diff_RRT_1/lateral_diff_rrt_5003

=== SE(2) RRT Blossom Planner ===
  Start      : (0.750, -0.248, 1.443)
  Goal       : (0.236, 1.618, [Any])
  Robot R    : 0.250 m
  Safety     : 0.100 m
  Inflation  : 0.350 m
  Step time  : 1.0 s
  Obstacles  : 2
    [0] centre=(1.006, 0.510) th=-0.106  L=0.250 W=0.350
    [1] centre=(-0.159, 0.874) th=-2.274  L=0.570 W=0.420
  Map        : X[-0.5, 1.5]  Y[-0.5, 2.0]
  Goal Tol   : 0.200 m

Starting diffusion server with seed 42.
Python diffusion server handshake completed.

=== Executing 1 RRT search attempts ===
New best goal cost found: 11.4576 (node 123) at iter 81
DIAG_search_termination=goal_reached
DIAG_primary_failure_reason=none
DIAG_duplicate_nodes_found=28
DIAG_candidate_nodes_collision_checked=564
DIAG_collision_check_calls=1044
DIAG_collision_rejections=86
DIAG_endpoint_collision_rejections=84
DIAG_rotation_collision_rejections=2
DIAG_segment_collision_rejections=0
DIAG_angular_no_progress_rejections=53
DIAG_positional_no_progress_rejections=51
DIAG_local_target_failures=0
DIAG_observation_failures=0
DIAG_inference_failures=0
DIAG_diffusion_action_requests=564
DIAG_accepted_rollout_nodes=374
DIAG_successful_extensions=135
DIAG_failed_extensions=115
DIAG_sample_reached_stops=59
DIAG_lateral_extension_requests=33
DIAG_successful_lateral_extensions=22
DIAG_failed_lateral_extensions=11
DIAG_tree_nodes_generated=347
  Run  0: cost =    11.4576 (seed=307)
Best path found at iter 81 in 27.970039 seconds within the winning RRT run.

Globally best cost: 11.4576 (seed=307)
Best run rejections: col=86, dup=28

=== Final Collision Check (Rectangular Footprint) ===
  WP    x        y        theta    Status    
  0       0.750   -0.248    1.443  Free      
  1       0.338   -0.195    1.443  Free      
  2       0.338   -0.195    2.378  Free      
  3       0.032    0.097    2.378  Free      
  4       0.032    0.097    1.383  Free      
  5       0.032    0.097    0.456  Free      
  6       0.337    0.247    0.456  Free      
  7       0.337    0.247    1.223  Free      
  8       0.506    0.712    1.223  Free      
  9       0.506    0.712    2.177  Free      
  10      0.506    0.712    1.204  Free      
  11      0.685    1.178    1.204  Free      
  12      0.685    1.178    0.257  Free      
  13      0.685    1.178    0.918  Free      
  14      0.685    1.178    1.707  Free      
  15      0.685    1.178    2.551  Free      
  16      0.275    1.453    2.551  Free      
  All waypoints are collision-free (Rectangular Footprint).
Wrote 17 waypoints to /home/unitree-arka/Single_Step_Position_Change/Navigation_Dataset/Comparison_Values/Comparison_1/Lateral_Diff_RRT_1/lateral_diff_rrt_5003/Diffusion_se2_waypoints_5003.txt

=== Controls (16 commands, step_time=1.0s) ===
  Seg      vx(m/s)     vy(m/s)  vth(rad/s)    dur(s)
  0         0.0000      0.4154      0.0000       1.0
  1         0.0000      0.0000      0.9344       1.0
  2         0.4231      0.0000      0.0000       1.0
  3         0.0000      0.0000     -0.9944       1.0
  4         0.0000      0.0000     -0.9278       1.0
  5         0.3394      0.0000      0.0000       1.0
  6         0.0000      0.0000      0.7675       1.0
  7         0.4944      0.0000      0.0000       1.0
  8         0.0000      0.0000      0.9540       1.0
  9         0.0000      0.0000     -0.9726       1.0
  10        0.5000      0.0000      0.0000       1.0
  11        0.0000      0.0000     -0.9473       1.0
  12        0.0000      0.0000      0.6604       1.0
  13        0.0000      0.0000      0.7897       1.0
  14        0.0000      0.0000      0.8442       1.0
  15        0.4929      0.0000      0.0000       1.0
Wrote 16 controls to /home/unitree-arka/Single_Step_Position_Change/Navigation_Dataset/Comparison_Values/Comparison_1/Lateral_Diff_RRT_1/lateral_diff_rrt_5003/Diffusion_controls_5003.txt
