Diffusion inference seed: 42
Loading navigation diffusion model on cuda.
number of parameters: 3.710467e+06
Navigation diffusion server is ready.
Loading config: planner.cfg
Loading config: query.cfg
Using diffusion comparison output directory: /home/unitree-arka/Single_Step_Position_Change/Navigation_Dataset/Comparison_Values/Comparison_3/Lateral_Diff_RRT_3/lateral_diff_rrt_5029

=== SE(2) RRT Blossom Planner ===
  Start      : (0.959, -0.290, 1.286)
  Goal       : (0.884, 1.634, [Any])
  Robot R    : 0.250 m
  Safety     : 0.100 m
  Inflation  : 0.350 m
  Step time  : 1.0 s
  Obstacles  : 2
    [0] centre=(1.239, 0.695) th=-2.799  L=0.250 W=0.350
    [1] centre=(-0.013, 0.779) th=-2.059  L=0.570 W=0.420
  Map        : X[-0.5, 1.5]  Y[-0.5, 2.0]
  Goal Tol   : 0.200 m

Starting diffusion server with seed 42.
Python diffusion server handshake completed.

=== Executing 1 RRT search attempts ===
New best goal cost found: 8.93984 (node 61) at iter 44
DIAG_search_termination=goal_reached
DIAG_primary_failure_reason=none
DIAG_duplicate_nodes_found=15
DIAG_candidate_nodes_collision_checked=512
DIAG_collision_check_calls=936
DIAG_collision_rejections=104
DIAG_endpoint_collision_rejections=88
DIAG_rotation_collision_rejections=16
DIAG_segment_collision_rejections=0
DIAG_angular_no_progress_rejections=56
DIAG_positional_no_progress_rejections=41
DIAG_local_target_failures=0
DIAG_observation_failures=0
DIAG_inference_failures=0
DIAG_diffusion_action_requests=512
DIAG_accepted_rollout_nodes=311
DIAG_successful_extensions=129
DIAG_failed_extensions=121
DIAG_sample_reached_stops=49
DIAG_lateral_extension_requests=34
DIAG_successful_lateral_extensions=13
DIAG_failed_lateral_extensions=21
DIAG_tree_nodes_generated=297
  Run  0: cost =     8.9398 (seed=907)
Best path found at iter 44 in 20.455646 seconds within the winning RRT run.

Globally best cost: 8.9398 (seed=907)
Best run rejections: col=104, dup=15

=== Final Collision Check (Rectangular Footprint) ===
  WP    x        y        theta    Status    
  0       0.959   -0.290    1.286  Free      
  1       1.051    0.025    1.286  Free      
  2       1.051    0.025    2.323  Free      
  3       1.051    0.025    3.020  Free      
  4       1.051    0.025   -2.397  Free      
  5       1.051    0.025   -2.864  Free      
  6       1.051    0.025    2.595  Free      
  7       0.624    0.285    2.595  Free      
  8       0.624    0.285    1.548  Free      
  9       0.635    0.782    1.548  Free      
  10      0.635    0.782    0.585  Free      
  11      0.635    0.782    1.494  Free      
  12      0.674    1.278    1.494  Free      
  13      0.697    1.583    1.494  Free      
  All waypoints are collision-free (Rectangular Footprint).
Wrote 14 waypoints to /home/unitree-arka/Single_Step_Position_Change/Navigation_Dataset/Comparison_Values/Comparison_3/Lateral_Diff_RRT_3/lateral_diff_rrt_5029/Diffusion_se2_waypoints_5029.txt

=== Controls (13 commands, step_time=1.0s) ===
  Seg      vx(m/s)     vy(m/s)  vth(rad/s)    dur(s)
  0         0.3281      0.0000      0.0000       1.0
  1         0.0000      0.0000      1.0366       1.0
  2         0.0000      0.0000      0.6975       1.0
  3         0.0000      0.0000      0.8663       1.0
  4         0.0000      0.0000     -0.4674       1.0
  5         0.0000      0.0000     -0.8240       1.0
  6         0.5000      0.0000      0.0000       1.0
  7         0.0000      0.0000     -1.0472       1.0
  8         0.4966      0.0000      0.0000       1.0
  9         0.0000      0.0000     -0.9634       1.0
  10        0.0000      0.0000      0.9090       1.0
  11        0.4982      0.0000      0.0000       1.0
  12        0.3056      0.0000      0.0000       1.0
Wrote 13 controls to /home/unitree-arka/Single_Step_Position_Change/Navigation_Dataset/Comparison_Values/Comparison_3/Lateral_Diff_RRT_3/lateral_diff_rrt_5029/Diffusion_controls_5029.txt
