Diffusion inference seed: 42
Loading navigation diffusion model on cuda.
number of parameters: 3.710467e+06
Navigation diffusion server is ready.
Loading config: planner.cfg
Loading config: query.cfg
Using diffusion comparison output directory: /home/unitree-arka/Single_Step_Position_Change/Navigation_Dataset/Comparison_Values/Comparison_1/Lateral_Diff_RRT_1/lateral_diff_rrt_5001

=== SE(2) RRT Blossom Planner ===
  Start      : (0.750, -0.248, 1.443)
  Goal       : (0.236, 1.618, [Any])
  Robot R    : 0.250 m
  Safety     : 0.100 m
  Inflation  : 0.350 m
  Step time  : 1.0 s
  Obstacles  : 2
    [0] centre=(1.006, 0.510) th=-0.106  L=0.250 W=0.350
    [1] centre=(-0.159, 0.874) th=-2.274  L=0.570 W=0.420
  Map        : X[-0.5, 1.5]  Y[-0.5, 2.0]
  Goal Tol   : 0.200 m

Starting diffusion server with seed 42.
Python diffusion server handshake completed.

=== Executing 1 RRT search attempts ===
New best goal cost found: 8.99498 (node 58) at iter 27
New best goal cost found: 8.82752 (node 91) at iter 47
DIAG_search_termination=goal_reached
DIAG_primary_failure_reason=none
DIAG_duplicate_nodes_found=20
DIAG_candidate_nodes_collision_checked=569
DIAG_collision_check_calls=1063
DIAG_collision_rejections=84
DIAG_endpoint_collision_rejections=75
DIAG_rotation_collision_rejections=9
DIAG_segment_collision_rejections=0
DIAG_angular_no_progress_rejections=50
DIAG_positional_no_progress_rejections=50
DIAG_local_target_failures=0
DIAG_observation_failures=0
DIAG_inference_failures=0
DIAG_diffusion_action_requests=569
DIAG_accepted_rollout_nodes=385
DIAG_successful_extensions=133
DIAG_failed_extensions=117
DIAG_sample_reached_stops=65
DIAG_lateral_extension_requests=26
DIAG_successful_lateral_extensions=15
DIAG_failed_lateral_extensions=11
DIAG_tree_nodes_generated=366
  Run  0: cost =     8.8275 (seed=101)
Best path found at iter 47 in 18.379702 seconds within the winning RRT run.

Globally best cost: 8.8275 (seed=101)
Best run rejections: col=84, dup=20

=== Final Collision Check (Rectangular Footprint) ===
  WP    x        y        theta    Status    
  0       0.750   -0.248    1.443  Free      
  1       0.750   -0.248    0.628  Free      
  2       0.750   -0.248    1.563  Free      
  3       0.750   -0.248    2.582  Free      
  4       0.378   -0.015    2.582  Free      
  5       0.378   -0.015   -2.797  Free      
  6       0.378   -0.015    2.483  Free      
  7       0.378   -0.015    1.436  Free      
  8       0.444    0.470    1.436  Free      
  9       0.485    0.773    1.436  Free      
  10      0.551    1.258    1.436  Free      
  11      0.551    1.258    2.483  Free      
  12      0.288    1.462    2.483  Free      
  All waypoints are collision-free (Rectangular Footprint).
Wrote 13 waypoints to /home/unitree-arka/Single_Step_Position_Change/Navigation_Dataset/Comparison_Values/Comparison_1/Lateral_Diff_RRT_1/lateral_diff_rrt_5001/Diffusion_se2_waypoints_5001.txt

=== Controls (12 commands, step_time=1.0s) ===
  Seg      vx(m/s)     vy(m/s)  vth(rad/s)    dur(s)
  0         0.0000      0.0000     -0.8151       1.0
  1         0.0000      0.0000      0.9349       1.0
  2         0.0000      0.0000      1.0192       1.0
  3         0.4389      0.0000      0.0000       1.0
  4         0.0000      0.0000      0.9038       1.0
  5         0.0000      0.0000     -1.0032       1.0
  6         0.0000      0.0000     -1.0472       1.0
  7         0.4900      0.0000      0.0000       1.0
  8         0.3058      0.0000      0.0000       1.0
  9         0.4896      0.0000      0.0000       1.0
  10        0.0000      0.0000      1.0472       1.0
  11        0.3325      0.0000      0.0000       1.0
Wrote 12 controls to /home/unitree-arka/Single_Step_Position_Change/Navigation_Dataset/Comparison_Values/Comparison_1/Lateral_Diff_RRT_1/lateral_diff_rrt_5001/Diffusion_controls_5001.txt
