Diffusion inference seed: 42
Loading navigation diffusion model on cuda.
number of parameters: 3.710467e+06
Navigation diffusion server is ready.
Loading config: planner.cfg
Loading config: query.cfg
Using diffusion comparison output directory: /home/unitree-arka/Single_Step_Position_Change/Navigation_Dataset/Comparison_Values/Comparison_1/Diffusion_RRT_1/diff_rrt_4001

=== SE(2) RRT Blossom Planner ===
  Start      : (0.750, -0.248, 1.443)
  Goal       : (0.236, 1.618, [Any])
  Robot R    : 0.250 m
  Safety     : 0.100 m
  Inflation  : 0.350 m
  Step time  : 1.0 s
  Obstacles  : 2
    [0] centre=(1.006, 0.510) th=-0.106  L=0.250 W=0.350
    [1] centre=(-0.159, 0.874) th=-2.274  L=0.570 W=0.420
  Map        : X[-0.5, 1.5]  Y[-0.5, 2.0]
  Goal Tol   : 0.200 m

Starting diffusion server with seed 42.
Python diffusion server handshake completed.

=== Executing 1 RRT search attempts ===
New best goal cost found: 11.4172 (node 149) at iter 54
New best goal cost found: 11.3451 (node 153) at iter 63
New best goal cost found: 8.29424 (node 324) at iter 158
DIAG_search_termination=goal_reached
DIAG_primary_failure_reason=none
DIAG_duplicate_nodes_found=32
DIAG_candidate_nodes_collision_checked=665
DIAG_collision_check_calls=1261
DIAG_collision_rejections=72
DIAG_endpoint_collision_rejections=69
DIAG_rotation_collision_rejections=3
DIAG_segment_collision_rejections=0
DIAG_angular_no_progress_rejections=65
DIAG_positional_no_progress_rejections=46
DIAG_local_target_failures=0
DIAG_observation_failures=0
DIAG_inference_failures=0
DIAG_diffusion_action_requests=665
DIAG_accepted_rollout_nodes=482
DIAG_successful_extensions=140
DIAG_failed_extensions=110
DIAG_sample_reached_stops=65
DIAG_tree_nodes_generated=451
  Run  0: cost =     8.2942 (seed=101)
Best path found at iter 158 in 72.723332 seconds within the winning RRT run.

Globally best cost: 8.2942 (seed=101)
Best run rejections: col=72, dup=32

=== Final Collision Check (Rectangular Footprint) ===
  WP    x        y        theta    Status    
  0       0.750   -0.248    1.443  Free      
  1       0.750   -0.248    2.377  Free      
  2       0.389    0.098    2.377  Free      
  3       0.389    0.098    1.403  Free      
  4       0.471    0.584    1.403  Free      
  5       0.471    0.584    0.450  Free      
  6       0.471    0.584   -0.353  Free      
  7       0.471    0.584    0.340  Free      
  8       0.471    0.584    1.250  Free      
  9       0.629    1.059    1.250  Free      
  10      0.629    1.059    2.285  Free      
  11      0.302    1.436    2.285  Free      
  All waypoints are collision-free (Rectangular Footprint).
Wrote 12 waypoints to /home/unitree-arka/Single_Step_Position_Change/Navigation_Dataset/Comparison_Values/Comparison_1/Diffusion_RRT_1/diff_rrt_4001/Diffusion_se2_waypoints_4001.txt

=== Controls (11 commands, step_time=1.0s) ===
  Seg      vx(m/s)     vy(m/s)  vth(rad/s)    dur(s)
  0         0.0000      0.0000      0.9336       1.0
  1         0.5000      0.0000      0.0000       1.0
  2         0.0000      0.0000     -0.9735       1.0
  3         0.4930      0.0000      0.0000       1.0
  4         0.0000      0.0000     -0.9535       1.0
  5         0.0000      0.0000     -0.8029       1.0
  6         0.0000      0.0000      0.6930       1.0
  7         0.0000      0.0000      0.9099       1.0
  8         0.5000      0.0000      0.0000       1.0
  9         0.0000      0.0000      1.0354       1.0
  10        0.4994      0.0000      0.0000       1.0
Wrote 11 controls to /home/unitree-arka/Single_Step_Position_Change/Navigation_Dataset/Comparison_Values/Comparison_1/Diffusion_RRT_1/diff_rrt_4001/Diffusion_controls_4001.txt
