Loading config: planner.cfg
Loading config: query.cfg
Using comparison output directory: /home/unitree-arka/Single_Step_Position_Change/Navigation_Dataset/Comparison_Values/Comparison_3/RRT_3/rrt_run_3027

=== SE(2) RRT Blossom Planner ===
  Start      : (0.959, -0.290, 1.286)
  Goal       : (0.884, 1.634, [Any])
  Robot R    : 0.250 m
  Safety     : 0.100 m
  Inflation  : 0.350 m
  Step time  : 1.0 s
  Obstacles  : 2
    [0] centre=(1.239, 0.695) th=-2.799  L=0.250 W=0.350
    [1] centre=(-0.013, 0.779) th=-2.059  L=0.570 W=0.420
  Map        : X[-0.5, 1.5]  Y[-0.5, 2.0]
  Goal Tol   : 0.200 m


=== Executing 1 RRT search attempts ===
New best goal cost found: 8.48146 (node 29) at iter 123
New best goal cost found: 8.47709 (node 70) at iter 225
New best goal cost found: 8.33544 (node 133) at iter 394
  Run  0: cost =     8.3354 (seed=701)
Best path found at iter 394 in 0.002160 seconds within the winning RRT run.

Globally best cost: 8.3354 (seed=701)
Best run rejections: dist=314, rot=0, col=1232, dup=1794

=== Final Collision Check (Rectangular Footprint) ===
  WP    x        y        theta    Status    
  0       0.959   -0.290    1.286  Free      
  1       0.959   -0.290    2.333  Free      
  2       0.613    0.072    2.333  Free      
  3       0.613    0.072   -2.903  Free      
  4       0.549    0.337   -2.903  Free      
  5       0.549    0.337   -1.856  Free      
  6       0.549    0.337   -0.808  Free      
  7       0.549    0.337    0.239  Free      
  8       0.549    0.337    1.286  Free      
  9       0.689    0.817    1.286  Free      
  10      0.830    1.297    1.286  Free      
  11      0.908    1.565    1.286  Free      
  All waypoints are collision-free (Rectangular Footprint).
Wrote 12 waypoints to /home/unitree-arka/Single_Step_Position_Change/Navigation_Dataset/Comparison_Values/Comparison_3/RRT_3/rrt_run_3027/se2_waypoints_3027.txt

=== Controls (11 commands, step_time=1.0s) ===
  Seg      vx(m/s)     vy(m/s)  vth(rad/s)    dur(s)
  0         0.0000      0.0000      1.0472       1.0
  1         0.5000      0.0000      0.0000       1.0
  2         0.0000      0.0000      1.0472       1.0
  3         0.0000     -0.2728      0.0000       1.0
  4         0.0000      0.0000      1.0472       1.0
  5         0.0000      0.0000      1.0472       1.0
  6         0.0000      0.0000      1.0472       1.0
  7         0.0000      0.0000      1.0472       1.0
  8         0.5000      0.0000      0.0000       1.0
  9         0.5000      0.0000      0.0000       1.0
  10        0.2794      0.0000      0.0000       1.0
Wrote 11 controls to /home/unitree-arka/Single_Step_Position_Change/Navigation_Dataset/Comparison_Values/Comparison_3/RRT_3/rrt_run_3027/controls_3027.txt
