Loading config: planner.cfg
Loading config: query.cfg
Using comparison output directory: /home/unitree-arka/Single_Step_Position_Change/Navigation_Dataset/Comparison_Values/Comparison_3/RRT_3/rrt_run_3022

=== SE(2) RRT Blossom Planner ===
  Start      : (0.959, -0.290, 1.286)
  Goal       : (0.884, 1.634, [Any])
  Robot R    : 0.250 m
  Safety     : 0.100 m
  Inflation  : 0.350 m
  Step time  : 1.0 s
  Obstacles  : 2
    [0] centre=(1.239, 0.695) th=-2.799  L=0.250 W=0.350
    [1] centre=(-0.013, 0.779) th=-2.059  L=0.570 W=0.420
  Map        : X[-0.5, 1.5]  Y[-0.5, 2.0]
  Goal Tol   : 0.200 m


=== Executing 1 RRT search attempts ===
New best goal cost found: 4.34453 (node 23) at iter 61
New best goal cost found: 4.31866 (node 49) at iter 119
New best goal cost found: 4.27616 (node 165) at iter 397
  Run  0: cost =     4.2762 (seed=211)
Best path found at iter 397 in 0.001807 seconds within the winning RRT run.

Globally best cost: 4.2762 (seed=211)
Best run rejections: dist=311, rot=0, col=1186, dup=1858

=== Final Collision Check (Rectangular Footprint) ===
  WP    x        y        theta    Status    
  0       0.959   -0.290    1.286  Free      
  1       0.959   -0.290    2.333  Free      
  2       0.613    0.072    2.333  Free      
  3       0.441    0.253    2.333  Free      
  4       0.441    0.253    1.286  Free      
  5       0.581    0.733    1.286  Free      
  6       0.722    1.213    1.286  Free      
  7       0.843    1.627    1.286  Free      
  All waypoints are collision-free (Rectangular Footprint).
Wrote 8 waypoints to /home/unitree-arka/Single_Step_Position_Change/Navigation_Dataset/Comparison_Values/Comparison_3/RRT_3/rrt_run_3022/se2_waypoints_3022.txt

=== Controls (7 commands, step_time=1.0s) ===
  Seg      vx(m/s)     vy(m/s)  vth(rad/s)    dur(s)
  0         0.0000      0.0000      1.0472       1.0
  1         0.5000      0.0000      0.0000       1.0
  2         0.2501      0.0000      0.0000       1.0
  3         0.0000      0.0000     -1.0472       1.0
  4         0.5000      0.0000      0.0000       1.0
  5         0.5000      0.0000      0.0000       1.0
  6         0.4316      0.0000      0.0000       1.0
Wrote 7 controls to /home/unitree-arka/Single_Step_Position_Change/Navigation_Dataset/Comparison_Values/Comparison_3/RRT_3/rrt_run_3022/controls_3022.txt
