Diffusion inference seed: 42
Loading navigation diffusion model on cuda.
number of parameters: 3.710467e+06
Navigation diffusion server is ready.
Loading config: planner.cfg
Loading config: query.cfg
Using diffusion comparison output directory: /home/unitree-arka/Single_Step_Position_Change/Navigation_Dataset/Comparison_Values/Comparison_3/Lateral_Diff_RRT_3/lateral_diff_rrt_5021

=== SE(2) RRT Blossom Planner ===
  Start      : (0.959, -0.290, 1.286)
  Goal       : (0.884, 1.634, [Any])
  Robot R    : 0.250 m
  Safety     : 0.100 m
  Inflation  : 0.350 m
  Step time  : 1.0 s
  Obstacles  : 2
    [0] centre=(1.239, 0.695) th=-2.799  L=0.250 W=0.350
    [1] centre=(-0.013, 0.779) th=-2.059  L=0.570 W=0.420
  Map        : X[-0.5, 1.5]  Y[-0.5, 2.0]
  Goal Tol   : 0.200 m

Starting diffusion server with seed 42.
Python diffusion server handshake completed.

=== Executing 1 RRT search attempts ===
New best goal cost found: 7.19008 (node 24) at iter 9
New best goal cost found: 7.10153 (node 38) at iter 13
DIAG_search_termination=goal_reached
DIAG_primary_failure_reason=none
DIAG_duplicate_nodes_found=19
DIAG_candidate_nodes_collision_checked=548
DIAG_collision_check_calls=1036
DIAG_collision_rejections=63
DIAG_endpoint_collision_rejections=60
DIAG_rotation_collision_rejections=3
DIAG_segment_collision_rejections=0
DIAG_angular_no_progress_rejections=60
DIAG_positional_no_progress_rejections=51
DIAG_local_target_failures=0
DIAG_observation_failures=0
DIAG_inference_failures=0
DIAG_diffusion_action_requests=548
DIAG_accepted_rollout_nodes=374
DIAG_successful_extensions=129
DIAG_failed_extensions=121
DIAG_sample_reached_stops=75
DIAG_lateral_extension_requests=26
DIAG_successful_lateral_extensions=14
DIAG_failed_lateral_extensions=12
DIAG_tree_nodes_generated=356
  Run  0: cost =     7.1015 (seed=101)
Best path found at iter 13 in 7.591499 seconds within the winning RRT run.

Globally best cost: 7.1015 (seed=101)
Best run rejections: col=63, dup=19

=== Final Collision Check (Rectangular Footprint) ===
  WP    x        y        theta    Status    
  0       0.959   -0.290    1.286  Free      
  1       1.051    0.025    1.286  Free      
  2       1.051    0.025    2.114  Free      
  3       1.051    0.025    2.730  Free      
  4       1.051    0.025   -2.654  Free      
  5       1.051    0.025    2.876  Free      
  6       1.051    0.025    1.917  Free      
  7       0.883    0.493    1.917  Free      
  8       0.723    0.937    1.917  Free      
  9       0.553    1.407    1.917  Free      
  10      0.553    1.407    1.066  Free      
  11      0.746    1.756    1.066  Free      
  All waypoints are collision-free (Rectangular Footprint).
Wrote 12 waypoints to /home/unitree-arka/Single_Step_Position_Change/Navigation_Dataset/Comparison_Values/Comparison_3/Lateral_Diff_RRT_3/lateral_diff_rrt_5021/Diffusion_se2_waypoints_5021.txt

=== Controls (11 commands, step_time=1.0s) ===
  Seg      vx(m/s)     vy(m/s)  vth(rad/s)    dur(s)
  0         0.3281      0.0000      0.0000       1.0
  1         0.0000      0.0000      0.8282       1.0
  2         0.0000      0.0000      0.6160       1.0
  3         0.0000      0.0000      0.8988       1.0
  4         0.0000      0.0000     -0.7527       1.0
  5         0.0000      0.0000     -0.9599       1.0
  6         0.4966      0.0000      0.0000       1.0
  7         0.4722      0.0000      0.0000       1.0
  8         0.5000      0.0000      0.0000       1.0
  9         0.0000      0.0000     -0.8505       1.0
  10        0.3987      0.0000      0.0000       1.0
Wrote 11 controls to /home/unitree-arka/Single_Step_Position_Change/Navigation_Dataset/Comparison_Values/Comparison_3/Lateral_Diff_RRT_3/lateral_diff_rrt_5021/Diffusion_controls_5021.txt
