Loading config: planner.cfg
Loading config: query.cfg

=== SE(2) RRT Blossom Planner ===
  Start      : (0.464, -0.238, 1.560)
  Goal       : (0.502, 1.610, [Any])
  Robot R    : 0.250 m
  Safety     : 0.100 m
  Inflation  : 0.350 m
  Step time  : 1.0 s
  Obstacles  : 2
    [0] centre=(1.025, 0.809) th=2.797  L=0.250 W=0.350
    [1] centre=(-0.186, 0.998) th=-2.752  L=0.570 W=0.420
  Map        : X[-0.5, 1.5]  Y[-0.5, 2.0]
  Goal Tol   : 0.200 m


=== Executing 20 RRT search attempts ===
New best goal cost found: 2 (node 6) at iter 13
New best goal cost found: 1.94696 (node 7) at iter 14
  Run  0: cost =     1.9470 (seed=1781594589)
New best goal cost found: 2 (node 42) at iter 70
  Run  1: cost =     2.0000 (seed=1781594590)
New best goal cost found: 2 (node 24) at iter 55
New best goal cost found: 1.81263 (node 70) at iter 160
New best goal cost found: 1.79612 (node 81) at iter 197
  Run  2: cost =     1.7961 (seed=1781594591)
New best goal cost found: 2 (node 13) at iter 19
New best goal cost found: 1.84793 (node 28) at iter 51
  Run  3: cost =     1.8479 (seed=1781594592)
New best goal cost found: 2 (node 33) at iter 56
New best goal cost found: 1.80742 (node 132) at iter 337
  Run  4: cost =     1.8074 (seed=1781594593)
New best goal cost found: 2 (node 12) at iter 23
New best goal cost found: 1.8209 (node 166) at iter 459
  Run  5: cost =     1.8209 (seed=1781594594)
New best goal cost found: 3.84945 (node 11) at iter 17
New best goal cost found: 3.84468 (node 28) at iter 80
  Run  6: cost =     3.8447 (seed=1781594595)
New best goal cost found: 2 (node 12) at iter 14
New best goal cost found: 1.89326 (node 24) at iter 48
  Run  7: cost =     1.8933 (seed=1781594596)
New best goal cost found: 1.83917 (node 10) at iter 18
  Run  8: cost =     1.8392 (seed=1781594597)
New best goal cost found: 4.43466 (node 16) at iter 22
New best goal cost found: 4.3675 (node 30) at iter 51
New best goal cost found: 4.07008 (node 169) at iter 411
New best goal cost found: 1.83462 (node 174) at iter 420
  Run  9: cost =     1.8346 (seed=1781594598)
New best goal cost found: 1.85482 (node 14) at iter 22
  Run 10: cost =     1.8548 (seed=1781594599)
New best goal cost found: 1.8883 (node 26) at iter 53
  Run 11: cost =     1.8883 (seed=1781594600)
New best goal cost found: 4.5136 (node 36) at iter 48
New best goal cost found: 4.41441 (node 64) at iter 141
  Run 12: cost =     4.4144 (seed=1781594601)
New best goal cost found: 3.69981 (node 16) at iter 35
New best goal cost found: 1.84987 (node 28) at iter 57
  Run 13: cost =     1.8499 (seed=1781594602)
New best goal cost found: 4.07459 (node 20) at iter 24
New best goal cost found: 1.83566 (node 37) at iter 60
  Run 14: cost =     1.8357 (seed=1781594603)
New best goal cost found: 1.89747 (node 4) at iter 7
New best goal cost found: 1.65273 (node 42) at iter 102
  Run 15: cost =     1.6527 (seed=1781594604)
New best goal cost found: 1.76043 (node 6) at iter 6
  Run 16: cost =     1.7604 (seed=1781594605)
New best goal cost found: 1.9759 (node 6) at iter 8
  Run 17: cost =     1.9759 (seed=1781594606)
New best goal cost found: 2 (node 11) at iter 11
New best goal cost found: 1.94318 (node 72) at iter 131
New best goal cost found: 1.83909 (node 119) at iter 257
  Run 18: cost =     1.8391 (seed=1781594607)
New best goal cost found: 2.88451 (node 22) at iter 34
New best goal cost found: 2 (node 131) at iter 296
New best goal cost found: 1.76103 (node 257) at iter 682
  Run 19: cost =     1.7610 (seed=1781594608)
Best path found at iter 102 in 0.000383 seconds within the winning RRT run.

Globally best cost: 1.6527 (seed=1781594604)
Best run rejections: dist=0, rot=0, col=1290, dup=610

=== Final Collision Check (Rectangular Footprint) ===
  WP    x        y        theta    Status    
  0       0.464   -0.238    1.560  Free      
  1       0.470    0.262    1.560  Free      
  2       0.475    0.762    1.560  Free      
  3       0.480    1.160    1.560  Free      
  4       0.482    1.415    1.560  Free      
  All waypoints are collision-free (Rectangular Footprint).
Wrote 5 waypoints to /home/unitree-arka/Navigation_Dataset/waypoints/se2_waypoints_20.txt
Saved navigation dataset for run_idx=20
  Current poses       : /home/unitree-arka/Navigation_Dataset/Present_Robot_Pose/curr_pose_20.txt
  Target poses        : /home/unitree-arka/Navigation_Dataset/Target_Pose/local_target_pose_20.txt
  Local obstacle info : /home/unitree-arka/Navigation_Dataset/Local_Obstacle_Info/local_obs_20.txt
  Local goal info     : /home/unitree-arka/Navigation_Dataset/Local_Goal_Info/local_goal_info_20.txt
  Planning time       : /home/unitree-arka/Navigation_Dataset/Timestep/plan_time_20.txt

=== Controls (4 commands, step_time=1.0s) ===
  Seg      vx(m/s)     vy(m/s)  vth(rad/s)    dur(s)
  0         0.5000      0.0000      0.0000       1.0
  1         0.5000      0.0000      0.0000       1.0
  2         0.3975      0.0000      0.0000       1.0
  3         0.2553      0.0000      0.0000       1.0
Wrote 4 controls to /home/unitree-arka/Navigation_Dataset/controls/controls_20.txt
