Loading config: planner.cfg
Loading config: query.cfg

=== SE(2) RRT Blossom Planner ===
  Start      : (0.469, -0.233, 1.561)
  Goal       : (0.502, 1.611, [Any])
  Robot R    : 0.250 m
  Safety     : 0.100 m
  Inflation  : 0.350 m
  Step time  : 1.0 s
  Obstacles  : 2
    [0] centre=(1.037, 0.928) th=2.781  L=0.250 W=0.350
    [1] centre=(-0.138, 0.896) th=-1.964  L=0.570 W=0.420
  Map        : X[-0.5, 1.5]  Y[-0.5, 2.0]
  Goal Tol   : 0.200 m


=== Executing 20 RRT search attempts ===
New best goal cost found: 1.86709 (node 9) at iter 13
  Run  0: cost =     1.8671 (seed=1781594396)
New best goal cost found: 5.02162 (node 45) at iter 78
New best goal cost found: 1.78397 (node 48) at iter 86
  Run  1: cost =     1.7840 (seed=1781594397)
New best goal cost found: 2 (node 5) at iter 7
New best goal cost found: 1.97925 (node 7) at iter 13
New best goal cost found: 1.82252 (node 58) at iter 151
  Run  2: cost =     1.8225 (seed=1781594398)
New best goal cost found: 1.75932 (node 13) at iter 24
New best goal cost found: 1.75448 (node 92) at iter 208
  Run  3: cost =     1.7545 (seed=1781594399)
New best goal cost found: 2 (node 52) at iter 126
New best goal cost found: 1.88527 (node 53) at iter 130
New best goal cost found: 1.79045 (node 95) at iter 288
  Run  4: cost =     1.7905 (seed=1781594400)
New best goal cost found: 1.75776 (node 10) at iter 18
  Run  5: cost =     1.7578 (seed=1781594401)
New best goal cost found: 1.81662 (node 12) at iter 18
New best goal cost found: 1.76895 (node 228) at iter 788
  Run  6: cost =     1.7689 (seed=1781594402)
New best goal cost found: 1.89246 (node 9) at iter 12
New best goal cost found: 1.84589 (node 98) at iter 253
New best goal cost found: 1.79304 (node 106) at iter 280
  Run  7: cost =     1.7930 (seed=1781594403)
New best goal cost found: 1.6976 (node 33) at iter 62
New best goal cost found: 1.68319 (node 140) at iter 463
  Run  8: cost =     1.6832 (seed=1781594404)
New best goal cost found: 11.9975 (node 211) at iter 883
  Run  9: cost =    11.9975 (seed=1781594405)
New best goal cost found: 2 (node 9) at iter 15
New best goal cost found: 1.87437 (node 17) at iter 27
New best goal cost found: 1.78843 (node 213) at iter 622
  Run 10: cost =     1.7884 (seed=1781594406)
New best goal cost found: 1.88697 (node 33) at iter 83
  Run 11: cost =     1.8870 (seed=1781594407)
New best goal cost found: 2 (node 9) at iter 13
New best goal cost found: 1.80724 (node 66) at iter 160
New best goal cost found: 1.76261 (node 245) at iter 751
  Run 12: cost =     1.7626 (seed=1781594408)
New best goal cost found: 1.82922 (node 25) at iter 41
New best goal cost found: 1.76646 (node 72) at iter 148
  Run 13: cost =     1.7665 (seed=1781594409)
New best goal cost found: 1.79612 (node 17) at iter 34
New best goal cost found: 1.67581 (node 191) at iter 568
  Run 14: cost =     1.6758 (seed=1781594410)
New best goal cost found: 4.5944 (node 15) at iter 21
New best goal cost found: 2 (node 33) at iter 60
New best goal cost found: 1.89226 (node 41) at iter 102
New best goal cost found: 1.81396 (node 77) at iter 215
New best goal cost found: 1.78996 (node 101) at iter 308
  Run 15: cost =     1.7900 (seed=1781594411)
New best goal cost found: 1.6652 (node 37) at iter 79
  Run 16: cost =     1.6652 (seed=1781594412)
New best goal cost found: 2 (node 6) at iter 9
New best goal cost found: 1.91309 (node 25) at iter 41
New best goal cost found: 1.8219 (node 141) at iter 423
  Run 17: cost =     1.8219 (seed=1781594413)
New best goal cost found: 2 (node 6) at iter 12
New best goal cost found: 1.85176 (node 36) at iter 97
New best goal cost found: 1.83962 (node 52) at iter 160
New best goal cost found: 1.76603 (node 86) at iter 294
  Run 18: cost =     1.7660 (seed=1781594414)
New best goal cost found: 1.76795 (node 18) at iter 29
  Run 19: cost =     1.7679 (seed=1781594415)
Best path found at iter 79 in 0.000292 seconds within the winning RRT run.

Globally best cost: 1.6652 (seed=1781594412)
Best run rejections: dist=0, rot=0, col=1277, dup=649

=== Final Collision Check (Rectangular Footprint) ===
  WP    x        y        theta    Status    
  0       0.469   -0.233    1.561  Free      
  1       0.474    0.267    1.561  Free      
  2       0.479    0.767    1.561  Free      
  3       0.483    1.172    1.561  Free      
  4       0.485    1.432    1.561  Free      
  All waypoints are collision-free (Rectangular Footprint).
Wrote 5 waypoints to /home/unitree-arka/Navigation_Dataset/waypoints/se2_waypoints_19.txt
Saved navigation dataset for run_idx=19
  Current poses       : /home/unitree-arka/Navigation_Dataset/Present_Robot_Pose/curr_pose_19.txt
  Target poses        : /home/unitree-arka/Navigation_Dataset/Target_Pose/local_target_pose_19.txt
  Local obstacle info : /home/unitree-arka/Navigation_Dataset/Local_Obstacle_Info/local_obs_19.txt
  Local goal info     : /home/unitree-arka/Navigation_Dataset/Local_Goal_Info/local_goal_info_19.txt
  Planning time       : /home/unitree-arka/Navigation_Dataset/Timestep/plan_time_19.txt

=== Controls (4 commands, step_time=1.0s) ===
  Seg      vx(m/s)     vy(m/s)  vth(rad/s)    dur(s)
  0         0.5000      0.0000      0.0000       1.0
  1         0.5000      0.0000      0.0000       1.0
  2         0.4050      0.0000      0.0000       1.0
  3         0.2602      0.0000      0.0000       1.0
Wrote 4 controls to /home/unitree-arka/Navigation_Dataset/controls/controls_19.txt
