Loading config: planner.cfg
Loading config: query.cfg

=== SE(2) RRT Blossom Planner ===
  Start      : (0.662, -0.286, 2.136)
  Goal       : (0.849, 1.445, [Any])
  Robot R    : 0.250 m
  Safety     : 0.100 m
  Inflation  : 0.350 m
  Step time  : 1.0 s
  Obstacles  : 2
    [0] centre=(0.949, 0.582) th=-2.355  L=0.250 W=0.350
    [1] centre=(-0.155, 0.882) th=-1.804  L=0.570 W=0.420
  Map        : X[-0.5, 1.5]  Y[-0.5, 2.0]
  Goal Tol   : 0.200 m


=== Executing 20 RRT search attempts ===
New best goal cost found: 5.94178 (node 81) at iter 235
  Run  0: cost =     5.9418 (seed=1781672669)
New best goal cost found: 5.41941 (node 40) at iter 148
New best goal cost found: 5.23287 (node 43) at iter 158
  Run  1: cost =     5.2329 (seed=1781672670)
New best goal cost found: 10.6689 (node 157) at iter 731
New best goal cost found: 9.80191 (node 184) at iter 827
New best goal cost found: 9.42522 (node 424) at iter 1642
  Run  2: cost =     9.4252 (seed=1781672671)
New best goal cost found: 3.30612 (node 70) at iter 327
New best goal cost found: 3.22721 (node 81) at iter 373
New best goal cost found: 3.1284 (node 87) at iter 401
New best goal cost found: 3.09705 (node 93) at iter 425
  Run  3: cost =     3.0971 (seed=1781672672)
New best goal cost found: 8.49119 (node 259) at iter 1364
  Run  4: cost =     8.4912 (seed=1781672673)
New best goal cost found: 14.7309 (node 141) at iter 587
New best goal cost found: 14.6885 (node 144) at iter 599
New best goal cost found: 14.6405 (node 413) at iter 1608
  Run  5: cost =    14.6405 (seed=1781672674)
New best goal cost found: 7.92999 (node 109) at iter 289
New best goal cost found: 4.93353 (node 114) at iter 312
  Run  6: cost =     4.9335 (seed=1781672675)
New best goal cost found: 13.854 (node 222) at iter 978
New best goal cost found: 12.8015 (node 236) at iter 1029
New best goal cost found: 9.7939 (node 241) at iter 1048
  Run  7: cost =     9.7939 (seed=1781672676)
New best goal cost found: 10.7282 (node 88) at iter 281
New best goal cost found: 10.6439 (node 334) at iter 1200
  Run  8: cost =    10.6439 (seed=1781672677)
New best goal cost found: 9.55158 (node 69) at iter 297
New best goal cost found: 9.42251 (node 71) at iter 298
New best goal cost found: 9.35102 (node 196) at iter 725
  Run  9: cost =     9.3510 (seed=1781672678)
New best goal cost found: 4.5524 (node 25) at iter 85
New best goal cost found: 3.58397 (node 31) at iter 98
New best goal cost found: 3.50521 (node 49) at iter 140
  Run 10: cost =     3.5052 (seed=1781672679)
New best goal cost found: 13.4085 (node 99) at iter 297
New best goal cost found: 13.3009 (node 109) at iter 315
New best goal cost found: 13.1934 (node 244) at iter 779
New best goal cost found: 10.2598 (node 266) at iter 827
New best goal cost found: 9.77171 (node 313) at iter 1020
  Run 11: cost =     9.7717 (seed=1781672680)
New best goal cost found: 9.54347 (node 280) at iter 1838
New best goal cost found: 9.34892 (node 283) at iter 1852
  Run 12: cost =     9.3489 (seed=1781672681)
New best goal cost found: 10.7326 (node 188) at iter 964
New best goal cost found: 8.49822 (node 195) at iter 982
  Run 13: cost =     8.4982 (seed=1781672682)
  Run 14: failed
  Run 15: failed
New best goal cost found: 12.8195 (node 262) at iter 1421
  Run 16: cost =    12.8195 (seed=1781672685)
New best goal cost found: 7.02592 (node 110) at iter 388
New best goal cost found: 6.98621 (node 112) at iter 399
  Run 17: cost =     6.9862 (seed=1781672686)
New best goal cost found: 16.1512 (node 263) at iter 1541
  Run 18: cost =    16.1512 (seed=1781672687)
New best goal cost found: 6.63053 (node 42) at iter 144
New best goal cost found: 6.59546 (node 56) at iter 205
  Run 19: cost =     6.5955 (seed=1781672688)
Best path found at iter 425 in 0.001700 seconds within the winning RRT run.

Globally best cost: 3.0971 (seed=1781672672)
Best run rejections: dist=0, rot=0, col=1442, dup=492

=== Final Collision Check (Rectangular Footprint) ===
  WP    x        y        theta    Status    
  0       0.662   -0.286    2.136  Free      
  1       0.394    0.137    2.136  Free      
  2       0.394    0.137    1.088  Free      
  3       0.165    0.257    1.088  Free      
  4       0.397    0.700    1.088  Free      
  5       0.629    1.143    1.088  Free      
  6       0.764    1.400    1.088  Free      
  All waypoints are collision-free (Rectangular Footprint).
Wrote 7 waypoints to /home/unitree-arka/Navigation_Dataset/waypoints/se2_waypoints_39.txt
Saved navigation dataset for run_idx=39
  Current poses       : /home/unitree-arka/Navigation_Dataset/Present_Robot_Pose/curr_pose_39.txt
  Target poses        : /home/unitree-arka/Navigation_Dataset/Target_Pose/local_target_pose_39.txt
  Local obstacle info : /home/unitree-arka/Navigation_Dataset/Local_Obstacle_Info/local_obs_39.txt
  Local goal info     : /home/unitree-arka/Navigation_Dataset/Local_Goal_Info/local_goal_info_39.txt
  Planning time       : /home/unitree-arka/Navigation_Dataset/Timestep/plan_time_39.txt
  Query config        : /home/unitree-arka/Navigation_Dataset/query/query_39.cfg

=== Controls (6 commands, step_time=1.0s) ===
  Seg      vx(m/s)     vy(m/s)  vth(rad/s)    dur(s)
  0         0.5000      0.0000      0.0000       1.0
  1         0.0000      0.0000     -1.0472       1.0
  2         0.0000      0.2589      0.0000       1.0
  3         0.5000      0.0000      0.0000       1.0
  4         0.5000      0.0000      0.0000       1.0
  5         0.2909      0.0000      0.0000       1.0
Wrote 6 controls to /home/unitree-arka/Navigation_Dataset/controls/controls_39.txt
