Loading config: planner.cfg
Loading config: query.cfg

=== SE(2) RRT Blossom Planner ===
  Start      : (0.470, -0.232, 1.559)
  Goal       : (0.270, 1.693, [Any])
  Robot R    : 0.250 m
  Safety     : 0.100 m
  Inflation  : 0.350 m
  Step time  : 1.0 s
  Obstacles  : 2
    [0] centre=(1.033, 0.813) th=2.797  L=0.250 W=0.350
    [1] centre=(-0.184, 1.004) th=-2.753  L=0.570 W=0.420
  Map        : X[-0.5, 1.5]  Y[-0.5, 2.0]
  Goal Tol   : 0.200 m


=== Executing 20 RRT search attempts ===
New best goal cost found: 3.15334 (node 47) at iter 86
New best goal cost found: 2.88155 (node 58) at iter 104
  Run  0: cost =     2.8816 (seed=1781594929)
New best goal cost found: 7.27062 (node 63) at iter 115
New best goal cost found: 7.27011 (node 63) at iter 133
New best goal cost found: 2.66682 (node 143) at iter 346
  Run  1: cost =     2.6668 (seed=1781594930)
New best goal cost found: 4.48846 (node 64) at iter 147
New best goal cost found: 2.21265 (node 92) at iter 215
  Run  2: cost =     2.2126 (seed=1781594931)
New best goal cost found: 2.26108 (node 74) at iter 155
  Run  3: cost =     2.2611 (seed=1781594932)
New best goal cost found: 3.83392 (node 28) at iter 85
New best goal cost found: 2.28659 (node 132) at iter 328
  Run  4: cost =     2.2866 (seed=1781594933)
New best goal cost found: 4.45916 (node 93) at iter 195
New best goal cost found: 3.37361 (node 96) at iter 206
New best goal cost found: 3.35964 (node 203) at iter 506
New best goal cost found: 3.32037 (node 300) at iter 797
  Run  5: cost =     3.3204 (seed=1781594934)
New best goal cost found: 2.39609 (node 60) at iter 106
  Run  6: cost =     2.3961 (seed=1781594935)
New best goal cost found: 6.82872 (node 76) at iter 160
New best goal cost found: 6.73671 (node 94) at iter 204
New best goal cost found: 5.78152 (node 108) at iter 236
  Run  7: cost =     5.7815 (seed=1781594936)
New best goal cost found: 2.81844 (node 6) at iter 6
  Run  8: cost =     2.8184 (seed=1781594937)
New best goal cost found: 5.15178 (node 18) at iter 24
New best goal cost found: 5.11996 (node 101) at iter 199
New best goal cost found: 3.0077 (node 270) at iter 740
  Run  9: cost =     3.0077 (seed=1781594938)
New best goal cost found: 7.5141 (node 61) at iter 123
New best goal cost found: 6.31065 (node 84) at iter 179
New best goal cost found: 5.90656 (node 321) at iter 862
New best goal cost found: 2.91151 (node 637) at iter 1988
  Run 10: cost =     2.9115 (seed=1781594939)
New best goal cost found: 7.24912 (node 94) at iter 263
New best goal cost found: 6.20168 (node 128) at iter 355
  Run 11: cost =     6.2017 (seed=1781594940)
New best goal cost found: 5.9499 (node 71) at iter 168
New best goal cost found: 3.3214 (node 81) at iter 196
New best goal cost found: 2.93215 (node 199) at iter 568
  Run 12: cost =     2.9321 (seed=1781594941)
New best goal cost found: 3.20693 (node 22) at iter 50
  Run 13: cost =     3.2069 (seed=1781594942)
New best goal cost found: 4.00186 (node 26) at iter 74
New best goal cost found: 2.74376 (node 32) at iter 84
  Run 14: cost =     2.7438 (seed=1781594943)
New best goal cost found: 2.77843 (node 46) at iter 109
  Run 15: cost =     2.7784 (seed=1781594944)
New best goal cost found: 4.3992 (node 78) at iter 137
New best goal cost found: 3.03111 (node 210) at iter 518
New best goal cost found: 2.80192 (node 544) at iter 1685
  Run 16: cost =     2.8019 (seed=1781594945)
New best goal cost found: 7.80517 (node 160) at iter 429
New best goal cost found: 6.97214 (node 259) at iter 760
New best goal cost found: 5.82722 (node 335) at iter 1000
New best goal cost found: 5.81639 (node 471) at iter 1480
  Run 17: cost =     5.8164 (seed=1781594946)
New best goal cost found: 7.23854 (node 46) at iter 90
New best goal cost found: 4.50142 (node 88) at iter 196
New best goal cost found: 3.1284 (node 123) at iter 312
  Run 18: cost =     3.1284 (seed=1781594947)
New best goal cost found: 5.01947 (node 53) at iter 88
  Run 19: cost =     5.0195 (seed=1781594948)
Best path found at iter 215 in 0.000808 seconds within the winning RRT run.

Globally best cost: 2.2126 (seed=1781594931)
Best run rejections: dist=0, rot=0, col=1337, dup=533

=== Final Collision Check (Rectangular Footprint) ===
  WP    x        y        theta    Status    
  0       0.470   -0.232    1.559  Free      
  1       0.476    0.268    1.559  Free      
  2       0.482    0.768    1.559  Free      
  3       0.488    1.267    1.559  Free      
  4       0.493    1.693    1.559  Free      
  5       0.206    1.697    1.559  Free      
  All waypoints are collision-free (Rectangular Footprint).
Wrote 6 waypoints to /home/unitree-arka/Navigation_Dataset/waypoints/se2_waypoints_21.txt
Saved navigation dataset for run_idx=21
  Current poses       : /home/unitree-arka/Navigation_Dataset/Present_Robot_Pose/curr_pose_21.txt
  Target poses        : /home/unitree-arka/Navigation_Dataset/Target_Pose/local_target_pose_21.txt
  Local obstacle info : /home/unitree-arka/Navigation_Dataset/Local_Obstacle_Info/local_obs_21.txt
  Local goal info     : /home/unitree-arka/Navigation_Dataset/Local_Goal_Info/local_goal_info_21.txt
  Planning time       : /home/unitree-arka/Navigation_Dataset/Timestep/plan_time_21.txt

=== Controls (5 commands, step_time=1.0s) ===
  Seg      vx(m/s)     vy(m/s)  vth(rad/s)    dur(s)
  0         0.5000      0.0000      0.0000       1.0
  1         0.5000      0.0000      0.0000       1.0
  2         0.5000      0.0000      0.0000       1.0
  3         0.4259      0.0000      0.0000       1.0
  4         0.0000      0.2867      0.0000       1.0
Wrote 5 controls to /home/unitree-arka/Navigation_Dataset/controls/controls_21.txt
