Loading config: planner.cfg
Loading config: query.cfg

=== SE(2) RRT Blossom Planner ===
  Start      : (0.669, -0.282, 2.130)
  Goal       : (0.830, 1.545, [Any])
  Robot R    : 0.250 m
  Safety     : 0.100 m
  Inflation  : 0.350 m
  Step time  : 1.0 s
  Obstacles  : 2
    [0] centre=(1.022, 0.681) th=3.041  L=0.250 W=0.350
    [1] centre=(-0.178, 0.834) th=3.088  L=0.570 W=0.420
  Map        : X[-0.5, 1.5]  Y[-0.5, 2.0]
  Goal Tol   : 0.200 m


=== Executing 20 RRT search attempts ===
New best goal cost found: 6.10827 (node 157) at iter 615
New best goal cost found: 5.44997 (node 287) at iter 1014
  Run  0: cost =     5.4500 (seed=1781671211)
New best goal cost found: 4.51654 (node 61) at iter 216
  Run  1: cost =     4.5165 (seed=1781671212)
New best goal cost found: 11.347 (node 132) at iter 737
  Run  2: cost =    11.3470 (seed=1781671213)
New best goal cost found: 6.78829 (node 34) at iter 63
New best goal cost found: 5.88722 (node 46) at iter 107
  Run  3: cost =     5.8872 (seed=1781671214)
New best goal cost found: 2.82922 (node 22) at iter 60
New best goal cost found: 2.63327 (node 31) at iter 105
  Run  4: cost =     2.6333 (seed=1781671215)
New best goal cost found: 6.96712 (node 46) at iter 143
New best goal cost found: 6.93871 (node 56) at iter 180
New best goal cost found: 5.96841 (node 68) at iter 240
New best goal cost found: 5.9202 (node 99) at iter 328
  Run  5: cost =     5.9202 (seed=1781671216)
New best goal cost found: 2.92314 (node 62) at iter 245
New best goal cost found: 2.86634 (node 105) at iter 442
  Run  6: cost =     2.8663 (seed=1781671217)
New best goal cost found: 3.4551 (node 30) at iter 66
New best goal cost found: 3.36047 (node 31) at iter 72
New best goal cost found: 3.23337 (node 74) at iter 191
  Run  7: cost =     3.2334 (seed=1781671218)
New best goal cost found: 14.2929 (node 131) at iter 434
New best goal cost found: 10.4752 (node 149) at iter 492
New best goal cost found: 10.3119 (node 155) at iter 504
New best goal cost found: 3.29271 (node 158) at iter 516
New best goal cost found: 3.19023 (node 258) at iter 850
  Run  8: cost =     3.1902 (seed=1781671219)
New best goal cost found: 2.80791 (node 35) at iter 108
  Run  9: cost =     2.8079 (seed=1781671220)
New best goal cost found: 4.90895 (node 62) at iter 132
New best goal cost found: 4.81596 (node 226) at iter 613
  Run 10: cost =     4.8160 (seed=1781671221)
New best goal cost found: 2.59092 (node 71) at iter 231
  Run 11: cost =     2.5909 (seed=1781671222)
New best goal cost found: 6.13278 (node 55) at iter 170
New best goal cost found: 5.42553 (node 91) at iter 237
New best goal cost found: 4.87974 (node 176) at iter 455
  Run 12: cost =     4.8797 (seed=1781671223)
New best goal cost found: 2.83312 (node 18) at iter 59
New best goal cost found: 2.67349 (node 26) at iter 82
New best goal cost found: 2.63723 (node 91) at iter 391
  Run 13: cost =     2.6372 (seed=1781671224)
New best goal cost found: 4.73287 (node 67) at iter 151
New best goal cost found: 4.68989 (node 83) at iter 200
New best goal cost found: 4.54063 (node 90) at iter 251
  Run 14: cost =     4.5406 (seed=1781671225)
New best goal cost found: 3.37044 (node 16) at iter 28
  Run 15: cost =     3.3704 (seed=1781671226)
New best goal cost found: 8.15423 (node 94) at iter 228
New best goal cost found: 7.15417 (node 346) at iter 1064
  Run 16: cost =     7.1542 (seed=1781671227)
New best goal cost found: 5.96822 (node 70) at iter 254
New best goal cost found: 5.02733 (node 72) at iter 260
New best goal cost found: 4.79023 (node 74) at iter 263
New best goal cost found: 4.77994 (node 82) at iter 281
  Run 17: cost =     4.7799 (seed=1781671228)
New best goal cost found: 11.758 (node 89) at iter 405
New best goal cost found: 7.79325 (node 139) at iter 598
New best goal cost found: 7.74757 (node 147) at iter 620
New best goal cost found: 7.71454 (node 258) at iter 970
  Run 18: cost =     7.7145 (seed=1781671229)
New best goal cost found: 7.32289 (node 235) at iter 1210
New best goal cost found: 6.71635 (node 307) at iter 1485
New best goal cost found: 6.64973 (node 437) at iter 1974
  Run 19: cost =     6.6497 (seed=1781671230)
Best path found at iter 231 in 0.000855 seconds within the winning RRT run.

Globally best cost: 2.5909 (seed=1781671222)
Best run rejections: dist=0, rot=0, col=1353, dup=578

=== Final Collision Check (Rectangular Footprint) ===
  WP    x        y        theta    Status    
  0       0.669   -0.282    2.130  Free      
  1       0.404    0.142    2.130  Free      
  2       0.404    0.142    1.338  Free      
  3       0.520    0.629    1.338  Free      
  4       0.635    1.115    1.338  Free      
  5       0.704    1.406    1.338  Free      
  All waypoints are collision-free (Rectangular Footprint).
Wrote 6 waypoints to /home/unitree-arka/Navigation_Dataset/waypoints/se2_waypoints_31.txt
Saved navigation dataset for run_idx=31
  Current poses       : /home/unitree-arka/Navigation_Dataset/Present_Robot_Pose/curr_pose_31.txt
  Target poses        : /home/unitree-arka/Navigation_Dataset/Target_Pose/local_target_pose_31.txt
  Local obstacle info : /home/unitree-arka/Navigation_Dataset/Local_Obstacle_Info/local_obs_31.txt
  Local goal info     : /home/unitree-arka/Navigation_Dataset/Local_Goal_Info/local_goal_info_31.txt
  Planning time       : /home/unitree-arka/Navigation_Dataset/Timestep/plan_time_31.txt
  Query config        : /home/unitree-arka/Navigation_Dataset/query/query_31.cfg

=== Controls (5 commands, step_time=1.0s) ===
  Seg      vx(m/s)     vy(m/s)  vth(rad/s)    dur(s)
  0         0.5000      0.0000      0.0000       1.0
  1         0.0000      0.0000     -0.7919       1.0
  2         0.5000      0.0000      0.0000       1.0
  3         0.5000      0.0000      0.0000       1.0
  4         0.2990      0.0000      0.0000       1.0
Wrote 5 controls to /home/unitree-arka/Navigation_Dataset/controls/controls_31.txt
