Loading config: planner.cfg
Loading config: query.cfg

=== SE(2) RRT Blossom Planner ===
  Start      : (0.641, -0.186, 3.075)
  Goal       : (0.261, 1.400, [Any])
  Robot R    : 0.250 m
  Safety     : 0.100 m
  Inflation  : 0.350 m
  Step time  : 1.0 s
  Obstacles  : 2
    [0] centre=(1.074, 1.274) th=-0.469  L=0.250 W=0.350
    [1] centre=(0.002, 0.666) th=-2.476  L=0.570 W=0.420
  Map        : X[-0.5, 1.5]  Y[-0.5, 2.0]
  Goal Tol   : 0.200 m


=== Executing 20 RRT search attempts ===
New best goal cost found: 9.11271 (node 289) at iter 1441
New best goal cost found: 8.97815 (node 295) at iter 1460
New best goal cost found: 7.58916 (node 337) at iter 1624
New best goal cost found: 7.47766 (node 354) at iter 1698
  Run  0: cost =     7.4777 (seed=1781678534)
New best goal cost found: 4.07131 (node 41) at iter 123
New best goal cost found: 4.05809 (node 252) at iter 905
  Run  1: cost =     4.0581 (seed=1781678535)
New best goal cost found: 3.25459 (node 35) at iter 81
New best goal cost found: 3.16636 (node 49) at iter 131
New best goal cost found: 3.06554 (node 102) at iter 296
  Run  2: cost =     3.0655 (seed=1781678536)
New best goal cost found: 5.63937 (node 33) at iter 53
  Run  3: cost =     5.6394 (seed=1781678537)
New best goal cost found: 9.42671 (node 52) at iter 123
New best goal cost found: 8.38461 (node 53) at iter 124
New best goal cost found: 5.41145 (node 112) at iter 324
New best goal cost found: 5.37524 (node 222) at iter 709
  Run  4: cost =     5.3752 (seed=1781678538)
New best goal cost found: 4.0438 (node 27) at iter 25
  Run  5: cost =     4.0438 (seed=1781678539)
New best goal cost found: 4.0944 (node 13) at iter 23
New best goal cost found: 4.02514 (node 87) at iter 272
  Run  6: cost =     4.0251 (seed=1781678540)
New best goal cost found: 4.0944 (node 34) at iter 63
New best goal cost found: 3.87634 (node 39) at iter 75
  Run  7: cost =     3.8763 (seed=1781678541)
New best goal cost found: 5.12305 (node 37) at iter 63
New best goal cost found: 4.0944 (node 54) at iter 91
New best goal cost found: 3.87193 (node 176) at iter 539
  Run  8: cost =     3.8719 (seed=1781678542)
New best goal cost found: 5.03516 (node 58) at iter 170
New best goal cost found: 4.92614 (node 60) at iter 173
New best goal cost found: 4.83868 (node 175) at iter 625
  Run  9: cost =     4.8387 (seed=1781678543)
New best goal cost found: 4.5243 (node 16) at iter 19
New best goal cost found: 4.31849 (node 29) at iter 51
New best goal cost found: 4.28448 (node 218) at iter 676
  Run 10: cost =     4.2845 (seed=1781678544)
New best goal cost found: 3.52565 (node 40) at iter 74
  Run 11: cost =     3.5256 (seed=1781678545)
New best goal cost found: 4.0944 (node 24) at iter 31
New best goal cost found: 4.06562 (node 56) at iter 128
New best goal cost found: 4.05722 (node 149) at iter 496
New best goal cost found: 3.88492 (node 394) at iter 1335
  Run 12: cost =     3.8849 (seed=1781678546)
New best goal cost found: 5.75818 (node 39) at iter 97
New best goal cost found: 4.0944 (node 50) at iter 131
New best goal cost found: 3.92883 (node 145) at iter 403
  Run 13: cost =     3.9288 (seed=1781678547)
New best goal cost found: 5.83888 (node 62) at iter 158
  Run 14: cost =     5.8389 (seed=1781678548)
New best goal cost found: 3.46909 (node 18) at iter 35
  Run 15: cost =     3.4691 (seed=1781678549)
New best goal cost found: 5.30014 (node 27) at iter 63
  Run 16: cost =     5.3001 (seed=1781678550)
New best goal cost found: 7.16668 (node 14) at iter 45
New best goal cost found: 6.10817 (node 42) at iter 128
New best goal cost found: 5.96545 (node 57) at iter 173
  Run 17: cost =     5.9655 (seed=1781678551)
New best goal cost found: 4.70219 (node 16) at iter 29
  Run 18: cost =     4.7022 (seed=1781678552)
New best goal cost found: 5.84535 (node 77) at iter 181
  Run 19: cost =     5.8454 (seed=1781678553)
Best path found at iter 296 in 0.001218 seconds within the winning RRT run.

Globally best cost: 3.0655 (seed=1781678536)
Best run rejections: dist=0, rot=0, col=1396, dup=479

=== Final Collision Check (Rectangular Footprint) ===
  WP    x        y        theta    Status    
  0       0.641   -0.186    3.075  Free      
  1       0.641   -0.186    2.027  Free      
  2       0.421    0.263    2.027  Free      
  3       0.829    0.464    2.027  Free      
  4       0.609    0.913    2.027  Free      
  5       0.498    1.139    2.027  Free      
  6       0.361    1.418    2.027  Free      
  All waypoints are collision-free (Rectangular Footprint).
Wrote 7 waypoints to /home/unitree-arka/Navigation_Dataset/waypoints/se2_waypoints_51.txt
Saved navigation dataset for run_idx=51
  Current poses       : /home/unitree-arka/Navigation_Dataset/Present_Robot_Pose/curr_pose_51.txt
  Target poses        : /home/unitree-arka/Navigation_Dataset/Target_Pose/local_target_pose_51.txt
  Local obstacle info : /home/unitree-arka/Navigation_Dataset/Local_Obstacle_Info/local_obs_51.txt
  Local goal info     : /home/unitree-arka/Navigation_Dataset/Local_Goal_Info/local_goal_info_51.txt
  Planning time       : /home/unitree-arka/Navigation_Dataset/Timestep/plan_time_51.txt
  Query config        : /home/unitree-arka/Navigation_Dataset/query/query_51.cfg

=== Controls (6 commands, step_time=1.0s) ===
  Seg      vx(m/s)     vy(m/s)  vth(rad/s)    dur(s)
  0         0.0000      0.0000     -1.0472       1.0
  1         0.5000      0.0000      0.0000       1.0
  2         0.0000     -0.4553      0.0000       1.0
  3         0.5000      0.0000      0.0000       1.0
  4         0.2521      0.0000      0.0000       1.0
  5         0.3109      0.0000      0.0000       1.0
Wrote 6 controls to /home/unitree-arka/Navigation_Dataset/controls/controls_51.txt
