Loading config: planner.cfg
Loading config: query.cfg

=== SE(2) RRT Blossom Planner ===
  Start      : (0.473, -0.231, 1.557)
  Goal       : (0.509, 1.632, [Any])
  Robot R    : 0.250 m
  Safety     : 0.100 m
  Inflation  : 0.350 m
  Step time  : 1.0 s
  Obstacles  : 2
    [0] centre=(1.061, 0.649) th=-2.564  L=0.250 W=0.350
    [1] centre=(-0.176, 0.925) th=-2.485  L=0.570 W=0.420
  Map        : X[-0.5, 1.5]  Y[-0.5, 2.0]
  Goal Tol   : 0.200 m


=== Executing 20 RRT search attempts ===
New best goal cost found: 7.51413 (node 36) at iter 72
New best goal cost found: 6.46694 (node 38) at iter 74
New best goal cost found: 6.41544 (node 102) at iter 249
  Run  0: cost =     6.4154 (seed=1781592243)
New best goal cost found: 5.87558 (node 21) at iter 35
New best goal cost found: 5.68045 (node 26) at iter 57
New best goal cost found: 5.65012 (node 83) at iter 178
  Run  1: cost =     5.6501 (seed=1781592244)
New best goal cost found: 8.91496 (node 210) at iter 899
  Run  2: cost =     8.9150 (seed=1781592245)
New best goal cost found: 7.7525 (node 23) at iter 31
New best goal cost found: 5.36768 (node 30) at iter 44
  Run  3: cost =     5.3677 (seed=1781592246)
New best goal cost found: 9.93128 (node 91) at iter 298
New best goal cost found: 9.73286 (node 124) at iter 392
  Run  4: cost =     9.7329 (seed=1781592247)
New best goal cost found: 7.40513 (node 71) at iter 247
New best goal cost found: 7.09843 (node 114) at iter 341
  Run  5: cost =     7.0984 (seed=1781592248)
New best goal cost found: 10.0655 (node 35) at iter 133
  Run  6: cost =    10.0655 (seed=1781592249)
New best goal cost found: 6.63237 (node 21) at iter 35
  Run  7: cost =     6.6324 (seed=1781592250)
New best goal cost found: 10.4977 (node 118) at iter 398
New best goal cost found: 10.3702 (node 129) at iter 427
New best goal cost found: 9.04953 (node 161) at iter 523
New best goal cost found: 9.04543 (node 573) at iter 1950
  Run  8: cost =     9.0454 (seed=1781592251)
New best goal cost found: 9.35781 (node 61) at iter 128
New best goal cost found: 7.98227 (node 111) at iter 243
New best goal cost found: 7.12507 (node 199) at iter 490
  Run  9: cost =     7.1251 (seed=1781592252)
New best goal cost found: 2.67737 (node 14) at iter 24
New best goal cost found: 2.49512 (node 41) at iter 78
  Run 10: cost =     2.4951 (seed=1781592253)
New best goal cost found: 2.78548 (node 34) at iter 87
New best goal cost found: 2.71015 (node 152) at iter 401
  Run 11: cost =     2.7102 (seed=1781592254)
New best goal cost found: 6.94368 (node 49) at iter 102
New best goal cost found: 6.88323 (node 133) at iter 302
  Run 12: cost =     6.8832 (seed=1781592255)
New best goal cost found: 6.41014 (node 104) at iter 405
New best goal cost found: 6.31054 (node 291) at iter 1145
  Run 13: cost =     6.3105 (seed=1781592256)
New best goal cost found: 8.13638 (node 63) at iter 182
New best goal cost found: 7.96071 (node 75) at iter 211
New best goal cost found: 6.18562 (node 82) at iter 236
  Run 14: cost =     6.1856 (seed=1781592257)
New best goal cost found: 4.81214 (node 106) at iter 332
  Run 15: cost =     4.8121 (seed=1781592258)
New best goal cost found: 6.36587 (node 51) at iter 204
New best goal cost found: 3.88908 (node 70) at iter 296
  Run 16: cost =     3.8891 (seed=1781592259)
New best goal cost found: 10.769 (node 94) at iter 250
New best goal cost found: 9.0179 (node 151) at iter 390
New best goal cost found: 8.73199 (node 247) at iter 705
New best goal cost found: 7.27412 (node 310) at iter 902
  Run 17: cost =     7.2741 (seed=1781592260)
New best goal cost found: 7.47257 (node 102) at iter 429
New best goal cost found: 6.96554 (node 114) at iter 466
New best goal cost found: 6.85878 (node 141) at iter 553
New best goal cost found: 6.76572 (node 569) at iter 1931
  Run 18: cost =     6.7657 (seed=1781592261)
New best goal cost found: 7.52907 (node 73) at iter 198
New best goal cost found: 6.34832 (node 109) at iter 295
  Run 19: cost =     6.3483 (seed=1781592262)
Best path found at iter 78 in 0.000306 seconds within the winning RRT run.

Globally best cost: 2.4951 (seed=1781592253)
Best run rejections: dist=0, rot=0, col=1314, dup=555

=== Final Collision Check (Rectangular Footprint) ===
  WP    x        y        theta    Status    
  0       0.473   -0.231    1.557  Free      
  1       0.479    0.269    1.557  Free      
  2       0.149    0.273    1.557  Free      
  3       0.497    0.269    1.557  Free      
  4       0.503    0.769    1.557  Free      
  5       0.510    1.269    1.557  Free      
  6       0.514    1.586    1.557  Free      
  All waypoints are collision-free (Rectangular Footprint).
Wrote 7 waypoints to /home/unitree-arka/Navigation_Dataset/waypoints/se2_waypoints_12.txt
Saved navigation dataset for run_idx=12
  Current poses       : /home/unitree-arka/Navigation_Dataset/Present_Robot_Pose/curr_pose_12.txt
  Target poses        : /home/unitree-arka/Navigation_Dataset/Target_Pose/local_target_pose_12.txt
  Local obstacle info : /home/unitree-arka/Navigation_Dataset/Local_Obstacle_Info/local_obs_12.txt
  Local goal info     : /home/unitree-arka/Navigation_Dataset/Local_Goal_Info/local_goal_info_12.txt
  Planning time       : /home/unitree-arka/Navigation_Dataset/Timestep/plan_time_12.txt

=== Controls (6 commands, step_time=1.0s) ===
  Seg      vx(m/s)     vy(m/s)  vth(rad/s)    dur(s)
  0         0.5000      0.0000      0.0000       1.0
  1         0.0000      0.3301      0.0000       1.0
  2         0.0000     -0.3473      0.0000       1.0
  3         0.5000      0.0000      0.0000       1.0
  4         0.5000      0.0000      0.0000       1.0
  5         0.3177      0.0000      0.0000       1.0
Wrote 6 controls to /home/unitree-arka/Navigation_Dataset/controls/controls_12.txt
