Loading config: planner.cfg
Loading config: query.cfg

=== SE(2) RRT Blossom Planner ===
  Start      : (0.477, -0.228, 1.574)
  Goal       : (0.337, 1.722, [Any])
  Robot R    : 0.250 m
  Safety     : 0.100 m
  Inflation  : 0.350 m
  Step time  : 1.0 s
  Obstacles  : 2
    [0] centre=(1.006, 0.515) th=2.783  L=0.250 W=0.350
    [1] centre=(-0.111, 0.879) th=3.105  L=0.570 W=0.420
  Map        : X[-0.5, 1.5]  Y[-0.5, 2.0]
  Goal Tol   : 0.200 m


=== Executing 20 RRT search attempts ===
New best goal cost found: 4.49972 (node 9) at iter 22
New best goal cost found: 4.35849 (node 10) at iter 23
New best goal cost found: 2 (node 23) at iter 76
  Run  0: cost =     2.0000 (seed=1781589665)
New best goal cost found: 2 (node 6) at iter 8
  Run  1: cost =     2.0000 (seed=1781589666)
New best goal cost found: 2 (node 4) at iter 13
  Run  2: cost =     2.0000 (seed=1781589667)
New best goal cost found: 2 (node 6) at iter 15
  Run  3: cost =     2.0000 (seed=1781589668)
New best goal cost found: 8.65076 (node 51) at iter 171
New best goal cost found: 8.59498 (node 81) at iter 259
New best goal cost found: 6.67686 (node 155) at iter 462
  Run  4: cost =     6.6769 (seed=1781589669)
New best goal cost found: 2 (node 10) at iter 15
New best goal cost found: 1.93722 (node 12) at iter 19
  Run  5: cost =     1.9372 (seed=1781589670)
New best goal cost found: 2 (node 12) at iter 23
New best goal cost found: 1.88406 (node 14) at iter 26
New best goal cost found: 1.80437 (node 15) at iter 27
  Run  6: cost =     1.8044 (seed=1781589671)
New best goal cost found: 5.06632 (node 29) at iter 54
New best goal cost found: 3.56818 (node 47) at iter 89
New best goal cost found: 2.99525 (node 243) at iter 642
  Run  7: cost =     2.9952 (seed=1781589672)
New best goal cost found: 2 (node 9) at iter 20
  Run  8: cost =     2.0000 (seed=1781589673)
New best goal cost found: 1.97218 (node 6) at iter 7
New best goal cost found: 1.85818 (node 10) at iter 12
New best goal cost found: 1.82271 (node 152) at iter 354
  Run  9: cost =     1.8227 (seed=1781589674)
New best goal cost found: 1.806 (node 11) at iter 26
  Run 10: cost =     1.8060 (seed=1781589675)
New best goal cost found: 1.8928 (node 4) at iter 3
  Run 11: cost =     1.8928 (seed=1781589676)
New best goal cost found: 1.82933 (node 5) at iter 10
  Run 12: cost =     1.8293 (seed=1781589677)
New best goal cost found: 2 (node 11) at iter 18
New best goal cost found: 1.92252 (node 23) at iter 48
  Run 13: cost =     1.9225 (seed=1781589678)
New best goal cost found: 2 (node 12) at iter 36
New best goal cost found: 1.92181 (node 23) at iter 86
New best goal cost found: 1.91465 (node 46) at iter 160
  Run 14: cost =     1.9146 (seed=1781589679)
New best goal cost found: 1.9937 (node 12) at iter 33
New best goal cost found: 1.83895 (node 21) at iter 64
  Run 15: cost =     1.8389 (seed=1781589680)
New best goal cost found: 4.38064 (node 15) at iter 30
New best goal cost found: 2 (node 32) at iter 66
  Run 16: cost =     2.0000 (seed=1781589681)
New best goal cost found: 2 (node 12) at iter 36
New best goal cost found: 1.97377 (node 74) at iter 146
  Run 17: cost =     1.9738 (seed=1781589682)
New best goal cost found: 2 (node 38) at iter 124
New best goal cost found: 1.85337 (node 62) at iter 214
New best goal cost found: 1.82219 (node 85) at iter 290
  Run 18: cost =     1.8222 (seed=1781589683)
New best goal cost found: 2 (node 7) at iter 15
  Run 19: cost =     2.0000 (seed=1781589684)
Best path found at iter 27 in 0.000089 seconds within the winning RRT run.

Globally best cost: 1.8044 (seed=1781589671)
Best run rejections: dist=0, rot=0, col=1352, dup=558

=== Final Collision Check (Rectangular Footprint) ===
  WP    x        y        theta    Status    
  0       0.477   -0.228    1.574  Free      
  1       0.475    0.272    1.574  Free      
  2       0.474    0.772    1.574  Free      
  3       0.472    1.272    1.574  Free      
  4       0.471    1.576    1.574  Free      
  All waypoints are collision-free (Rectangular Footprint).
Wrote 5 waypoints to /home/unitree-arka/Navigation_Dataset/waypoints/se2_waypoints_11.txt
Saved navigation dataset for run_idx=11
  Current poses       : /home/unitree-arka/Navigation_Dataset/Present_Robot_Pose/curr_pose_11.txt
  Target poses        : /home/unitree-arka/Navigation_Dataset/Target_Pose/local_target_pose_11.txt
  Local obstacle info : /home/unitree-arka/Navigation_Dataset/Local_Obstacle_Info/local_obs_11.txt
  Local goal info     : /home/unitree-arka/Navigation_Dataset/Local_Goal_Info/local_goal_info_11.txt
  Planning time       : /home/unitree-arka/Navigation_Dataset/Timestep/plan_time_11.txt

=== Controls (4 commands, step_time=1.0s) ===
  Seg      vx(m/s)     vy(m/s)  vth(rad/s)    dur(s)
  0         0.5000      0.0000      0.0000       1.0
  1         0.5000      0.0000      0.0000       1.0
  2         0.5000      0.0000      0.0000       1.0
  3         0.3044      0.0000      0.0000       1.0
Wrote 4 controls to /home/unitree-arka/Navigation_Dataset/controls/controls_11.txt
