Loading config: planner.cfg
Loading config: query.cfg

=== SE(2) RRT Blossom Planner ===
  Start      : (0.657, -0.254, 2.044)
  Goal       : (0.764, 1.426, [Any])
  Robot R    : 0.250 m
  Safety     : 0.100 m
  Inflation  : 0.350 m
  Step time  : 1.0 s
  Obstacles  : 2
    [0] centre=(1.010, 0.675) th=3.047  L=0.250 W=0.350
    [1] centre=(-0.182, 0.830) th=3.089  L=0.570 W=0.420
  Map        : X[-0.5, 1.5]  Y[-0.5, 2.0]
  Goal Tol   : 0.200 m


=== Executing 20 RRT search attempts ===
New best goal cost found: 8.27989 (node 55) at iter 190
New best goal cost found: 4.92102 (node 416) at iter 1331
New best goal cost found: 3.06391 (node 490) at iter 1558
  Run  0: cost =     3.0639 (seed=1781662557)
New best goal cost found: 6.7834 (node 120) at iter 355
New best goal cost found: 6.03492 (node 146) at iter 420
  Run  1: cost =     6.0349 (seed=1781662558)
New best goal cost found: 17.917 (node 136) at iter 542
New best goal cost found: 17.909 (node 292) at iter 1042
New best goal cost found: 17.8277 (node 322) at iter 1132
  Run  2: cost =    17.8277 (seed=1781662559)
New best goal cost found: 8.89522 (node 42) at iter 86
  Run  3: cost =     8.8952 (seed=1781662560)
New best goal cost found: 6.66378 (node 336) at iter 1764
  Run  4: cost =     6.6638 (seed=1781662561)
New best goal cost found: 8.67012 (node 40) at iter 88
New best goal cost found: 7.33589 (node 53) at iter 122
New best goal cost found: 7.20137 (node 592) at iter 1896
  Run  5: cost =     7.2014 (seed=1781662562)
New best goal cost found: 5.98516 (node 165) at iter 749
New best goal cost found: 5.39668 (node 283) at iter 1099
New best goal cost found: 4.14598 (node 394) at iter 1487
  Run  6: cost =     4.1460 (seed=1781662563)
New best goal cost found: 9.8248 (node 80) at iter 356
New best goal cost found: 8.36615 (node 110) at iter 508
  Run  7: cost =     8.3662 (seed=1781662564)
New best goal cost found: 9.81317 (node 182) at iter 779
New best goal cost found: 7.21877 (node 191) at iter 818
New best goal cost found: 7.03455 (node 228) at iter 969
New best goal cost found: 6.98631 (node 292) at iter 1164
  Run  8: cost =     6.9863 (seed=1781662565)
New best goal cost found: 8.5993 (node 108) at iter 358
New best goal cost found: 5.14517 (node 111) at iter 370
New best goal cost found: 5.1019 (node 112) at iter 374
New best goal cost found: 4.97861 (node 116) at iter 389
New best goal cost found: 4.90812 (node 117) at iter 397
New best goal cost found: 4.8889 (node 154) at iter 501
New best goal cost found: 4.41482 (node 419) at iter 1288
  Run  9: cost =     4.4148 (seed=1781662566)
New best goal cost found: 11.9344 (node 166) at iter 699
New best goal cost found: 11.6907 (node 173) at iter 732
New best goal cost found: 10.3583 (node 192) at iter 786
New best goal cost found: 2.92423 (node 313) at iter 1181
  Run 10: cost =     2.9242 (seed=1781662567)
New best goal cost found: 11.1241 (node 113) at iter 340
New best goal cost found: 10.4562 (node 162) at iter 471
New best goal cost found: 8.65841 (node 233) at iter 706
  Run 11: cost =     8.6584 (seed=1781662568)
New best goal cost found: 4.50501 (node 33) at iter 113
  Run 12: cost =     4.5050 (seed=1781662569)
New best goal cost found: 3.12931 (node 87) at iter 315
New best goal cost found: 3.11831 (node 103) at iter 370
New best goal cost found: 2.98367 (node 107) at iter 379
New best goal cost found: 2.93408 (node 131) at iter 501
New best goal cost found: 2.89518 (node 132) at iter 507
  Run 13: cost =     2.8952 (seed=1781662570)
New best goal cost found: 8.65702 (node 143) at iter 584
New best goal cost found: 8.57476 (node 151) at iter 608
  Run 14: cost =     8.5748 (seed=1781662571)
New best goal cost found: 9.13735 (node 145) at iter 582
New best goal cost found: 8.35452 (node 161) at iter 642
New best goal cost found: 8.34916 (node 240) at iter 864
  Run 15: cost =     8.3492 (seed=1781662572)
New best goal cost found: 10.8744 (node 254) at iter 1522
New best goal cost found: 10.8268 (node 255) at iter 1548
New best goal cost found: 10.8104 (node 257) at iter 1556
New best goal cost found: 10.6836 (node 282) at iter 1683
  Run 16: cost =    10.6836 (seed=1781662573)
New best goal cost found: 5.24146 (node 60) at iter 250
New best goal cost found: 5.17359 (node 69) at iter 291
New best goal cost found: 5.04819 (node 208) at iter 793
  Run 17: cost =     5.0482 (seed=1781662574)
New best goal cost found: 8.49326 (node 118) at iter 503
New best goal cost found: 8.32509 (node 123) at iter 521
New best goal cost found: 7.87739 (node 180) at iter 669
New best goal cost found: 6.74902 (node 186) at iter 696
  Run 18: cost =     6.7490 (seed=1781662575)
New best goal cost found: 5.8332 (node 69) at iter 158
New best goal cost found: 5.7151 (node 339) at iter 984
  Run 19: cost =     5.7151 (seed=1781662576)
Best path found at iter 507 in 0.001789 seconds within the winning RRT run.

Globally best cost: 2.8952 (seed=1781662570)
Best run rejections: dist=0, rot=0, col=1408, dup=485

=== Final Collision Check (Rectangular Footprint) ===
  WP    x        y        theta    Status    
  0       0.657   -0.254    2.044  Free      
  1       0.429    0.191    2.044  Free      
  2       0.203    0.075    2.044  Free      
  3       0.203    0.075    1.169  Free      
  4       0.399    0.536    1.169  Free      
  5       0.594    0.996    1.169  Free      
  6       0.698    1.240    1.169  Free      
  All waypoints are collision-free (Rectangular Footprint).
Wrote 7 waypoints to /home/unitree-arka/Navigation_Dataset/waypoints/se2_waypoints_29.txt
Saved navigation dataset for run_idx=29
  Current poses       : /home/unitree-arka/Navigation_Dataset/Present_Robot_Pose/curr_pose_29.txt
  Target poses        : /home/unitree-arka/Navigation_Dataset/Target_Pose/local_target_pose_29.txt
  Local obstacle info : /home/unitree-arka/Navigation_Dataset/Local_Obstacle_Info/local_obs_29.txt
  Local goal info     : /home/unitree-arka/Navigation_Dataset/Local_Goal_Info/local_goal_info_29.txt
  Planning time       : /home/unitree-arka/Navigation_Dataset/Timestep/plan_time_29.txt
  Query config        : /home/unitree-arka/Navigation_Dataset/query/query_29.cfg

=== Controls (6 commands, step_time=1.0s) ===
  Seg      vx(m/s)     vy(m/s)  vth(rad/s)    dur(s)
  0         0.5000      0.0000      0.0000       1.0
  1         0.0000      0.2542      0.0000       1.0
  2         0.0000      0.0000     -0.8751       1.0
  3         0.5000      0.0000      0.0000       1.0
  4         0.5000      0.0000      0.0000       1.0
  5         0.2659      0.0000      0.0000       1.0
Wrote 6 controls to /home/unitree-arka/Navigation_Dataset/controls/controls_29.txt
