Loading config: planner.cfg
Loading config: query.cfg

=== SE(2) RRT Blossom Planner ===
  Start      : (0.531, -0.227, 2.289)
  Goal       : (0.788, 1.119, [Any])
  Robot R    : 0.250 m
  Safety     : 0.100 m
  Inflation  : 0.350 m
  Step time  : 1.0 s
  Obstacles  : 2
    [0] centre=(0.952, 0.559) th=-0.461  L=0.250 W=0.350
    [1] centre=(-0.175, 0.705) th=1.493  L=0.570 W=0.420
  Map        : X[-0.5, 1.5]  Y[-0.5, 2.0]
  Goal Tol   : 0.200 m


=== Executing 20 RRT search attempts ===
New best goal cost found: 8.81014 (node 46) at iter 121
New best goal cost found: 6.13482 (node 62) at iter 174
New best goal cost found: 5.82111 (node 289) at iter 859
  Run  0: cost =     5.8211 (seed=1781763308)
New best goal cost found: 2.81591 (node 38) at iter 129
New best goal cost found: 2.77355 (node 40) at iter 133
New best goal cost found: 2.63143 (node 53) at iter 182
New best goal cost found: 2.59898 (node 369) at iter 1306
  Run  1: cost =     2.5990 (seed=1781763309)
New best goal cost found: 3.98232 (node 13) at iter 32
  Run  2: cost =     3.9823 (seed=1781763310)
New best goal cost found: 2.59432 (node 42) at iter 286
New best goal cost found: 2.56993 (node 50) at iter 364
  Run  3: cost =     2.5699 (seed=1781763311)
New best goal cost found: 3.51164 (node 25) at iter 101
  Run  4: cost =     3.5116 (seed=1781763312)
New best goal cost found: 5.00545 (node 42) at iter 269
New best goal cost found: 5.00407 (node 63) at iter 355
New best goal cost found: 4.99154 (node 88) at iter 550
  Run  5: cost =     4.9915 (seed=1781763313)
New best goal cost found: 3.24637 (node 61) at iter 211
  Run  6: cost =     3.2464 (seed=1781763314)
New best goal cost found: 8.95425 (node 76) at iter 246
New best goal cost found: 8.81671 (node 109) at iter 337
New best goal cost found: 5.46157 (node 148) at iter 429
New best goal cost found: 3.85337 (node 524) at iter 1631
  Run  7: cost =     3.8534 (seed=1781763315)
New best goal cost found: 4.11317 (node 155) at iter 729
  Run  8: cost =     4.1132 (seed=1781763316)
New best goal cost found: 2.87467 (node 20) at iter 69
New best goal cost found: 2.63175 (node 53) at iter 241
  Run  9: cost =     2.6318 (seed=1781763317)
New best goal cost found: 3.11939 (node 33) at iter 133
  Run 10: cost =     3.1194 (seed=1781763318)
New best goal cost found: 12.1093 (node 129) at iter 425
New best goal cost found: 12.057 (node 161) at iter 522
New best goal cost found: 12.0401 (node 232) at iter 746
New best goal cost found: 9.90842 (node 242) at iter 770
  Run 11: cost =     9.9084 (seed=1781763319)
New best goal cost found: 4.00675 (node 7) at iter 14
  Run 12: cost =     4.0067 (seed=1781763320)
New best goal cost found: 11.3336 (node 70) at iter 173
New best goal cost found: 9.55655 (node 154) at iter 428
New best goal cost found: 8.10413 (node 170) at iter 475
New best goal cost found: 6.37763 (node 254) at iter 763
  Run 13: cost =     6.3776 (seed=1781763321)
New best goal cost found: 4.81141 (node 72) at iter 148
New best goal cost found: 4.1025 (node 92) at iter 200
  Run 14: cost =     4.1025 (seed=1781763322)
New best goal cost found: 11.8193 (node 113) at iter 359
New best goal cost found: 8.06782 (node 231) at iter 735
New best goal cost found: 7.96739 (node 430) at iter 1457
  Run 15: cost =     7.9674 (seed=1781763323)
New best goal cost found: 7.6822 (node 70) at iter 385
New best goal cost found: 7.61146 (node 77) at iter 430
  Run 16: cost =     7.6115 (seed=1781763324)
New best goal cost found: 4.21509 (node 46) at iter 77
New best goal cost found: 3.82151 (node 216) at iter 548
  Run 17: cost =     3.8215 (seed=1781763325)
New best goal cost found: 13.1507 (node 109) at iter 509
New best goal cost found: 8.90823 (node 115) at iter 529
  Run 18: cost =     8.9082 (seed=1781763326)
New best goal cost found: 3.63122 (node 22) at iter 101
  Run 19: cost =     3.6312 (seed=1781763327)
Best path found at iter 364 in 0.000956 seconds within the winning RRT run.

Globally best cost: 2.5699 (seed=1781763311)
Best run rejections: dist=0, rot=0, col=1463, dup=447

=== Final Collision Check (Rectangular Footprint) ===
  WP    x        y        theta    Status    
  0       0.531   -0.227    2.289  Free      
  1       0.531   -0.227    1.242  Free      
  2       0.623    0.043    1.242  Free      
  3       0.342    0.139    1.242  Free      
  4       0.504    0.612    1.242  Free      
  5       0.646    1.029    1.242  Free      
  All waypoints are collision-free (Rectangular Footprint).
Wrote 6 waypoints to /home/unitree-arka/Navigation_Dataset/waypoints/se2_waypoints_78.txt
Saved navigation dataset for run_idx=78
  Current poses       : /home/unitree-arka/Navigation_Dataset/Present_Robot_Pose/curr_pose_78.txt
  Target poses        : /home/unitree-arka/Navigation_Dataset/Target_Pose/local_target_pose_78.txt
  Local obstacle info : /home/unitree-arka/Navigation_Dataset/Local_Obstacle_Info/local_obs_78.txt
  Local goal info     : /home/unitree-arka/Navigation_Dataset/Local_Goal_Info/local_goal_info_78.txt
  Planning time       : /home/unitree-arka/Navigation_Dataset/Timestep/plan_time_78.txt
  Query config        : /home/unitree-arka/Navigation_Dataset/query/query_78.cfg

=== Controls (5 commands, step_time=1.0s) ===
  Seg      vx(m/s)     vy(m/s)  vth(rad/s)    dur(s)
  0         0.0000      0.0000     -1.0472       1.0
  1         0.2853      0.0000      0.0000       1.0
  2         0.0000      0.2969      0.0000       1.0
  3         0.5000      0.0000      0.0000       1.0
  4         0.4406      0.0000      0.0000       1.0
Wrote 5 controls to /home/unitree-arka/Navigation_Dataset/controls/controls_78.txt
