Loading config: planner.cfg
Loading config: query.cfg

=== SE(2) RRT Blossom Planner ===
  Start      : (0.523, -0.233, 2.288)
  Goal       : (0.787, 1.116, [Any])
  Robot R    : 0.250 m
  Safety     : 0.100 m
  Inflation  : 0.350 m
  Step time  : 1.0 s
  Obstacles  : 2
    [0] centre=(0.941, 0.554) th=-0.461  L=0.250 W=0.350
    [1] centre=(-0.162, 0.704) th=0.120  L=0.570 W=0.420
  Map        : X[-0.5, 1.5]  Y[-0.5, 2.0]
  Goal Tol   : 0.200 m


=== Executing 20 RRT search attempts ===
  Run  0: failed
New best goal cost found: 7.91141 (node 261) at iter 1908
New best goal cost found: 7.80133 (node 263) at iter 1914
  Run  1: cost =     7.8013 (seed=1781763199)
  Run  2: failed
  Run  3: failed
New best goal cost found: 10.5656 (node 266) at iter 1505
New best goal cost found: 10.1092 (node 374) at iter 1873
  Run  4: cost =    10.1092 (seed=1781763202)
New best goal cost found: 10.757 (node 151) at iter 916
New best goal cost found: 10.2507 (node 299) at iter 1368
  Run  5: cost =    10.2507 (seed=1781763203)
  Run  6: failed
  Run  7: failed
New best goal cost found: 8.93442 (node 87) at iter 515
New best goal cost found: 8.42043 (node 112) at iter 603
New best goal cost found: 8.17935 (node 208) at iter 888
New best goal cost found: 8.15529 (node 322) at iter 1297
  Run  8: cost =     8.1553 (seed=1781763206)
  Run  9: failed
  Run 10: failed
  Run 11: failed
  Run 12: failed
New best goal cost found: 8.63512 (node 294) at iter 1893
  Run 13: cost =     8.6351 (seed=1781763211)
  Run 14: failed
  Run 15: failed
  Run 16: failed
New best goal cost found: 16.8857 (node 308) at iter 1840
New best goal cost found: 15.5625 (node 343) at iter 1930
New best goal cost found: 15.4722 (node 354) at iter 1958
  Run 17: cost =    15.4722 (seed=1781763215)
New best goal cost found: 4.20443 (node 50) at iter 276
  Run 18: cost =     4.2044 (seed=1781763216)
  Run 19: failed
Best path found at iter 276 in 0.000912 seconds within the winning RRT run.

Globally best cost: 4.2044 (seed=1781763216)
Best run rejections: dist=0, rot=0, col=1419, dup=471

=== Final Collision Check (Rectangular Footprint) ===
  WP    x        y        theta    Status    
  0       0.523   -0.233    2.288  Free      
  1       0.523   -0.233    1.241  Free      
  2       0.523   -0.233    2.159  Free      
  3       0.326    0.063    2.159  Free      
  4       0.326    0.063    1.276  Free      
  5       0.471    0.542    1.276  Free      
  6       0.616    1.020    1.276  Free      
  All waypoints are collision-free (Rectangular Footprint).
Wrote 7 waypoints to /home/unitree-arka/Navigation_Dataset/waypoints/se2_waypoints_77.txt
Saved navigation dataset for run_idx=77
  Current poses       : /home/unitree-arka/Navigation_Dataset/Present_Robot_Pose/curr_pose_77.txt
  Target poses        : /home/unitree-arka/Navigation_Dataset/Target_Pose/local_target_pose_77.txt
  Local obstacle info : /home/unitree-arka/Navigation_Dataset/Local_Obstacle_Info/local_obs_77.txt
  Local goal info     : /home/unitree-arka/Navigation_Dataset/Local_Goal_Info/local_goal_info_77.txt
  Planning time       : /home/unitree-arka/Navigation_Dataset/Timestep/plan_time_77.txt
  Query config        : /home/unitree-arka/Navigation_Dataset/query/query_77.cfg

=== Controls (6 commands, step_time=1.0s) ===
  Seg      vx(m/s)     vy(m/s)  vth(rad/s)    dur(s)
  0         0.0000      0.0000     -1.0472       1.0
  1         0.0000      0.0000      0.9187       1.0
  2         0.3556      0.0000      0.0000       1.0
  3         0.0000      0.0000     -0.8830       1.0
  4         0.5000      0.0000      0.0000       1.0
  5         0.5000      0.0000      0.0000       1.0
Wrote 6 controls to /home/unitree-arka/Navigation_Dataset/controls/controls_77.txt
