Loading config: planner.cfg
Loading config: query.cfg

=== SE(2) RRT Blossom Planner ===
  Start      : (0.465, -0.237, 1.560)
  Goal       : (0.339, 1.479, [Any])
  Robot R    : 0.250 m
  Safety     : 0.100 m
  Inflation  : 0.350 m
  Step time  : 1.0 s
  Obstacles  : 2
    [0] centre=(1.000, 0.937) th=2.437  L=0.250 W=0.350
    [1] centre=(-0.256, 0.729) th=-1.057  L=0.570 W=0.420
  Map        : X[-0.5, 1.5]  Y[-0.5, 2.0]
  Goal Tol   : 0.200 m


=== Executing 20 RRT search attempts ===
New best goal cost found: 6.76171 (node 61) at iter 166
New best goal cost found: 6.75898 (node 107) at iter 317
New best goal cost found: 5.93468 (node 204) at iter 614
  Run  0: cost =     5.9347 (seed=1781595632)
New best goal cost found: 3.95239 (node 44) at iter 72
New best goal cost found: 3.82287 (node 362) at iter 1072
  Run  1: cost =     3.8229 (seed=1781595633)
New best goal cost found: 7.25374 (node 166) at iter 451
  Run  2: cost =     7.2537 (seed=1781595634)
New best goal cost found: 6.35229 (node 75) at iter 170
New best goal cost found: 6.18856 (node 100) at iter 246
New best goal cost found: 4.23425 (node 113) at iter 273
  Run  3: cost =     4.2343 (seed=1781595635)
New best goal cost found: 7.49293 (node 47) at iter 100
  Run  4: cost =     7.4929 (seed=1781595636)
New best goal cost found: 3.80105 (node 31) at iter 56
New best goal cost found: 2.59787 (node 199) at iter 530
  Run  5: cost =     2.5979 (seed=1781595637)
New best goal cost found: 5.4834 (node 74) at iter 166
New best goal cost found: 5.35858 (node 207) at iter 609
  Run  6: cost =     5.3586 (seed=1781595638)
New best goal cost found: 5.06542 (node 90) at iter 257
  Run  7: cost =     5.0654 (seed=1781595639)
New best goal cost found: 5.24581 (node 33) at iter 74
New best goal cost found: 4.67176 (node 56) at iter 160
  Run  8: cost =     4.6718 (seed=1781595640)
New best goal cost found: 5.77523 (node 58) at iter 124
New best goal cost found: 4.82194 (node 110) at iter 256
  Run  9: cost =     4.8219 (seed=1781595641)
New best goal cost found: 5.45961 (node 48) at iter 124
New best goal cost found: 5.28645 (node 54) at iter 149
New best goal cost found: 5.11633 (node 59) at iter 161
New best goal cost found: 5.07831 (node 96) at iter 274
New best goal cost found: 5.00562 (node 343) at iter 1016
  Run 10: cost =     5.0056 (seed=1781595642)
New best goal cost found: 3.86858 (node 42) at iter 68
  Run 11: cost =     3.8686 (seed=1781595643)
New best goal cost found: 8.50636 (node 123) at iter 310
New best goal cost found: 7.25365 (node 178) at iter 479
New best goal cost found: 7.22417 (node 197) at iter 534
  Run 12: cost =     7.2242 (seed=1781595644)
New best goal cost found: 3.88119 (node 13) at iter 28
  Run 13: cost =     3.8812 (seed=1781595645)
New best goal cost found: 8.32467 (node 78) at iter 230
New best goal cost found: 8.19095 (node 84) at iter 250
New best goal cost found: 8.15216 (node 276) at iter 984
  Run 14: cost =     8.1522 (seed=1781595646)
New best goal cost found: 3.75523 (node 8) at iter 23
New best goal cost found: 3.5992 (node 266) at iter 744
  Run 15: cost =     3.5992 (seed=1781595647)
New best goal cost found: 9.18198 (node 121) at iter 399
New best goal cost found: 7.28557 (node 131) at iter 424
  Run 16: cost =     7.2856 (seed=1781595648)
New best goal cost found: 2.80354 (node 75) at iter 187
New best goal cost found: 2.78042 (node 97) at iter 230
  Run 17: cost =     2.7804 (seed=1781595649)
New best goal cost found: 3.7447 (node 48) at iter 115
  Run 18: cost =     3.7447 (seed=1781595650)
New best goal cost found: 6.39849 (node 149) at iter 371
New best goal cost found: 6.35902 (node 156) at iter 414
New best goal cost found: 5.65521 (node 269) at iter 881
New best goal cost found: 5.33919 (node 568) at iter 1970
  Run 19: cost =     5.3392 (seed=1781595651)
Best path found at iter 530 in 0.001864 seconds within the winning RRT run.

Globally best cost: 2.5979 (seed=1781595637)
Best run rejections: dist=0, rot=0, col=1287, dup=662

=== Final Collision Check (Rectangular Footprint) ===
  WP    x        y        theta    Status    
  0       0.465   -0.237    1.560  Free      
  1       0.471    0.263    1.560  Free      
  2       0.474    0.763    1.565  Free      
  3       0.477    1.263    1.565  Free      
  4       0.477    1.263    0.778  Free      
  5       0.258    1.485    0.778  Free      
  All waypoints are collision-free (Rectangular Footprint).
Wrote 6 waypoints to /home/unitree-arka/Navigation_Dataset/waypoints/se2_waypoints_25.txt
Saved navigation dataset for run_idx=25
  Current poses       : /home/unitree-arka/Navigation_Dataset/Present_Robot_Pose/curr_pose_25.txt
  Target poses        : /home/unitree-arka/Navigation_Dataset/Target_Pose/local_target_pose_25.txt
  Local obstacle info : /home/unitree-arka/Navigation_Dataset/Local_Obstacle_Info/local_obs_25.txt
  Local goal info     : /home/unitree-arka/Navigation_Dataset/Local_Goal_Info/local_goal_info_25.txt
  Planning time       : /home/unitree-arka/Navigation_Dataset/Timestep/plan_time_25.txt

=== Controls (5 commands, step_time=1.0s) ===
  Seg      vx(m/s)     vy(m/s)  vth(rad/s)    dur(s)
  0         0.5000      0.0000      0.0000       1.0
  1         0.0000      0.0000      0.0046       1.0
  2         0.5000      0.0000      0.0000       1.0
  3         0.0000      0.0000     -0.7864       1.0
  4         0.0000      0.3114      0.0000       1.0
Wrote 5 controls to /home/unitree-arka/Navigation_Dataset/controls/controls_25.txt
