Loading config: planner.cfg
Loading config: query.cfg

=== SE(2) RRT Blossom Planner ===
  Start      : (1.049, -0.189, 2.162)
  Goal       : (1.142, 1.354, [Any])
  Robot R    : 0.250 m
  Safety     : 0.100 m
  Inflation  : 0.350 m
  Step time  : 1.0 s
  Obstacles  : 2
    [0] centre=(1.218, 0.498) th=-0.019  L=0.250 W=0.350
    [1] centre=(-0.082, 0.958) th=-2.806  L=0.570 W=0.420
  Map        : X[-0.5, 1.5]  Y[-0.5, 2.0]
  Goal Tol   : 0.200 m


=== Executing 20 RRT search attempts ===
New best goal cost found: 8.4839 (node 44) at iter 120
  Run  0: cost =     8.4839 (seed=1781760606)
New best goal cost found: 9.14985 (node 63) at iter 224
  Run  1: cost =     9.1499 (seed=1781760607)
New best goal cost found: 7.44961 (node 40) at iter 82
New best goal cost found: 2.91084 (node 62) at iter 120
New best goal cost found: 2.82441 (node 207) at iter 492
  Run  2: cost =     2.8244 (seed=1781760608)
New best goal cost found: 2.86941 (node 5) at iter 13
  Run  3: cost =     2.8694 (seed=1781760609)
New best goal cost found: 2.80555 (node 53) at iter 122
  Run  4: cost =     2.8056 (seed=1781760610)
New best goal cost found: 6.75976 (node 69) at iter 198
New best goal cost found: 6.68336 (node 71) at iter 201
New best goal cost found: 6.28513 (node 107) at iter 295
New best goal cost found: 6.23594 (node 156) at iter 445
New best goal cost found: 6.23129 (node 172) at iter 487
New best goal cost found: 6.21758 (node 285) at iter 867
New best goal cost found: 3.91277 (node 473) at iter 1539
  Run  5: cost =     3.9128 (seed=1781760611)
New best goal cost found: 8.02029 (node 36) at iter 94
New best goal cost found: 7.41589 (node 57) at iter 143
New best goal cost found: 6.78909 (node 278) at iter 830
  Run  6: cost =     6.7891 (seed=1781760612)
New best goal cost found: 8.40535 (node 62) at iter 110
New best goal cost found: 4.96302 (node 67) at iter 123
New best goal cost found: 4.84441 (node 104) at iter 210
  Run  7: cost =     4.8444 (seed=1781760613)
New best goal cost found: 14.5487 (node 75) at iter 185
New best goal cost found: 14.3956 (node 76) at iter 192
  Run  8: cost =    14.3956 (seed=1781760614)
New best goal cost found: 2.95941 (node 46) at iter 132
New best goal cost found: 2.94597 (node 75) at iter 174
  Run  9: cost =     2.9460 (seed=1781760615)
New best goal cost found: 10.3046 (node 125) at iter 402
New best goal cost found: 8.71243 (node 186) at iter 582
New best goal cost found: 7.66326 (node 302) at iter 927
New best goal cost found: 6.83167 (node 396) at iter 1244
  Run 10: cost =     6.8317 (seed=1781760616)
New best goal cost found: 5.92507 (node 39) at iter 105
New best goal cost found: 2.67279 (node 45) at iter 127
  Run 11: cost =     2.6728 (seed=1781760617)
New best goal cost found: 8.87392 (node 44) at iter 99
New best goal cost found: 8.00089 (node 311) at iter 825
  Run 12: cost =     8.0009 (seed=1781760618)
New best goal cost found: 6.48496 (node 70) at iter 155
New best goal cost found: 6.18987 (node 83) at iter 189
New best goal cost found: 4.66987 (node 112) at iter 271
New best goal cost found: 3.58703 (node 161) at iter 386
  Run 13: cost =     3.5870 (seed=1781760619)
New best goal cost found: 8.99272 (node 67) at iter 215
New best goal cost found: 7.95739 (node 77) at iter 264
New best goal cost found: 7.95369 (node 109) at iter 351
New best goal cost found: 7.90093 (node 204) at iter 605
New best goal cost found: 7.62856 (node 318) at iter 955
New best goal cost found: 7.60473 (node 551) at iter 1765
  Run 14: cost =     7.6047 (seed=1781760620)
New best goal cost found: 6.81312 (node 45) at iter 134
New best goal cost found: 6.77451 (node 98) at iter 245
New best goal cost found: 5.72854 (node 310) at iter 841
  Run 15: cost =     5.7285 (seed=1781760621)
New best goal cost found: 6.93631 (node 23) at iter 44
New best goal cost found: 6.83017 (node 46) at iter 92
New best goal cost found: 6.68968 (node 60) at iter 107
New best goal cost found: 5.80269 (node 97) at iter 188
New best goal cost found: 5.72387 (node 188) at iter 449
  Run 16: cost =     5.7239 (seed=1781760622)
New best goal cost found: 6.04505 (node 28) at iter 71
New best goal cost found: 5.40438 (node 34) at iter 78
New best goal cost found: 4.82981 (node 67) at iter 142
  Run 17: cost =     4.8298 (seed=1781760623)
New best goal cost found: 4.97057 (node 81) at iter 246
New best goal cost found: 4.95753 (node 141) at iter 385
New best goal cost found: 4.82336 (node 326) at iter 989
  Run 18: cost =     4.8234 (seed=1781760624)
New best goal cost found: 5.38033 (node 19) at iter 47
New best goal cost found: 4.94529 (node 43) at iter 95
New best goal cost found: 4.83518 (node 73) at iter 171
New best goal cost found: 4.79849 (node 95) at iter 214
New best goal cost found: 4.73379 (node 295) at iter 818
  Run 19: cost =     4.7338 (seed=1781760625)
Best path found at iter 127 in 0.000361 seconds within the winning RRT run.

Globally best cost: 2.6728 (seed=1781760617)
Best run rejections: dist=0, rot=0, col=1306, dup=575

=== Final Collision Check (Rectangular Footprint) ===
  WP    x        y        theta    Status    
  0       1.049   -0.189    2.162  Free      
  1       0.770    0.226    2.162  Free      
  2       0.630    0.435    2.162  Free      
  3       0.630    0.435    1.130  Free      
  4       0.843    0.887    1.130  Free      
  5       1.009    1.239    1.130  Free      
  All waypoints are collision-free (Rectangular Footprint).
Wrote 6 waypoints to /home/unitree-arka/Navigation_Dataset/waypoints/se2_waypoints_64.txt
Saved navigation dataset for run_idx=64
  Current poses       : /home/unitree-arka/Navigation_Dataset/Present_Robot_Pose/curr_pose_64.txt
  Target poses        : /home/unitree-arka/Navigation_Dataset/Target_Pose/local_target_pose_64.txt
  Local obstacle info : /home/unitree-arka/Navigation_Dataset/Local_Obstacle_Info/local_obs_64.txt
  Local goal info     : /home/unitree-arka/Navigation_Dataset/Local_Goal_Info/local_goal_info_64.txt
  Planning time       : /home/unitree-arka/Navigation_Dataset/Timestep/plan_time_64.txt
  Query config        : /home/unitree-arka/Navigation_Dataset/query/query_64.cfg

=== Controls (5 commands, step_time=1.0s) ===
  Seg      vx(m/s)     vy(m/s)  vth(rad/s)    dur(s)
  0         0.5000      0.0000      0.0000       1.0
  1         0.2517      0.0000      0.0000       1.0
  2         0.0000      0.0000     -1.0318       1.0
  3         0.5000      0.0000      0.0000       1.0
  4         0.3893      0.0000      0.0000       1.0
Wrote 5 controls to /home/unitree-arka/Navigation_Dataset/controls/controls_64.txt
