Loading config: planner.cfg
Loading config: query.cfg

=== SE(2) RRT Blossom Planner ===
  Start      : (0.527, -0.231, 2.290)
  Goal       : (0.142, 1.486, [Any])
  Robot R    : 0.250 m
  Safety     : 0.100 m
  Inflation  : 0.350 m
  Step time  : 1.0 s
  Obstacles  : 2
    [0] centre=(0.945, 0.555) th=-0.463  L=0.250 W=0.350
    [1] centre=(-0.161, 0.705) th=0.119  L=0.570 W=0.420
  Map        : X[-0.5, 1.5]  Y[-0.5, 2.0]
  Goal Tol   : 0.200 m


=== Executing 20 RRT search attempts ===
  Run  0: failed
  Run  1: failed
  Run  2: failed
New best goal cost found: 8.83386 (node 241) at iter 1539
  Run  3: cost =     8.8339 (seed=1781762927)
  Run  4: failed
  Run  5: failed
New best goal cost found: 8.31678 (node 135) at iter 800
New best goal cost found: 6.78053 (node 225) at iter 1100
  Run  6: cost =     6.7805 (seed=1781762930)
New best goal cost found: 5.76884 (node 84) at iter 365
  Run  7: cost =     5.7688 (seed=1781762931)
New best goal cost found: 6.51293 (node 105) at iter 519
  Run  8: cost =     6.5129 (seed=1781762932)
  Run  9: failed
New best goal cost found: 6.6951 (node 160) at iter 976
New best goal cost found: 6.54438 (node 165) at iter 1007
New best goal cost found: 6.44863 (node 167) at iter 1008
New best goal cost found: 5.94187 (node 398) at iter 1829
  Run 10: cost =     5.9419 (seed=1781762934)
New best goal cost found: 7.59626 (node 309) at iter 1945
New best goal cost found: 7.43464 (node 313) at iter 1963
  Run 11: cost =     7.4346 (seed=1781762935)
New best goal cost found: 12.3872 (node 147) at iter 786
New best goal cost found: 12.3217 (node 195) at iter 980
New best goal cost found: 10.2229 (node 210) at iter 1040
New best goal cost found: 9.70126 (node 393) at iter 1622
  Run 12: cost =     9.7013 (seed=1781762936)
  Run 13: failed
New best goal cost found: 13.2665 (node 71) at iter 279
New best goal cost found: 12.4855 (node 100) at iter 375
New best goal cost found: 9.66595 (node 109) at iter 396
  Run 14: cost =     9.6659 (seed=1781762938)
  Run 15: failed
  Run 16: failed
  Run 17: failed
  Run 18: failed
New best goal cost found: 6.60107 (node 128) at iter 683
  Run 19: cost =     6.6011 (seed=1781762943)
Best path found at iter 365 in 0.001310 seconds within the winning RRT run.

Globally best cost: 5.7688 (seed=1781762931)
Best run rejections: dist=0, rot=0, col=1397, dup=512

=== Final Collision Check (Rectangular Footprint) ===
  WP    x        y        theta    Status    
  0       0.527   -0.231    2.290  Free      
  1       0.527   -0.231   -3.030  Free      
  2       0.527   -0.231    2.206  Free      
  3       0.331    0.035    2.206  Free      
  4       0.331    0.035    1.297  Free      
  5       0.466    0.516    1.297  Free      
  6       0.601    0.998    1.297  Free      
  7       0.601    0.998    2.318  Free      
  8       0.261    1.365    2.318  Free      
  All waypoints are collision-free (Rectangular Footprint).
Wrote 9 waypoints to /home/unitree-arka/Navigation_Dataset/waypoints/se2_waypoints_75.txt
Saved navigation dataset for run_idx=75
  Current poses       : /home/unitree-arka/Navigation_Dataset/Present_Robot_Pose/curr_pose_75.txt
  Target poses        : /home/unitree-arka/Navigation_Dataset/Target_Pose/local_target_pose_75.txt
  Local obstacle info : /home/unitree-arka/Navigation_Dataset/Local_Obstacle_Info/local_obs_75.txt
  Local goal info     : /home/unitree-arka/Navigation_Dataset/Local_Goal_Info/local_goal_info_75.txt
  Planning time       : /home/unitree-arka/Navigation_Dataset/Timestep/plan_time_75.txt
  Query config        : /home/unitree-arka/Navigation_Dataset/query/query_75.cfg

=== Controls (8 commands, step_time=1.0s) ===
  Seg      vx(m/s)     vy(m/s)  vth(rad/s)    dur(s)
  0         0.0000      0.0000      0.9628       1.0
  1         0.0000      0.0000     -1.0472       1.0
  2         0.3305      0.0000      0.0000       1.0
  3         0.0000      0.0000     -0.9082       1.0
  4         0.5000      0.0000      0.0000       1.0
  5         0.5000      0.0000      0.0000       1.0
  6         0.0000      0.0000      1.0202       1.0
  7         0.5000      0.0000      0.0000       1.0
Wrote 8 controls to /home/unitree-arka/Navigation_Dataset/controls/controls_75.txt
