Loading config: planner.cfg
Loading config: query.cfg

=== SE(2) RRT Blossom Planner ===
  Start      : (0.674, -0.276, 2.134)
  Goal       : (0.191, 1.774, [Any])
  Robot R    : 0.250 m
  Safety     : 0.100 m
  Inflation  : 0.350 m
  Step time  : 1.0 s
  Obstacles  : 2
    [0] centre=(1.024, 0.680) th=3.047  L=0.250 W=0.350
    [1] centre=(-0.081, 0.885) th=-2.173  L=0.570 W=0.420
  Map        : X[-0.5, 1.5]  Y[-0.5, 2.0]
  Goal Tol   : 0.200 m


=== Executing 20 RRT search attempts ===
New best goal cost found: 9.85513 (node 193) at iter 1090
  Run  0: cost =     9.8551 (seed=1781671948)
New best goal cost found: 7.69492 (node 70) at iter 195
New best goal cost found: 7.18109 (node 76) at iter 224
New best goal cost found: 7.05617 (node 116) at iter 331
New best goal cost found: 5.49191 (node 362) at iter 1161
  Run  1: cost =     5.4919 (seed=1781671949)
New best goal cost found: 7.14074 (node 111) at iter 357
  Run  2: cost =     7.1407 (seed=1781671950)
New best goal cost found: 6.27171 (node 40) at iter 88
New best goal cost found: 5.03881 (node 42) at iter 94
  Run  3: cost =     5.0388 (seed=1781671951)
New best goal cost found: 7.44765 (node 143) at iter 421
New best goal cost found: 7.41302 (node 180) at iter 511
  Run  4: cost =     7.4130 (seed=1781671952)
New best goal cost found: 5.64644 (node 74) at iter 198
New best goal cost found: 5.56536 (node 97) at iter 262
New best goal cost found: 5.42506 (node 107) at iter 295
  Run  5: cost =     5.4251 (seed=1781671953)
New best goal cost found: 16.4575 (node 236) at iter 937
New best goal cost found: 9.54439 (node 259) at iter 1006
  Run  6: cost =     9.5444 (seed=1781671954)
New best goal cost found: 5.46745 (node 323) at iter 1173
  Run  7: cost =     5.4675 (seed=1781671955)
New best goal cost found: 10.3076 (node 212) at iter 898
New best goal cost found: 9.30755 (node 248) at iter 1032
  Run  8: cost =     9.3075 (seed=1781671956)
New best goal cost found: 7.73882 (node 107) at iter 411
New best goal cost found: 7.68919 (node 140) at iter 511
  Run  9: cost =     7.6892 (seed=1781671957)
New best goal cost found: 4.33712 (node 155) at iter 605
  Run 10: cost =     4.3371 (seed=1781671958)
New best goal cost found: 11.6288 (node 94) at iter 319
New best goal cost found: 10.9968 (node 98) at iter 328
New best goal cost found: 9.99226 (node 452) at iter 1575
  Run 11: cost =     9.9923 (seed=1781671959)
New best goal cost found: 10.0095 (node 58) at iter 128
  Run 12: cost =    10.0095 (seed=1781671960)
New best goal cost found: 6.38664 (node 111) at iter 380
  Run 13: cost =     6.3866 (seed=1781671961)
New best goal cost found: 10.1043 (node 136) at iter 531
  Run 14: cost =    10.1043 (seed=1781671962)
New best goal cost found: 9.73869 (node 132) at iter 486
New best goal cost found: 9.64965 (node 340) at iter 1234
  Run 15: cost =     9.6496 (seed=1781671963)
New best goal cost found: 11.3366 (node 116) at iter 305
New best goal cost found: 9.28648 (node 122) at iter 326
  Run 16: cost =     9.2865 (seed=1781671964)
New best goal cost found: 4.60132 (node 88) at iter 231
New best goal cost found: 3.28436 (node 100) at iter 258
  Run 17: cost =     3.2844 (seed=1781671965)
New best goal cost found: 8.9209 (node 185) at iter 560
New best goal cost found: 8.84733 (node 425) at iter 1309
New best goal cost found: 6.72368 (node 542) at iter 1718
  Run 18: cost =     6.7237 (seed=1781671966)
New best goal cost found: 10.8492 (node 223) at iter 611
New best goal cost found: 9.86613 (node 276) at iter 811
New best goal cost found: 9.17155 (node 368) at iter 1124
  Run 19: cost =     9.1716 (seed=1781671967)
Best path found at iter 258 in 0.000940 seconds within the winning RRT run.

Globally best cost: 3.2844 (seed=1781671965)
Best run rejections: dist=0, rot=0, col=1344, dup=594

=== Final Collision Check (Rectangular Footprint) ===
  WP    x        y        theta    Status    
  0       0.674   -0.276    2.134  Free      
  1       0.407    0.147    2.134  Free      
  2       0.407    0.147    1.347  Free      
  3       0.518    0.634    1.347  Free      
  4       0.630    1.122    1.347  Free      
  5       0.741    1.609    1.347  Free      
  6       0.256    1.719    1.347  Free      
  All waypoints are collision-free (Rectangular Footprint).
Wrote 7 waypoints to /home/unitree-arka/Navigation_Dataset/waypoints/se2_waypoints_35.txt
Saved navigation dataset for run_idx=35
  Current poses       : /home/unitree-arka/Navigation_Dataset/Present_Robot_Pose/curr_pose_35.txt
  Target poses        : /home/unitree-arka/Navigation_Dataset/Target_Pose/local_target_pose_35.txt
  Local obstacle info : /home/unitree-arka/Navigation_Dataset/Local_Obstacle_Info/local_obs_35.txt
  Local goal info     : /home/unitree-arka/Navigation_Dataset/Local_Goal_Info/local_goal_info_35.txt
  Planning time       : /home/unitree-arka/Navigation_Dataset/Timestep/plan_time_35.txt
  Query config        : /home/unitree-arka/Navigation_Dataset/query/query_35.cfg

=== Controls (6 commands, step_time=1.0s) ===
  Seg      vx(m/s)     vy(m/s)  vth(rad/s)    dur(s)
  0         0.5000      0.0000      0.0000       1.0
  1         0.0000      0.0000     -0.7874       1.0
  2         0.5000      0.0000      0.0000       1.0
  3         0.5000      0.0000      0.0000       1.0
  4         0.5000      0.0000      0.0000       1.0
  5         0.0000      0.4969      0.0000       1.0
Wrote 6 controls to /home/unitree-arka/Navigation_Dataset/controls/controls_35.txt
