Loading config: planner.cfg
Loading config: query.cfg

=== SE(2) RRT Blossom Planner ===
  Start      : (0.670, -0.277, 2.105)
  Goal       : (0.264, 1.413, [Any])
  Robot R    : 0.250 m
  Safety     : 0.100 m
  Inflation  : 0.350 m
  Step time  : 1.0 s
  Obstacles  : 2
    [0] centre=(1.082, 1.290) th=-0.468  L=0.250 W=0.350
    [1] centre=(0.002, 0.671) th=-2.476  L=0.570 W=0.420
  Map        : X[-0.5, 1.5]  Y[-0.5, 2.0]
  Goal Tol   : 0.200 m


=== Executing 20 RRT search attempts ===
New best goal cost found: 9.28865 (node 56) at iter 162
New best goal cost found: 9.06146 (node 59) at iter 171
New best goal cost found: 7.04746 (node 93) at iter 263
  Run  0: cost =     7.0475 (seed=1781678094)
New best goal cost found: 4.95372 (node 110) at iter 384
  Run  1: cost =     4.9537 (seed=1781678095)
New best goal cost found: 5.52344 (node 59) at iter 148
New best goal cost found: 5.29494 (node 295) at iter 956
  Run  2: cost =     5.2949 (seed=1781678096)
New best goal cost found: 4.46577 (node 70) at iter 201
New best goal cost found: 4.38803 (node 73) at iter 217
New best goal cost found: 4.3445 (node 130) at iter 466
New best goal cost found: 4.30074 (node 140) at iter 507
  Run  3: cost =     4.3007 (seed=1781678097)
New best goal cost found: 9.35174 (node 100) at iter 266
New best goal cost found: 8.76359 (node 119) at iter 327
New best goal cost found: 7.8487 (node 280) at iter 944
  Run  4: cost =     7.8487 (seed=1781678098)
New best goal cost found: 8.70402 (node 150) at iter 549
New best goal cost found: 8.15227 (node 159) at iter 583
New best goal cost found: 5.84179 (node 208) at iter 750
New best goal cost found: 5.76838 (node 470) at iter 1735
  Run  5: cost =     5.7684 (seed=1781678099)
New best goal cost found: 4.6403 (node 61) at iter 206
New best goal cost found: 4.46102 (node 391) at iter 1335
  Run  6: cost =     4.4610 (seed=1781678100)
New best goal cost found: 6.83079 (node 46) at iter 106
New best goal cost found: 4.85119 (node 108) at iter 374
  Run  7: cost =     4.8512 (seed=1781678101)
New best goal cost found: 6.54938 (node 64) at iter 123
  Run  8: cost =     6.5494 (seed=1781678102)
New best goal cost found: 7.89906 (node 41) at iter 107
New best goal cost found: 7.85363 (node 121) at iter 337
  Run  9: cost =     7.8536 (seed=1781678103)
New best goal cost found: 4.19901 (node 29) at iter 60
New best goal cost found: 4.04327 (node 34) at iter 82
New best goal cost found: 4.02471 (node 37) at iter 91
New best goal cost found: 4.01032 (node 49) at iter 130
  Run 10: cost =     4.0103 (seed=1781678104)
New best goal cost found: 7.90649 (node 57) at iter 116
  Run 11: cost =     7.9065 (seed=1781678105)
New best goal cost found: 4.62255 (node 65) at iter 197
New best goal cost found: 4.22068 (node 293) at iter 879
  Run 12: cost =     4.2207 (seed=1781678106)
New best goal cost found: 4.29947 (node 60) at iter 157
New best goal cost found: 4.29244 (node 69) at iter 195
  Run 13: cost =     4.2924 (seed=1781678107)
New best goal cost found: 8.80057 (node 106) at iter 348
New best goal cost found: 7.48382 (node 414) at iter 1583
  Run 14: cost =     7.4838 (seed=1781678108)
New best goal cost found: 4.82003 (node 54) at iter 118
  Run 15: cost =     4.8200 (seed=1781678109)
New best goal cost found: 6.20994 (node 32) at iter 58
New best goal cost found: 5.70235 (node 51) at iter 118
New best goal cost found: 4.01622 (node 55) at iter 127
New best goal cost found: 3.93394 (node 77) at iter 186
  Run 16: cost =     3.9339 (seed=1781678110)
New best goal cost found: 9.15765 (node 168) at iter 528
New best goal cost found: 7.05076 (node 243) at iter 773
New best goal cost found: 7.00855 (node 329) at iter 1037
New best goal cost found: 6.11087 (node 380) at iter 1218
  Run 17: cost =     6.1109 (seed=1781678111)
New best goal cost found: 5.50507 (node 105) at iter 409
  Run 18: cost =     5.5051 (seed=1781678112)
New best goal cost found: 4.47084 (node 33) at iter 64
  Run 19: cost =     4.4708 (seed=1781678113)
Best path found at iter 186 in 0.000766 seconds within the winning RRT run.

Globally best cost: 3.9339 (seed=1781678110)
Best run rejections: dist=0, rot=0, col=1386, dup=458

=== Final Collision Check (Rectangular Footprint) ===
  WP    x        y        theta    Status    
  0       0.670   -0.277    2.105  Free      
  1       0.446    0.102    2.105  Free      
  2       0.683    0.243    2.105  Free      
  3       0.683    0.243    1.195  Free      
  4       0.867    0.708    1.195  Free      
  5       0.867    0.708    2.242  Free      
  6       0.556    1.099    2.242  Free      
  7       0.394    1.303    2.242  Free      
  All waypoints are collision-free (Rectangular Footprint).
Wrote 8 waypoints to /home/unitree-arka/Navigation_Dataset/waypoints/se2_waypoints_50.txt
Saved navigation dataset for run_idx=50
  Current poses       : /home/unitree-arka/Navigation_Dataset/Present_Robot_Pose/curr_pose_50.txt
  Target poses        : /home/unitree-arka/Navigation_Dataset/Target_Pose/local_target_pose_50.txt
  Local obstacle info : /home/unitree-arka/Navigation_Dataset/Local_Obstacle_Info/local_obs_50.txt
  Local goal info     : /home/unitree-arka/Navigation_Dataset/Local_Goal_Info/local_goal_info_50.txt
  Planning time       : /home/unitree-arka/Navigation_Dataset/Timestep/plan_time_50.txt
  Query config        : /home/unitree-arka/Navigation_Dataset/query/query_50.cfg

=== Controls (7 commands, step_time=1.0s) ===
  Seg      vx(m/s)     vy(m/s)  vth(rad/s)    dur(s)
  0         0.4408      0.0000      0.0000       1.0
  1         0.0000     -0.2760      0.0000       1.0
  2         0.0000      0.0000     -0.9098       1.0
  3         0.5000      0.0000      0.0000       1.0
  4         0.0000      0.0000      1.0472       1.0
  5         0.5000      0.0000      0.0000       1.0
  6         0.2601      0.0000      0.0000       1.0
Wrote 7 controls to /home/unitree-arka/Navigation_Dataset/controls/controls_50.txt
