Loading config: planner.cfg
Loading config: query.cfg

=== SE(2) RRT Blossom Planner ===
  Start      : (0.658, -0.288, 2.133)
  Goal       : (0.193, 1.643, [Any])
  Robot R    : 0.250 m
  Safety     : 0.100 m
  Inflation  : 0.350 m
  Step time  : 1.0 s
  Obstacles  : 2
    [0] centre=(0.918, 0.621) th=2.451  L=0.250 W=0.350
    [1] centre=(-0.224, 0.847) th=-1.938  L=0.570 W=0.420
  Map        : X[-0.5, 1.5]  Y[-0.5, 2.0]
  Goal Tol   : 0.200 m


=== Executing 20 RRT search attempts ===
New best goal cost found: 5.03934 (node 158) at iter 498
New best goal cost found: 5.03482 (node 186) at iter 580
New best goal cost found: 4.62141 (node 421) at iter 1384
  Run  0: cost =     4.6214 (seed=1781674457)
New best goal cost found: 7.3725 (node 50) at iter 130
  Run  1: cost =     7.3725 (seed=1781674458)
New best goal cost found: 11.7218 (node 64) at iter 255
New best goal cost found: 3.97876 (node 135) at iter 445
  Run  2: cost =     3.9788 (seed=1781674459)
New best goal cost found: 12.9318 (node 85) at iter 222
New best goal cost found: 11.9698 (node 553) at iter 1911
  Run  3: cost =    11.9698 (seed=1781674460)
New best goal cost found: 7.80433 (node 71) at iter 273
New best goal cost found: 5.84583 (node 375) at iter 1309
  Run  4: cost =     5.8458 (seed=1781674461)
New best goal cost found: 5.81404 (node 23) at iter 85
New best goal cost found: 5.76803 (node 32) at iter 115
  Run  5: cost =     5.7680 (seed=1781674462)
New best goal cost found: 5.25335 (node 36) at iter 69
New best goal cost found: 4.63387 (node 84) at iter 218
  Run  6: cost =     4.6339 (seed=1781674463)
New best goal cost found: 8.62319 (node 49) at iter 284
  Run  7: cost =     8.6232 (seed=1781674464)
New best goal cost found: 7.65262 (node 44) at iter 88
New best goal cost found: 7.51219 (node 51) at iter 100
  Run  8: cost =     7.5122 (seed=1781674465)
New best goal cost found: 6.21357 (node 72) at iter 230
New best goal cost found: 6.1382 (node 77) at iter 240
  Run  9: cost =     6.1382 (seed=1781674466)
New best goal cost found: 8.26146 (node 92) at iter 235
New best goal cost found: 5.78967 (node 98) at iter 242
  Run 10: cost =     5.7897 (seed=1781674467)
New best goal cost found: 8.69757 (node 73) at iter 281
  Run 11: cost =     8.6976 (seed=1781674468)
New best goal cost found: 6.9391 (node 56) at iter 188
New best goal cost found: 6.23007 (node 99) at iter 316
  Run 12: cost =     6.2301 (seed=1781674469)
New best goal cost found: 8.38992 (node 54) at iter 210
New best goal cost found: 8.31768 (node 76) at iter 284
New best goal cost found: 7.96583 (node 134) at iter 445
New best goal cost found: 6.45507 (node 154) at iter 514
New best goal cost found: 6.43449 (node 174) at iter 559
  Run 13: cost =     6.4345 (seed=1781674470)
New best goal cost found: 9.16634 (node 168) at iter 529
New best goal cost found: 6.30621 (node 182) at iter 574
New best goal cost found: 5.87365 (node 253) at iter 829
New best goal cost found: 5.40048 (node 316) at iter 1003
  Run 14: cost =     5.4005 (seed=1781674471)
New best goal cost found: 7.93233 (node 36) at iter 65
New best goal cost found: 7.70229 (node 126) at iter 294
  Run 15: cost =     7.7023 (seed=1781674472)
New best goal cost found: 6.94113 (node 66) at iter 252
New best goal cost found: 6.81942 (node 79) at iter 278
New best goal cost found: 6.6326 (node 99) at iter 330
  Run 16: cost =     6.6326 (seed=1781674473)
New best goal cost found: 7.64751 (node 48) at iter 256
New best goal cost found: 7.46344 (node 179) at iter 651
New best goal cost found: 7.44383 (node 368) at iter 1362
  Run 17: cost =     7.4438 (seed=1781674474)
New best goal cost found: 8.31724 (node 74) at iter 334
New best goal cost found: 8.30421 (node 88) at iter 380
New best goal cost found: 7.98609 (node 132) at iter 523
New best goal cost found: 7.38466 (node 467) at iter 1681
  Run 18: cost =     7.3847 (seed=1781674475)
New best goal cost found: 6.76407 (node 43) at iter 140
New best goal cost found: 6.35063 (node 154) at iter 455
New best goal cost found: 5.16712 (node 184) at iter 553
  Run 19: cost =     5.1671 (seed=1781674476)
Best path found at iter 445 in 0.001597 seconds within the winning RRT run.

Globally best cost: 3.9788 (seed=1781674459)
Best run rejections: dist=0, rot=0, col=1360, dup=563

=== Final Collision Check (Rectangular Footprint) ===
  WP    x        y        theta    Status    
  0       0.658   -0.288    2.133  Free      
  1       0.391    0.135    2.133  Free      
  2       0.391    0.135    1.138  Free      
  3       0.160    0.242    1.138  Free      
  4       0.327    0.603    1.138  Free      
  5       0.525    1.034    1.138  Free      
  6       0.525    1.034    1.996  Free      
  7       0.319    1.489    1.996  Free      
  All waypoints are collision-free (Rectangular Footprint).
Wrote 8 waypoints to /home/unitree-arka/Navigation_Dataset/waypoints/se2_waypoints_45.txt
Saved navigation dataset for run_idx=45
  Current poses       : /home/unitree-arka/Navigation_Dataset/Present_Robot_Pose/curr_pose_45.txt
  Target poses        : /home/unitree-arka/Navigation_Dataset/Target_Pose/local_target_pose_45.txt
  Local obstacle info : /home/unitree-arka/Navigation_Dataset/Local_Obstacle_Info/local_obs_45.txt
  Local goal info     : /home/unitree-arka/Navigation_Dataset/Local_Goal_Info/local_goal_info_45.txt
  Planning time       : /home/unitree-arka/Navigation_Dataset/Timestep/plan_time_45.txt
  Query config        : /home/unitree-arka/Navigation_Dataset/query/query_45.cfg

=== Controls (7 commands, step_time=1.0s) ===
  Seg      vx(m/s)     vy(m/s)  vth(rad/s)    dur(s)
  0         0.5000      0.0000      0.0000       1.0
  1         0.0000      0.0000     -0.9948       1.0
  2         0.0000      0.2549      0.0000       1.0
  3         0.3977      0.0000      0.0000       1.0
  4         0.4741      0.0000      0.0000       1.0
  5         0.0000      0.0000      0.8572       1.0
  6         0.5000      0.0000      0.0000       1.0
Wrote 7 controls to /home/unitree-arka/Navigation_Dataset/controls/controls_45.txt
