Loading config: planner.cfg
Loading config: query.cfg

=== SE(2) RRT Blossom Planner ===
  Start      : (0.750, -0.248, 1.443)
  Goal       : (0.236, 1.618, [Any])
  Robot R    : 0.250 m
  Safety     : 0.100 m
  Inflation  : 0.350 m
  Step time  : 1.0 s
  Obstacles  : 2
    [0] centre=(1.006, 0.510) th=-0.106  L=0.250 W=0.350
    [1] centre=(-0.159, 0.874) th=-2.274  L=0.570 W=0.420
  Map        : X[-0.5, 1.5]  Y[-0.5, 2.0]
  Goal Tol   : 0.200 m


=== Executing 1 RRT search attempts ===
New best goal cost found: 7.4259 (node 148) at iter 658
New best goal cost found: 7.40669 (node 153) at iter 674
New best goal cost found: 7.29889 (node 203) at iter 878
  Run  0: cost =     7.2989 (seed=401)
Best path found at iter 878 in 0.004762 seconds within the winning RRT run.

Globally best cost: 7.2989 (seed=401)
Best run rejections: dist=0, rot=0, col=709, dup=676

=== Final Collision Check (Rectangular Footprint) ===
  WP    x        y        theta    Status    
  0       0.750   -0.248    1.443  Free      
  1       0.750   -0.248    2.490  Free      
  2       0.352    0.055    2.490  Free      
  3       0.352    0.055    1.443  Free      
  4       0.416    0.551    1.443  Free      
  5       0.416    0.551    0.396  Free      
  6       0.416    0.551    1.190  Free      
  7       0.601    1.015    1.190  Free      
  8       0.719    1.308    1.190  Free      
  9       0.719    1.308    2.238  Free      
  10      0.409    1.701    2.238  Free      
  All waypoints are collision-free (Rectangular Footprint).
Wrote 11 waypoints to /home/unitree-arka/Navigation_Dataset/waypoints/se2_waypoints_3014.txt

=== Controls (10 commands, step_time=1.0s) ===
  Seg      vx(m/s)     vy(m/s)  vth(rad/s)    dur(s)
  0         0.0000      0.0000      1.0472       1.0
  1         0.5000      0.0000      0.0000       1.0
  2         0.0000      0.0000     -1.0472       1.0
  3         0.5000      0.0000      0.0000       1.0
  4         0.0000      0.0000     -1.0472       1.0
  5         0.0000      0.0000      0.7944       1.0
  6         0.5000      0.0000      0.0000       1.0
  7         0.3157      0.0000      0.0000       1.0
  8         0.0000      0.0000      1.0472       1.0
  9         0.5000      0.0000      0.0000       1.0
Wrote 10 controls to /home/unitree-arka/Navigation_Dataset/controls/controls_3014.txt
