Loading config: planner.cfg
Loading config: query.cfg
Using comparison output directory: /home/unitree-arka/Single_Step_Position_Change/Navigation_Dataset/Comparison_Values/Comparison_1/RRT_1/rrt_run_3009

=== SE(2) RRT Blossom Planner ===
  Start      : (0.750, -0.248, 1.443)
  Goal       : (0.236, 1.618, [Any])
  Robot R    : 0.250 m
  Safety     : 0.100 m
  Inflation  : 0.350 m
  Step time  : 1.0 s
  Obstacles  : 2
    [0] centre=(1.006, 0.510) th=-0.106  L=0.250 W=0.350
    [1] centre=(-0.159, 0.874) th=-2.274  L=0.570 W=0.420
  Map        : X[-0.5, 1.5]  Y[-0.5, 2.0]
  Goal Tol   : 0.200 m


=== Executing 1 RRT search attempts ===
New best goal cost found: 5.35915 (node 50) at iter 122
New best goal cost found: 4.4048 (node 106) at iter 294
  Run  0: cost =     4.4048 (seed=907)
Best path found at iter 294 in 0.001202 seconds within the winning RRT run.

Globally best cost: 4.4048 (seed=907)
Best run rejections: dist=294, rot=0, col=1270, dup=1735

=== Final Collision Check (Rectangular Footprint) ===
  WP    x        y        theta    Status    
  0       0.750   -0.248    1.443  Free      
  1       0.750   -0.248    2.318  Free      
  2       0.410    0.119    2.318  Free      
  3       0.410    0.119    1.271  Free      
  4       0.558    0.596    1.271  Free      
  5       0.705    1.074    1.271  Free      
  6       0.853    1.552    1.271  Free      
  7       0.392    1.694    1.271  Free      
  All waypoints are collision-free (Rectangular Footprint).
Wrote 8 waypoints to /home/unitree-arka/Single_Step_Position_Change/Navigation_Dataset/Comparison_Values/Comparison_1/RRT_1/rrt_run_3009/se2_waypoints_3009.txt

=== Controls (7 commands, step_time=1.0s) ===
  Seg      vx(m/s)     vy(m/s)  vth(rad/s)    dur(s)
  0         0.0000      0.0000      0.8751       1.0
  1         0.5000      0.0000      0.0000       1.0
  2         0.0000      0.0000     -1.0472       1.0
  3         0.5000      0.0000      0.0000       1.0
  4         0.5000      0.0000      0.0000       1.0
  5         0.5000      0.0000      0.0000       1.0
  6         0.0000      0.4825      0.0000       1.0
Wrote 7 controls to /home/unitree-arka/Single_Step_Position_Change/Navigation_Dataset/Comparison_Values/Comparison_1/RRT_1/rrt_run_3009/controls_3009.txt
