Loading config: planner.cfg
Loading config: query.cfg
Using comparison output directory: /home/unitree-arka/Single_Step_Position_Change/Navigation_Dataset/Comparison_Values/Comparison_3/RRT_3/rrt_run_3026

=== SE(2) RRT Blossom Planner ===
  Start      : (0.959, -0.290, 1.286)
  Goal       : (0.884, 1.634, [Any])
  Robot R    : 0.250 m
  Safety     : 0.100 m
  Inflation  : 0.350 m
  Step time  : 1.0 s
  Obstacles  : 2
    [0] centre=(1.239, 0.695) th=-2.799  L=0.250 W=0.350
    [1] centre=(-0.013, 0.779) th=-2.059  L=0.570 W=0.420
  Map        : X[-0.5, 1.5]  Y[-0.5, 2.0]
  Goal Tol   : 0.200 m


=== Executing 1 RRT search attempts ===
New best goal cost found: 5.94054 (node 77) at iter 336
New best goal cost found: 5.85258 (node 92) at iter 381
  Run  0: cost =     5.8526 (seed=601)
Best path found at iter 381 in 0.001720 seconds within the winning RRT run.

Globally best cost: 5.8526 (seed=601)
Best run rejections: dist=301, rot=0, col=1357, dup=1555

=== Final Collision Check (Rectangular Footprint) ===
  WP    x        y        theta    Status    
  0       0.959   -0.290    1.286  Free      
  1       0.959   -0.290    2.333  Free      
  2       0.613    0.072    2.333  Free      
  3       0.613    0.072    1.310  Free      
  4       0.741    0.556    1.314  Free      
  5       0.741    0.556    2.361  Free      
  6       0.741    0.556    1.534  Free      
  7       0.759    1.055    1.534  Free      
  8       0.774    1.467    1.534  Free      
  All waypoints are collision-free (Rectangular Footprint).
Wrote 9 waypoints to /home/unitree-arka/Single_Step_Position_Change/Navigation_Dataset/Comparison_Values/Comparison_3/RRT_3/rrt_run_3026/se2_waypoints_3026.txt

=== Controls (8 commands, step_time=1.0s) ===
  Seg      vx(m/s)     vy(m/s)  vth(rad/s)    dur(s)
  0         0.0000      0.0000      1.0472       1.0
  1         0.5000      0.0000      0.0000       1.0
  2         0.0000      0.0000     -1.0228       1.0
  3         0.0000      0.0000      0.0032       1.0
  4         0.0000      0.0000      1.0472       1.0
  5         0.0000      0.0000     -0.8265       1.0
  6         0.5000      0.0000      0.0000       1.0
  7         0.4120      0.0000      0.0000       1.0
Wrote 8 controls to /home/unitree-arka/Single_Step_Position_Change/Navigation_Dataset/Comparison_Values/Comparison_3/RRT_3/rrt_run_3026/controls_3026.txt
