Loading config: planner.cfg
Loading config: query.cfg

=== SE(2) RRT Blossom Planner ===
  Start      : (0.750, -0.248, 1.443)
  Goal       : (0.236, 1.618, [Any])
  Robot R    : 0.250 m
  Safety     : 0.100 m
  Inflation  : 0.350 m
  Step time  : 1.0 s
  Obstacles  : 2
    [0] centre=(1.006, 0.510) th=-0.106  L=0.250 W=0.350
    [1] centre=(-0.159, 0.874) th=-2.274  L=0.570 W=0.420
  Map        : X[-0.5, 1.5]  Y[-0.5, 2.0]
  Goal Tol   : 0.200 m


=== Executing 1 RRT search attempts ===
New best goal cost found: 8.4464 (node 108) at iter 328
New best goal cost found: 7.4091 (node 116) at iter 354
New best goal cost found: 7.36342 (node 134) at iter 403
  Run  0: cost =     7.3634 (seed=307)
Best path found at iter 403 in 0.002113 seconds within the winning RRT run.

Globally best cost: 7.3634 (seed=307)
Best run rejections: dist=0, rot=0, col=639, dup=740

=== Final Collision Check (Rectangular Footprint) ===
  WP    x        y        theta    Status    
  0       0.750   -0.248    1.443  Free      
  1       0.750   -0.248    2.490  Free      
  2       0.352    0.055    2.490  Free      
  3       0.352    0.055    1.443  Free      
  4       0.352    0.055    0.396  Free      
  5       0.352    0.055    1.289  Free      
  6       0.491    0.535    1.289  Free      
  7       0.630    1.016    1.289  Free      
  8       0.630    1.016    2.336  Free      
  9       0.284    1.376    2.336  Free      
  10      0.089    1.579    2.336  Free      
  All waypoints are collision-free (Rectangular Footprint).
Wrote 11 waypoints to /home/unitree-arka/Navigation_Dataset/waypoints/se2_waypoints_3023.txt

=== Controls (10 commands, step_time=1.0s) ===
  Seg      vx(m/s)     vy(m/s)  vth(rad/s)    dur(s)
  0         0.0000      0.0000      1.0472       1.0
  1         0.5000      0.0000      0.0000       1.0
  2         0.0000      0.0000     -1.0472       1.0
  3         0.0000      0.0000     -1.0472       1.0
  4         0.0000      0.0000      0.8930       1.0
  5         0.5000      0.0000      0.0000       1.0
  6         0.5000      0.0000      0.0000       1.0
  7         0.0000      0.0000      1.0472       1.0
  8         0.5000      0.0000      0.0000       1.0
  9         0.2816      0.0000      0.0000       1.0
Wrote 10 controls to /home/unitree-arka/Navigation_Dataset/controls/controls_3023.txt
