Loading config: planner.cfg
Loading config: query.cfg

=== SE(2) RRT Blossom Planner ===
  Start      : (0.750, -0.248, 1.443)
  Goal       : (0.236, 1.618, [Any])
  Robot R    : 0.250 m
  Safety     : 0.100 m
  Inflation  : 0.350 m
  Step time  : 1.0 s
  Obstacles  : 2
    [0] centre=(1.006, 0.510) th=-0.106  L=0.250 W=0.350
    [1] centre=(-0.159, 0.874) th=-2.274  L=0.570 W=0.420
  Map        : X[-0.5, 1.5]  Y[-0.5, 2.0]
  Goal Tol   : 0.200 m


=== Executing 1 RRT search attempts ===
New best goal cost found: 8.48031 (node 59) at iter 224
New best goal cost found: 8.44432 (node 62) at iter 229
New best goal cost found: 8.40244 (node 106) at iter 376
New best goal cost found: 7.27168 (node 176) at iter 646
New best goal cost found: 7.19107 (node 238) at iter 846
  Run  0: cost =     7.1911 (seed=701)
Best path found at iter 846 in 0.005256 seconds within the winning RRT run.

Globally best cost: 7.1911 (seed=701)
Best run rejections: dist=0, rot=0, col=664, dup=723

=== Final Collision Check (Rectangular Footprint) ===
  WP    x        y        theta    Status    
  0       0.750   -0.248    1.443  Free      
  1       0.750   -0.248    0.474  Free      
  2       0.750   -0.248    1.332  Free      
  3       0.750   -0.248    2.386  Free      
  4       0.386    0.095    2.386  Free      
  5       0.386    0.095    1.339  Free      
  6       0.501    0.581    1.339  Free      
  7       0.616    1.068    1.339  Free      
  8       0.616    1.068    2.386  Free      
  9       0.430    1.243    2.386  Free      
  10      0.209    1.452    2.386  Free      
  All waypoints are collision-free (Rectangular Footprint).
Wrote 11 waypoints to /home/unitree-arka/Navigation_Dataset/waypoints/se2_waypoints_3027.txt

=== Controls (10 commands, step_time=1.0s) ===
  Seg      vx(m/s)     vy(m/s)  vth(rad/s)    dur(s)
  0         0.0000      0.0000     -0.9693       1.0
  1         0.0000      0.0000      0.8582       1.0
  2         0.0000      0.0000      1.0537       1.0
  3         0.5000      0.0000      0.0000       1.0
  4         0.0000      0.0000     -1.0472       1.0
  5         0.5000      0.0000      0.0000       1.0
  6         0.5000      0.0000      0.0000       1.0
  7         0.0000      0.0000      1.0472       1.0
  8         0.2550      0.0000      0.0000       1.0
  9         0.3047      0.0000      0.0000       1.0
Wrote 10 controls to /home/unitree-arka/Navigation_Dataset/controls/controls_3027.txt
