Loading config: planner.cfg
Loading config: query.cfg

=== SE(2) RRT Blossom Planner ===
  Start      : (0.750, -0.248, 1.443)
  Goal       : (0.236, 1.618, [Any])
  Robot R    : 0.250 m
  Safety     : 0.100 m
  Inflation  : 0.350 m
  Step time  : 1.0 s
  Obstacles  : 2
    [0] centre=(1.006, 0.510) th=-0.106  L=0.250 W=0.350
    [1] centre=(-0.159, 0.874) th=-2.274  L=0.570 W=0.420
  Map        : X[-0.5, 1.5]  Y[-0.5, 2.0]
  Goal Tol   : 0.200 m


=== Executing 1 RRT search attempts ===
New best goal cost found: 5.32614 (node 14) at iter 27
New best goal cost found: 5.31685 (node 42) at iter 96
  Run  0: cost =     5.3168 (seed=101)
Best path found at iter 96 in 0.000433 seconds within the winning RRT run.

Globally best cost: 5.3168 (seed=101)
Best run rejections: dist=0, rot=0, col=598, dup=800

=== Final Collision Check (Rectangular Footprint) ===
  WP    x        y        theta    Status    
  0       0.750   -0.248    1.443  Free      
  1       0.750   -0.248    2.386  Free      
  2       0.386    0.095    2.386  Free      
  3       0.386    0.095    1.339  Free      
  4       0.501    0.581    1.339  Free      
  5       0.616    1.068    1.339  Free      
  6       0.616    1.068    2.386  Free      
  7       0.252    1.411    2.386  Free      
  8       0.048    1.603    2.386  Free      
  All waypoints are collision-free (Rectangular Footprint).
Wrote 9 waypoints to /home/unitree-arka/Navigation_Dataset/waypoints/se2_waypoints_3021.txt

=== Controls (8 commands, step_time=1.0s) ===
  Seg      vx(m/s)     vy(m/s)  vth(rad/s)    dur(s)
  0         0.0000      0.0000      0.9426       1.0
  1         0.5000      0.0000      0.0000       1.0
  2         0.0000      0.0000     -1.0472       1.0
  3         0.5000      0.0000      0.0000       1.0
  4         0.5000      0.0000      0.0000       1.0
  5         0.0000      0.0000      1.0472       1.0
  6         0.5000      0.0000      0.0000       1.0
  7         0.2799      0.0000      0.0000       1.0
Wrote 8 controls to /home/unitree-arka/Navigation_Dataset/controls/controls_3021.txt
