Loading config: planner.cfg
Loading config: query.cfg

=== SE(2) RRT Blossom Planner ===
  Start      : (0.750, -0.248, 1.443)
  Goal       : (0.236, 1.618, [Any])
  Robot R    : 0.250 m
  Safety     : 0.100 m
  Inflation  : 0.350 m
  Step time  : 1.0 s
  Obstacles  : 2
    [0] centre=(1.006, 0.510) th=-0.106  L=0.250 W=0.350
    [1] centre=(-0.159, 0.874) th=-2.274  L=0.570 W=0.420
  Map        : X[-0.5, 1.5]  Y[-0.5, 2.0]
  Goal Tol   : 0.200 m


=== Executing 1 RRT search attempts ===
New best goal cost found: 5.22256 (node 60) at iter 136
New best goal cost found: 5.1084 (node 131) at iter 353
  Run  0: cost =     5.1084 (seed=907)
Best path found at iter 353 in 0.002073 seconds within the winning RRT run.

Globally best cost: 5.1084 (seed=907)
Best run rejections: dist=0, rot=0, col=646, dup=694

=== Final Collision Check (Rectangular Footprint) ===
  WP    x        y        theta    Status    
  0       0.750   -0.248    1.443  Free      
  1       0.750   -0.248    2.318  Free      
  2       0.410    0.119    2.318  Free      
  3       0.410    0.119    1.271  Free      
  4       0.558    0.596    1.271  Free      
  5       0.705    1.074    1.271  Free      
  6       0.705    1.074    2.124  Free      
  7       0.474    1.448    2.124  Free      
  8       0.267    1.783    2.124  Free      
  All waypoints are collision-free (Rectangular Footprint).
Wrote 9 waypoints to /home/unitree-arka/Navigation_Dataset/waypoints/se2_waypoints_3029.txt

=== Controls (8 commands, step_time=1.0s) ===
  Seg      vx(m/s)     vy(m/s)  vth(rad/s)    dur(s)
  0         0.0000      0.0000      0.8751       1.0
  1         0.5000      0.0000      0.0000       1.0
  2         0.0000      0.0000     -1.0472       1.0
  3         0.5000      0.0000      0.0000       1.0
  4         0.5000      0.0000      0.0000       1.0
  5         0.0000      0.0000      0.8531       1.0
  6         0.4395      0.0000      0.0000       1.0
  7         0.3935      0.0000      0.0000       1.0
Wrote 8 controls to /home/unitree-arka/Navigation_Dataset/controls/controls_3029.txt
