Loading config: planner.cfg
Loading config: query.cfg
Using comparison output directory: /home/unitree-arka/Single_Step_Position_Change/Navigation_Dataset/Comparison_Values/Comparison_3/RRT_3/rrt_run_3029

=== SE(2) RRT Blossom Planner ===
  Start      : (0.959, -0.290, 1.286)
  Goal       : (0.884, 1.634, [Any])
  Robot R    : 0.250 m
  Safety     : 0.100 m
  Inflation  : 0.350 m
  Step time  : 1.0 s
  Obstacles  : 2
    [0] centre=(1.239, 0.695) th=-2.799  L=0.250 W=0.350
    [1] centre=(-0.013, 0.779) th=-2.059  L=0.570 W=0.420
  Map        : X[-0.5, 1.5]  Y[-0.5, 2.0]
  Goal Tol   : 0.200 m


=== Executing 1 RRT search attempts ===
New best goal cost found: 6.47331 (node 88) at iter 316
New best goal cost found: 6.36984 (node 117) at iter 380
New best goal cost found: 6.24633 (node 132) at iter 431
  Run  0: cost =     6.2463 (seed=907)
Best path found at iter 431 in 0.002392 seconds within the winning RRT run.

Globally best cost: 6.2463 (seed=907)
Best run rejections: dist=285, rot=0, col=1260, dup=1760

=== Final Collision Check (Rectangular Footprint) ===
  WP    x        y        theta    Status    
  0       0.959   -0.290    1.286  Free      
  1       0.959   -0.290    2.333  Free      
  2       0.613    0.072    2.333  Free      
  3       0.613    0.072    1.286  Free      
  4       0.613    0.072    0.239  Free      
  5       0.542    0.367    0.239  Free      
  6       0.542    0.367    1.286  Free      
  7       0.682    0.846    1.286  Free      
  8       0.823    1.326    1.286  Free      
  9       0.894    1.570    1.286  Free      
  All waypoints are collision-free (Rectangular Footprint).
Wrote 10 waypoints to /home/unitree-arka/Single_Step_Position_Change/Navigation_Dataset/Comparison_Values/Comparison_3/RRT_3/rrt_run_3029/se2_waypoints_3029.txt

=== Controls (9 commands, step_time=1.0s) ===
  Seg      vx(m/s)     vy(m/s)  vth(rad/s)    dur(s)
  0         0.0000      0.0000      1.0472       1.0
  1         0.5000      0.0000      0.0000       1.0
  2         0.0000      0.0000     -1.0472       1.0
  3         0.0000      0.0000     -1.0472       1.0
  4         0.0000      0.3032      0.0000       1.0
  5         0.0000      0.0000      1.0472       1.0
  6         0.5000      0.0000      0.0000       1.0
  7         0.5000      0.0000      0.0000       1.0
  8         0.2544      0.0000      0.0000       1.0
Wrote 9 controls to /home/unitree-arka/Single_Step_Position_Change/Navigation_Dataset/Comparison_Values/Comparison_3/RRT_3/rrt_run_3029/controls_3029.txt
