Diffusion inference seed: 42
Loading navigation diffusion model on cuda.
number of parameters: 3.710467e+06
Navigation diffusion server is ready.
Loading config: planner.cfg
Loading config: query.cfg
Using diffusion comparison output directory: /home/unitree-arka/Single_Step_Position_Change/Navigation_Dataset/Comparison_Values/Comparison_1/Lateral_Diff_RRT_1/lateral_diff_rrt_5002

=== SE(2) RRT Blossom Planner ===
  Start      : (0.750, -0.248, 1.443)
  Goal       : (0.236, 1.618, [Any])
  Robot R    : 0.250 m
  Safety     : 0.100 m
  Inflation  : 0.350 m
  Step time  : 1.0 s
  Obstacles  : 2
    [0] centre=(1.006, 0.510) th=-0.106  L=0.250 W=0.350
    [1] centre=(-0.159, 0.874) th=-2.274  L=0.570 W=0.420
  Map        : X[-0.5, 1.5]  Y[-0.5, 2.0]
  Goal Tol   : 0.200 m

Starting diffusion server with seed 42.
Python diffusion server handshake completed.

=== Executing 1 RRT search attempts ===
New best goal cost found: 5.88121 (node 51) at iter 38
New best goal cost found: 5.85978 (node 64) at iter 45
New best goal cost found: 5.79416 (node 189) at iter 145
DIAG_search_termination=goal_reached
DIAG_primary_failure_reason=none
DIAG_duplicate_nodes_found=16
DIAG_candidate_nodes_collision_checked=543
DIAG_collision_check_calls=1012
DIAG_collision_rejections=75
DIAG_endpoint_collision_rejections=74
DIAG_rotation_collision_rejections=1
DIAG_segment_collision_rejections=0
DIAG_angular_no_progress_rejections=69
DIAG_positional_no_progress_rejections=51
DIAG_local_target_failures=0
DIAG_observation_failures=0
DIAG_inference_failures=0
DIAG_diffusion_action_requests=543
DIAG_accepted_rollout_nodes=348
DIAG_successful_extensions=133
DIAG_failed_extensions=117
DIAG_sample_reached_stops=55
DIAG_lateral_extension_requests=28
DIAG_successful_lateral_extensions=13
DIAG_failed_lateral_extensions=15
DIAG_tree_nodes_generated=333
  Run  0: cost =     5.7942 (seed=211)
Best path found at iter 145 in 64.086384 seconds within the winning RRT run.

Globally best cost: 5.7942 (seed=211)
Best run rejections: col=75, dup=16

=== Final Collision Check (Rectangular Footprint) ===
  WP    x        y        theta    Status    
  0       0.750   -0.248    1.443  Free      
  1       0.750   -0.248    2.372  Free      
  2       0.391    0.100    2.372  Free      
  3       0.391    0.100    1.410  Free      
  4       0.470    0.587    1.410  Free      
  5       0.549    1.077    1.410  Free      
  6       0.619    1.504    1.410  Free      
  7       0.619    1.504    2.426  Free      
  8       0.619    1.504    3.031  Free      
  9       0.267    1.540    3.038  Free      
  All waypoints are collision-free (Rectangular Footprint).
Wrote 10 waypoints to /home/unitree-arka/Single_Step_Position_Change/Navigation_Dataset/Comparison_Values/Comparison_1/Lateral_Diff_RRT_1/lateral_diff_rrt_5002/Diffusion_se2_waypoints_5002.txt

=== Controls (9 commands, step_time=1.0s) ===
  Seg      vx(m/s)     vy(m/s)  vth(rad/s)    dur(s)
  0         0.0000      0.0000      0.9284       1.0
  1         0.5000      0.0000      0.0000       1.0
  2         0.0000      0.0000     -0.9617       1.0
  3         0.4930      0.0000      0.0000       1.0
  4         0.4970      0.0000      0.0000       1.0
  5         0.4319      0.0000      0.0000       1.0
  6         0.0000      0.0000      1.0160       1.0
  7         0.0000      0.0000      0.6045       1.0
  8         0.0000      0.0000      0.0077       1.0
Wrote 9 controls to /home/unitree-arka/Single_Step_Position_Change/Navigation_Dataset/Comparison_Values/Comparison_1/Lateral_Diff_RRT_1/lateral_diff_rrt_5002/Diffusion_controls_5002.txt
