Diffusion inference seed: 42
Loading navigation diffusion model on cuda.
number of parameters: 3.710467e+06
Navigation diffusion server is ready.
Loading config: planner.cfg
Loading config: query.cfg
Using diffusion comparison output directory: /home/unitree-arka/Single_Step_Position_Change/Navigation_Dataset/Comparison_Values/Comparison_3/Diffusion_RRT_3/diff_rrt_4029

=== SE(2) RRT Blossom Planner ===
  Start      : (0.959, -0.290, 1.286)
  Goal       : (0.884, 1.634, [Any])
  Robot R    : 0.250 m
  Safety     : 0.100 m
  Inflation  : 0.350 m
  Step time  : 1.0 s
  Obstacles  : 2
    [0] centre=(1.239, 0.695) th=-2.799  L=0.250 W=0.350
    [1] centre=(-0.013, 0.779) th=-2.059  L=0.570 W=0.420
  Map        : X[-0.5, 1.5]  Y[-0.5, 2.0]
  Goal Tol   : 0.200 m

Starting diffusion server with seed 42.
Python diffusion server handshake completed.

=== Executing 1 RRT search attempts ===
New best goal cost found: 9.43631 (node 235) at iter 161
DIAG_search_termination=goal_reached
DIAG_primary_failure_reason=none
DIAG_duplicate_nodes_found=33
DIAG_candidate_nodes_collision_checked=586
DIAG_collision_check_calls=1091
DIAG_collision_rejections=87
DIAG_endpoint_collision_rejections=81
DIAG_rotation_collision_rejections=6
DIAG_segment_collision_rejections=0
DIAG_angular_no_progress_rejections=63
DIAG_positional_no_progress_rejections=43
DIAG_local_target_failures=0
DIAG_observation_failures=0
DIAG_inference_failures=0
DIAG_diffusion_action_requests=586
DIAG_accepted_rollout_nodes=393
DIAG_successful_extensions=132
DIAG_failed_extensions=118
DIAG_sample_reached_stops=55
DIAG_tree_nodes_generated=361
  Run  0: cost =     9.4363 (seed=907)
Best path found at iter 161 in 53.291114 seconds within the winning RRT run.

Globally best cost: 9.4363 (seed=907)
Best run rejections: col=87, dup=33

=== Final Collision Check (Rectangular Footprint) ===
  WP    x        y        theta    Status    
  0       0.959   -0.290    1.286  Free      
  1       1.051    0.025    1.286  Free      
  2       1.051    0.025    2.299  Free      
  3       1.051    0.025    1.307  Free      
  4       1.051    0.025    0.419  Free      
  5       1.051    0.025    0.024  Free      
  6       1.051    0.025    0.932  Free      
  7       1.051    0.025    1.915  Free      
  8       0.888    0.480    1.915  Free      
  9       0.719    0.950    1.915  Free      
  10      0.550    1.421    1.915  Free      
  11      0.486    1.600    1.915  Free      
  12      0.486    1.600    1.121  Free      
  13      0.486    1.600    0.169  Free      
  14      0.517    1.605    0.169  Free      
  15      0.579    1.615    0.169  Free      
  16      0.615    1.622    0.169  Free      
  17      0.615    1.622    0.406  Free      
  18      0.743    1.677    0.406  Free      
  All waypoints are collision-free (Rectangular Footprint).
Wrote 19 waypoints to /home/unitree-arka/Single_Step_Position_Change/Navigation_Dataset/Comparison_Values/Comparison_3/Diffusion_RRT_3/diff_rrt_4029/Diffusion_se2_waypoints_4029.txt

=== Controls (18 commands, step_time=1.0s) ===
  Seg      vx(m/s)     vy(m/s)  vth(rad/s)    dur(s)
  0         0.3281      0.0000      0.0000       1.0
  1         0.0000      0.0000      1.0131       1.0
  2         0.0000      0.0000     -0.9925       1.0
  3         0.0000      0.0000     -0.8878       1.0
  4         0.0000      0.0000     -0.3951       1.0
  5         0.0000      0.0000      0.9080       1.0
  6         0.0000      0.0000      0.9835       1.0
  7         0.4827      0.0000      0.0000       1.0
  8         0.5000      0.0000      0.0000       1.0
  9         0.5000      0.0000      0.0000       1.0
  10        0.1896      0.0000      0.0000       1.0
  11        0.0000      0.0000     -0.7941       1.0
  12        0.0000      0.0000     -0.9517       1.0
  13        0.0310      0.0000      0.0000       1.0
  14        0.0634      0.0000      0.0000       1.0
  15        0.0366      0.0000      0.0000       1.0
  16        0.0000      0.0000      0.2369       1.0
  17        0.1392      0.0000      0.0000       1.0
Wrote 18 controls to /home/unitree-arka/Single_Step_Position_Change/Navigation_Dataset/Comparison_Values/Comparison_3/Diffusion_RRT_3/diff_rrt_4029/Diffusion_controls_4029.txt
