Loading config: planner.cfg
Loading config: query.cfg
Using comparison output directory: /home/unitree-arka/Single_Step_Position_Change/Navigation_Dataset/Comparison_Values/Comparison_1/RRT_1/rrt_run_3005

=== SE(2) RRT Blossom Planner ===
  Start      : (0.750, -0.248, 1.443)
  Goal       : (0.236, 1.618, [Any])
  Robot R    : 0.250 m
  Safety     : 0.100 m
  Inflation  : 0.350 m
  Step time  : 1.0 s
  Obstacles  : 2
    [0] centre=(1.006, 0.510) th=-0.106  L=0.250 W=0.350
    [1] centre=(-0.159, 0.874) th=-2.274  L=0.570 W=0.420
  Map        : X[-0.5, 1.5]  Y[-0.5, 2.0]
  Goal Tol   : 0.200 m


=== Executing 1 RRT search attempts ===
New best goal cost found: 15.3355 (node 161) at iter 603
New best goal cost found: 11.3974 (node 178) at iter 663
New best goal cost found: 10.705 (node 712) at iter 2318
  Run  0: cost =    10.7050 (seed=503)
Best path found at iter 2318 in 0.015118 seconds within the winning RRT run.

Globally best cost: 10.7050 (seed=503)
Best run rejections: dist=271, rot=0, col=1381, dup=1596

=== Final Collision Check (Rectangular Footprint) ===
  WP    x        y        theta    Status    
  0       0.750   -0.248    1.443  Free      
  1       0.750   -0.248    2.484  Free      
  2       0.354    0.057    2.484  Free      
  3       0.354    0.057    1.437  Free      
  4       0.421    0.553    1.437  Free      
  5       0.421    0.553    0.390  Free      
  6       0.421    0.553    1.293  Free      
  7       0.558    1.034    1.293  Free      
  8       0.631    1.290    1.293  Free      
  9       0.202    1.413    1.293  Free      
  10      0.274    1.667    1.293  Free      
  All waypoints are collision-free (Rectangular Footprint).
Wrote 11 waypoints to /home/unitree-arka/Single_Step_Position_Change/Navigation_Dataset/Comparison_Values/Comparison_1/RRT_1/rrt_run_3005/se2_waypoints_3005.txt

=== Controls (10 commands, step_time=1.0s) ===
  Seg      vx(m/s)     vy(m/s)  vth(rad/s)    dur(s)
  0         0.0000      0.0000      1.0409       1.0
  1         0.5000      0.0000      0.0000       1.0
  2         0.0000      0.0000     -1.0472       1.0
  3         0.5000      0.0000      0.0000       1.0
  4         0.0000      0.0000     -1.0472       1.0
  5         0.0000      0.0000      0.9032       1.0
  6         0.5000      0.0000      0.0000       1.0
  7         0.2669      0.0000      0.0000       1.0
  8         0.0000      0.4466      0.0000       1.0
  9         0.2643      0.0000      0.0000       1.0
Wrote 10 controls to /home/unitree-arka/Single_Step_Position_Change/Navigation_Dataset/Comparison_Values/Comparison_1/RRT_1/rrt_run_3005/controls_3005.txt
