Diffusion inference seed: 42
Loading navigation diffusion model on cuda.
number of parameters: 3.710467e+06
Navigation diffusion server is ready.
Loading config: planner.cfg
Loading config: query.cfg
Using diffusion comparison output directory: /home/unitree-arka/Single_Step_Position_Change/Navigation_Dataset/Comparison_Values/Comparison_2/Diffusion_RRT_2/diff_rrt_4011

=== SE(2) RRT Blossom Planner ===
  Start      : (0.611, -0.228, 1.722)
  Goal       : (0.606, 1.497, [Any])
  Robot R    : 0.250 m
  Safety     : 0.100 m
  Inflation  : 0.350 m
  Step time  : 1.0 s
  Obstacles  : 2
    [0] centre=(0.981, 0.471) th=-0.091  L=0.250 W=0.350
    [1] centre=(-0.200, 0.836) th=-1.591  L=0.570 W=0.420
  Map        : X[-0.5, 1.5]  Y[-0.5, 2.0]
  Goal Tol   : 0.200 m

Starting diffusion server with seed 42.
Python diffusion server handshake completed.

=== Executing 1 RRT search attempts ===
New best goal cost found: 9.06579 (node 41) at iter 22
DIAG_search_termination=goal_reached
DIAG_primary_failure_reason=none
DIAG_duplicate_nodes_found=33
DIAG_candidate_nodes_collision_checked=608
DIAG_collision_check_calls=1145
DIAG_collision_rejections=71
DIAG_endpoint_collision_rejections=71
DIAG_rotation_collision_rejections=0
DIAG_segment_collision_rejections=0
DIAG_angular_no_progress_rejections=67
DIAG_positional_no_progress_rejections=57
DIAG_local_target_failures=0
DIAG_observation_failures=0
DIAG_inference_failures=0
DIAG_diffusion_action_requests=608
DIAG_accepted_rollout_nodes=413
DIAG_successful_extensions=141
DIAG_failed_extensions=109
DIAG_sample_reached_stops=55
DIAG_tree_nodes_generated=381
  Run  0: cost =     9.0658 (seed=101)
Best path found at iter 22 in 13.388567 seconds within the winning RRT run.

Globally best cost: 9.0658 (seed=101)
Best run rejections: col=71, dup=33

=== Final Collision Check (Rectangular Footprint) ===
  WP    x        y        theta    Status    
  0       0.611   -0.228    1.722  Free      
  1       0.536    0.262    1.722  Free      
  2       0.464    0.737    1.722  Free      
  3       0.464    0.737    0.932  Free      
  4       0.464    0.737    1.795  Free      
  5       0.464    0.737    2.790  Free      
  6       0.464    0.737   -2.607  Free      
  7       0.464    0.737   -1.997  Free      
  8       0.464    0.737   -1.500  Free      
  9       0.464    0.737   -1.386  Free      
  10      0.464    0.737   -1.347  Free      
  11      0.464    0.737   -1.110  Free      
  12      0.464    0.737   -0.916  Free      
  13      0.464    0.737   -0.699  Free      
  14      0.464    0.737   -0.292  Free      
  15      0.464    0.737    0.453  Free      
  16      0.464    0.737    1.213  Free      
  17      0.637    1.200    1.213  Free      
  18      0.724    1.432    1.213  Free      
  All waypoints are collision-free (Rectangular Footprint).
Wrote 19 waypoints to /home/unitree-arka/Single_Step_Position_Change/Navigation_Dataset/Comparison_Values/Comparison_2/Diffusion_RRT_2/diff_rrt_4011/Diffusion_se2_waypoints_4011.txt

=== Controls (18 commands, step_time=1.0s) ===
  Seg      vx(m/s)     vy(m/s)  vth(rad/s)    dur(s)
  0         0.4963      0.0000      0.0000       1.0
  1         0.4802      0.0000      0.0000       1.0
  2         0.0000      0.0000     -0.7899       1.0
  3         0.0000      0.0000      0.8628       1.0
  4         0.0000      0.0000      0.9951       1.0
  5         0.0000      0.0000      0.8857       1.0
  6         0.0000      0.0000      0.6099       1.0
  7         0.0000      0.0000      0.4971       1.0
  8         0.0000      0.0000      0.1148       1.0
  9         0.0000      0.0000      0.0390       1.0
  10        0.0000      0.0000      0.2363       1.0
  11        0.0000      0.0000      0.1947       1.0
  12        0.0000      0.0000      0.2167       1.0
  13        0.0000      0.0000      0.4072       1.0
  14        0.0000      0.0000      0.7446       1.0
  15        0.0000      0.0000      0.7601       1.0
  16        0.4943      0.0000      0.0000       1.0
  17        0.2474      0.0000      0.0000       1.0
Wrote 18 controls to /home/unitree-arka/Single_Step_Position_Change/Navigation_Dataset/Comparison_Values/Comparison_2/Diffusion_RRT_2/diff_rrt_4011/Diffusion_controls_4011.txt
