Diffusion inference seed: 42
Loading navigation diffusion model on cuda.
number of parameters: 3.710467e+06
Navigation diffusion server is ready.
Loading config: planner.cfg
Loading config: query.cfg
Using diffusion comparison output directory: /home/unitree-arka/Single_Step_Position_Change/Navigation_Dataset/Comparison_Values/Comparison_3/Diffusion_RRT_3/diff_rrt_4023

=== SE(2) RRT Blossom Planner ===
  Start      : (0.959, -0.290, 1.286)
  Goal       : (0.884, 1.634, [Any])
  Robot R    : 0.250 m
  Safety     : 0.100 m
  Inflation  : 0.350 m
  Step time  : 1.0 s
  Obstacles  : 2
    [0] centre=(1.239, 0.695) th=-2.799  L=0.250 W=0.350
    [1] centre=(-0.013, 0.779) th=-2.059  L=0.570 W=0.420
  Map        : X[-0.5, 1.5]  Y[-0.5, 2.0]
  Goal Tol   : 0.200 m

Starting diffusion server with seed 42.
Python diffusion server handshake completed.

=== Executing 1 RRT search attempts ===
New best goal cost found: 10.2226 (node 148) at iter 99
New best goal cost found: 9.56627 (node 158) at iter 110
DIAG_search_termination=goal_reached
DIAG_primary_failure_reason=none
DIAG_duplicate_nodes_found=32
DIAG_candidate_nodes_collision_checked=607
DIAG_collision_check_calls=1110
DIAG_collision_rejections=112
DIAG_endpoint_collision_rejections=104
DIAG_rotation_collision_rejections=8
DIAG_segment_collision_rejections=0
DIAG_angular_no_progress_rejections=62
DIAG_positional_no_progress_rejections=38
DIAG_local_target_failures=0
DIAG_observation_failures=0
DIAG_inference_failures=0
DIAG_diffusion_action_requests=607
DIAG_accepted_rollout_nodes=395
DIAG_successful_extensions=147
DIAG_failed_extensions=103
DIAG_sample_reached_stops=38
DIAG_tree_nodes_generated=364
  Run  0: cost =     9.5663 (seed=307)
Best path found at iter 110 in 58.544907 seconds within the winning RRT run.

Globally best cost: 9.5663 (seed=307)
Best run rejections: col=112, dup=32

=== Final Collision Check (Rectangular Footprint) ===
  WP    x        y        theta    Status    
  0       0.959   -0.290    1.286  Free      
  1       0.959   -0.290    2.322  Free      
  2       0.618    0.075    2.322  Free      
  3       0.618    0.075    1.275  Free      
  4       0.764    0.554    1.275  Free      
  5       0.764    0.554    0.312  Free      
  6       0.764    0.554   -0.711  Free      
  7       0.764    0.554   -0.339  Free      
  8       0.764    0.554    0.011  Free      
  9       0.764    0.554    0.814  Free      
  10      0.764    0.554    1.724  Free      
  11      0.687    1.048    1.724  Free      
  12      0.612    1.537    1.724  Free      
  13      0.612    1.537    0.782  Free      
  14      0.701    1.626    0.782  Free      
  All waypoints are collision-free (Rectangular Footprint).
Wrote 15 waypoints to /home/unitree-arka/Single_Step_Position_Change/Navigation_Dataset/Comparison_Values/Comparison_3/Diffusion_RRT_3/diff_rrt_4023/Diffusion_se2_waypoints_4023.txt

=== Controls (14 commands, step_time=1.0s) ===
  Seg      vx(m/s)     vy(m/s)  vth(rad/s)    dur(s)
  0         0.0000      0.0000      1.0359       1.0
  1         0.4994      0.0000      0.0000       1.0
  2         0.0000      0.0000     -1.0472       1.0
  3         0.5000      0.0000      0.0000       1.0
  4         0.0000      0.0000     -0.9628       1.0
  5         0.0000      0.0000     -1.0227       1.0
  6         0.0000      0.0000      0.3718       1.0
  7         0.0000      0.0000      0.3499       1.0
  8         0.0000      0.0000      0.8028       1.0
  9         0.0000      0.0000      0.9104       1.0
  10        0.5000      0.0000      0.0000       1.0
  11        0.4952      0.0000      0.0000       1.0
  12        0.0000      0.0000     -0.9422       1.0
  13        0.1258      0.0000      0.0000       1.0
Wrote 14 controls to /home/unitree-arka/Single_Step_Position_Change/Navigation_Dataset/Comparison_Values/Comparison_3/Diffusion_RRT_3/diff_rrt_4023/Diffusion_controls_4023.txt
