Diffusion inference seed: 42
Loading navigation diffusion model on cuda.
number of parameters: 3.710467e+06
Navigation diffusion server is ready.
Loading config: planner.cfg
Loading config: query.cfg
Using diffusion comparison output directory: /home/unitree-arka/Single_Step_Position_Change/Navigation_Dataset/Comparison_Values/Comparison_2/Lateral_Diff_RRT_2/lateral_diff_rrt_5018

=== SE(2) RRT Blossom Planner ===
  Start      : (0.611, -0.228, 1.722)
  Goal       : (0.606, 1.497, [Any])
  Robot R    : 0.250 m
  Safety     : 0.100 m
  Inflation  : 0.350 m
  Step time  : 1.0 s
  Obstacles  : 2
    [0] centre=(0.981, 0.471) th=-0.091  L=0.250 W=0.350
    [1] centre=(-0.200, 0.836) th=-1.591  L=0.570 W=0.420
  Map        : X[-0.5, 1.5]  Y[-0.5, 2.0]
  Goal Tol   : 0.200 m

Starting diffusion server with seed 42.
Python diffusion server handshake completed.

=== Executing 1 RRT search attempts ===
New best goal cost found: 6.80974 (node 89) at iter 54
New best goal cost found: 6.64877 (node 185) at iter 148
DIAG_search_termination=goal_reached
DIAG_primary_failure_reason=none
DIAG_duplicate_nodes_found=21
DIAG_candidate_nodes_collision_checked=500
DIAG_collision_check_calls=932
DIAG_collision_rejections=72
DIAG_endpoint_collision_rejections=68
DIAG_rotation_collision_rejections=4
DIAG_segment_collision_rejections=0
DIAG_angular_no_progress_rejections=64
DIAG_positional_no_progress_rejections=56
DIAG_local_target_failures=0
DIAG_observation_failures=0
DIAG_inference_failures=0
DIAG_diffusion_action_requests=500
DIAG_accepted_rollout_nodes=308
DIAG_successful_extensions=120
DIAG_failed_extensions=130
DIAG_sample_reached_stops=58
DIAG_lateral_extension_requests=18
DIAG_successful_lateral_extensions=9
DIAG_failed_lateral_extensions=9
DIAG_tree_nodes_generated=288
  Run  0: cost =     6.6488 (seed=809)
Best path found at iter 148 in 44.670974 seconds within the winning RRT run.

Globally best cost: 6.6488 (seed=809)
Best run rejections: col=72, dup=21

=== Final Collision Check (Rectangular Footprint) ===
  WP    x        y        theta    Status    
  0       0.611   -0.228    1.722  Free      
  1       0.537    0.256    1.722  Free      
  2       0.462    0.747    1.722  Free      
  3       0.462    0.747    0.692  Free      
  4       0.462    0.747    1.622  Free      
  5       0.437    1.246    1.622  Free      
  6       0.437    1.246    2.652  Free      
  7       0.437    1.246    1.750  Free      
  8       0.437    1.246    0.716  Free      
  9       0.615    1.400    0.715  Free      
  All waypoints are collision-free (Rectangular Footprint).
Wrote 10 waypoints to /home/unitree-arka/Single_Step_Position_Change/Navigation_Dataset/Comparison_Values/Comparison_2/Lateral_Diff_RRT_2/lateral_diff_rrt_5018/Diffusion_se2_waypoints_5018.txt

=== Controls (9 commands, step_time=1.0s) ===
  Seg      vx(m/s)     vy(m/s)  vth(rad/s)    dur(s)
  0         0.4901      0.0000      0.0000       1.0
  1         0.4961      0.0000      0.0000       1.0
  2         0.0000      0.0000     -1.0301       1.0
  3         0.0000      0.0000      0.9300       1.0
  4         0.4997      0.0000      0.0000       1.0
  5         0.0000      0.0000      1.0300       1.0
  6         0.0000      0.0000     -0.9017       1.0
  7         0.0000      0.0000     -1.0344       1.0
  8         0.0000      0.0000     -0.0007       1.0
Wrote 9 controls to /home/unitree-arka/Single_Step_Position_Change/Navigation_Dataset/Comparison_Values/Comparison_2/Lateral_Diff_RRT_2/lateral_diff_rrt_5018/Diffusion_controls_5018.txt
