Diffusion inference seed: 42
Loading navigation diffusion model on cuda.
number of parameters: 3.710467e+06
Navigation diffusion server is ready.
Loading config: planner.cfg
Loading config: query.cfg
Using diffusion comparison output directory: /home/unitree-arka/Single_Step_Position_Change/Navigation_Dataset/Comparison_Values/Comparison_3/Diffusion_RRT_3/diff_rrt_4021

=== SE(2) RRT Blossom Planner ===
  Start      : (0.959, -0.290, 1.286)
  Goal       : (0.884, 1.634, [Any])
  Robot R    : 0.250 m
  Safety     : 0.100 m
  Inflation  : 0.350 m
  Step time  : 1.0 s
  Obstacles  : 2
    [0] centre=(1.239, 0.695) th=-2.799  L=0.250 W=0.350
    [1] centre=(-0.013, 0.779) th=-2.059  L=0.570 W=0.420
  Map        : X[-0.5, 1.5]  Y[-0.5, 2.0]
  Goal Tol   : 0.200 m

Starting diffusion server with seed 42.
Python diffusion server handshake completed.

=== Executing 1 RRT search attempts ===
New best goal cost found: 11.8833 (node 129) at iter 52
New best goal cost found: 9.1682 (node 175) at iter 83
New best goal cost found: 9.1548 (node 267) at iter 136
New best goal cost found: 8.78378 (node 429) at iter 242
DIAG_search_termination=goal_reached
DIAG_primary_failure_reason=none
DIAG_duplicate_nodes_found=33
DIAG_candidate_nodes_collision_checked=660
DIAG_collision_check_calls=1268
DIAG_collision_rejections=57
DIAG_endpoint_collision_rejections=52
DIAG_rotation_collision_rejections=4
DIAG_segment_collision_rejections=1
DIAG_angular_no_progress_rejections=70
DIAG_positional_no_progress_rejections=56
DIAG_local_target_failures=0
DIAG_observation_failures=0
DIAG_inference_failures=0
DIAG_diffusion_action_requests=660
DIAG_accepted_rollout_nodes=477
DIAG_successful_extensions=154
DIAG_failed_extensions=96
DIAG_sample_reached_stops=66
DIAG_tree_nodes_generated=445
  Run  0: cost =     8.7838 (seed=101)
Best path found at iter 242 in 140.958039 seconds within the winning RRT run.

Globally best cost: 8.7838 (seed=101)
Best run rejections: col=57, dup=33

=== Final Collision Check (Rectangular Footprint) ===
  WP    x        y        theta    Status    
  0       0.959   -0.290    1.286  Free      
  1       1.051    0.025    1.286  Free      
  2       1.051    0.025    2.323  Free      
  3       0.721    0.379    2.323  Free      
  4       0.721    0.379    2.659  Free      
  5       0.721    0.379    1.711  Free      
  6       0.651    0.874    1.711  Free      
  7       0.581    1.369    1.711  Free      
  8       0.581    1.369    2.716  Free      
  9       0.581    1.369    1.898  Free      
  10      0.581    1.369    1.034  Free      
  11      0.581    1.369    1.815  Free      
  12      0.581    1.369    0.957  Free      
  13      0.761    1.629    0.965  Free      
  All waypoints are collision-free (Rectangular Footprint).
Wrote 14 waypoints to /home/unitree-arka/Single_Step_Position_Change/Navigation_Dataset/Comparison_Values/Comparison_3/Diffusion_RRT_3/diff_rrt_4021/Diffusion_se2_waypoints_4021.txt

=== Controls (13 commands, step_time=1.0s) ===
  Seg      vx(m/s)     vy(m/s)  vth(rad/s)    dur(s)
  0         0.3281      0.0000      0.0000       1.0
  1         0.0000      0.0000      1.0366       1.0
  2         0.4836      0.0000      0.0000       1.0
  3         0.0000      0.0000      0.3363       1.0
  4         0.0000      0.0000     -0.9480       1.0
  5         0.5000      0.0000      0.0000       1.0
  6         0.5000      0.0000      0.0000       1.0
  7         0.0000      0.0000      1.0055       1.0
  8         0.0000      0.0000     -0.8183       1.0
  9         0.0000      0.0000     -0.8644       1.0
  10        0.0000      0.0000      0.7809       1.0
  11        0.0000      0.0000     -0.8579       1.0
  12        0.0000      0.0000      0.0080       1.0
Wrote 13 controls to /home/unitree-arka/Single_Step_Position_Change/Navigation_Dataset/Comparison_Values/Comparison_3/Diffusion_RRT_3/diff_rrt_4021/Diffusion_controls_4021.txt
