Loading config: planner.cfg
Loading config: query.cfg
Using comparison output directory: /home/unitree-arka/Single_Step_Position_Change/Navigation_Dataset/Comparison_Values/Comparison_3/RRT_3/rrt_run_3028

=== SE(2) RRT Blossom Planner ===
  Start      : (0.959, -0.290, 1.286)
  Goal       : (0.884, 1.634, [Any])
  Robot R    : 0.250 m
  Safety     : 0.100 m
  Inflation  : 0.350 m
  Step time  : 1.0 s
  Obstacles  : 2
    [0] centre=(1.239, 0.695) th=-2.799  L=0.250 W=0.350
    [1] centre=(-0.013, 0.779) th=-2.059  L=0.570 W=0.420
  Map        : X[-0.5, 1.5]  Y[-0.5, 2.0]
  Goal Tol   : 0.200 m


=== Executing 1 RRT search attempts ===
New best goal cost found: 7.57179 (node 118) at iter 605
New best goal cost found: 7.52282 (node 148) at iter 719
New best goal cost found: 7.3543 (node 158) at iter 742
New best goal cost found: 6.47202 (node 306) at iter 1255
  Run  0: cost =     6.4720 (seed=809)
Best path found at iter 1255 in 0.005531 seconds within the winning RRT run.

Globally best cost: 6.4720 (seed=809)
Best run rejections: dist=310, rot=0, col=1329, dup=1700

=== Final Collision Check (Rectangular Footprint) ===
  WP    x        y        theta    Status    
  0       0.959   -0.290    1.286  Free      
  1       0.959   -0.290    2.333  Free      
  2       0.959   -0.290   -2.903  Free      
  3       0.959   -0.290    2.499  Free      
  4       0.558    0.010    2.499  Free      
  5       0.349    0.167    2.499  Free      
  6       0.609    0.515    2.499  Free      
  7       0.609    0.515    1.452  Free      
  8       0.669    1.011    1.452  Free      
  9       0.728    1.507    1.452  Free      
  10      0.979    1.477    1.452  Free      
  All waypoints are collision-free (Rectangular Footprint).
Wrote 11 waypoints to /home/unitree-arka/Single_Step_Position_Change/Navigation_Dataset/Comparison_Values/Comparison_3/RRT_3/rrt_run_3028/se2_waypoints_3028.txt

=== Controls (10 commands, step_time=1.0s) ===
  Seg      vx(m/s)     vy(m/s)  vth(rad/s)    dur(s)
  0         0.0000      0.0000      1.0472       1.0
  1         0.0000      0.0000      1.0472       1.0
  2         0.0000      0.0000     -0.8816       1.0
  3         0.5000      0.0000      0.0000       1.0
  4         0.2616      0.0000      0.0000       1.0
  5         0.0000     -0.4342      0.0000       1.0
  6         0.0000      0.0000     -1.0472       1.0
  7         0.5000      0.0000      0.0000       1.0
  8         0.5000      0.0000      0.0000       1.0
  9         0.0000     -0.2530      0.0000       1.0
Wrote 10 controls to /home/unitree-arka/Single_Step_Position_Change/Navigation_Dataset/Comparison_Values/Comparison_3/RRT_3/rrt_run_3028/controls_3028.txt
