Diffusion inference seed: 42
Loading navigation diffusion model on cuda.
number of parameters: 3.710467e+06
Navigation diffusion server is ready.
Loading config: planner.cfg
Loading config: query.cfg
Using diffusion comparison output directory: /home/unitree-arka/Single_Step_Position_Change/Navigation_Dataset/Comparison_Values/Comparison_1/Lateral_Diff_RRT_1/lateral_diff_rrt_5007

=== SE(2) RRT Blossom Planner ===
  Start      : (0.750, -0.248, 1.443)
  Goal       : (0.236, 1.618, [Any])
  Robot R    : 0.250 m
  Safety     : 0.100 m
  Inflation  : 0.350 m
  Step time  : 1.0 s
  Obstacles  : 2
    [0] centre=(1.006, 0.510) th=-0.106  L=0.250 W=0.350
    [1] centre=(-0.159, 0.874) th=-2.274  L=0.570 W=0.420
  Map        : X[-0.5, 1.5]  Y[-0.5, 2.0]
  Goal Tol   : 0.200 m

Starting diffusion server with seed 42.
Python diffusion server handshake completed.

=== Executing 1 RRT search attempts ===
New best goal cost found: 13.6871 (node 321) at iter 224
New best goal cost found: 11.5554 (node 327) at iter 229
DIAG_search_termination=goal_reached
DIAG_primary_failure_reason=none
DIAG_duplicate_nodes_found=31
DIAG_candidate_nodes_collision_checked=597
DIAG_collision_check_calls=1065
DIAG_collision_rejections=131
DIAG_endpoint_collision_rejections=129
DIAG_rotation_collision_rejections=2
DIAG_segment_collision_rejections=0
DIAG_angular_no_progress_rejections=43
DIAG_positional_no_progress_rejections=32
DIAG_local_target_failures=0
DIAG_observation_failures=0
DIAG_inference_failures=0
DIAG_diffusion_action_requests=597
DIAG_accepted_rollout_nodes=391
DIAG_successful_extensions=148
DIAG_failed_extensions=102
DIAG_sample_reached_stops=44
DIAG_lateral_extension_requests=14
DIAG_successful_lateral_extensions=7
DIAG_failed_lateral_extensions=7
DIAG_tree_nodes_generated=361
  Run  0: cost =    11.5554 (seed=701)
Best path found at iter 229 in 76.106815 seconds within the winning RRT run.

Globally best cost: 11.5554 (seed=701)
Best run rejections: col=131, dup=31

=== Final Collision Check (Rectangular Footprint) ===
  WP    x        y        theta    Status    
  0       0.750   -0.248    1.443  Free      
  1       0.750   -0.248    2.395  Free      
  2       0.383    0.092    2.395  Free      
  3       0.148    0.309    2.395  Free      
  4       0.148    0.309    1.388  Free      
  5       0.148    0.309    2.379  Free      
  6       0.148    0.309   -3.020  Free      
  7       0.148    0.309    2.654  Free      
  8       0.148    0.309    1.760  Free      
  9       0.148    0.309    0.859  Free      
  10      0.473    0.686    0.859  Free      
  11      0.797    1.061    0.859  Free      
  12      1.066    1.373    0.859  Free      
  13      1.066    1.373    1.540  Free      
  14      1.066    1.373    2.530  Free      
  15      0.669    1.651    2.530  Free      
  16      0.669    1.651    2.998  Free      
  17      0.204    1.718    2.998  Free      
  All waypoints are collision-free (Rectangular Footprint).
Wrote 18 waypoints to /home/unitree-arka/Single_Step_Position_Change/Navigation_Dataset/Comparison_Values/Comparison_1/Lateral_Diff_RRT_1/lateral_diff_rrt_5007/Diffusion_se2_waypoints_5007.txt

=== Controls (17 commands, step_time=1.0s) ===
  Seg      vx(m/s)     vy(m/s)  vth(rad/s)    dur(s)
  0         0.0000      0.0000      0.9514       1.0
  1         0.5000      0.0000      0.0000       1.0
  2         0.3203      0.0000      0.0000       1.0
  3         0.0000      0.0000     -1.0066       1.0
  4         0.0000      0.0000      0.9905       1.0
  5         0.0000      0.0000      0.8843       1.0
  6         0.0000      0.0000     -0.6085       1.0
  7         0.0000      0.0000     -0.8943       1.0
  8         0.0000      0.0000     -0.9012       1.0
  9         0.4982      0.0000      0.0000       1.0
  10        0.4952      0.0000      0.0000       1.0
  11        0.4116      0.0000      0.0000       1.0
  12        0.0000      0.0000      0.6814       1.0
  13        0.0000      0.0000      0.9902       1.0
  14        0.4840      0.0000      0.0000       1.0
  15        0.0000      0.0000      0.4678       1.0
  16        0.4699      0.0000      0.0000       1.0
Wrote 17 controls to /home/unitree-arka/Single_Step_Position_Change/Navigation_Dataset/Comparison_Values/Comparison_1/Lateral_Diff_RRT_1/lateral_diff_rrt_5007/Diffusion_controls_5007.txt
