Loading navigation diffusion model on cuda.
number of parameters: 3.710467e+06
Navigation diffusion server is ready.
Loading config: planner.cfg
Loading config: query.cfg

=== SE(2) RRT Blossom Planner ===
  Start      : (0.750, -0.248, 1.443)
  Goal       : (0.236, 1.618, [Any])
  Robot R    : 0.250 m
  Safety     : 0.100 m
  Inflation  : 0.350 m
  Step time  : 1.0 s
  Obstacles  : 2
    [0] centre=(1.006, 0.510) th=-0.106  L=0.250 W=0.350
    [1] centre=(-0.159, 0.874) th=-2.274  L=0.570 W=0.420
  Map        : X[-0.5, 1.5]  Y[-0.5, 2.0]
  Goal Tol   : 0.200 m

Python diffusion server handshake completed.

=== Executing 1 RRT search attempts ===
New best goal cost found: 7.51194 (node 56) at iter 47
DIAG_search_termination=goal_reached
DIAG_primary_failure_reason=none
DIAG_duplicate_nodes_found=13
DIAG_candidate_nodes_collision_checked=277
DIAG_collision_check_calls=511
DIAG_collision_rejections=44
DIAG_endpoint_collision_rejections=43
DIAG_rotation_collision_rejections=1
DIAG_segment_collision_rejections=0
DIAG_angular_no_progress_rejections=16
DIAG_positional_no_progress_rejections=26
DIAG_local_target_failures=0
DIAG_observation_failures=0
DIAG_inference_failures=0
DIAG_diffusion_action_requests=277
DIAG_accepted_rollout_nodes=191
DIAG_successful_extensions=56
DIAG_failed_extensions=44
DIAG_sample_reached_stops=14
DIAG_tree_nodes_generated=179
  Run  0: cost =     7.5119 (seed=503)
Best path found at iter 47 in 22.927242 seconds within the winning RRT run.

Globally best cost: 7.5119 (seed=503)
Best run rejections: dist=0, rot=0, col=44, dup=13

=== Final Collision Check (Rectangular Footprint) ===
  WP    x        y        theta    Status    
  0       0.750   -0.248    1.443  Free      
  1       0.750   -0.248    2.380  Free      
  2       0.388    0.097    2.380  Free      
  3       0.388    0.097    1.401  Free      
  4       0.465    0.531    1.394  Free      
  5       0.553    1.024    1.394  Free      
  6       0.641    1.515    1.394  Free      
  7       0.641    1.515    0.554  Free      
  8       0.641    1.515    1.149  Free      
  9       0.641    1.515    1.973  Free      
  10      0.641    1.515    2.936  Free      
  11      0.225    1.602    2.936  Free      
  All waypoints are collision-free (Rectangular Footprint).
Wrote 12 waypoints to /home/unitree-arka/Navigation_Dataset/Diffusion_Policy_Navigation/Diffusion_waypoints/Diffusion_se2_waypoints_4025.txt

=== Controls (11 commands, step_time=1.0s) ===
  Seg      vx(m/s)     vy(m/s)  vth(rad/s)    dur(s)
  0         0.0000      0.0000      0.9370       1.0
  1         0.5000      0.0000      0.0000       1.0
  2         0.0000      0.0000     -0.9794       1.0
  3         0.0000      0.0000     -0.0068       1.0
  4         0.5000      0.0000      0.0000       1.0
  5         0.4996      0.0000      0.0000       1.0
  6         0.0000      0.0000     -0.8406       1.0
  7         0.0000      0.0000      0.5956       1.0
  8         0.0000      0.0000      0.8241       1.0
  9         0.0000      0.0000      0.9628       1.0
  10        0.4247      0.0000      0.0000       1.0
Wrote 11 controls to /home/unitree-arka/Navigation_Dataset/Diffusion_Policy_Navigation/Diffusion_controls/Diffusion_controls_4025.txt
