Loading navigation diffusion model on cuda.
number of parameters: 3.710467e+06
Navigation diffusion server is ready.
Loading config: planner.cfg
Loading config: query.cfg

=== SE(2) RRT Blossom Planner ===
  Start      : (0.750, -0.248, 1.443)
  Goal       : (0.236, 1.618, [Any])
  Robot R    : 0.250 m
  Safety     : 0.100 m
  Inflation  : 0.350 m
  Step time  : 1.0 s
  Obstacles  : 2
    [0] centre=(1.006, 0.510) th=-0.106  L=0.250 W=0.350
    [1] centre=(-0.159, 0.874) th=-2.274  L=0.570 W=0.420
  Map        : X[-0.5, 1.5]  Y[-0.5, 2.0]
  Goal Tol   : 0.200 m

Python diffusion server handshake completed.

=== Executing 1 RRT search attempts ===
New best goal cost found: 11.1244 (node 211) at iter 96
DIAG_search_termination=goal_reached
DIAG_primary_failure_reason=none
DIAG_duplicate_nodes_found=9
DIAG_candidate_nodes_collision_checked=307
DIAG_collision_check_calls=557
DIAG_collision_rejections=59
DIAG_endpoint_collision_rejections=57
DIAG_rotation_collision_rejections=2
DIAG_segment_collision_rejections=0
DIAG_angular_no_progress_rejections=14
DIAG_positional_no_progress_rejections=10
DIAG_local_target_failures=0
DIAG_observation_failures=0
DIAG_inference_failures=0
DIAG_diffusion_action_requests=307
DIAG_accepted_rollout_nodes=224
DIAG_successful_extensions=67
DIAG_failed_extensions=33
DIAG_sample_reached_stops=16
DIAG_tree_nodes_generated=216
  Run  0: cost =    11.1244 (seed=101)
Best path found at iter 96 in 64.353530 seconds within the winning RRT run.

Globally best cost: 11.1244 (seed=101)
Best run rejections: dist=0, rot=0, col=59, dup=9

=== Final Collision Check (Rectangular Footprint) ===
  WP    x        y        theta    Status    
  0       0.750   -0.248    1.443  Free      
  1       0.750   -0.248    0.628  Free      
  2       0.750   -0.248    0.072  Free      
  3       0.750   -0.248    1.020  Free      
  4       0.750   -0.248    1.996  Free      
  5       0.750   -0.248    2.903  Free      
  6       0.268   -0.131    2.903  Free      
  7       0.268   -0.131    1.855  Free      
  8       0.140    0.308    1.855  Free      
  9       0.140    0.308    1.009  Free      
  10      0.403    0.726    1.009  Free      
  11      0.665    1.142    1.009  Free      
  12      0.886    1.493    1.009  Free      
  13      0.886    1.493    2.056  Free      
  14      0.886    1.493    3.104  Free      
  15      0.448    1.510    3.104  Free      
  16      0.305    1.515    3.104  Free      
  All waypoints are collision-free (Rectangular Footprint).
Wrote 17 waypoints to /home/unitree-arka/Navigation_Dataset/Diffusion_Policy_Navigation/Diffusion_waypoints/Diffusion_se2_waypoints_4021.txt

=== Controls (16 commands, step_time=1.0s) ===
  Seg      vx(m/s)     vy(m/s)  vth(rad/s)    dur(s)
  0         0.0000      0.0000     -0.8151       1.0
  1         0.0000      0.0000     -0.5564       1.0
  2         0.0000      0.0000      0.9483       1.0
  3         0.0000      0.0000      0.9760       1.0
  4         0.0000      0.0000      0.9066       1.0
  5         0.4955      0.0000      0.0000       1.0
  6         0.0000      0.0000     -1.0472       1.0
  7         0.4573      0.0000      0.0000       1.0
  8         0.0000      0.0000     -0.8462       1.0
  9         0.4937      0.0000      0.0000       1.0
  10        0.4915      0.0000      0.0000       1.0
  11        0.4150      0.0000      0.0000       1.0
  12        0.0000      0.0000      1.0472       1.0
  13        0.0000      0.0000      1.0472       1.0
  14        0.4379      0.0000      0.0000       1.0
  15        0.1432      0.0000      0.0000       1.0
Wrote 16 controls to /home/unitree-arka/Navigation_Dataset/Diffusion_Policy_Navigation/Diffusion_controls/Diffusion_controls_4021.txt
