Loading config: planner.cfg
Loading config: query.cfg
Using comparison output directory: /home/unitree-arka/Single_Step_Position_Change/Navigation_Dataset/Comparison_Values/Comparison_1/RRT_1/rrt_run_3001

=== SE(2) RRT Blossom Planner ===
  Start      : (0.750, -0.248, 1.443)
  Goal       : (0.236, 1.618, [Any])
  Robot R    : 0.250 m
  Safety     : 0.100 m
  Inflation  : 0.350 m
  Step time  : 1.0 s
  Obstacles  : 2
    [0] centre=(1.006, 0.510) th=-0.106  L=0.250 W=0.350
    [1] centre=(-0.159, 0.874) th=-2.274  L=0.570 W=0.420
  Map        : X[-0.5, 1.5]  Y[-0.5, 2.0]
  Goal Tol   : 0.200 m


=== Executing 1 RRT search attempts ===
New best goal cost found: 5.32614 (node 14) at iter 27
New best goal cost found: 5.31685 (node 39) at iter 96
New best goal cost found: 4.67222 (node 514) at iter 1490
  Run  0: cost =     4.6722 (seed=101)
Best path found at iter 1490 in 0.028096 seconds within the winning RRT run.

Globally best cost: 4.6722 (seed=101)
Best run rejections: dist=349, rot=0, col=1117, dup=1937

=== Final Collision Check (Rectangular Footprint) ===
  WP    x        y        theta    Status    
  0       0.750   -0.248    1.443  Free      
  1       0.750   -0.248    2.386  Free      
  2       0.386    0.095    2.386  Free      
  3       0.386    0.095    1.339  Free      
  4       0.501    0.581    1.339  Free      
  5       0.616    1.068    1.339  Free      
  6       0.683    1.349    1.339  Free      
  7       0.746    1.618    1.339  Free      
  8       0.479    1.681    1.339  Free      
  9       0.145    1.760    1.339  Free      
  All waypoints are collision-free (Rectangular Footprint).
Wrote 10 waypoints to /home/unitree-arka/Single_Step_Position_Change/Navigation_Dataset/Comparison_Values/Comparison_1/RRT_1/rrt_run_3001/se2_waypoints_3001.txt

=== Controls (9 commands, step_time=1.0s) ===
  Seg      vx(m/s)     vy(m/s)  vth(rad/s)    dur(s)
  0         0.0000      0.0000      0.9426       1.0
  1         0.5000      0.0000      0.0000       1.0
  2         0.0000      0.0000     -1.0472       1.0
  3         0.5000      0.0000      0.0000       1.0
  4         0.5000      0.0000      0.0000       1.0
  5         0.2892      0.0000      0.0000       1.0
  6         0.2758      0.0000      0.0000       1.0
  7         0.0000      0.2744      0.0000       1.0
  8         0.0000      0.3431      0.0000       1.0
Wrote 9 controls to /home/unitree-arka/Single_Step_Position_Change/Navigation_Dataset/Comparison_Values/Comparison_1/RRT_1/rrt_run_3001/controls_3001.txt
