Diffusion inference seed: 42
Loading navigation diffusion model on cuda.
number of parameters: 3.710467e+06
Navigation diffusion server is ready.
Loading config: planner.cfg
Loading config: query.cfg
Using diffusion comparison output directory: /home/unitree-arka/Single_Step_Position_Change/Navigation_Dataset/Comparison_Values/Comparison_3/Lateral_Diff_RRT_3/lateral_diff_rrt_5028

=== SE(2) RRT Blossom Planner ===
  Start      : (0.959, -0.290, 1.286)
  Goal       : (0.884, 1.634, [Any])
  Robot R    : 0.250 m
  Safety     : 0.100 m
  Inflation  : 0.350 m
  Step time  : 1.0 s
  Obstacles  : 2
    [0] centre=(1.239, 0.695) th=-2.799  L=0.250 W=0.350
    [1] centre=(-0.013, 0.779) th=-2.059  L=0.570 W=0.420
  Map        : X[-0.5, 1.5]  Y[-0.5, 2.0]
  Goal Tol   : 0.200 m

Starting diffusion server with seed 42.
Python diffusion server handshake completed.

=== Executing 1 RRT search attempts ===
New best goal cost found: 7.95381 (node 94) at iter 54
DIAG_search_termination=goal_reached
DIAG_primary_failure_reason=none
DIAG_duplicate_nodes_found=20
DIAG_candidate_nodes_collision_checked=537
DIAG_collision_check_calls=1007
DIAG_collision_rejections=68
DIAG_endpoint_collision_rejections=67
DIAG_rotation_collision_rejections=1
DIAG_segment_collision_rejections=0
DIAG_angular_no_progress_rejections=60
DIAG_positional_no_progress_rejections=56
DIAG_local_target_failures=0
DIAG_observation_failures=0
DIAG_inference_failures=0
DIAG_diffusion_action_requests=537
DIAG_accepted_rollout_nodes=353
DIAG_successful_extensions=132
DIAG_failed_extensions=118
DIAG_sample_reached_stops=66
DIAG_lateral_extension_requests=18
DIAG_successful_lateral_extensions=9
DIAG_failed_lateral_extensions=9
DIAG_tree_nodes_generated=334
  Run  0: cost =     7.9538 (seed=809)
Best path found at iter 54 in 28.994780 seconds within the winning RRT run.

Globally best cost: 7.9538 (seed=809)
Best run rejections: col=68, dup=20

=== Final Collision Check (Rectangular Footprint) ===
  WP    x        y        theta    Status    
  0       0.959   -0.290    1.286  Free      
  1       0.959   -0.290    2.333  Free      
  2       0.614    0.072    2.333  Free      
  3       0.614    0.072   -2.934  Free      
  4       0.614    0.072    2.445  Free      
  5       0.614    0.072    1.455  Free      
  6       0.671    0.568    1.455  Free      
  7       0.729    1.065    1.455  Free      
  8       0.729    1.065    2.496  Free      
  9       0.729    1.065    1.540  Free      
  10      0.744    1.565    1.540  Free      
  All waypoints are collision-free (Rectangular Footprint).
Wrote 11 waypoints to /home/unitree-arka/Single_Step_Position_Change/Navigation_Dataset/Comparison_Values/Comparison_3/Lateral_Diff_RRT_3/lateral_diff_rrt_5028/Diffusion_se2_waypoints_5028.txt

=== Controls (10 commands, step_time=1.0s) ===
  Seg      vx(m/s)     vy(m/s)  vth(rad/s)    dur(s)
  0         0.0000      0.0000      1.0472       1.0
  1         0.4995      0.0000      0.0000       1.0
  2         0.0000      0.0000      1.0164       1.0
  3         0.0000      0.0000     -0.9049       1.0
  4         0.0000      0.0000     -0.9893       1.0
  5         0.5000      0.0000      0.0000       1.0
  6         0.5000      0.0000      0.0000       1.0
  7         0.0000      0.0000      1.0407       1.0
  8         0.0000      0.0000     -0.9557       1.0
  9         0.5000      0.0000      0.0000       1.0
Wrote 10 controls to /home/unitree-arka/Single_Step_Position_Change/Navigation_Dataset/Comparison_Values/Comparison_3/Lateral_Diff_RRT_3/lateral_diff_rrt_5028/Diffusion_controls_5028.txt
