Diffusion inference seed: 42
Loading navigation diffusion model on cuda.
number of parameters: 3.710467e+06
Navigation diffusion server is ready.
Loading config: planner.cfg
Loading config: query.cfg
Using diffusion comparison output directory: /home/unitree-arka/Single_Step_Position_Change/Navigation_Dataset/Comparison_Values/Comparison_1/Lateral_Diff_RRT_1/lateral_diff_rrt_5005

=== SE(2) RRT Blossom Planner ===
  Start      : (0.750, -0.248, 1.443)
  Goal       : (0.236, 1.618, [Any])
  Robot R    : 0.250 m
  Safety     : 0.100 m
  Inflation  : 0.350 m
  Step time  : 1.0 s
  Obstacles  : 2
    [0] centre=(1.006, 0.510) th=-0.106  L=0.250 W=0.350
    [1] centre=(-0.159, 0.874) th=-2.274  L=0.570 W=0.420
  Map        : X[-0.5, 1.5]  Y[-0.5, 2.0]
  Goal Tol   : 0.200 m

Starting diffusion server with seed 42.
Python diffusion server handshake completed.

=== Executing 1 RRT search attempts ===
New best goal cost found: 6.85414 (node 19) at iter 23
New best goal cost found: 6.83669 (node 226) at iter 196
DIAG_search_termination=goal_reached
DIAG_primary_failure_reason=none
DIAG_duplicate_nodes_found=23
DIAG_candidate_nodes_collision_checked=502
DIAG_collision_check_calls=910
DIAG_collision_rejections=96
DIAG_endpoint_collision_rejections=94
DIAG_rotation_collision_rejections=2
DIAG_segment_collision_rejections=0
DIAG_angular_no_progress_rejections=50
DIAG_positional_no_progress_rejections=48
DIAG_local_target_failures=0
DIAG_observation_failures=0
DIAG_inference_failures=0
DIAG_diffusion_action_requests=502
DIAG_accepted_rollout_nodes=308
DIAG_successful_extensions=124
DIAG_failed_extensions=126
DIAG_sample_reached_stops=56
DIAG_lateral_extension_requests=19
DIAG_successful_lateral_extensions=6
DIAG_failed_lateral_extensions=13
DIAG_tree_nodes_generated=286
  Run  0: cost =     6.8367 (seed=503)
Best path found at iter 196 in 55.695630 seconds within the winning RRT run.

Globally best cost: 6.8367 (seed=503)
Best run rejections: col=96, dup=23

=== Final Collision Check (Rectangular Footprint) ===
  WP    x        y        theta    Status    
  0       0.750   -0.248    1.443  Free      
  1       0.750   -0.248    2.380  Free      
  2       0.388    0.097    2.380  Free      
  3       0.388    0.097    1.357  Free      
  4       0.494    0.583    1.357  Free      
  5       0.596    1.071    1.363  Free      
  6       0.596    1.071    2.410  Free      
  7       0.596    1.071    1.418  Free      
  8       0.596    1.071    2.252  Free      
  9       0.281    1.460    2.252  Free      
  All waypoints are collision-free (Rectangular Footprint).
Wrote 10 waypoints to /home/unitree-arka/Single_Step_Position_Change/Navigation_Dataset/Comparison_Values/Comparison_1/Lateral_Diff_RRT_1/lateral_diff_rrt_5005/Diffusion_se2_waypoints_5005.txt

=== Controls (9 commands, step_time=1.0s) ===
  Seg      vx(m/s)     vy(m/s)  vth(rad/s)    dur(s)
  0         0.0000      0.0000      0.9370       1.0
  1         0.5000      0.0000      0.0000       1.0
  2         0.0000      0.0000     -1.0235       1.0
  3         0.4976      0.0000      0.0000       1.0
  4         0.0000      0.0000      0.0064       1.0
  5         0.0000      0.0000      1.0472       1.0
  6         0.0000      0.0000     -0.9922       1.0
  7         0.0000      0.0000      0.8340       1.0
  8         0.5000      0.0000      0.0000       1.0
Wrote 9 controls to /home/unitree-arka/Single_Step_Position_Change/Navigation_Dataset/Comparison_Values/Comparison_1/Lateral_Diff_RRT_1/lateral_diff_rrt_5005/Diffusion_controls_5005.txt
