Diffusion inference seed: 42
Loading navigation diffusion model on cuda.
number of parameters: 3.710467e+06
Navigation diffusion server is ready.
Loading config: planner.cfg
Loading config: query.cfg
Using diffusion comparison output directory: /home/unitree-arka/Single_Step_Position_Change/Navigation_Dataset/Comparison_Values/Comparison_3/Lateral_Diff_RRT_3/lateral_diff_rrt_5023

=== SE(2) RRT Blossom Planner ===
  Start      : (0.959, -0.290, 1.286)
  Goal       : (0.884, 1.634, [Any])
  Robot R    : 0.250 m
  Safety     : 0.100 m
  Inflation  : 0.350 m
  Step time  : 1.0 s
  Obstacles  : 2
    [0] centre=(1.239, 0.695) th=-2.799  L=0.250 W=0.350
    [1] centre=(-0.013, 0.779) th=-2.059  L=0.570 W=0.420
  Map        : X[-0.5, 1.5]  Y[-0.5, 2.0]
  Goal Tol   : 0.200 m

Starting diffusion server with seed 42.
Python diffusion server handshake completed.

=== Executing 1 RRT search attempts ===
New best goal cost found: 11.5486 (node 102) at iter 59
New best goal cost found: 11.4882 (node 242) at iter 153
DIAG_search_termination=goal_reached
DIAG_primary_failure_reason=none
DIAG_duplicate_nodes_found=23
DIAG_candidate_nodes_collision_checked=582
DIAG_collision_check_calls=1091
DIAG_collision_rejections=73
DIAG_endpoint_collision_rejections=73
DIAG_rotation_collision_rejections=0
DIAG_segment_collision_rejections=0
DIAG_angular_no_progress_rejections=76
DIAG_positional_no_progress_rejections=45
DIAG_local_target_failures=0
DIAG_observation_failures=0
DIAG_inference_failures=0
DIAG_diffusion_action_requests=582
DIAG_accepted_rollout_nodes=388
DIAG_successful_extensions=133
DIAG_failed_extensions=117
DIAG_sample_reached_stops=56
DIAG_lateral_extension_requests=33
DIAG_successful_lateral_extensions=17
DIAG_failed_lateral_extensions=16
DIAG_tree_nodes_generated=366
  Run  0: cost =    11.4882 (seed=307)
Best path found at iter 153 in 62.198867 seconds within the winning RRT run.

Globally best cost: 11.4882 (seed=307)
Best run rejections: col=73, dup=23

=== Final Collision Check (Rectangular Footprint) ===
  WP    x        y        theta    Status    
  0       0.959   -0.290    1.286  Free      
  1       1.051    0.025    1.286  Free      
  2       1.051    0.025    2.258  Free      
  3       0.747    0.396    2.258  Free      
  4       0.747    0.396    3.054  Free      
  5       0.747    0.396   -2.479  Free      
  6       0.747    0.396   -1.802  Free      
  7       0.747    0.396   -1.246  Free      
  8       0.747    0.396   -1.080  Free      
  9       0.747    0.396   -0.581  Free      
  10      0.747    0.396   -0.000  Free      
  11      0.747    0.396    0.733  Free      
  12      0.747    0.396    1.657  Free      
  13      0.708    0.846    1.657  Free      
  14      0.665    1.345    1.657  Free      
  15      0.665    1.345    2.700  Free      
  16      0.665    1.345    1.803  Free      
  17      0.665    1.345    0.900  Free      
  18      0.811    1.529    0.900  Free      
  All waypoints are collision-free (Rectangular Footprint).
Wrote 19 waypoints to /home/unitree-arka/Single_Step_Position_Change/Navigation_Dataset/Comparison_Values/Comparison_3/Lateral_Diff_RRT_3/lateral_diff_rrt_5023/Diffusion_se2_waypoints_5023.txt

=== Controls (18 commands, step_time=1.0s) ===
  Seg      vx(m/s)     vy(m/s)  vth(rad/s)    dur(s)
  0         0.3281      0.0000      0.0000       1.0
  1         0.0000      0.0000      0.9724       1.0
  2         0.4791      0.0000      0.0000       1.0
  3         0.0000      0.0000      0.7954       1.0
  4         0.0000      0.0000      0.7502       1.0
  5         0.0000      0.0000      0.6774       1.0
  6         0.0000      0.0000      0.5559       1.0
  7         0.0000      0.0000      0.1664       1.0
  8         0.0000      0.0000      0.4989       1.0
  9         0.0000      0.0000      0.5805       1.0
  10        0.0000      0.0000      0.7334       1.0
  11        0.0000      0.0000      0.9238       1.0
  12        0.4525      0.0000      0.0000       1.0
  13        0.5000      0.0000      0.0000       1.0
  14        0.0000      0.0000      1.0426       1.0
  15        0.0000      0.0000     -0.8969       1.0
  16        0.0000      0.0000     -0.9030       1.0
  17        0.2350      0.0000      0.0000       1.0
Wrote 18 controls to /home/unitree-arka/Single_Step_Position_Change/Navigation_Dataset/Comparison_Values/Comparison_3/Lateral_Diff_RRT_3/lateral_diff_rrt_5023/Diffusion_controls_5023.txt
