Diffusion inference seed: 42
Loading navigation diffusion model on cuda.
number of parameters: 3.710467e+06
Navigation diffusion server is ready.
Loading config: planner.cfg
Loading config: query.cfg
Using diffusion comparison output directory: /home/unitree-arka/Single_Step_Position_Change/Navigation_Dataset/Comparison_Values/Comparison_3/Diffusion_RRT_3/diff_rrt_4030

=== SE(2) RRT Blossom Planner ===
  Start      : (0.959, -0.290, 1.286)
  Goal       : (0.884, 1.634, [Any])
  Robot R    : 0.250 m
  Safety     : 0.100 m
  Inflation  : 0.350 m
  Step time  : 1.0 s
  Obstacles  : 2
    [0] centre=(1.239, 0.695) th=-2.799  L=0.250 W=0.350
    [1] centre=(-0.013, 0.779) th=-2.059  L=0.570 W=0.420
  Map        : X[-0.5, 1.5]  Y[-0.5, 2.0]
  Goal Tol   : 0.200 m

Starting diffusion server with seed 42.
Python diffusion server handshake completed.

=== Executing 1 RRT search attempts ===
New best goal cost found: 12.8456 (node 158) at iter 133
DIAG_search_termination=goal_reached
DIAG_primary_failure_reason=none
DIAG_duplicate_nodes_found=22
DIAG_candidate_nodes_collision_checked=536
DIAG_collision_check_calls=974
DIAG_collision_rejections=100
DIAG_endpoint_collision_rejections=98
DIAG_rotation_collision_rejections=2
DIAG_segment_collision_rejections=0
DIAG_angular_no_progress_rejections=67
DIAG_positional_no_progress_rejections=39
DIAG_local_target_failures=0
DIAG_observation_failures=0
DIAG_inference_failures=0
DIAG_diffusion_action_requests=536
DIAG_accepted_rollout_nodes=330
DIAG_successful_extensions=128
DIAG_failed_extensions=122
DIAG_sample_reached_stops=43
DIAG_tree_nodes_generated=309
  Run  0: cost =    12.8456 (seed=1009)
Best path found at iter 133 in 39.458173 seconds within the winning RRT run.

Globally best cost: 12.8456 (seed=1009)
Best run rejections: col=100, dup=22

=== Final Collision Check (Rectangular Footprint) ===
  WP    x        y        theta    Status    
  0       0.959   -0.290    1.286  Free      
  1       0.959   -0.290    2.303  Free      
  2       0.625    0.082    2.303  Free      
  3       0.625    0.082    1.256  Free      
  4       0.625    0.082    2.208  Free      
  5       0.625    0.082    1.300  Free      
  6       0.759    0.564    1.300  Free      
  7       0.759    0.564    2.315  Free      
  8       0.759    0.564    2.912  Free      
  9       0.759    0.564    1.949  Free      
  10      0.759    0.564    0.955  Free      
  11      0.759    0.564   -0.023  Free      
  12      0.759    0.564    0.754  Free      
  13      0.759    0.564    1.695  Free      
  14      0.697    1.057    1.695  Free      
  15      0.697    1.057    1.013  Free      
  16      0.950    1.463    1.013  Free      
  All waypoints are collision-free (Rectangular Footprint).
Wrote 17 waypoints to /home/unitree-arka/Single_Step_Position_Change/Navigation_Dataset/Comparison_Values/Comparison_3/Diffusion_RRT_3/diff_rrt_4030/Diffusion_se2_waypoints_4030.txt

=== Controls (16 commands, step_time=1.0s) ===
  Seg      vx(m/s)     vy(m/s)  vth(rad/s)    dur(s)
  0         0.0000      0.0000      1.0169       1.0
  1         0.4992      0.0000      0.0000       1.0
  2         0.0000      0.0000     -1.0472       1.0
  3         0.0000      0.0000      0.9521       1.0
  4         0.0000      0.0000     -0.9076       1.0
  5         0.5000      0.0000      0.0000       1.0
  6         0.0000      0.0000      1.0152       1.0
  7         0.0000      0.0000      0.5968       1.0
  8         0.0000      0.0000     -0.9635       1.0
  9         0.0000      0.0000     -0.9936       1.0
  10        0.0000      0.0000     -0.9776       1.0
  11        0.0000      0.0000      0.7765       1.0
  12        0.0000      0.0000      0.9411       1.0
  13        0.4975      0.0000      0.0000       1.0
  14        0.0000      0.0000     -0.6822       1.0
  15        0.4786      0.0000      0.0000       1.0
Wrote 16 controls to /home/unitree-arka/Single_Step_Position_Change/Navigation_Dataset/Comparison_Values/Comparison_3/Diffusion_RRT_3/diff_rrt_4030/Diffusion_controls_4030.txt
