Diffusion inference seed: 42
Loading navigation diffusion model on cuda.
number of parameters: 3.710467e+06
Navigation diffusion server is ready.
Loading config: planner.cfg
Loading config: query.cfg
Using diffusion comparison output directory: /home/unitree-arka/Single_Step_Position_Change/Navigation_Dataset/Comparison_Values/Comparison_2/Lateral_Diff_RRT_2/lateral_diff_rrt_5019

=== SE(2) RRT Blossom Planner ===
  Start      : (0.611, -0.228, 1.722)
  Goal       : (0.606, 1.497, [Any])
  Robot R    : 0.250 m
  Safety     : 0.100 m
  Inflation  : 0.350 m
  Step time  : 1.0 s
  Obstacles  : 2
    [0] centre=(0.981, 0.471) th=-0.091  L=0.250 W=0.350
    [1] centre=(-0.200, 0.836) th=-1.591  L=0.570 W=0.420
  Map        : X[-0.5, 1.5]  Y[-0.5, 2.0]
  Goal Tol   : 0.200 m

Starting diffusion server with seed 42.
Python diffusion server handshake completed.

=== Executing 1 RRT search attempts ===
New best goal cost found: 6.42917 (node 106) at iter 66
New best goal cost found: 4.8258 (node 192) at iter 131
New best goal cost found: 4.77969 (node 302) at iter 213
DIAG_search_termination=goal_reached
DIAG_primary_failure_reason=none
DIAG_duplicate_nodes_found=30
DIAG_candidate_nodes_collision_checked=569
DIAG_collision_check_calls=1068
DIAG_collision_rejections=72
DIAG_endpoint_collision_rejections=70
DIAG_rotation_collision_rejections=0
DIAG_segment_collision_rejections=2
DIAG_angular_no_progress_rejections=61
DIAG_positional_no_progress_rejections=52
DIAG_local_target_failures=0
DIAG_observation_failures=0
DIAG_inference_failures=0
DIAG_diffusion_action_requests=569
DIAG_accepted_rollout_nodes=384
DIAG_successful_extensions=134
DIAG_failed_extensions=116
DIAG_sample_reached_stops=65
DIAG_lateral_extension_requests=34
DIAG_successful_lateral_extensions=18
DIAG_failed_lateral_extensions=16
DIAG_tree_nodes_generated=355
  Run  0: cost =     4.7797 (seed=907)
Best path found at iter 213 in 73.184774 seconds within the winning RRT run.

Globally best cost: 4.7797 (seed=907)
Best run rejections: col=72, dup=30

=== Final Collision Check (Rectangular Footprint) ===
  WP    x        y        theta    Status    
  0       0.611   -0.228    1.722  Free      
  1       0.536    0.262    1.722  Free      
  2       0.464    0.737    1.722  Free      
  3       0.389    1.230    1.722  Free      
  4       0.389    1.230    2.693  Free      
  5       0.389    1.230    1.754  Free      
  6       0.389    1.230    0.698  Free      
  7       0.652    1.448    0.693  Free      
  All waypoints are collision-free (Rectangular Footprint).
Wrote 8 waypoints to /home/unitree-arka/Single_Step_Position_Change/Navigation_Dataset/Comparison_Values/Comparison_2/Lateral_Diff_RRT_2/lateral_diff_rrt_5019/Diffusion_se2_waypoints_5019.txt

=== Controls (7 commands, step_time=1.0s) ===
  Seg      vx(m/s)     vy(m/s)  vth(rad/s)    dur(s)
  0         0.4963      0.0000      0.0000       1.0
  1         0.4802      0.0000      0.0000       1.0
  2         0.4983      0.0000      0.0000       1.0
  3         0.0000      0.0000      0.9710       1.0
  4         0.0000      0.0000     -0.9394       1.0
  5         0.0000      0.0000     -1.0552       1.0
  6         0.0000      0.0000     -0.0059       1.0
Wrote 7 controls to /home/unitree-arka/Single_Step_Position_Change/Navigation_Dataset/Comparison_Values/Comparison_2/Lateral_Diff_RRT_2/lateral_diff_rrt_5019/Diffusion_controls_5019.txt
